    {
      "row_id": 3136,
      "Provider_Name": "Microsoft-Windows-Sysmon",
      "Guid": "5770385F-C22A-43E0-BF4C-06F5698FFBD9",
      "EventID": 1,
      "Version": 5,
      "Level": 4,
      "Task": 1,
      "Opcode": 0,
      "Keywords": "0x8000000000000000",
      "SystemTime": "2025-11-12T12:25:55.944415Z",
      "EventRecordID": 3340,
      "ProcessID": 2812,
      "ThreadID": 3496,
      "Channel": "Microsoft-Windows-Sysmon/Operational",
      "Computer": "DESKTOP-CS6O5DN",
      "UserID": "S-1-5-18",
      "RuleName": "-",
      "UtcTime": "2025-11-12 12:25:55.943",
      "ProcessGuid": "2A767A6E-7CD3-6914-3401-000000001500",
      "Image": "C:\\Windows\\System32\\taskkill.exe",
      "FileVersion": "10.0.18362.1 (WinBuild.160101.0800)",
      "Description": "Terminates Processes",
      "Product": "Microsoft® Windows® Operating System",
      "Company": "Microsoft Corporation",
      "OriginalFileName": "taskkill.exe",
      "CommandLine": "taskkill  /f /im regedit.exe",
      "CurrentDirectory": "C:\\Windows\\system32\\",
      "User": "DESKTOP-CS6O5DN\\root",
      "LogonGuid": "2A767A6E-7C5A-6914-8512-040000000000",
      "LogonId": "0x41285",
      "TerminalSessionId": 1,
      "IntegrityLevel": "High",
      "MD5": "3BBEE3AC757CA54F33710DF8FB9D47A7",
      "SHA256": "D9E29313D2127FF1983A050D84626765D01682EDB2C1C5D5F209DDA20C3EAB87",
      "IMPHASH": "100938B32F577E925618EA395A8C469B",
      "Hashes": "MD5=3BBEE3AC757CA54F33710DF8FB9D47A7,SHA256=D9E29313D2127FF1983A050D84626765D01682EDB2C1C5D5F209DDA20C3EAB87,IMPHASH=100938B32F577E925618EA395A8C469B",
      "ParentProcessGuid": "2A767A6E-7CD3-6914-2501-000000001500",
      "ParentProcessId": 2728,
      "ParentImage": "C:\\Windows\\System32\\cmd.exe",
      "ParentCommandLine": "\"C:\\Windows\\System32\\cmd.exe\" /C \"C:\\BUG32\\Kill.bat\"",
      "ParentUser": "DESKTOP-CS6O5DN\\root",
      "OriginalLogfile": "log_lab3.evtx-P0EMDBFI.json"
    },
    {
      "row_id": 3160,
      "Provider_Name": "Microsoft-Windows-Sysmon",
      "Guid": "5770385F-C22A-43E0-BF4C-06F5698FFBD9",
      "EventID": 1,
      "Version": 5,
      "Level": 4,
      "Task": 1,
      "Opcode": 0,
      "Keywords": "0x8000000000000000",
      "SystemTime": "2025-11-12T12:26:07.614583Z",
      "EventRecordID": 3364,
      "ProcessID": 2812,
      "ThreadID": 3496,
      "Channel": "Microsoft-Windows-Sysmon/Operational",
      "Computer": "DESKTOP-CS6O5DN",
      "UserID": "S-1-5-18",
      "RuleName": "-",
      "UtcTime": "2025-11-12 12:26:07.613",
      "ProcessGuid": "2A767A6E-7CDF-6914-4501-000000001500",
      "Image": "C:\\Windows\\System32\\taskkill.exe",
      "FileVersion": "10.0.18362.1 (WinBuild.160101.0800)",
      "Description": "Terminates Processes",
      "Product": "Microsoft® Windows® Operating System",
      "Company": "Microsoft Corporation",
      "OriginalFileName": "taskkill.exe",
      "CommandLine": "taskkill  /f /im chrome.exe",
      "CurrentDirectory": "C:\\Windows\\system32\\",
      "User": "DESKTOP-CS6O5DN\\root",
      "LogonGuid": "2A767A6E-7C5A-6914-8512-040000000000",
      "LogonId": "0x41285",
      "TerminalSessionId": 1,
      "IntegrityLevel": "High",
      "MD5": "3BBEE3AC757CA54F33710DF8FB9D47A7",
      "SHA256": "D9E29313D2127FF1983A050D84626765D01682EDB2C1C5D5F209DDA20C3EAB87",
      "IMPHASH": "100938B32F577E925618EA395A8C469B",
      "Hashes": "MD5=3BBEE3AC757CA54F33710DF8FB9D47A7,SHA256=D9E29313D2127FF1983A050D84626765D01682EDB2C1C5D5F209DDA20C3EAB87,IMPHASH=100938B32F577E925618EA395A8C469B",
      "ParentProcessGuid": "2A767A6E-7CDF-6914-4301-000000001500",
      "ParentProcessId": 8096,
      "ParentImage": "C:\\Windows\\System32\\cmd.exe",
      "ParentCommandLine": "\"C:\\Windows\\System32\\cmd.exe\" /C \"C:\\BUG32\\Kill.bat\"",
      "ParentUser": "DESKTOP-CS6O5DN\\root",
      "OriginalLogfile": "log_lab3.evtx-P0EMDBFI.json"
    },
    {
      "row_id": 3161,
      "Provider_Name": "Microsoft-Windows-Sysmon",
      "Guid": "5770385F-C22A-43E0-BF4C-06F5698FFBD9",
      "EventID": 1,
      "Version": 5,
      "Level": 4,
      "Task": 1,
      "Opcode": 0,
      "Keywords": "0x8000000000000000",
      "SystemTime": "2025-11-12T12:26:07.650502Z",
      "EventRecordID": 3365,
      "ProcessID": 2812,
      "ThreadID": 3496,
      "Channel": "Microsoft-Windows-Sysmon/Operational",
      "Computer": "DESKTOP-CS6O5DN",
      "UserID": "S-1-5-18",
      "RuleName": "-",
      "UtcTime": "2025-11-12 12:26:07.650",
      "ProcessGuid": "2A767A6E-7CDF-6914-4601-000000001500",
      "Image": "C:\\Windows\\System32\\taskkill.exe",
      "FileVersion": "10.0.18362.1 (WinBuild.160101.0800)",
      "Description": "Terminates Processes",
      "Product": "Microsoft® Windows® Operating System",
      "Company": "Microsoft Corporation",
      "OriginalFileName": "taskkill.exe",
      "CommandLine": "taskkill  /f /im opera.exe",
      "CurrentDirectory": "C:\\Windows\\system32\\",
      "User": "DESKTOP-CS6O5DN\\root",
      "LogonGuid": "2A767A6E-7C5A-6914-8512-040000000000",
      "LogonId": "0x41285",
      "TerminalSessionId": 1,
      "IntegrityLevel": "High",
      "MD5": "3BBEE3AC757CA54F33710DF8FB9D47A7",
      "SHA256": "D9E29313D2127FF1983A050D84626765D01682EDB2C1C5D5F209DDA20C3EAB87",
      "IMPHASH": "100938B32F577E925618EA395A8C469B",
      "Hashes": "MD5=3BBEE3AC757CA54F33710DF8FB9D47A7,SHA256=D9E29313D2127FF1983A050D84626765D01682EDB2C1C5D5F209DDA20C3EAB87,IMPHASH=100938B32F577E925618EA395A8C469B",
      "ParentProcessGuid": "2A767A6E-7CDF-6914-4301-000000001500",
      "ParentProcessId": 8096,
      "ParentImage": "C:\\Windows\\System32\\cmd.exe",
      "ParentCommandLine": "\"C:\\Windows\\System32\\cmd.exe\" /C \"C:\\BUG32\\Kill.bat\"",
      "ParentUser": "DESKTOP-CS6O5DN\\root",
      "OriginalLogfile": "log_lab3.evtx-P0EMDBFI.json"
    },
    {
      "row_id": 3162,
      "Provider_Name": "Microsoft-Windows-Sysmon",
      "Guid": "5770385F-C22A-43E0-BF4C-06F5698FFBD9",
      "EventID": 1,
      "Version": 5,
      "Level": 4,
      "Task": 1,
      "Opcode": 0,
      "Keywords": "0x8000000000000000",
      "SystemTime": "2025-11-12T12:26:07.684649Z",
      "EventRecordID": 3366,
      "ProcessID": 2812,
      "ThreadID": 3496,
      "Channel": "Microsoft-Windows-Sysmon/Operational",
      "Computer": "DESKTOP-CS6O5DN",
      "UserID": "S-1-5-18",
      "RuleName": "-",
      "UtcTime": "2025-11-12 12:26:07.684",
      "ProcessGuid": "2A767A6E-7CDF-6914-4701-000000001500",
      "Image": "C:\\Windows\\System32\\taskkill.exe",
      "FileVersion": "10.0.18362.1 (WinBuild.160101.0800)",
      "Description": "Terminates Processes",
      "Product": "Microsoft® Windows® Operating System",
      "Company": "Microsoft Corporation",
      "OriginalFileName": "taskkill.exe",
      "CommandLine": "taskkill  /f /im iexplore.exe",
      "CurrentDirectory": "C:\\Windows\\system32\\",
      "User": "DESKTOP-CS6O5DN\\root",
      "LogonGuid": "2A767A6E-7C5A-6914-8512-040000000000",
      "LogonId": "0x41285",
      "TerminalSessionId": 1,
      "IntegrityLevel": "High",
      "MD5": "3BBEE3AC757CA54F33710DF8FB9D47A7",
      "SHA256": "D9E29313D2127FF1983A050D84626765D01682EDB2C1C5D5F209DDA20C3EAB87",
      "IMPHASH": "100938B32F577E925618EA395A8C469B",
      "Hashes": "MD5=3BBEE3AC757CA54F33710DF8FB9D47A7,SHA256=D9E29313D2127FF1983A050D84626765D01682EDB2C1C5D5F209DDA20C3EAB87,IMPHASH=100938B32F577E925618EA395A8C469B",
      "ParentProcessGuid": "2A767A6E-7CDF-6914-4301-000000001500",
      "ParentProcessId": 8096,
      "ParentImage": "C:\\Windows\\System32\\cmd.exe",
      "ParentCommandLine": "\"C:\\Windows\\System32\\cmd.exe\" /C \"C:\\BUG32\\Kill.bat\"",
      "ParentUser": "DESKTOP-CS6O5DN\\root",
      "OriginalLogfile": "log_lab3.evtx-P0EMDBFI.json"
    },
    {
      "row_id": 3163,
      "Provider_Name": "Microsoft-Windows-Sysmon",
      "Guid": "5770385F-C22A-43E0-BF4C-06F5698FFBD9",
      "EventID": 1,
      "Version": 5,
      "Level": 4,
      "Task": 1,
      "Opcode": 0,
      "Keywords": "0x8000000000000000",
      "SystemTime": "2025-11-12T12:26:07.721016Z",
      "EventRecordID": 3367,
      "ProcessID": 2812,
      "ThreadID": 3496,
      "Channel": "Microsoft-Windows-Sysmon/Operational",
      "Computer": "DESKTOP-CS6O5DN",
      "UserID": "S-1-5-18",
      "RuleName": "-",
      "UtcTime": "2025-11-12 12:26:07.720",
      "ProcessGuid": "2A767A6E-7CDF-6914-4801-000000001500",
      "Image": "C:\\Windows\\System32\\taskkill.exe",
      "FileVersion": "10.0.18362.1 (WinBuild.160101.0800)",
      "Description": "Terminates Processes",
      "Product": "Microsoft® Windows® Operating System",
      "Company": "Microsoft Corporation",
      "OriginalFileName": "taskkill.exe",
      "CommandLine": "taskkill  /f /im msedge.exe",
      "CurrentDirectory": "C:\\Windows\\system32\\",
      "User": "DESKTOP-CS6O5DN\\root",
      "LogonGuid": "2A767A6E-7C5A-6914-8512-040000000000",
      "LogonId": "0x41285",
      "TerminalSessionId": 1,
      "IntegrityLevel": "High",
      "MD5": "3BBEE3AC757CA54F33710DF8FB9D47A7",
      "SHA256": "D9E29313D2127FF1983A050D84626765D01682EDB2C1C5D5F209DDA20C3EAB87",
      "IMPHASH": "100938B32F577E925618EA395A8C469B",
      "Hashes": "MD5=3BBEE3AC757CA54F33710DF8FB9D47A7,SHA256=D9E29313D2127FF1983A050D84626765D01682EDB2C1C5D5F209DDA20C3EAB87,IMPHASH=100938B32F577E925618EA395A8C469B",
      "ParentProcessGuid": "2A767A6E-7CDF-6914-4301-000000001500",
      "ParentProcessId": 8096,
      "ParentImage": "C:\\Windows\\System32\\cmd.exe",
      "ParentCommandLine": "\"C:\\Windows\\System32\\cmd.exe\" /C \"C:\\BUG32\\Kill.bat\"",
      "ParentUser": "DESKTOP-CS6O5DN\\root",
      "OriginalLogfile": "log_lab3.evtx-P0EMDBFI.json"
    },
    {
      "row_id": 3164,
      "Provider_Name": "Microsoft-Windows-Sysmon",
      "Guid": "5770385F-C22A-43E0-BF4C-06F5698FFBD9",
      "EventID": 1,
      "Version": 5,
      "Level": 4,
      "Task": 1,
      "Opcode": 0,
      "Keywords": "0x8000000000000000",
      "SystemTime": "2025-11-12T12:26:07.756118Z",
      "EventRecordID": 3368,
      "ProcessID": 2812,
      "ThreadID": 3496,
      "Channel": "Microsoft-Windows-Sysmon/Operational",
      "Computer": "DESKTOP-CS6O5DN",
      "UserID": "S-1-5-18",
      "RuleName": "-",
      "UtcTime": "2025-11-12 12:26:07.755",
      "ProcessGuid": "2A767A6E-7CDF-6914-4901-000000001500",
      "Image": "C:\\Windows\\System32\\taskkill.exe",
      "FileVersion": "10.0.18362.1 (WinBuild.160101.0800)",
      "Description": "Terminates Processes",
      "Product": "Microsoft® Windows® Operating System",
      "Company": "Microsoft Corporation",
      "OriginalFileName": "taskkill.exe",
      "CommandLine": "taskkill  /f /im microsoftedge.exe",
      "CurrentDirectory": "C:\\Windows\\system32\\",
      "User": "DESKTOP-CS6O5DN\\root",
      "LogonGuid": "2A767A6E-7C5A-6914-8512-040000000000",
      "LogonId": "0x41285",
      "TerminalSessionId": 1,
      "IntegrityLevel": "High",
      "MD5": "3BBEE3AC757CA54F33710DF8FB9D47A7",
      "SHA256": "D9E29313D2127FF1983A050D84626765D01682EDB2C1C5D5F209DDA20C3EAB87",
      "IMPHASH": "100938B32F577E925618EA395A8C469B",
      "Hashes": "MD5=3BBEE3AC757CA54F33710DF8FB9D47A7,SHA256=D9E29313D2127FF1983A050D84626765D01682EDB2C1C5D5F209DDA20C3EAB87,IMPHASH=100938B32F577E925618EA395A8C469B",
      "ParentProcessGuid": "2A767A6E-7CDF-6914-4301-000000001500",
      "ParentProcessId": 8096,
      "ParentImage": "C:\\Windows\\System32\\cmd.exe",
      "ParentCommandLine": "\"C:\\Windows\\System32\\cmd.exe\" /C \"C:\\BUG32\\Kill.bat\"",
      "ParentUser": "DESKTOP-CS6O5DN\\root",
      "OriginalLogfile": "log_lab3.evtx-P0EMDBFI.json"
    },
    {
      "row_id": 3165,
      "Provider_Name": "Microsoft-Windows-Sysmon",
      "Guid": "5770385F-C22A-43E0-BF4C-06F5698FFBD9",
      "EventID": 1,
      "Version": 5,
      "Level": 4,
      "Task": 1,
      "Opcode": 0,
      "Keywords": "0x8000000000000000",
      "SystemTime": "2025-11-12T12:26:07.794092Z",
      "EventRecordID": 3369,
      "ProcessID": 2812,
      "ThreadID": 3496,
      "Channel": "Microsoft-Windows-Sysmon/Operational",
      "Computer": "DESKTOP-CS6O5DN",
      "UserID": "S-1-5-18",
      "RuleName": "-",
      "UtcTime": "2025-11-12 12:26:07.793",
      "ProcessGuid": "2A767A6E-7CDF-6914-4A01-000000001500",
      "Image": "C:\\Windows\\System32\\taskkill.exe",
      "FileVersion": "10.0.18362.1 (WinBuild.160101.0800)",
      "Description": "Terminates Processes",
      "Product": "Microsoft® Windows® Operating System",
      "Company": "Microsoft Corporation",
      "OriginalFileName": "taskkill.exe",
      "CommandLine": "taskkill  /f /im notepad.exe",
      "CurrentDirectory": "C:\\Windows\\system32\\",
      "User": "DESKTOP-CS6O5DN\\root",
      "LogonGuid": "2A767A6E-7C5A-6914-8512-040000000000",
      "LogonId": "0x41285",
      "TerminalSessionId": 1,
      "IntegrityLevel": "High",
      "MD5": "3BBEE3AC757CA54F33710DF8FB9D47A7",
      "SHA256": "D9E29313D2127FF1983A050D84626765D01682EDB2C1C5D5F209DDA20C3EAB87",
      "IMPHASH": "100938B32F577E925618EA395A8C469B",
      "Hashes": "MD5=3BBEE3AC757CA54F33710DF8FB9D47A7,SHA256=D9E29313D2127FF1983A050D84626765D01682EDB2C1C5D5F209DDA20C3EAB87,IMPHASH=100938B32F577E925618EA395A8C469B",
      "ParentProcessGuid": "2A767A6E-7CDF-6914-4301-000000001500",
      "ParentProcessId": 8096,
      "ParentImage": "C:\\Windows\\System32\\cmd.exe",
      "ParentCommandLine": "\"C:\\Windows\\System32\\cmd.exe\" /C \"C:\\BUG32\\Kill.bat\"",
      "ParentUser": "DESKTOP-CS6O5DN\\root",
      "OriginalLogfile": "log_lab3.evtx-P0EMDBFI.json"
    },
    {
      "row_id": 3166,
      "Provider_Name": "Microsoft-Windows-Sysmon",
      "Guid": "5770385F-C22A-43E0-BF4C-06F5698FFBD9",
      "EventID": 1,
      "Version": 5,
      "Level": 4,
      "Task": 1,
      "Opcode": 0,
      "Keywords": "0x8000000000000000",
      "SystemTime": "2025-11-12T12:26:07.845745Z",
      "EventRecordID": 3370,
      "ProcessID": 2812,
      "ThreadID": 3496,
      "Channel": "Microsoft-Windows-Sysmon/Operational",
      "Computer": "DESKTOP-CS6O5DN",
      "UserID": "S-1-5-18",
      "RuleName": "-",
      "UtcTime": "2025-11-12 12:26:07.845",
      "ProcessGuid": "2A767A6E-7CDF-6914-4B01-000000001500",
      "Image": "C:\\Windows\\System32\\taskkill.exe",
      "FileVersion": "10.0.18362.1 (WinBuild.160101.0800)",
      "Description": "Terminates Processes",
      "Product": "Microsoft® Windows® Operating System",
      "Company": "Microsoft Corporation",
      "OriginalFileName": "taskkill.exe",
      "CommandLine": "taskkill  /f /im firefox.exe",
      "CurrentDirectory": "C:\\Windows\\system32\\",
      "User": "DESKTOP-CS6O5DN\\root",
      "LogonGuid": "2A767A6E-7C5A-6914-8512-040000000000",
      "LogonId": "0x41285",
      "TerminalSessionId": 1,
      "IntegrityLevel": "High",
      "MD5": "3BBEE3AC757CA54F33710DF8FB9D47A7",
      "SHA256": "D9E29313D2127FF1983A050D84626765D01682EDB2C1C5D5F209DDA20C3EAB87",
      "IMPHASH": "100938B32F577E925618EA395A8C469B",
      "Hashes": "MD5=3BBEE3AC757CA54F33710DF8FB9D47A7,SHA256=D9E29313D2127FF1983A050D84626765D01682EDB2C1C5D5F209DDA20C3EAB87,IMPHASH=100938B32F577E925618EA395A8C469B",
      "ParentProcessGuid": "2A767A6E-7CDF-6914-4301-000000001500",
      "ParentProcessId": 8096,
      "ParentImage": "C:\\Windows\\System32\\cmd.exe",
      "ParentCommandLine": "\"C:\\Windows\\System32\\cmd.exe\" /C \"C:\\BUG32\\Kill.bat\"",
      "ParentUser": "DESKTOP-CS6O5DN\\root",
      "OriginalLogfile": "log_lab3.evtx-P0EMDBFI.json"
    },
    {
      "row_id": 3167,
      "Provider_Name": "Microsoft-Windows-Sysmon",
      "Guid": "5770385F-C22A-43E0-BF4C-06F5698FFBD9",
      "EventID": 1,
      "Version": 5,
      "Level": 4,
      "Task": 1,
      "Opcode": 0,
      "Keywords": "0x8000000000000000",
      "SystemTime": "2025-11-12T12:26:07.876928Z",
      "EventRecordID": 3371,
      "ProcessID": 2812,
      "ThreadID": 3496,
      "Channel": "Microsoft-Windows-Sysmon/Operational",
      "Computer": "DESKTOP-CS6O5DN",
      "UserID": "S-1-5-18",
      "RuleName": "-",
      "UtcTime": "2025-11-12 12:26:07.876",
      "ProcessGuid": "2A767A6E-7CDF-6914-4C01-000000001500",
      "Image": "C:\\Windows\\System32\\taskkill.exe",
      "FileVersion": "10.0.18362.1 (WinBuild.160101.0800)",
      "Description": "Terminates Processes",
      "Product": "Microsoft® Windows® Operating System",
      "Company": "Microsoft Corporation",
      "OriginalFileName": "taskkill.exe",
      "CommandLine": "taskkill  /f /im mspaint.exe",
      "CurrentDirectory": "C:\\Windows\\system32\\",
      "User": "DESKTOP-CS6O5DN\\root",
      "LogonGuid": "2A767A6E-7C5A-6914-8512-040000000000",
      "LogonId": "0x41285",
      "TerminalSessionId": 1,
      "IntegrityLevel": "High",
      "MD5": "3BBEE3AC757CA54F33710DF8FB9D47A7",
      "SHA256": "D9E29313D2127FF1983A050D84626765D01682EDB2C1C5D5F209DDA20C3EAB87",
      "IMPHASH": "100938B32F577E925618EA395A8C469B",
      "Hashes": "MD5=3BBEE3AC757CA54F33710DF8FB9D47A7,SHA256=D9E29313D2127FF1983A050D84626765D01682EDB2C1C5D5F209DDA20C3EAB87,IMPHASH=100938B32F577E925618EA395A8C469B",
      "ParentProcessGuid": "2A767A6E-7CDF-6914-4301-000000001500",
      "ParentProcessId": 8096,
      "ParentImage": "C:\\Windows\\System32\\cmd.exe",
      "ParentCommandLine": "\"C:\\Windows\\System32\\cmd.exe\" /C \"C:\\BUG32\\Kill.bat\"",
      "ParentUser": "DESKTOP-CS6O5DN\\root",
      "OriginalLogfile": "log_lab3.evtx-P0EMDBFI.json"
    },
    {
      "row_id": 3168,
      "Provider_Name": "Microsoft-Windows-Sysmon",
      "Guid": "5770385F-C22A-43E0-BF4C-06F5698FFBD9",
      "EventID": 1,
      "Version": 5,
      "Level": 4,
      "Task": 1,
      "Opcode": 0,
      "Keywords": "0x8000000000000000",
      "SystemTime": "2025-11-12T12:26:07.909942Z",
      "EventRecordID": 3372,
      "ProcessID": 2812,
      "ThreadID": 3496,
      "Channel": "Microsoft-Windows-Sysmon/Operational",
      "Computer": "DESKTOP-CS6O5DN",
      "UserID": "S-1-5-18",
      "RuleName": "-",
      "UtcTime": "2025-11-12 12:26:07.909",
      "ProcessGuid": "2A767A6E-7CDF-6914-4D01-000000001500",
      "Image": "C:\\Windows\\System32\\taskkill.exe",
      "FileVersion": "10.0.18362.1 (WinBuild.160101.0800)",
      "Description": "Terminates Processes",
      "Product": "Microsoft® Windows® Operating System",
      "Company": "Microsoft Corporation",
      "OriginalFileName": "taskkill.exe",
      "CommandLine": "taskkill  /f /im skype.exe",
      "CurrentDirectory": "C:\\Windows\\system32\\",
      "User": "DESKTOP-CS6O5DN\\root",
      "LogonGuid": "2A767A6E-7C5A-6914-8512-040000000000",
      "LogonId": "0x41285",
      "TerminalSessionId": 1,
      "IntegrityLevel": "High",
      "MD5": "3BBEE3AC757CA54F33710DF8FB9D47A7",
      "SHA256": "D9E29313D2127FF1983A050D84626765D01682EDB2C1C5D5F209DDA20C3EAB87",
      "IMPHASH": "100938B32F577E925618EA395A8C469B",
      "Hashes": "MD5=3BBEE3AC757CA54F33710DF8FB9D47A7,SHA256=D9E29313D2127FF1983A050D84626765D01682EDB2C1C5D5F209DDA20C3EAB87,IMPHASH=100938B32F577E925618EA395A8C469B",
      "ParentProcessGuid": "2A767A6E-7CDF-6914-4301-000000001500",
      "ParentProcessId": 8096,
      "ParentImage": "C:\\Windows\\System32\\cmd.exe",
      "ParentCommandLine": "\"C:\\Windows\\System32\\cmd.exe\" /C \"C:\\BUG32\\Kill.bat\"",
      "ParentUser": "DESKTOP-CS6O5DN\\root",
      "OriginalLogfile": "log_lab3.evtx-P0EMDBFI.json"
    },
    {
      "row_id": 3169,
      "Provider_Name": "Microsoft-Windows-Sysmon",
      "Guid": "5770385F-C22A-43E0-BF4C-06F5698FFBD9",
      "EventID": 1,
      "Version": 5,
      "Level": 4,
      "Task": 1,
      "Opcode": 0,
      "Keywords": "0x8000000000000000",
      "SystemTime": "2025-11-12T12:26:07.938653Z",
      "EventRecordID": 3373,
      "ProcessID": 2812,
      "ThreadID": 3496,
      "Channel": "Microsoft-Windows-Sysmon/Operational",
      "Computer": "DESKTOP-CS6O5DN",
      "UserID": "S-1-5-18",
      "RuleName": "-",
      "UtcTime": "2025-11-12 12:26:07.938",
      "ProcessGuid": "2A767A6E-7CDF-6914-4E01-000000001500",
      "Image": "C:\\Windows\\System32\\taskkill.exe",
      "FileVersion": "10.0.18362.1 (WinBuild.160101.0800)",
      "Description": "Terminates Processes",
      "Product": "Microsoft® Windows® Operating System",
      "Company": "Microsoft Corporation",
      "OriginalFileName": "taskkill.exe",
      "CommandLine": "taskkill  /f /im bing.exe",
      "CurrentDirectory": "C:\\Windows\\system32\\",
      "User": "DESKTOP-CS6O5DN\\root",
      "LogonGuid": "2A767A6E-7C5A-6914-8512-040000000000",
      "LogonId": "0x41285",
      "TerminalSessionId": 1,
      "IntegrityLevel": "High",
      "MD5": "3BBEE3AC757CA54F33710DF8FB9D47A7",
      "SHA256": "D9E29313D2127FF1983A050D84626765D01682EDB2C1C5D5F209DDA20C3EAB87",
      "IMPHASH": "100938B32F577E925618EA395A8C469B",
      "Hashes": "MD5=3BBEE3AC757CA54F33710DF8FB9D47A7,SHA256=D9E29313D2127FF1983A050D84626765D01682EDB2C1C5D5F209DDA20C3EAB87,IMPHASH=100938B32F577E925618EA395A8C469B",
      "ParentProcessGuid": "2A767A6E-7CDF-6914-4301-000000001500",
      "ParentProcessId": 8096,
      "ParentImage": "C:\\Windows\\System32\\cmd.exe",
      "ParentCommandLine": "\"C:\\Windows\\System32\\cmd.exe\" /C \"C:\\BUG32\\Kill.bat\"",
      "ParentUser": "DESKTOP-CS6O5DN\\root",
      "OriginalLogfile": "log_lab3.evtx-P0EMDBFI.json"
    },
    {
      "row_id": 3170,
      "Provider_Name": "Microsoft-Windows-Sysmon",
      "Guid": "5770385F-C22A-43E0-BF4C-06F5698FFBD9",
      "EventID": 1,
      "Version": 5,
      "Level": 4,
      "Task": 1,
      "Opcode": 0,
      "Keywords": "0x8000000000000000",
      "SystemTime": "2025-11-12T12:26:07.968732Z",
      "EventRecordID": 3374,
      "ProcessID": 2812,
      "ThreadID": 3496,
      "Channel": "Microsoft-Windows-Sysmon/Operational",
      "Computer": "DESKTOP-CS6O5DN",
      "UserID": "S-1-5-18",
      "RuleName": "-",
      "UtcTime": "2025-11-12 12:26:07.968",
      "ProcessGuid": "2A767A6E-7CDF-6914-4F01-000000001500",
      "Image": "C:\\Windows\\System32\\taskkill.exe",
      "FileVersion": "10.0.18362.1 (WinBuild.160101.0800)",
      "Description": "Terminates Processes",
      "Product": "Microsoft® Windows® Operating System",
      "Company": "Microsoft Corporation",
      "OriginalFileName": "taskkill.exe",
      "CommandLine": "taskkill  /f /im eset.exe",
      "CurrentDirectory": "C:\\Windows\\system32\\",
      "User": "DESKTOP-CS6O5DN\\root",
      "LogonGuid": "2A767A6E-7C5A-6914-8512-040000000000",
      "LogonId": "0x41285",
      "TerminalSessionId": 1,
      "IntegrityLevel": "High",
      "MD5": "3BBEE3AC757CA54F33710DF8FB9D47A7",
      "SHA256": "D9E29313D2127FF1983A050D84626765D01682EDB2C1C5D5F209DDA20C3EAB87",
      "IMPHASH": "100938B32F577E925618EA395A8C469B",
      "Hashes": "MD5=3BBEE3AC757CA54F33710DF8FB9D47A7,SHA256=D9E29313D2127FF1983A050D84626765D01682EDB2C1C5D5F209DDA20C3EAB87,IMPHASH=100938B32F577E925618EA395A8C469B",
      "ParentProcessGuid": "2A767A6E-7CDF-6914-4301-000000001500",
      "ParentProcessId": 8096,
      "ParentImage": "C:\\Windows\\System32\\cmd.exe",
      "ParentCommandLine": "\"C:\\Windows\\System32\\cmd.exe\" /C \"C:\\BUG32\\Kill.bat\"",
      "ParentUser": "DESKTOP-CS6O5DN\\root",
      "OriginalLogfile": "log_lab3.evtx-P0EMDBFI.json"
    },
    {
      "row_id": 3171,
      "Provider_Name": "Microsoft-Windows-Sysmon",
      "Guid": "5770385F-C22A-43E0-BF4C-06F5698FFBD9",
      "EventID": 1,
      "Version": 5,
      "Level": 4,
      "Task": 1,
      "Opcode": 0,
      "Keywords": "0x8000000000000000",
      "SystemTime": "2025-11-12T12:26:07.998157Z",
      "EventRecordID": 3375,
      "ProcessID": 2812,
      "ThreadID": 3496,
      "Channel": "Microsoft-Windows-Sysmon/Operational",
      "Computer": "DESKTOP-CS6O5DN",
      "UserID": "S-1-5-18",
      "RuleName": "-",
      "UtcTime": "2025-11-12 12:26:07.997",
      "ProcessGuid": "2A767A6E-7CDF-6914-5001-000000001500",
      "Image": "C:\\Windows\\System32\\taskkill.exe",
      "FileVersion": "10.0.18362.1 (WinBuild.160101.0800)",
      "Description": "Terminates Processes",
      "Product": "Microsoft® Windows® Operating System",
      "Company": "Microsoft Corporation",
      "OriginalFileName": "taskkill.exe",
      "CommandLine": "taskkill  /f /im edge.exe",
      "CurrentDirectory": "C:\\Windows\\system32\\",
      "User": "DESKTOP-CS6O5DN\\root",
      "LogonGuid": "2A767A6E-7C5A-6914-8512-040000000000",
      "LogonId": "0x41285",
      "TerminalSessionId": 1,
      "IntegrityLevel": "High",
      "MD5": "3BBEE3AC757CA54F33710DF8FB9D47A7",
      "SHA256": "D9E29313D2127FF1983A050D84626765D01682EDB2C1C5D5F209DDA20C3EAB87",
      "IMPHASH": "100938B32F577E925618EA395A8C469B",
      "Hashes": "MD5=3BBEE3AC757CA54F33710DF8FB9D47A7,SHA256=D9E29313D2127FF1983A050D84626765D01682EDB2C1C5D5F209DDA20C3EAB87,IMPHASH=100938B32F577E925618EA395A8C469B",
      "ParentProcessGuid": "2A767A6E-7CDF-6914-4301-000000001500",
      "ParentProcessId": 8096,
      "ParentImage": "C:\\Windows\\System32\\cmd.exe",
      "ParentCommandLine": "\"C:\\Windows\\System32\\cmd.exe\" /C \"C:\\BUG32\\Kill.bat\"",
      "ParentUser": "DESKTOP-CS6O5DN\\root",
      "OriginalLogfile": "log_lab3.evtx-P0EMDBFI.json"
    },
    {
      "row_id": 3172,
      "Provider_Name": "Microsoft-Windows-Sysmon",
      "Guid": "5770385F-C22A-43E0-BF4C-06F5698FFBD9",
      "EventID": 1,
      "Version": 5,
      "Level": 4,
      "Task": 1,
      "Opcode": 0,
      "Keywords": "0x8000000000000000",
      "SystemTime": "2025-11-12T12:26:08.029232Z",
      "EventRecordID": 3376,
      "ProcessID": 2812,
      "ThreadID": 3496,
      "Channel": "Microsoft-Windows-Sysmon/Operational",
      "Computer": "DESKTOP-CS6O5DN",
      "UserID": "S-1-5-18",
      "RuleName": "-",
      "UtcTime": "2025-11-12 12:26:08.028",
      "ProcessGuid": "2A767A6E-7CE0-6914-5101-000000001500",
      "Image": "C:\\Windows\\System32\\taskkill.exe",
      "FileVersion": "10.0.18362.1 (WinBuild.160101.0800)",
      "Description": "Terminates Processes",
      "Product": "Microsoft® Windows® Operating System",
      "Company": "Microsoft Corporation",
      "OriginalFileName": "taskkill.exe",
      "CommandLine": "taskkill  /f /im taskmgr.exe",
      "CurrentDirectory": "C:\\Windows\\system32\\",
      "User": "DESKTOP-CS6O5DN\\root",
      "LogonGuid": "2A767A6E-7C5A-6914-8512-040000000000",
      "LogonId": "0x41285",
      "TerminalSessionId": 1,
      "IntegrityLevel": "High",
      "MD5": "3BBEE3AC757CA54F33710DF8FB9D47A7",
      "SHA256": "D9E29313D2127FF1983A050D84626765D01682EDB2C1C5D5F209DDA20C3EAB87",
      "IMPHASH": "100938B32F577E925618EA395A8C469B",
      "Hashes": "MD5=3BBEE3AC757CA54F33710DF8FB9D47A7,SHA256=D9E29313D2127FF1983A050D84626765D01682EDB2C1C5D5F209DDA20C3EAB87,IMPHASH=100938B32F577E925618EA395A8C469B",
      "ParentProcessGuid": "2A767A6E-7CDF-6914-4301-000000001500",
      "ParentProcessId": 8096,
      "ParentImage": "C:\\Windows\\System32\\cmd.exe",
      "ParentCommandLine": "\"C:\\Windows\\System32\\cmd.exe\" /C \"C:\\BUG32\\Kill.bat\"",
      "ParentUser": "DESKTOP-CS6O5DN\\root",
      "OriginalLogfile": "log_lab3.evtx-P0EMDBFI.json"
    },
    {
      "row_id": 3173,
      "Provider_Name": "Microsoft-Windows-Sysmon",
      "Guid": "5770385F-C22A-43E0-BF4C-06F5698FFBD9",
      "EventID": 1,
      "Version": 5,
      "Level": 4,
      "Task": 1,
      "Opcode": 0,
      "Keywords": "0x8000000000000000",
      "SystemTime": "2025-11-12T12:26:08.058535Z",
      "EventRecordID": 3377,
      "ProcessID": 2812,
      "ThreadID": 3496,
      "Channel": "Microsoft-Windows-Sysmon/Operational",
      "Computer": "DESKTOP-CS6O5DN",
      "UserID": "S-1-5-18",
      "RuleName": "-",
      "UtcTime": "2025-11-12 12:26:08.058",
      "ProcessGuid": "2A767A6E-7CE0-6914-5201-000000001500",
      "Image": "C:\\Windows\\System32\\taskkill.exe",
      "FileVersion": "10.0.18362.1 (WinBuild.160101.0800)",
      "Description": "Terminates Processes",
      "Product": "Microsoft® Windows® Operating System",
      "Company": "Microsoft Corporation",
      "OriginalFileName": "taskkill.exe",
      "CommandLine": "taskkill  /f /im regedit.exe",
      "CurrentDirectory": "C:\\Windows\\system32\\",
      "User": "DESKTOP-CS6O5DN\\root",
      "LogonGuid": "2A767A6E-7C5A-6914-8512-040000000000",
      "LogonId": "0x41285",
      "TerminalSessionId": 1,
      "IntegrityLevel": "High",
      "MD5": "3BBEE3AC757CA54F33710DF8FB9D47A7",
      "SHA256": "D9E29313D2127FF1983A050D84626765D01682EDB2C1C5D5F209DDA20C3EAB87",
      "IMPHASH": "100938B32F577E925618EA395A8C469B",
      "Hashes": "MD5=3BBEE3AC757CA54F33710DF8FB9D47A7,SHA256=D9E29313D2127FF1983A050D84626765D01682EDB2C1C5D5F209DDA20C3EAB87,IMPHASH=100938B32F577E925618EA395A8C469B",
      "ParentProcessGuid": "2A767A6E-7CDF-6914-4301-000000001500",
      "ParentProcessId": 8096,
      "ParentImage": "C:\\Windows\\System32\\cmd.exe",
      "ParentCommandLine": "\"C:\\Windows\\System32\\cmd.exe\" /C \"C:\\BUG32\\Kill.bat\"",
      "ParentUser": "DESKTOP-CS6O5DN\\root",
      "OriginalLogfile": "log_lab3.evtx-P0EMDBFI.json"
    },
    {
      "row_id": 3193,
      "Provider_Name": "Microsoft-Windows-Sysmon",
      "Guid": "5770385F-C22A-43E0-BF4C-06F5698FFBD9",
      "EventID": 1,
      "Version": 5,
      "Level": 4,
      "Task": 1,
      "Opcode": 0,
      "Keywords": "0x8000000000000000",
      "SystemTime": "2025-11-12T12:26:19.725447Z",
      "EventRecordID": 3397,
      "ProcessID": 2812,
      "ThreadID": 3496,
      "Channel": "Microsoft-Windows-Sysmon/Operational",
      "Computer": "DESKTOP-CS6O5DN",
      "UserID": "S-1-5-18",
      "RuleName": "-",
      "UtcTime": "2025-11-12 12:26:19.725",
      "ProcessGuid": "2A767A6E-7CEB-6914-5601-000000001500",
      "Image": "C:\\Windows\\System32\\taskkill.exe",
      "FileVersion": "10.0.18362.1 (WinBuild.160101.0800)",
      "Description": "Terminates Processes",
      "Product": "Microsoft® Windows® Operating System",
      "Company": "Microsoft Corporation",
      "OriginalFileName": "taskkill.exe",
      "CommandLine": "taskkill  /f /im chrome.exe",
      "CurrentDirectory": "C:\\Windows\\system32\\",
      "User": "DESKTOP-CS6O5DN\\root",
      "LogonGuid": "2A767A6E-7C5A-6914-8512-040000000000",
      "LogonId": "0x41285",
      "TerminalSessionId": 1,
      "IntegrityLevel": "High",
      "MD5": "3BBEE3AC757CA54F33710DF8FB9D47A7",
      "SHA256": "D9E29313D2127FF1983A050D84626765D01682EDB2C1C5D5F209DDA20C3EAB87",
      "IMPHASH": "100938B32F577E925618EA395A8C469B",
      "Hashes": "MD5=3BBEE3AC757CA54F33710DF8FB9D47A7,SHA256=D9E29313D2127FF1983A050D84626765D01682EDB2C1C5D5F209DDA20C3EAB87,IMPHASH=100938B32F577E925618EA395A8C469B",
      "ParentProcessGuid": "2A767A6E-7CEB-6914-5401-000000001500",
      "ParentProcessId": 3032,
      "ParentImage": "C:\\Windows\\System32\\cmd.exe",
      "ParentCommandLine": "\"C:\\Windows\\System32\\cmd.exe\" /C \"C:\\BUG32\\Kill.bat\"",
      "ParentUser": "DESKTOP-CS6O5DN\\root",
      "OriginalLogfile": "log_lab3.evtx-P0EMDBFI.json"
    },
    {
      "row_id": 3194,
      "Provider_Name": "Microsoft-Windows-Sysmon",
      "Guid": "5770385F-C22A-43E0-BF4C-06F5698FFBD9",
      "EventID": 1,
      "Version": 5,
      "Level": 4,
      "Task": 1,
      "Opcode": 0,
      "Keywords": "0x8000000000000000",
      "SystemTime": "2025-11-12T12:26:19.779119Z",
      "EventRecordID": 3398,
      "ProcessID": 2812,
      "ThreadID": 3496,
      "Channel": "Microsoft-Windows-Sysmon/Operational",
      "Computer": "DESKTOP-CS6O5DN",
      "UserID": "S-1-5-18",
      "RuleName": "-",
      "UtcTime": "2025-11-12 12:26:19.777",
      "ProcessGuid": "2A767A6E-7CEB-6914-5701-000000001500",
      "Image": "C:\\Windows\\System32\\taskkill.exe",
      "FileVersion": "10.0.18362.1 (WinBuild.160101.0800)",
      "Description": "Terminates Processes",
      "Product": "Microsoft® Windows® Operating System",
      "Company": "Microsoft Corporation",
      "OriginalFileName": "taskkill.exe",
      "CommandLine": "taskkill  /f /im opera.exe",
      "CurrentDirectory": "C:\\Windows\\system32\\",
      "User": "DESKTOP-CS6O5DN\\root",
      "LogonGuid": "2A767A6E-7C5A-6914-8512-040000000000",
      "LogonId": "0x41285",
      "TerminalSessionId": 1,
      "IntegrityLevel": "High",
      "MD5": "3BBEE3AC757CA54F33710DF8FB9D47A7",
      "SHA256": "D9E29313D2127FF1983A050D84626765D01682EDB2C1C5D5F209DDA20C3EAB87",
      "IMPHASH": "100938B32F577E925618EA395A8C469B",
      "Hashes": "MD5=3BBEE3AC757CA54F33710DF8FB9D47A7,SHA256=D9E29313D2127FF1983A050D84626765D01682EDB2C1C5D5F209DDA20C3EAB87,IMPHASH=100938B32F577E925618EA395A8C469B",
      "ParentProcessGuid": "2A767A6E-7CEB-6914-5401-000000001500",
      "ParentProcessId": 3032,
      "ParentImage": "C:\\Windows\\System32\\cmd.exe",
      "ParentCommandLine": "\"C:\\Windows\\System32\\cmd.exe\" /C \"C:\\BUG32\\Kill.bat\"",
      "ParentUser": "DESKTOP-CS6O5DN\\root",
      "OriginalLogfile": "log_lab3.evtx-P0EMDBFI.json"
    },
    {
      "row_id": 3195,
      "Provider_Name": "Microsoft-Windows-Sysmon",
      "Guid": "5770385F-C22A-43E0-BF4C-06F5698FFBD9",
      "EventID": 1,
      "Version": 5,
      "Level": 4,
      "Task": 1,
      "Opcode": 0,
      "Keywords": "0x8000000000000000",
      "SystemTime": "2025-11-12T12:26:19.820224Z",
      "EventRecordID": 3399,
      "ProcessID": 2812,
      "ThreadID": 3496,
      "Channel": "Microsoft-Windows-Sysmon/Operational",
      "Computer": "DESKTOP-CS6O5DN",
      "UserID": "S-1-5-18",
      "RuleName": "-",
      "UtcTime": "2025-11-12 12:26:19.818",
      "ProcessGuid": "2A767A6E-7CEB-6914-5801-000000001500",
      "Image": "C:\\Windows\\System32\\taskkill.exe",
      "FileVersion": "10.0.18362.1 (WinBuild.160101.0800)",
      "Description": "Terminates Processes",
      "Product": "Microsoft® Windows® Operating System",
      "Company": "Microsoft Corporation",
      "OriginalFileName": "taskkill.exe",
      "CommandLine": "taskkill  /f /im iexplore.exe",
      "CurrentDirectory": "C:\\Windows\\system32\\",
      "User": "DESKTOP-CS6O5DN\\root",
      "LogonGuid": "2A767A6E-7C5A-6914-8512-040000000000",
      "LogonId": "0x41285",
      "TerminalSessionId": 1,
      "IntegrityLevel": "High",
      "MD5": "3BBEE3AC757CA54F33710DF8FB9D47A7",
      "SHA256": "D9E29313D2127FF1983A050D84626765D01682EDB2C1C5D5F209DDA20C3EAB87",
      "IMPHASH": "100938B32F577E925618EA395A8C469B",
      "Hashes": "MD5=3BBEE3AC757CA54F33710DF8FB9D47A7,SHA256=D9E29313D2127FF1983A050D84626765D01682EDB2C1C5D5F209DDA20C3EAB87,IMPHASH=100938B32F577E925618EA395A8C469B",
      "ParentProcessGuid": "2A767A6E-7CEB-6914-5401-000000001500",
      "ParentProcessId": 3032,
      "ParentImage": "C:\\Windows\\System32\\cmd.exe",
      "ParentCommandLine": "\"C:\\Windows\\System32\\cmd.exe\" /C \"C:\\BUG32\\Kill.bat\"",
      "ParentUser": "DESKTOP-CS6O5DN\\root",
      "OriginalLogfile": "log_lab3.evtx-P0EMDBFI.json"
    },
    {
      "row_id": 3196,
      "Provider_Name": "Microsoft-Windows-Sysmon",
      "Guid": "5770385F-C22A-43E0-BF4C-06F5698FFBD9",
      "EventID": 1,
      "Version": 5,
      "Level": 4,
      "Task": 1,
      "Opcode": 0,
      "Keywords": "0x8000000000000000",
      "SystemTime": "2025-11-12T12:26:19.929996Z",
      "EventRecordID": 3400,
      "ProcessID": 2812,
      "ThreadID": 3496,
      "Channel": "Microsoft-Windows-Sysmon/Operational",
      "Computer": "DESKTOP-CS6O5DN",
      "UserID": "S-1-5-18",
      "RuleName": "-",
      "UtcTime": "2025-11-12 12:26:19.929",
      "ProcessGuid": "2A767A6E-7CEB-6914-5901-000000001500",
      "Image": "C:\\Windows\\System32\\taskkill.exe",
      "FileVersion": "10.0.18362.1 (WinBuild.160101.0800)",
      "Description": "Terminates Processes",
      "Product": "Microsoft® Windows® Operating System",
      "Company": "Microsoft Corporation",
      "OriginalFileName": "taskkill.exe",
      "CommandLine": "taskkill  /f /im msedge.exe",
      "CurrentDirectory": "C:\\Windows\\system32\\",
      "User": "DESKTOP-CS6O5DN\\root",
      "LogonGuid": "2A767A6E-7C5A-6914-8512-040000000000",
      "LogonId": "0x41285",
      "TerminalSessionId": 1,
      "IntegrityLevel": "High",
      "MD5": "3BBEE3AC757CA54F33710DF8FB9D47A7",
      "SHA256": "D9E29313D2127FF1983A050D84626765D01682EDB2C1C5D5F209DDA20C3EAB87",
      "IMPHASH": "100938B32F577E925618EA395A8C469B",
      "Hashes": "MD5=3BBEE3AC757CA54F33710DF8FB9D47A7,SHA256=D9E29313D2127FF1983A050D84626765D01682EDB2C1C5D5F209DDA20C3EAB87,IMPHASH=100938B32F577E925618EA395A8C469B",
      "ParentProcessGuid": "2A767A6E-7CEB-6914-5401-000000001500",
      "ParentProcessId": 3032,
      "ParentImage": "C:\\Windows\\System32\\cmd.exe",
      "ParentCommandLine": "\"C:\\Windows\\System32\\cmd.exe\" /C \"C:\\BUG32\\Kill.bat\"",
      "ParentUser": "DESKTOP-CS6O5DN\\root",
      "OriginalLogfile": "log_lab3.evtx-P0EMDBFI.json"
    },
    {
      "row_id": 3197,
      "Provider_Name": "Microsoft-Windows-Sysmon",
      "Guid": "5770385F-C22A-43E0-BF4C-06F5698FFBD9",
      "EventID": 1,
      "Version": 5,
      "Level": 4,
      "Task": 1,
      "Opcode": 0,
      "Keywords": "0x8000000000000000",
      "SystemTime": "2025-11-12T12:26:20.148261Z",
      "EventRecordID": 3401,
      "ProcessID": 2812,
      "ThreadID": 3496,
      "Channel": "Microsoft-Windows-Sysmon/Operational",
      "Computer": "DESKTOP-CS6O5DN",
      "UserID": "S-1-5-18",
      "RuleName": "-",
      "UtcTime": "2025-11-12 12:26:20.147",
      "ProcessGuid": "2A767A6E-7CEC-6914-5A01-000000001500",
      "Image": "C:\\Windows\\System32\\taskkill.exe",
      "FileVersion": "10.0.18362.1 (WinBuild.160101.0800)",
      "Description": "Terminates Processes",
      "Product": "Microsoft® Windows® Operating System",
      "Company": "Microsoft Corporation",
      "OriginalFileName": "taskkill.exe",
      "CommandLine": "taskkill  /f /im microsoftedge.exe",
      "CurrentDirectory": "C:\\Windows\\system32\\",
      "User": "DESKTOP-CS6O5DN\\root",
      "LogonGuid": "2A767A6E-7C5A-6914-8512-040000000000",
      "LogonId": "0x41285",
      "TerminalSessionId": 1,
      "IntegrityLevel": "High",
      "MD5": "3BBEE3AC757CA54F33710DF8FB9D47A7",
      "SHA256": "D9E29313D2127FF1983A050D84626765D01682EDB2C1C5D5F209DDA20C3EAB87",
      "IMPHASH": "100938B32F577E925618EA395A8C469B",
      "Hashes": "MD5=3BBEE3AC757CA54F33710DF8FB9D47A7,SHA256=D9E29313D2127FF1983A050D84626765D01682EDB2C1C5D5F209DDA20C3EAB87,IMPHASH=100938B32F577E925618EA395A8C469B",
      "ParentProcessGuid": "2A767A6E-7CEB-6914-5401-000000001500",
      "ParentProcessId": 3032,
      "ParentImage": "C:\\Windows\\System32\\cmd.exe",
      "ParentCommandLine": "\"C:\\Windows\\System32\\cmd.exe\" /C \"C:\\BUG32\\Kill.bat\"",
      "ParentUser": "DESKTOP-CS6O5DN\\root",
      "OriginalLogfile": "log_lab3.evtx-P0EMDBFI.json"
    },
    {
      "row_id": 3198,
      "Provider_Name": "Microsoft-Windows-Sysmon",
      "Guid": "5770385F-C22A-43E0-BF4C-06F5698FFBD9",
      "EventID": 1,
      "Version": 5,
      "Level": 4,
      "Task": 1,
      "Opcode": 0,
      "Keywords": "0x8000000000000000",
      "SystemTime": "2025-11-12T12:26:20.180001Z",
      "EventRecordID": 3402,
      "ProcessID": 2812,
      "ThreadID": 3496,
      "Channel": "Microsoft-Windows-Sysmon/Operational",
      "Computer": "DESKTOP-CS6O5DN",
      "UserID": "S-1-5-18",
      "RuleName": "-",
      "UtcTime": "2025-11-12 12:26:20.179",
      "ProcessGuid": "2A767A6E-7CEC-6914-5B01-000000001500",
      "Image": "C:\\Windows\\System32\\taskkill.exe",
      "FileVersion": "10.0.18362.1 (WinBuild.160101.0800)",
      "Description": "Terminates Processes",
      "Product": "Microsoft® Windows® Operating System",
      "Company": "Microsoft Corporation",
      "OriginalFileName": "taskkill.exe",
      "CommandLine": "taskkill  /f /im notepad.exe",
      "CurrentDirectory": "C:\\Windows\\system32\\",
      "User": "DESKTOP-CS6O5DN\\root",
      "LogonGuid": "2A767A6E-7C5A-6914-8512-040000000000",
      "LogonId": "0x41285",
      "TerminalSessionId": 1,
      "IntegrityLevel": "High",
      "MD5": "3BBEE3AC757CA54F33710DF8FB9D47A7",
      "SHA256": "D9E29313D2127FF1983A050D84626765D01682EDB2C1C5D5F209DDA20C3EAB87",
      "IMPHASH": "100938B32F577E925618EA395A8C469B",
      "Hashes": "MD5=3BBEE3AC757CA54F33710DF8FB9D47A7,SHA256=D9E29313D2127FF1983A050D84626765D01682EDB2C1C5D5F209DDA20C3EAB87,IMPHASH=100938B32F577E925618EA395A8C469B",
      "ParentProcessGuid": "2A767A6E-7CEB-6914-5401-000000001500",
      "ParentProcessId": 3032,
      "ParentImage": "C:\\Windows\\System32\\cmd.exe",
      "ParentCommandLine": "\"C:\\Windows\\System32\\cmd.exe\" /C \"C:\\BUG32\\Kill.bat\"",
      "ParentUser": "DESKTOP-CS6O5DN\\root",
      "OriginalLogfile": "log_lab3.evtx-P0EMDBFI.json"
    },
    {
      "row_id": 3199,
      "Provider_Name": "Microsoft-Windows-Sysmon",
      "Guid": "5770385F-C22A-43E0-BF4C-06F5698FFBD9",
      "EventID": 1,
      "Version": 5,
      "Level": 4,
      "Task": 1,
      "Opcode": 0,
      "Keywords": "0x8000000000000000",
      "SystemTime": "2025-11-12T12:26:20.211217Z",
      "EventRecordID": 3403,
      "ProcessID": 2812,
      "ThreadID": 3496,
      "Channel": "Microsoft-Windows-Sysmon/Operational",
      "Computer": "DESKTOP-CS6O5DN",
      "UserID": "S-1-5-18",
      "RuleName": "-",
      "UtcTime": "2025-11-12 12:26:20.210",
      "ProcessGuid": "2A767A6E-7CEC-6914-5C01-000000001500",
      "Image": "C:\\Windows\\System32\\taskkill.exe",
      "FileVersion": "10.0.18362.1 (WinBuild.160101.0800)",
      "Description": "Terminates Processes",
      "Product": "Microsoft® Windows® Operating System",
      "Company": "Microsoft Corporation",
      "OriginalFileName": "taskkill.exe",
      "CommandLine": "taskkill  /f /im firefox.exe",
      "CurrentDirectory": "C:\\Windows\\system32\\",
      "User": "DESKTOP-CS6O5DN\\root",
      "LogonGuid": "2A767A6E-7C5A-6914-8512-040000000000",
      "LogonId": "0x41285",
      "TerminalSessionId": 1,
      "IntegrityLevel": "High",
      "MD5": "3BBEE3AC757CA54F33710DF8FB9D47A7",
      "SHA256": "D9E29313D2127FF1983A050D84626765D01682EDB2C1C5D5F209DDA20C3EAB87",
      "IMPHASH": "100938B32F577E925618EA395A8C469B",
      "Hashes": "MD5=3BBEE3AC757CA54F33710DF8FB9D47A7,SHA256=D9E29313D2127FF1983A050D84626765D01682EDB2C1C5D5F209DDA20C3EAB87,IMPHASH=100938B32F577E925618EA395A8C469B",
      "ParentProcessGuid": "2A767A6E-7CEB-6914-5401-000000001500",
      "ParentProcessId": 3032,
      "ParentImage": "C:\\Windows\\System32\\cmd.exe",
      "ParentCommandLine": "\"C:\\Windows\\System32\\cmd.exe\" /C \"C:\\BUG32\\Kill.bat\"",
      "ParentUser": "DESKTOP-CS6O5DN\\root",
      "OriginalLogfile": "log_lab3.evtx-P0EMDBFI.json"
    },
    {
      "row_id": 3200,
      "Provider_Name": "Microsoft-Windows-Sysmon",
      "Guid": "5770385F-C22A-43E0-BF4C-06F5698FFBD9",
      "EventID": 1,
      "Version": 5,
      "Level": 4,
      "Task": 1,
      "Opcode": 0,
      "Keywords": "0x8000000000000000",
      "SystemTime": "2025-11-12T12:26:20.244394Z",
      "EventRecordID": 3404,
      "ProcessID": 2812,
      "ThreadID": 3496,
      "Channel": "Microsoft-Windows-Sysmon/Operational",
      "Computer": "DESKTOP-CS6O5DN",
      "UserID": "S-1-5-18",
      "RuleName": "-",
      "UtcTime": "2025-11-12 12:26:20.243",
      "ProcessGuid": "2A767A6E-7CEC-6914-5D01-000000001500",
      "Image": "C:\\Windows\\System32\\taskkill.exe",
      "FileVersion": "10.0.18362.1 (WinBuild.160101.0800)",
      "Description": "Terminates Processes",
      "Product": "Microsoft® Windows® Operating System",
      "Company": "Microsoft Corporation",
      "OriginalFileName": "taskkill.exe",
      "CommandLine": "taskkill  /f /im mspaint.exe",
      "CurrentDirectory": "C:\\Windows\\system32\\",
      "User": "DESKTOP-CS6O5DN\\root",
      "LogonGuid": "2A767A6E-7C5A-6914-8512-040000000000",
      "LogonId": "0x41285",
      "TerminalSessionId": 1,
      "IntegrityLevel": "High",
      "MD5": "3BBEE3AC757CA54F33710DF8FB9D47A7",
      "SHA256": "D9E29313D2127FF1983A050D84626765D01682EDB2C1C5D5F209DDA20C3EAB87",
      "IMPHASH": "100938B32F577E925618EA395A8C469B",
      "Hashes": "MD5=3BBEE3AC757CA54F33710DF8FB9D47A7,SHA256=D9E29313D2127FF1983A050D84626765D01682EDB2C1C5D5F209DDA20C3EAB87,IMPHASH=100938B32F577E925618EA395A8C469B",
      "ParentProcessGuid": "2A767A6E-7CEB-6914-5401-000000001500",
      "ParentProcessId": 3032,
      "ParentImage": "C:\\Windows\\System32\\cmd.exe",
      "ParentCommandLine": "\"C:\\Windows\\System32\\cmd.exe\" /C \"C:\\BUG32\\Kill.bat\"",
      "ParentUser": "DESKTOP-CS6O5DN\\root",
      "OriginalLogfile": "log_lab3.evtx-P0EMDBFI.json"
    },
    {
      "row_id": 3201,
      "Provider_Name": "Microsoft-Windows-Sysmon",
      "Guid": "5770385F-C22A-43E0-BF4C-06F5698FFBD9",
      "EventID": 1,
      "Version": 5,
      "Level": 4,
      "Task": 1,
      "Opcode": 0,
      "Keywords": "0x8000000000000000",
      "SystemTime": "2025-11-12T12:26:20.278664Z",
      "EventRecordID": 3405,
      "ProcessID": 2812,
      "ThreadID": 3496,
      "Channel": "Microsoft-Windows-Sysmon/Operational",
      "Computer": "DESKTOP-CS6O5DN",
      "UserID": "S-1-5-18",
      "RuleName": "-",
      "UtcTime": "2025-11-12 12:26:20.277",
      "ProcessGuid": "2A767A6E-7CEC-6914-5E01-000000001500",
      "Image": "C:\\Windows\\System32\\taskkill.exe",
      "FileVersion": "10.0.18362.1 (WinBuild.160101.0800)",
      "Description": "Terminates Processes",
      "Product": "Microsoft® Windows® Operating System",
      "Company": "Microsoft Corporation",
      "OriginalFileName": "taskkill.exe",
      "CommandLine": "taskkill  /f /im skype.exe",
      "CurrentDirectory": "C:\\Windows\\system32\\",
      "User": "DESKTOP-CS6O5DN\\root",
      "LogonGuid": "2A767A6E-7C5A-6914-8512-040000000000",
      "LogonId": "0x41285",
      "TerminalSessionId": 1,
      "IntegrityLevel": "High",
      "MD5": "3BBEE3AC757CA54F33710DF8FB9D47A7",
      "SHA256": "D9E29313D2127FF1983A050D84626765D01682EDB2C1C5D5F209DDA20C3EAB87",
      "IMPHASH": "100938B32F577E925618EA395A8C469B",
      "Hashes": "MD5=3BBEE3AC757CA54F33710DF8FB9D47A7,SHA256=D9E29313D2127FF1983A050D84626765D01682EDB2C1C5D5F209DDA20C3EAB87,IMPHASH=100938B32F577E925618EA395A8C469B",
      "ParentProcessGuid": "2A767A6E-7CEB-6914-5401-000000001500",
      "ParentProcessId": 3032,
      "ParentImage": "C:\\Windows\\System32\\cmd.exe",
      "ParentCommandLine": "\"C:\\Windows\\System32\\cmd.exe\" /C \"C:\\BUG32\\Kill.bat\"",
      "ParentUser": "DESKTOP-CS6O5DN\\root",
      "OriginalLogfile": "log_lab3.evtx-P0EMDBFI.json"
    },
    {
      "row_id": 3202,
      "Provider_Name": "Microsoft-Windows-Sysmon",
      "Guid": "5770385F-C22A-43E0-BF4C-06F5698FFBD9",
      "EventID": 1,
      "Version": 5,
      "Level": 4,
      "Task": 1,
      "Opcode": 0,
      "Keywords": "0x8000000000000000",
      "SystemTime": "2025-11-12T12:26:20.311109Z",
      "EventRecordID": 3406,
      "ProcessID": 2812,
      "ThreadID": 3496,
      "Channel": "Microsoft-Windows-Sysmon/Operational",
      "Computer": "DESKTOP-CS6O5DN",
      "UserID": "S-1-5-18",
      "RuleName": "-",
      "UtcTime": "2025-11-12 12:26:20.310",
      "ProcessGuid": "2A767A6E-7CEC-6914-5F01-000000001500",
      "Image": "C:\\Windows\\System32\\taskkill.exe",
      "FileVersion": "10.0.18362.1 (WinBuild.160101.0800)",
      "Description": "Terminates Processes",
      "Product": "Microsoft® Windows® Operating System",
      "Company": "Microsoft Corporation",
      "OriginalFileName": "taskkill.exe",
      "CommandLine": "taskkill  /f /im bing.exe",
      "CurrentDirectory": "C:\\Windows\\system32\\",
      "User": "DESKTOP-CS6O5DN\\root",
      "LogonGuid": "2A767A6E-7C5A-6914-8512-040000000000",
      "LogonId": "0x41285",
      "TerminalSessionId": 1,
      "IntegrityLevel": "High",
      "MD5": "3BBEE3AC757CA54F33710DF8FB9D47A7",
      "SHA256": "D9E29313D2127FF1983A050D84626765D01682EDB2C1C5D5F209DDA20C3EAB87",
      "IMPHASH": "100938B32F577E925618EA395A8C469B",
      "Hashes": "MD5=3BBEE3AC757CA54F33710DF8FB9D47A7,SHA256=D9E29313D2127FF1983A050D84626765D01682EDB2C1C5D5F209DDA20C3EAB87,IMPHASH=100938B32F577E925618EA395A8C469B",
      "ParentProcessGuid": "2A767A6E-7CEB-6914-5401-000000001500",
      "ParentProcessId": 3032,
      "ParentImage": "C:\\Windows\\System32\\cmd.exe",
      "ParentCommandLine": "\"C:\\Windows\\System32\\cmd.exe\" /C \"C:\\BUG32\\Kill.bat\"",
      "ParentUser": "DESKTOP-CS6O5DN\\root",
      "OriginalLogfile": "log_lab3.evtx-P0EMDBFI.json"
    },
