    {
      "row_id": 3266,
      "Provider_Name": "Microsoft-Windows-Sysmon",
      "Guid": "5770385F-C22A-43E0-BF4C-06F5698FFBD9",
      "EventID": 1,
      "Version": 5,
      "Level": 4,
      "Task": 1,
      "Opcode": 0,
      "Keywords": "0x8000000000000000",
      "SystemTime": "2025-11-12T12:26:44.016388Z",
      "EventRecordID": 3470,
      "ProcessID": 2812,
      "ThreadID": 3496,
      "Channel": "Microsoft-Windows-Sysmon/Operational",
      "Computer": "DESKTOP-CS6O5DN",
      "UserID": "S-1-5-18",
      "RuleName": "-",
      "UtcTime": "2025-11-12 12:26:44.015",
      "ProcessGuid": "2A767A6E-7D04-6914-7D01-000000001500",
      "Image": "C:\\Windows\\System32\\taskkill.exe",
      "FileVersion": "10.0.18362.1 (WinBuild.160101.0800)",
      "Description": "Terminates Processes",
      "Product": "Microsoft® Windows® Operating System",
      "Company": "Microsoft Corporation",
      "OriginalFileName": "taskkill.exe",
      "CommandLine": "taskkill  /f /im mspaint.exe",
      "CurrentDirectory": "C:\\Windows\\system32\\",
      "User": "DESKTOP-CS6O5DN\\root",
      "LogonGuid": "2A767A6E-7C5A-6914-8512-040000000000",
      "LogonId": "0x41285",
      "TerminalSessionId": 1,
      "IntegrityLevel": "High",
      "MD5": "3BBEE3AC757CA54F33710DF8FB9D47A7",
      "SHA256": "D9E29313D2127FF1983A050D84626765D01682EDB2C1C5D5F209DDA20C3EAB87",
      "IMPHASH": "100938B32F577E925618EA395A8C469B",
      "Hashes": "MD5=3BBEE3AC757CA54F33710DF8FB9D47A7,SHA256=D9E29313D2127FF1983A050D84626765D01682EDB2C1C5D5F209DDA20C3EAB87,IMPHASH=100938B32F577E925618EA395A8C469B",
      "ParentProcessGuid": "2A767A6E-7D03-6914-7401-000000001500",
      "ParentProcessId": 7780,
      "ParentImage": "C:\\Windows\\System32\\cmd.exe",
      "ParentCommandLine": "\"C:\\Windows\\System32\\cmd.exe\" /C \"C:\\BUG32\\Kill.bat\"",
      "ParentUser": "DESKTOP-CS6O5DN\\root",
      "OriginalLogfile": "log_lab3.evtx-P0EMDBFI.json"
    },
    {
      "row_id": 3267,
      "Provider_Name": "Microsoft-Windows-Sysmon",
      "Guid": "5770385F-C22A-43E0-BF4C-06F5698FFBD9",
      "EventID": 1,
      "Version": 5,
      "Level": 4,
      "Task": 1,
      "Opcode": 0,
      "Keywords": "0x8000000000000000",
      "SystemTime": "2025-11-12T12:26:44.048425Z",
      "EventRecordID": 3471,
      "ProcessID": 2812,
      "ThreadID": 3496,
      "Channel": "Microsoft-Windows-Sysmon/Operational",
      "Computer": "DESKTOP-CS6O5DN",
      "UserID": "S-1-5-18",
      "RuleName": "-",
      "UtcTime": "2025-11-12 12:26:44.047",
      "ProcessGuid": "2A767A6E-7D04-6914-7E01-000000001500",
      "Image": "C:\\Windows\\System32\\taskkill.exe",
      "FileVersion": "10.0.18362.1 (WinBuild.160101.0800)",
      "Description": "Terminates Processes",
      "Product": "Microsoft® Windows® Operating System",
      "Company": "Microsoft Corporation",
      "OriginalFileName": "taskkill.exe",
      "CommandLine": "taskkill  /f /im skype.exe",
      "CurrentDirectory": "C:\\Windows\\system32\\",
      "User": "DESKTOP-CS6O5DN\\root",
      "LogonGuid": "2A767A6E-7C5A-6914-8512-040000000000",
      "LogonId": "0x41285",
      "TerminalSessionId": 1,
      "IntegrityLevel": "High",
      "MD5": "3BBEE3AC757CA54F33710DF8FB9D47A7",
      "SHA256": "D9E29313D2127FF1983A050D84626765D01682EDB2C1C5D5F209DDA20C3EAB87",
      "IMPHASH": "100938B32F577E925618EA395A8C469B",
      "Hashes": "MD5=3BBEE3AC757CA54F33710DF8FB9D47A7,SHA256=D9E29313D2127FF1983A050D84626765D01682EDB2C1C5D5F209DDA20C3EAB87,IMPHASH=100938B32F577E925618EA395A8C469B",
      "ParentProcessGuid": "2A767A6E-7D03-6914-7401-000000001500",
      "ParentProcessId": 7780,
      "ParentImage": "C:\\Windows\\System32\\cmd.exe",
      "ParentCommandLine": "\"C:\\Windows\\System32\\cmd.exe\" /C \"C:\\BUG32\\Kill.bat\"",
      "ParentUser": "DESKTOP-CS6O5DN\\root",
      "OriginalLogfile": "log_lab3.evtx-P0EMDBFI.json"
    },
    {
      "row_id": 3268,
      "Provider_Name": "Microsoft-Windows-Sysmon",
      "Guid": "5770385F-C22A-43E0-BF4C-06F5698FFBD9",
      "EventID": 1,
      "Version": 5,
      "Level": 4,
      "Task": 1,
      "Opcode": 0,
      "Keywords": "0x8000000000000000",
      "SystemTime": "2025-11-12T12:26:44.083532Z",
      "EventRecordID": 3472,
      "ProcessID": 2812,
      "ThreadID": 3496,
      "Channel": "Microsoft-Windows-Sysmon/Operational",
      "Computer": "DESKTOP-CS6O5DN",
      "UserID": "S-1-5-18",
      "RuleName": "-",
      "UtcTime": "2025-11-12 12:26:44.082",
      "ProcessGuid": "2A767A6E-7D04-6914-7F01-000000001500",
      "Image": "C:\\Windows\\System32\\taskkill.exe",
      "FileVersion": "10.0.18362.1 (WinBuild.160101.0800)",
      "Description": "Terminates Processes",
      "Product": "Microsoft® Windows® Operating System",
      "Company": "Microsoft Corporation",
      "OriginalFileName": "taskkill.exe",
      "CommandLine": "taskkill  /f /im bing.exe",
      "CurrentDirectory": "C:\\Windows\\system32\\",
      "User": "DESKTOP-CS6O5DN\\root",
      "LogonGuid": "2A767A6E-7C5A-6914-8512-040000000000",
      "LogonId": "0x41285",
      "TerminalSessionId": 1,
      "IntegrityLevel": "High",
      "MD5": "3BBEE3AC757CA54F33710DF8FB9D47A7",
      "SHA256": "D9E29313D2127FF1983A050D84626765D01682EDB2C1C5D5F209DDA20C3EAB87",
      "IMPHASH": "100938B32F577E925618EA395A8C469B",
      "Hashes": "MD5=3BBEE3AC757CA54F33710DF8FB9D47A7,SHA256=D9E29313D2127FF1983A050D84626765D01682EDB2C1C5D5F209DDA20C3EAB87,IMPHASH=100938B32F577E925618EA395A8C469B",
      "ParentProcessGuid": "2A767A6E-7D03-6914-7401-000000001500",
      "ParentProcessId": 7780,
      "ParentImage": "C:\\Windows\\System32\\cmd.exe",
      "ParentCommandLine": "\"C:\\Windows\\System32\\cmd.exe\" /C \"C:\\BUG32\\Kill.bat\"",
      "ParentUser": "DESKTOP-CS6O5DN\\root",
      "OriginalLogfile": "log_lab3.evtx-P0EMDBFI.json"
    },
    {
      "row_id": 3269,
      "Provider_Name": "Microsoft-Windows-Sysmon",
      "Guid": "5770385F-C22A-43E0-BF4C-06F5698FFBD9",
      "EventID": 1,
      "Version": 5,
      "Level": 4,
      "Task": 1,
      "Opcode": 0,
      "Keywords": "0x8000000000000000",
      "SystemTime": "2025-11-12T12:26:44.389367Z",
      "EventRecordID": 3473,
      "ProcessID": 2812,
      "ThreadID": 3496,
      "Channel": "Microsoft-Windows-Sysmon/Operational",
      "Computer": "DESKTOP-CS6O5DN",
      "UserID": "S-1-5-18",
      "RuleName": "-",
      "UtcTime": "2025-11-12 12:26:44.386",
      "ProcessGuid": "2A767A6E-7D04-6914-8001-000000001500",
      "Image": "C:\\Windows\\System32\\taskkill.exe",
      "FileVersion": "10.0.18362.1 (WinBuild.160101.0800)",
      "Description": "Terminates Processes",
      "Product": "Microsoft® Windows® Operating System",
      "Company": "Microsoft Corporation",
      "OriginalFileName": "taskkill.exe",
      "CommandLine": "taskkill  /f /im eset.exe",
      "CurrentDirectory": "C:\\Windows\\system32\\",
      "User": "DESKTOP-CS6O5DN\\root",
      "LogonGuid": "2A767A6E-7C5A-6914-8512-040000000000",
      "LogonId": "0x41285",
      "TerminalSessionId": 1,
      "IntegrityLevel": "High",
      "MD5": "3BBEE3AC757CA54F33710DF8FB9D47A7",
      "SHA256": "D9E29313D2127FF1983A050D84626765D01682EDB2C1C5D5F209DDA20C3EAB87",
      "IMPHASH": "100938B32F577E925618EA395A8C469B",
      "Hashes": "MD5=3BBEE3AC757CA54F33710DF8FB9D47A7,SHA256=D9E29313D2127FF1983A050D84626765D01682EDB2C1C5D5F209DDA20C3EAB87,IMPHASH=100938B32F577E925618EA395A8C469B",
      "ParentProcessGuid": "2A767A6E-7D03-6914-7401-000000001500",
      "ParentProcessId": 7780,
      "ParentImage": "C:\\Windows\\System32\\cmd.exe",
      "ParentCommandLine": "\"C:\\Windows\\System32\\cmd.exe\" /C \"C:\\BUG32\\Kill.bat\"",
      "ParentUser": "DESKTOP-CS6O5DN\\root",
      "OriginalLogfile": "log_lab3.evtx-P0EMDBFI.json"
    },
    {
      "row_id": 3270,
      "Provider_Name": "Microsoft-Windows-Sysmon",
      "Guid": "5770385F-C22A-43E0-BF4C-06F5698FFBD9",
      "EventID": 1,
      "Version": 5,
      "Level": 4,
      "Task": 1,
      "Opcode": 0,
      "Keywords": "0x8000000000000000",
      "SystemTime": "2025-11-12T12:26:44.424008Z",
      "EventRecordID": 3474,
      "ProcessID": 2812,
      "ThreadID": 3496,
      "Channel": "Microsoft-Windows-Sysmon/Operational",
      "Computer": "DESKTOP-CS6O5DN",
      "UserID": "S-1-5-18",
      "RuleName": "-",
      "UtcTime": "2025-11-12 12:26:44.423",
      "ProcessGuid": "2A767A6E-7D04-6914-8101-000000001500",
      "Image": "C:\\Windows\\System32\\taskkill.exe",
      "FileVersion": "10.0.18362.1 (WinBuild.160101.0800)",
      "Description": "Terminates Processes",
      "Product": "Microsoft® Windows® Operating System",
      "Company": "Microsoft Corporation",
      "OriginalFileName": "taskkill.exe",
      "CommandLine": "taskkill  /f /im edge.exe",
      "CurrentDirectory": "C:\\Windows\\system32\\",
      "User": "DESKTOP-CS6O5DN\\root",
      "LogonGuid": "2A767A6E-7C5A-6914-8512-040000000000",
      "LogonId": "0x41285",
      "TerminalSessionId": 1,
      "IntegrityLevel": "High",
      "MD5": "3BBEE3AC757CA54F33710DF8FB9D47A7",
      "SHA256": "D9E29313D2127FF1983A050D84626765D01682EDB2C1C5D5F209DDA20C3EAB87",
      "IMPHASH": "100938B32F577E925618EA395A8C469B",
      "Hashes": "MD5=3BBEE3AC757CA54F33710DF8FB9D47A7,SHA256=D9E29313D2127FF1983A050D84626765D01682EDB2C1C5D5F209DDA20C3EAB87,IMPHASH=100938B32F577E925618EA395A8C469B",
      "ParentProcessGuid": "2A767A6E-7D03-6914-7401-000000001500",
      "ParentProcessId": 7780,
      "ParentImage": "C:\\Windows\\System32\\cmd.exe",
      "ParentCommandLine": "\"C:\\Windows\\System32\\cmd.exe\" /C \"C:\\BUG32\\Kill.bat\"",
      "ParentUser": "DESKTOP-CS6O5DN\\root",
      "OriginalLogfile": "log_lab3.evtx-P0EMDBFI.json"
    },
    {
      "row_id": 3271,
      "Provider_Name": "Microsoft-Windows-Sysmon",
      "Guid": "5770385F-C22A-43E0-BF4C-06F5698FFBD9",
      "EventID": 1,
      "Version": 5,
      "Level": 4,
      "Task": 1,
      "Opcode": 0,
      "Keywords": "0x8000000000000000",
      "SystemTime": "2025-11-12T12:26:44.457673Z",
      "EventRecordID": 3475,
      "ProcessID": 2812,
      "ThreadID": 3496,
      "Channel": "Microsoft-Windows-Sysmon/Operational",
      "Computer": "DESKTOP-CS6O5DN",
      "UserID": "S-1-5-18",
      "RuleName": "-",
      "UtcTime": "2025-11-12 12:26:44.457",
      "ProcessGuid": "2A767A6E-7D04-6914-8201-000000001500",
      "Image": "C:\\Windows\\System32\\taskkill.exe",
      "FileVersion": "10.0.18362.1 (WinBuild.160101.0800)",
      "Description": "Terminates Processes",
      "Product": "Microsoft® Windows® Operating System",
      "Company": "Microsoft Corporation",
      "OriginalFileName": "taskkill.exe",
      "CommandLine": "taskkill  /f /im taskmgr.exe",
      "CurrentDirectory": "C:\\Windows\\system32\\",
      "User": "DESKTOP-CS6O5DN\\root",
      "LogonGuid": "2A767A6E-7C5A-6914-8512-040000000000",
      "LogonId": "0x41285",
      "TerminalSessionId": 1,
      "IntegrityLevel": "High",
      "MD5": "3BBEE3AC757CA54F33710DF8FB9D47A7",
      "SHA256": "D9E29313D2127FF1983A050D84626765D01682EDB2C1C5D5F209DDA20C3EAB87",
      "IMPHASH": "100938B32F577E925618EA395A8C469B",
      "Hashes": "MD5=3BBEE3AC757CA54F33710DF8FB9D47A7,SHA256=D9E29313D2127FF1983A050D84626765D01682EDB2C1C5D5F209DDA20C3EAB87,IMPHASH=100938B32F577E925618EA395A8C469B",
      "ParentProcessGuid": "2A767A6E-7D03-6914-7401-000000001500",
      "ParentProcessId": 7780,
      "ParentImage": "C:\\Windows\\System32\\cmd.exe",
      "ParentCommandLine": "\"C:\\Windows\\System32\\cmd.exe\" /C \"C:\\BUG32\\Kill.bat\"",
      "ParentUser": "DESKTOP-CS6O5DN\\root",
      "OriginalLogfile": "log_lab3.evtx-P0EMDBFI.json"
    },
    {
      "row_id": 3272,
      "Provider_Name": "Microsoft-Windows-Sysmon",
      "Guid": "5770385F-C22A-43E0-BF4C-06F5698FFBD9",
      "EventID": 1,
      "Version": 5,
      "Level": 4,
      "Task": 1,
      "Opcode": 0,
      "Keywords": "0x8000000000000000",
      "SystemTime": "2025-11-12T12:26:44.489481Z",
      "EventRecordID": 3476,
      "ProcessID": 2812,
      "ThreadID": 3496,
      "Channel": "Microsoft-Windows-Sysmon/Operational",
      "Computer": "DESKTOP-CS6O5DN",
      "UserID": "S-1-5-18",
      "RuleName": "-",
      "UtcTime": "2025-11-12 12:26:44.488",
      "ProcessGuid": "2A767A6E-7D04-6914-8301-000000001500",
      "Image": "C:\\Windows\\System32\\taskkill.exe",
      "FileVersion": "10.0.18362.1 (WinBuild.160101.0800)",
      "Description": "Terminates Processes",
      "Product": "Microsoft® Windows® Operating System",
      "Company": "Microsoft Corporation",
      "OriginalFileName": "taskkill.exe",
      "CommandLine": "taskkill  /f /im regedit.exe",
      "CurrentDirectory": "C:\\Windows\\system32\\",
      "User": "DESKTOP-CS6O5DN\\root",
      "LogonGuid": "2A767A6E-7C5A-6914-8512-040000000000",
      "LogonId": "0x41285",
      "TerminalSessionId": 1,
      "IntegrityLevel": "High",
      "MD5": "3BBEE3AC757CA54F33710DF8FB9D47A7",
      "SHA256": "D9E29313D2127FF1983A050D84626765D01682EDB2C1C5D5F209DDA20C3EAB87",
      "IMPHASH": "100938B32F577E925618EA395A8C469B",
      "Hashes": "MD5=3BBEE3AC757CA54F33710DF8FB9D47A7,SHA256=D9E29313D2127FF1983A050D84626765D01682EDB2C1C5D5F209DDA20C3EAB87,IMPHASH=100938B32F577E925618EA395A8C469B",
      "ParentProcessGuid": "2A767A6E-7D03-6914-7401-000000001500",
      "ParentProcessId": 7780,
      "ParentImage": "C:\\Windows\\System32\\cmd.exe",
      "ParentCommandLine": "\"C:\\Windows\\System32\\cmd.exe\" /C \"C:\\BUG32\\Kill.bat\"",
      "ParentUser": "DESKTOP-CS6O5DN\\root",
      "OriginalLogfile": "log_lab3.evtx-P0EMDBFI.json"
    },
    {
      "row_id": 3294,
      "Provider_Name": "Microsoft-Windows-Sysmon",
      "Guid": "5770385F-C22A-43E0-BF4C-06F5698FFBD9",
      "EventID": 1,
      "Version": 5,
      "Level": 4,
      "Task": 1,
      "Opcode": 0,
      "Keywords": "0x8000000000000000",
      "SystemTime": "2025-11-12T12:26:55.855068Z",
      "EventRecordID": 3498,
      "ProcessID": 2812,
      "ThreadID": 3496,
      "Channel": "Microsoft-Windows-Sysmon/Operational",
      "Computer": "DESKTOP-CS6O5DN",
      "UserID": "S-1-5-18",
      "RuleName": "-",
      "UtcTime": "2025-11-12 12:26:55.854",
      "ProcessGuid": "2A767A6E-7D0F-6914-8B01-000000001500",
      "Image": "C:\\Windows\\System32\\taskkill.exe",
      "FileVersion": "10.0.18362.1 (WinBuild.160101.0800)",
      "Description": "Terminates Processes",
      "Product": "Microsoft® Windows® Operating System",
      "Company": "Microsoft Corporation",
      "OriginalFileName": "taskkill.exe",
      "CommandLine": "taskkill  /f /im chrome.exe",
      "CurrentDirectory": "C:\\Windows\\system32\\",
      "User": "DESKTOP-CS6O5DN\\root",
      "LogonGuid": "2A767A6E-7C5A-6914-8512-040000000000",
      "LogonId": "0x41285",
      "TerminalSessionId": 1,
      "IntegrityLevel": "High",
      "MD5": "3BBEE3AC757CA54F33710DF8FB9D47A7",
      "SHA256": "D9E29313D2127FF1983A050D84626765D01682EDB2C1C5D5F209DDA20C3EAB87",
      "IMPHASH": "100938B32F577E925618EA395A8C469B",
      "Hashes": "MD5=3BBEE3AC757CA54F33710DF8FB9D47A7,SHA256=D9E29313D2127FF1983A050D84626765D01682EDB2C1C5D5F209DDA20C3EAB87,IMPHASH=100938B32F577E925618EA395A8C469B",
      "ParentProcessGuid": "2A767A6E-7D0F-6914-8901-000000001500",
      "ParentProcessId": 1096,
      "ParentImage": "C:\\Windows\\System32\\cmd.exe",
      "ParentCommandLine": "\"C:\\Windows\\System32\\cmd.exe\" /C \"C:\\BUG32\\Kill.bat\"",
      "ParentUser": "DESKTOP-CS6O5DN\\root",
      "OriginalLogfile": "log_lab3.evtx-P0EMDBFI.json"
    },
    {
      "row_id": 3295,
      "Provider_Name": "Microsoft-Windows-Sysmon",
      "Guid": "5770385F-C22A-43E0-BF4C-06F5698FFBD9",
      "EventID": 1,
      "Version": 5,
      "Level": 4,
      "Task": 1,
      "Opcode": 0,
      "Keywords": "0x8000000000000000",
      "SystemTime": "2025-11-12T12:26:55.885764Z",
      "EventRecordID": 3499,
      "ProcessID": 2812,
      "ThreadID": 3496,
      "Channel": "Microsoft-Windows-Sysmon/Operational",
      "Computer": "DESKTOP-CS6O5DN",
      "UserID": "S-1-5-18",
      "RuleName": "-",
      "UtcTime": "2025-11-12 12:26:55.885",
      "ProcessGuid": "2A767A6E-7D0F-6914-8C01-000000001500",
      "Image": "C:\\Windows\\System32\\taskkill.exe",
      "FileVersion": "10.0.18362.1 (WinBuild.160101.0800)",
      "Description": "Terminates Processes",
      "Product": "Microsoft® Windows® Operating System",
      "Company": "Microsoft Corporation",
      "OriginalFileName": "taskkill.exe",
      "CommandLine": "taskkill  /f /im opera.exe",
      "CurrentDirectory": "C:\\Windows\\system32\\",
      "User": "DESKTOP-CS6O5DN\\root",
      "LogonGuid": "2A767A6E-7C5A-6914-8512-040000000000",
      "LogonId": "0x41285",
      "TerminalSessionId": 1,
      "IntegrityLevel": "High",
      "MD5": "3BBEE3AC757CA54F33710DF8FB9D47A7",
      "SHA256": "D9E29313D2127FF1983A050D84626765D01682EDB2C1C5D5F209DDA20C3EAB87",
      "IMPHASH": "100938B32F577E925618EA395A8C469B",
      "Hashes": "MD5=3BBEE3AC757CA54F33710DF8FB9D47A7,SHA256=D9E29313D2127FF1983A050D84626765D01682EDB2C1C5D5F209DDA20C3EAB87,IMPHASH=100938B32F577E925618EA395A8C469B",
      "ParentProcessGuid": "2A767A6E-7D0F-6914-8901-000000001500",
      "ParentProcessId": 1096,
      "ParentImage": "C:\\Windows\\System32\\cmd.exe",
      "ParentCommandLine": "\"C:\\Windows\\System32\\cmd.exe\" /C \"C:\\BUG32\\Kill.bat\"",
      "ParentUser": "DESKTOP-CS6O5DN\\root",
      "OriginalLogfile": "log_lab3.evtx-P0EMDBFI.json"
    },
    {
      "row_id": 3296,
      "Provider_Name": "Microsoft-Windows-Sysmon",
      "Guid": "5770385F-C22A-43E0-BF4C-06F5698FFBD9",
      "EventID": 1,
      "Version": 5,
      "Level": 4,
      "Task": 1,
      "Opcode": 0,
      "Keywords": "0x8000000000000000",
      "SystemTime": "2025-11-12T12:26:55.914497Z",
      "EventRecordID": 3500,
      "ProcessID": 2812,
      "ThreadID": 3496,
      "Channel": "Microsoft-Windows-Sysmon/Operational",
      "Computer": "DESKTOP-CS6O5DN",
      "UserID": "S-1-5-18",
      "RuleName": "-",
      "UtcTime": "2025-11-12 12:26:55.914",
      "ProcessGuid": "2A767A6E-7D0F-6914-8D01-000000001500",
      "Image": "C:\\Windows\\System32\\taskkill.exe",
      "FileVersion": "10.0.18362.1 (WinBuild.160101.0800)",
      "Description": "Terminates Processes",
      "Product": "Microsoft® Windows® Operating System",
      "Company": "Microsoft Corporation",
      "OriginalFileName": "taskkill.exe",
      "CommandLine": "taskkill  /f /im iexplore.exe",
      "CurrentDirectory": "C:\\Windows\\system32\\",
      "User": "DESKTOP-CS6O5DN\\root",
      "LogonGuid": "2A767A6E-7C5A-6914-8512-040000000000",
      "LogonId": "0x41285",
      "TerminalSessionId": 1,
      "IntegrityLevel": "High",
      "MD5": "3BBEE3AC757CA54F33710DF8FB9D47A7",
      "SHA256": "D9E29313D2127FF1983A050D84626765D01682EDB2C1C5D5F209DDA20C3EAB87",
      "IMPHASH": "100938B32F577E925618EA395A8C469B",
      "Hashes": "MD5=3BBEE3AC757CA54F33710DF8FB9D47A7,SHA256=D9E29313D2127FF1983A050D84626765D01682EDB2C1C5D5F209DDA20C3EAB87,IMPHASH=100938B32F577E925618EA395A8C469B",
      "ParentProcessGuid": "2A767A6E-7D0F-6914-8901-000000001500",
      "ParentProcessId": 1096,
      "ParentImage": "C:\\Windows\\System32\\cmd.exe",
      "ParentCommandLine": "\"C:\\Windows\\System32\\cmd.exe\" /C \"C:\\BUG32\\Kill.bat\"",
      "ParentUser": "DESKTOP-CS6O5DN\\root",
      "OriginalLogfile": "log_lab3.evtx-P0EMDBFI.json"
    },
    {
      "row_id": 3297,
      "Provider_Name": "Microsoft-Windows-Sysmon",
      "Guid": "5770385F-C22A-43E0-BF4C-06F5698FFBD9",
      "EventID": 1,
      "Version": 5,
      "Level": 4,
      "Task": 1,
      "Opcode": 0,
      "Keywords": "0x8000000000000000",
      "SystemTime": "2025-11-12T12:26:55.944627Z",
      "EventRecordID": 3501,
      "ProcessID": 2812,
      "ThreadID": 3496,
      "Channel": "Microsoft-Windows-Sysmon/Operational",
      "Computer": "DESKTOP-CS6O5DN",
      "UserID": "S-1-5-18",
      "RuleName": "-",
      "UtcTime": "2025-11-12 12:26:55.944",
      "ProcessGuid": "2A767A6E-7D0F-6914-8E01-000000001500",
      "Image": "C:\\Windows\\System32\\taskkill.exe",
      "FileVersion": "10.0.18362.1 (WinBuild.160101.0800)",
      "Description": "Terminates Processes",
      "Product": "Microsoft® Windows® Operating System",
      "Company": "Microsoft Corporation",
      "OriginalFileName": "taskkill.exe",
      "CommandLine": "taskkill  /f /im msedge.exe",
      "CurrentDirectory": "C:\\Windows\\system32\\",
      "User": "DESKTOP-CS6O5DN\\root",
      "LogonGuid": "2A767A6E-7C5A-6914-8512-040000000000",
      "LogonId": "0x41285",
      "TerminalSessionId": 1,
      "IntegrityLevel": "High",
      "MD5": "3BBEE3AC757CA54F33710DF8FB9D47A7",
      "SHA256": "D9E29313D2127FF1983A050D84626765D01682EDB2C1C5D5F209DDA20C3EAB87",
      "IMPHASH": "100938B32F577E925618EA395A8C469B",
      "Hashes": "MD5=3BBEE3AC757CA54F33710DF8FB9D47A7,SHA256=D9E29313D2127FF1983A050D84626765D01682EDB2C1C5D5F209DDA20C3EAB87,IMPHASH=100938B32F577E925618EA395A8C469B",
      "ParentProcessGuid": "2A767A6E-7D0F-6914-8901-000000001500",
      "ParentProcessId": 1096,
      "ParentImage": "C:\\Windows\\System32\\cmd.exe",
      "ParentCommandLine": "\"C:\\Windows\\System32\\cmd.exe\" /C \"C:\\BUG32\\Kill.bat\"",
      "ParentUser": "DESKTOP-CS6O5DN\\root",
      "OriginalLogfile": "log_lab3.evtx-P0EMDBFI.json"
    },
    {
      "row_id": 3298,
      "Provider_Name": "Microsoft-Windows-Sysmon",
      "Guid": "5770385F-C22A-43E0-BF4C-06F5698FFBD9",
      "EventID": 1,
      "Version": 5,
      "Level": 4,
      "Task": 1,
      "Opcode": 0,
      "Keywords": "0x8000000000000000",
      "SystemTime": "2025-11-12T12:26:55.974643Z",
      "EventRecordID": 3502,
      "ProcessID": 2812,
      "ThreadID": 3496,
      "Channel": "Microsoft-Windows-Sysmon/Operational",
      "Computer": "DESKTOP-CS6O5DN",
      "UserID": "S-1-5-18",
      "RuleName": "-",
      "UtcTime": "2025-11-12 12:26:55.973",
      "ProcessGuid": "2A767A6E-7D0F-6914-8F01-000000001500",
      "Image": "C:\\Windows\\System32\\taskkill.exe",
      "FileVersion": "10.0.18362.1 (WinBuild.160101.0800)",
      "Description": "Terminates Processes",
      "Product": "Microsoft® Windows® Operating System",
      "Company": "Microsoft Corporation",
      "OriginalFileName": "taskkill.exe",
      "CommandLine": "taskkill  /f /im microsoftedge.exe",
      "CurrentDirectory": "C:\\Windows\\system32\\",
      "User": "DESKTOP-CS6O5DN\\root",
      "LogonGuid": "2A767A6E-7C5A-6914-8512-040000000000",
      "LogonId": "0x41285",
      "TerminalSessionId": 1,
      "IntegrityLevel": "High",
      "MD5": "3BBEE3AC757CA54F33710DF8FB9D47A7",
      "SHA256": "D9E29313D2127FF1983A050D84626765D01682EDB2C1C5D5F209DDA20C3EAB87",
      "IMPHASH": "100938B32F577E925618EA395A8C469B",
      "Hashes": "MD5=3BBEE3AC757CA54F33710DF8FB9D47A7,SHA256=D9E29313D2127FF1983A050D84626765D01682EDB2C1C5D5F209DDA20C3EAB87,IMPHASH=100938B32F577E925618EA395A8C469B",
      "ParentProcessGuid": "2A767A6E-7D0F-6914-8901-000000001500",
      "ParentProcessId": 1096,
      "ParentImage": "C:\\Windows\\System32\\cmd.exe",
      "ParentCommandLine": "\"C:\\Windows\\System32\\cmd.exe\" /C \"C:\\BUG32\\Kill.bat\"",
      "ParentUser": "DESKTOP-CS6O5DN\\root",
      "OriginalLogfile": "log_lab3.evtx-P0EMDBFI.json"
    },
    {
      "row_id": 3299,
      "Provider_Name": "Microsoft-Windows-Sysmon",
      "Guid": "5770385F-C22A-43E0-BF4C-06F5698FFBD9",
      "EventID": 1,
      "Version": 5,
      "Level": 4,
      "Task": 1,
      "Opcode": 0,
      "Keywords": "0x8000000000000000",
      "SystemTime": "2025-11-12T12:26:56.005048Z",
      "EventRecordID": 3503,
      "ProcessID": 2812,
      "ThreadID": 3496,
      "Channel": "Microsoft-Windows-Sysmon/Operational",
      "Computer": "DESKTOP-CS6O5DN",
      "UserID": "S-1-5-18",
      "RuleName": "-",
      "UtcTime": "2025-11-12 12:26:56.004",
      "ProcessGuid": "2A767A6E-7D10-6914-9001-000000001500",
      "Image": "C:\\Windows\\System32\\taskkill.exe",
      "FileVersion": "10.0.18362.1 (WinBuild.160101.0800)",
      "Description": "Terminates Processes",
      "Product": "Microsoft® Windows® Operating System",
      "Company": "Microsoft Corporation",
      "OriginalFileName": "taskkill.exe",
      "CommandLine": "taskkill  /f /im notepad.exe",
      "CurrentDirectory": "C:\\Windows\\system32\\",
      "User": "DESKTOP-CS6O5DN\\root",
      "LogonGuid": "2A767A6E-7C5A-6914-8512-040000000000",
      "LogonId": "0x41285",
      "TerminalSessionId": 1,
      "IntegrityLevel": "High",
      "MD5": "3BBEE3AC757CA54F33710DF8FB9D47A7",
      "SHA256": "D9E29313D2127FF1983A050D84626765D01682EDB2C1C5D5F209DDA20C3EAB87",
      "IMPHASH": "100938B32F577E925618EA395A8C469B",
      "Hashes": "MD5=3BBEE3AC757CA54F33710DF8FB9D47A7,SHA256=D9E29313D2127FF1983A050D84626765D01682EDB2C1C5D5F209DDA20C3EAB87,IMPHASH=100938B32F577E925618EA395A8C469B",
      "ParentProcessGuid": "2A767A6E-7D0F-6914-8901-000000001500",
      "ParentProcessId": 1096,
      "ParentImage": "C:\\Windows\\System32\\cmd.exe",
      "ParentCommandLine": "\"C:\\Windows\\System32\\cmd.exe\" /C \"C:\\BUG32\\Kill.bat\"",
      "ParentUser": "DESKTOP-CS6O5DN\\root",
      "OriginalLogfile": "log_lab3.evtx-P0EMDBFI.json"
    },
    {
      "row_id": 3300,
      "Provider_Name": "Microsoft-Windows-Sysmon",
      "Guid": "5770385F-C22A-43E0-BF4C-06F5698FFBD9",
      "EventID": 1,
      "Version": 5,
      "Level": 4,
      "Task": 1,
      "Opcode": 0,
      "Keywords": "0x8000000000000000",
      "SystemTime": "2025-11-12T12:26:56.034084Z",
      "EventRecordID": 3504,
      "ProcessID": 2812,
      "ThreadID": 3496,
      "Channel": "Microsoft-Windows-Sysmon/Operational",
      "Computer": "DESKTOP-CS6O5DN",
      "UserID": "S-1-5-18",
      "RuleName": "-",
      "UtcTime": "2025-11-12 12:26:56.033",
      "ProcessGuid": "2A767A6E-7D10-6914-9101-000000001500",
      "Image": "C:\\Windows\\System32\\taskkill.exe",
      "FileVersion": "10.0.18362.1 (WinBuild.160101.0800)",
      "Description": "Terminates Processes",
      "Product": "Microsoft® Windows® Operating System",
      "Company": "Microsoft Corporation",
      "OriginalFileName": "taskkill.exe",
      "CommandLine": "taskkill  /f /im firefox.exe",
      "CurrentDirectory": "C:\\Windows\\system32\\",
      "User": "DESKTOP-CS6O5DN\\root",
      "LogonGuid": "2A767A6E-7C5A-6914-8512-040000000000",
      "LogonId": "0x41285",
      "TerminalSessionId": 1,
      "IntegrityLevel": "High",
      "MD5": "3BBEE3AC757CA54F33710DF8FB9D47A7",
      "SHA256": "D9E29313D2127FF1983A050D84626765D01682EDB2C1C5D5F209DDA20C3EAB87",
      "IMPHASH": "100938B32F577E925618EA395A8C469B",
      "Hashes": "MD5=3BBEE3AC757CA54F33710DF8FB9D47A7,SHA256=D9E29313D2127FF1983A050D84626765D01682EDB2C1C5D5F209DDA20C3EAB87,IMPHASH=100938B32F577E925618EA395A8C469B",
      "ParentProcessGuid": "2A767A6E-7D0F-6914-8901-000000001500",
      "ParentProcessId": 1096,
      "ParentImage": "C:\\Windows\\System32\\cmd.exe",
      "ParentCommandLine": "\"C:\\Windows\\System32\\cmd.exe\" /C \"C:\\BUG32\\Kill.bat\"",
      "ParentUser": "DESKTOP-CS6O5DN\\root",
      "OriginalLogfile": "log_lab3.evtx-P0EMDBFI.json"
    },
    {
      "row_id": 3301,
      "Provider_Name": "Microsoft-Windows-Sysmon",
      "Guid": "5770385F-C22A-43E0-BF4C-06F5698FFBD9",
      "EventID": 1,
      "Version": 5,
      "Level": 4,
      "Task": 1,
      "Opcode": 0,
      "Keywords": "0x8000000000000000",
      "SystemTime": "2025-11-12T12:26:56.066654Z",
      "EventRecordID": 3505,
      "ProcessID": 2812,
      "ThreadID": 3496,
      "Channel": "Microsoft-Windows-Sysmon/Operational",
      "Computer": "DESKTOP-CS6O5DN",
      "UserID": "S-1-5-18",
      "RuleName": "-",
      "UtcTime": "2025-11-12 12:26:56.066",
      "ProcessGuid": "2A767A6E-7D10-6914-9201-000000001500",
      "Image": "C:\\Windows\\System32\\taskkill.exe",
      "FileVersion": "10.0.18362.1 (WinBuild.160101.0800)",
      "Description": "Terminates Processes",
      "Product": "Microsoft® Windows® Operating System",
      "Company": "Microsoft Corporation",
      "OriginalFileName": "taskkill.exe",
      "CommandLine": "taskkill  /f /im mspaint.exe",
      "CurrentDirectory": "C:\\Windows\\system32\\",
      "User": "DESKTOP-CS6O5DN\\root",
      "LogonGuid": "2A767A6E-7C5A-6914-8512-040000000000",
      "LogonId": "0x41285",
      "TerminalSessionId": 1,
      "IntegrityLevel": "High",
      "MD5": "3BBEE3AC757CA54F33710DF8FB9D47A7",
      "SHA256": "D9E29313D2127FF1983A050D84626765D01682EDB2C1C5D5F209DDA20C3EAB87",
      "IMPHASH": "100938B32F577E925618EA395A8C469B",
      "Hashes": "MD5=3BBEE3AC757CA54F33710DF8FB9D47A7,SHA256=D9E29313D2127FF1983A050D84626765D01682EDB2C1C5D5F209DDA20C3EAB87,IMPHASH=100938B32F577E925618EA395A8C469B",
      "ParentProcessGuid": "2A767A6E-7D0F-6914-8901-000000001500",
      "ParentProcessId": 1096,
      "ParentImage": "C:\\Windows\\System32\\cmd.exe",
      "ParentCommandLine": "\"C:\\Windows\\System32\\cmd.exe\" /C \"C:\\BUG32\\Kill.bat\"",
      "ParentUser": "DESKTOP-CS6O5DN\\root",
      "OriginalLogfile": "log_lab3.evtx-P0EMDBFI.json"
    },
    {
      "row_id": 3302,
      "Provider_Name": "Microsoft-Windows-Sysmon",
      "Guid": "5770385F-C22A-43E0-BF4C-06F5698FFBD9",
      "EventID": 1,
      "Version": 5,
      "Level": 4,
      "Task": 1,
      "Opcode": 0,
      "Keywords": "0x8000000000000000",
      "SystemTime": "2025-11-12T12:26:56.097186Z",
      "EventRecordID": 3506,
      "ProcessID": 2812,
      "ThreadID": 3496,
      "Channel": "Microsoft-Windows-Sysmon/Operational",
      "Computer": "DESKTOP-CS6O5DN",
      "UserID": "S-1-5-18",
      "RuleName": "-",
      "UtcTime": "2025-11-12 12:26:56.096",
      "ProcessGuid": "2A767A6E-7D10-6914-9301-000000001500",
      "Image": "C:\\Windows\\System32\\taskkill.exe",
      "FileVersion": "10.0.18362.1 (WinBuild.160101.0800)",
      "Description": "Terminates Processes",
      "Product": "Microsoft® Windows® Operating System",
      "Company": "Microsoft Corporation",
      "OriginalFileName": "taskkill.exe",
      "CommandLine": "taskkill  /f /im skype.exe",
      "CurrentDirectory": "C:\\Windows\\system32\\",
      "User": "DESKTOP-CS6O5DN\\root",
      "LogonGuid": "2A767A6E-7C5A-6914-8512-040000000000",
      "LogonId": "0x41285",
      "TerminalSessionId": 1,
      "IntegrityLevel": "High",
      "MD5": "3BBEE3AC757CA54F33710DF8FB9D47A7",
      "SHA256": "D9E29313D2127FF1983A050D84626765D01682EDB2C1C5D5F209DDA20C3EAB87",
      "IMPHASH": "100938B32F577E925618EA395A8C469B",
      "Hashes": "MD5=3BBEE3AC757CA54F33710DF8FB9D47A7,SHA256=D9E29313D2127FF1983A050D84626765D01682EDB2C1C5D5F209DDA20C3EAB87,IMPHASH=100938B32F577E925618EA395A8C469B",
      "ParentProcessGuid": "2A767A6E-7D0F-6914-8901-000000001500",
      "ParentProcessId": 1096,
      "ParentImage": "C:\\Windows\\System32\\cmd.exe",
      "ParentCommandLine": "\"C:\\Windows\\System32\\cmd.exe\" /C \"C:\\BUG32\\Kill.bat\"",
      "ParentUser": "DESKTOP-CS6O5DN\\root",
      "OriginalLogfile": "log_lab3.evtx-P0EMDBFI.json"
    },
    {
      "row_id": 3303,
      "Provider_Name": "Microsoft-Windows-Sysmon",
      "Guid": "5770385F-C22A-43E0-BF4C-06F5698FFBD9",
      "EventID": 1,
      "Version": 5,
      "Level": 4,
      "Task": 1,
      "Opcode": 0,
      "Keywords": "0x8000000000000000",
      "SystemTime": "2025-11-12T12:26:56.133455Z",
      "EventRecordID": 3507,
      "ProcessID": 2812,
      "ThreadID": 3496,
      "Channel": "Microsoft-Windows-Sysmon/Operational",
      "Computer": "DESKTOP-CS6O5DN",
      "UserID": "S-1-5-18",
      "RuleName": "-",
      "UtcTime": "2025-11-12 12:26:56.132",
      "ProcessGuid": "2A767A6E-7D10-6914-9401-000000001500",
      "Image": "C:\\Windows\\System32\\taskkill.exe",
      "FileVersion": "10.0.18362.1 (WinBuild.160101.0800)",
      "Description": "Terminates Processes",
      "Product": "Microsoft® Windows® Operating System",
      "Company": "Microsoft Corporation",
      "OriginalFileName": "taskkill.exe",
      "CommandLine": "taskkill  /f /im bing.exe",
      "CurrentDirectory": "C:\\Windows\\system32\\",
      "User": "DESKTOP-CS6O5DN\\root",
      "LogonGuid": "2A767A6E-7C5A-6914-8512-040000000000",
      "LogonId": "0x41285",
      "TerminalSessionId": 1,
      "IntegrityLevel": "High",
      "MD5": "3BBEE3AC757CA54F33710DF8FB9D47A7",
      "SHA256": "D9E29313D2127FF1983A050D84626765D01682EDB2C1C5D5F209DDA20C3EAB87",
      "IMPHASH": "100938B32F577E925618EA395A8C469B",
      "Hashes": "MD5=3BBEE3AC757CA54F33710DF8FB9D47A7,SHA256=D9E29313D2127FF1983A050D84626765D01682EDB2C1C5D5F209DDA20C3EAB87,IMPHASH=100938B32F577E925618EA395A8C469B",
      "ParentProcessGuid": "2A767A6E-7D0F-6914-8901-000000001500",
      "ParentProcessId": 1096,
      "ParentImage": "C:\\Windows\\System32\\cmd.exe",
      "ParentCommandLine": "\"C:\\Windows\\System32\\cmd.exe\" /C \"C:\\BUG32\\Kill.bat\"",
      "ParentUser": "DESKTOP-CS6O5DN\\root",
      "OriginalLogfile": "log_lab3.evtx-P0EMDBFI.json"
    },
    {
      "row_id": 3304,
      "Provider_Name": "Microsoft-Windows-Sysmon",
      "Guid": "5770385F-C22A-43E0-BF4C-06F5698FFBD9",
      "EventID": 1,
      "Version": 5,
      "Level": 4,
      "Task": 1,
      "Opcode": 0,
      "Keywords": "0x8000000000000000",
      "SystemTime": "2025-11-12T12:26:56.165251Z",
      "EventRecordID": 3508,
      "ProcessID": 2812,
      "ThreadID": 3496,
      "Channel": "Microsoft-Windows-Sysmon/Operational",
      "Computer": "DESKTOP-CS6O5DN",
      "UserID": "S-1-5-18",
      "RuleName": "-",
      "UtcTime": "2025-11-12 12:26:56.164",
      "ProcessGuid": "2A767A6E-7D10-6914-9501-000000001500",
      "Image": "C:\\Windows\\System32\\taskkill.exe",
      "FileVersion": "10.0.18362.1 (WinBuild.160101.0800)",
      "Description": "Terminates Processes",
      "Product": "Microsoft® Windows® Operating System",
      "Company": "Microsoft Corporation",
      "OriginalFileName": "taskkill.exe",
      "CommandLine": "taskkill  /f /im eset.exe",
      "CurrentDirectory": "C:\\Windows\\system32\\",
      "User": "DESKTOP-CS6O5DN\\root",
      "LogonGuid": "2A767A6E-7C5A-6914-8512-040000000000",
      "LogonId": "0x41285",
      "TerminalSessionId": 1,
      "IntegrityLevel": "High",
      "MD5": "3BBEE3AC757CA54F33710DF8FB9D47A7",
      "SHA256": "D9E29313D2127FF1983A050D84626765D01682EDB2C1C5D5F209DDA20C3EAB87",
      "IMPHASH": "100938B32F577E925618EA395A8C469B",
      "Hashes": "MD5=3BBEE3AC757CA54F33710DF8FB9D47A7,SHA256=D9E29313D2127FF1983A050D84626765D01682EDB2C1C5D5F209DDA20C3EAB87,IMPHASH=100938B32F577E925618EA395A8C469B",
      "ParentProcessGuid": "2A767A6E-7D0F-6914-8901-000000001500",
      "ParentProcessId": 1096,
      "ParentImage": "C:\\Windows\\System32\\cmd.exe",
      "ParentCommandLine": "\"C:\\Windows\\System32\\cmd.exe\" /C \"C:\\BUG32\\Kill.bat\"",
      "ParentUser": "DESKTOP-CS6O5DN\\root",
      "OriginalLogfile": "log_lab3.evtx-P0EMDBFI.json"
    },
    {
      "row_id": 3305,
      "Provider_Name": "Microsoft-Windows-Sysmon",
      "Guid": "5770385F-C22A-43E0-BF4C-06F5698FFBD9",
      "EventID": 1,
      "Version": 5,
      "Level": 4,
      "Task": 1,
      "Opcode": 0,
      "Keywords": "0x8000000000000000",
      "SystemTime": "2025-11-12T12:26:56.196916Z",
      "EventRecordID": 3509,
      "ProcessID": 2812,
      "ThreadID": 3496,
      "Channel": "Microsoft-Windows-Sysmon/Operational",
      "Computer": "DESKTOP-CS6O5DN",
      "UserID": "S-1-5-18",
      "RuleName": "-",
      "UtcTime": "2025-11-12 12:26:56.196",
      "ProcessGuid": "2A767A6E-7D10-6914-9601-000000001500",
      "Image": "C:\\Windows\\System32\\taskkill.exe",
      "FileVersion": "10.0.18362.1 (WinBuild.160101.0800)",
      "Description": "Terminates Processes",
      "Product": "Microsoft® Windows® Operating System",
      "Company": "Microsoft Corporation",
      "OriginalFileName": "taskkill.exe",
      "CommandLine": "taskkill  /f /im edge.exe",
      "CurrentDirectory": "C:\\Windows\\system32\\",
      "User": "DESKTOP-CS6O5DN\\root",
      "LogonGuid": "2A767A6E-7C5A-6914-8512-040000000000",
      "LogonId": "0x41285",
      "TerminalSessionId": 1,
      "IntegrityLevel": "High",
      "MD5": "3BBEE3AC757CA54F33710DF8FB9D47A7",
      "SHA256": "D9E29313D2127FF1983A050D84626765D01682EDB2C1C5D5F209DDA20C3EAB87",
      "IMPHASH": "100938B32F577E925618EA395A8C469B",
      "Hashes": "MD5=3BBEE3AC757CA54F33710DF8FB9D47A7,SHA256=D9E29313D2127FF1983A050D84626765D01682EDB2C1C5D5F209DDA20C3EAB87,IMPHASH=100938B32F577E925618EA395A8C469B",
      "ParentProcessGuid": "2A767A6E-7D0F-6914-8901-000000001500",
      "ParentProcessId": 1096,
      "ParentImage": "C:\\Windows\\System32\\cmd.exe",
      "ParentCommandLine": "\"C:\\Windows\\System32\\cmd.exe\" /C \"C:\\BUG32\\Kill.bat\"",
      "ParentUser": "DESKTOP-CS6O5DN\\root",
      "OriginalLogfile": "log_lab3.evtx-P0EMDBFI.json"
    },
    {
      "row_id": 3306,
      "Provider_Name": "Microsoft-Windows-Sysmon",
      "Guid": "5770385F-C22A-43E0-BF4C-06F5698FFBD9",
      "EventID": 1,
      "Version": 5,
      "Level": 4,
      "Task": 1,
      "Opcode": 0,
      "Keywords": "0x8000000000000000",
      "SystemTime": "2025-11-12T12:26:56.229213Z",
      "EventRecordID": 3510,
      "ProcessID": 2812,
      "ThreadID": 3496,
      "Channel": "Microsoft-Windows-Sysmon/Operational",
      "Computer": "DESKTOP-CS6O5DN",
      "UserID": "S-1-5-18",
      "RuleName": "-",
      "UtcTime": "2025-11-12 12:26:56.228",
      "ProcessGuid": "2A767A6E-7D10-6914-9701-000000001500",
      "Image": "C:\\Windows\\System32\\taskkill.exe",
      "FileVersion": "10.0.18362.1 (WinBuild.160101.0800)",
      "Description": "Terminates Processes",
      "Product": "Microsoft® Windows® Operating System",
      "Company": "Microsoft Corporation",
      "OriginalFileName": "taskkill.exe",
      "CommandLine": "taskkill  /f /im taskmgr.exe",
      "CurrentDirectory": "C:\\Windows\\system32\\",
      "User": "DESKTOP-CS6O5DN\\root",
      "LogonGuid": "2A767A6E-7C5A-6914-8512-040000000000",
      "LogonId": "0x41285",
      "TerminalSessionId": 1,
      "IntegrityLevel": "High",
      "MD5": "3BBEE3AC757CA54F33710DF8FB9D47A7",
      "SHA256": "D9E29313D2127FF1983A050D84626765D01682EDB2C1C5D5F209DDA20C3EAB87",
      "IMPHASH": "100938B32F577E925618EA395A8C469B",
      "Hashes": "MD5=3BBEE3AC757CA54F33710DF8FB9D47A7,SHA256=D9E29313D2127FF1983A050D84626765D01682EDB2C1C5D5F209DDA20C3EAB87,IMPHASH=100938B32F577E925618EA395A8C469B",
      "ParentProcessGuid": "2A767A6E-7D0F-6914-8901-000000001500",
      "ParentProcessId": 1096,
      "ParentImage": "C:\\Windows\\System32\\cmd.exe",
      "ParentCommandLine": "\"C:\\Windows\\System32\\cmd.exe\" /C \"C:\\BUG32\\Kill.bat\"",
      "ParentUser": "DESKTOP-CS6O5DN\\root",
      "OriginalLogfile": "log_lab3.evtx-P0EMDBFI.json"
    },
    {
      "row_id": 3307,
      "Provider_Name": "Microsoft-Windows-Sysmon",
      "Guid": "5770385F-C22A-43E0-BF4C-06F5698FFBD9",
      "EventID": 1,
      "Version": 5,
      "Level": 4,
      "Task": 1,
      "Opcode": 0,
      "Keywords": "0x8000000000000000",
      "SystemTime": "2025-11-12T12:26:56.259715Z",
      "EventRecordID": 3511,
      "ProcessID": 2812,
      "ThreadID": 3496,
      "Channel": "Microsoft-Windows-Sysmon/Operational",
      "Computer": "DESKTOP-CS6O5DN",
      "UserID": "S-1-5-18",
      "RuleName": "-",
      "UtcTime": "2025-11-12 12:26:56.259",
      "ProcessGuid": "2A767A6E-7D10-6914-9801-000000001500",
      "Image": "C:\\Windows\\System32\\taskkill.exe",
      "FileVersion": "10.0.18362.1 (WinBuild.160101.0800)",
      "Description": "Terminates Processes",
      "Product": "Microsoft® Windows® Operating System",
      "Company": "Microsoft Corporation",
      "OriginalFileName": "taskkill.exe",
      "CommandLine": "taskkill  /f /im regedit.exe",
      "CurrentDirectory": "C:\\Windows\\system32\\",
      "User": "DESKTOP-CS6O5DN\\root",
      "LogonGuid": "2A767A6E-7C5A-6914-8512-040000000000",
      "LogonId": "0x41285",
      "TerminalSessionId": 1,
      "IntegrityLevel": "High",
      "MD5": "3BBEE3AC757CA54F33710DF8FB9D47A7",
      "SHA256": "D9E29313D2127FF1983A050D84626765D01682EDB2C1C5D5F209DDA20C3EAB87",
      "IMPHASH": "100938B32F577E925618EA395A8C469B",
      "Hashes": "MD5=3BBEE3AC757CA54F33710DF8FB9D47A7,SHA256=D9E29313D2127FF1983A050D84626765D01682EDB2C1C5D5F209DDA20C3EAB87,IMPHASH=100938B32F577E925618EA395A8C469B",
      "ParentProcessGuid": "2A767A6E-7D0F-6914-8901-000000001500",
      "ParentProcessId": 1096,
      "ParentImage": "C:\\Windows\\System32\\cmd.exe",
      "ParentCommandLine": "\"C:\\Windows\\System32\\cmd.exe\" /C \"C:\\BUG32\\Kill.bat\"",
      "ParentUser": "DESKTOP-CS6O5DN\\root",
      "OriginalLogfile": "log_lab3.evtx-P0EMDBFI.json"
    },
    {
      "row_id": 3327,
      "Provider_Name": "Microsoft-Windows-Sysmon",
      "Guid": "5770385F-C22A-43E0-BF4C-06F5698FFBD9",
      "EventID": 1,
      "Version": 5,
      "Level": 4,
      "Task": 1,
      "Opcode": 0,
      "Keywords": "0x8000000000000000",
      "SystemTime": "2025-11-12T12:27:07.946020Z",
      "EventRecordID": 3531,
      "ProcessID": 2812,
      "ThreadID": 3496,
      "Channel": "Microsoft-Windows-Sysmon/Operational",
      "Computer": "DESKTOP-CS6O5DN",
      "UserID": "S-1-5-18",
      "RuleName": "-",
      "UtcTime": "2025-11-12 12:27:07.945",
      "ProcessGuid": "2A767A6E-7D1B-6914-9B01-000000001500",
      "Image": "C:\\Windows\\System32\\taskkill.exe",
      "FileVersion": "10.0.18362.1 (WinBuild.160101.0800)",
      "Description": "Terminates Processes",
      "Product": "Microsoft® Windows® Operating System",
      "Company": "Microsoft Corporation",
      "OriginalFileName": "taskkill.exe",
      "CommandLine": "taskkill  /f /im chrome.exe",
      "CurrentDirectory": "C:\\Windows\\system32\\",
      "User": "DESKTOP-CS6O5DN\\root",
      "LogonGuid": "2A767A6E-7C5A-6914-8512-040000000000",
      "LogonId": "0x41285",
      "TerminalSessionId": 1,
      "IntegrityLevel": "High",
      "MD5": "3BBEE3AC757CA54F33710DF8FB9D47A7",
      "SHA256": "D9E29313D2127FF1983A050D84626765D01682EDB2C1C5D5F209DDA20C3EAB87",
      "IMPHASH": "100938B32F577E925618EA395A8C469B",
      "Hashes": "MD5=3BBEE3AC757CA54F33710DF8FB9D47A7,SHA256=D9E29313D2127FF1983A050D84626765D01682EDB2C1C5D5F209DDA20C3EAB87,IMPHASH=100938B32F577E925618EA395A8C469B",
      "ParentProcessGuid": "2A767A6E-7D1B-6914-9901-000000001500",
      "ParentProcessId": 7964,
      "ParentImage": "C:\\Windows\\System32\\cmd.exe",
      "ParentCommandLine": "\"C:\\Windows\\System32\\cmd.exe\" /C \"C:\\BUG32\\Kill.bat\"",
      "ParentUser": "DESKTOP-CS6O5DN\\root",
      "OriginalLogfile": "log_lab3.evtx-P0EMDBFI.json"
    },
    {
      "row_id": 3328,
      "Provider_Name": "Microsoft-Windows-Sysmon",
      "Guid": "5770385F-C22A-43E0-BF4C-06F5698FFBD9",
      "EventID": 1,
      "Version": 5,
      "Level": 4,
      "Task": 1,
      "Opcode": 0,
      "Keywords": "0x8000000000000000",
      "SystemTime": "2025-11-12T12:27:07.979811Z",
      "EventRecordID": 3532,
      "ProcessID": 2812,
      "ThreadID": 3496,
      "Channel": "Microsoft-Windows-Sysmon/Operational",
      "Computer": "DESKTOP-CS6O5DN",
      "UserID": "S-1-5-18",
      "RuleName": "-",
      "UtcTime": "2025-11-12 12:27:07.979",
      "ProcessGuid": "2A767A6E-7D1B-6914-9C01-000000001500",
      "Image": "C:\\Windows\\System32\\taskkill.exe",
      "FileVersion": "10.0.18362.1 (WinBuild.160101.0800)",
      "Description": "Terminates Processes",
      "Product": "Microsoft® Windows® Operating System",
      "Company": "Microsoft Corporation",
      "OriginalFileName": "taskkill.exe",
      "CommandLine": "taskkill  /f /im opera.exe",
      "CurrentDirectory": "C:\\Windows\\system32\\",
      "User": "DESKTOP-CS6O5DN\\root",
      "LogonGuid": "2A767A6E-7C5A-6914-8512-040000000000",
      "LogonId": "0x41285",
      "TerminalSessionId": 1,
      "IntegrityLevel": "High",
      "MD5": "3BBEE3AC757CA54F33710DF8FB9D47A7",
      "SHA256": "D9E29313D2127FF1983A050D84626765D01682EDB2C1C5D5F209DDA20C3EAB87",
      "IMPHASH": "100938B32F577E925618EA395A8C469B",
      "Hashes": "MD5=3BBEE3AC757CA54F33710DF8FB9D47A7,SHA256=D9E29313D2127FF1983A050D84626765D01682EDB2C1C5D5F209DDA20C3EAB87,IMPHASH=100938B32F577E925618EA395A8C469B",
      "ParentProcessGuid": "2A767A6E-7D1B-6914-9901-000000001500",
      "ParentProcessId": 7964,
      "ParentImage": "C:\\Windows\\System32\\cmd.exe",
      "ParentCommandLine": "\"C:\\Windows\\System32\\cmd.exe\" /C \"C:\\BUG32\\Kill.bat\"",
      "ParentUser": "DESKTOP-CS6O5DN\\root",
      "OriginalLogfile": "log_lab3.evtx-P0EMDBFI.json"
    },
    {
      "row_id": 3329,
      "Provider_Name": "Microsoft-Windows-Sysmon",
      "Guid": "5770385F-C22A-43E0-BF4C-06F5698FFBD9",
      "EventID": 1,
      "Version": 5,
      "Level": 4,
      "Task": 1,
      "Opcode": 0,
      "Keywords": "0x8000000000000000",
      "SystemTime": "2025-11-12T12:27:08.010563Z",
      "EventRecordID": 3533,
      "ProcessID": 2812,
      "ThreadID": 3496,
      "Channel": "Microsoft-Windows-Sysmon/Operational",
      "Computer": "DESKTOP-CS6O5DN",
      "UserID": "S-1-5-18",
      "RuleName": "-",
      "UtcTime": "2025-11-12 12:27:08.010",
      "ProcessGuid": "2A767A6E-7D1C-6914-9D01-000000001500",
      "Image": "C:\\Windows\\System32\\taskkill.exe",
      "FileVersion": "10.0.18362.1 (WinBuild.160101.0800)",
      "Description": "Terminates Processes",
      "Product": "Microsoft® Windows® Operating System",
      "Company": "Microsoft Corporation",
      "OriginalFileName": "taskkill.exe",
      "CommandLine": "taskkill  /f /im iexplore.exe",
      "CurrentDirectory": "C:\\Windows\\system32\\",
      "User": "DESKTOP-CS6O5DN\\root",
      "LogonGuid": "2A767A6E-7C5A-6914-8512-040000000000",
      "LogonId": "0x41285",
      "TerminalSessionId": 1,
      "IntegrityLevel": "High",
      "MD5": "3BBEE3AC757CA54F33710DF8FB9D47A7",
      "SHA256": "D9E29313D2127FF1983A050D84626765D01682EDB2C1C5D5F209DDA20C3EAB87",
      "IMPHASH": "100938B32F577E925618EA395A8C469B",
      "Hashes": "MD5=3BBEE3AC757CA54F33710DF8FB9D47A7,SHA256=D9E29313D2127FF1983A050D84626765D01682EDB2C1C5D5F209DDA20C3EAB87,IMPHASH=100938B32F577E925618EA395A8C469B",
      "ParentProcessGuid": "2A767A6E-7D1B-6914-9901-000000001500",
      "ParentProcessId": 7964,
      "ParentImage": "C:\\Windows\\System32\\cmd.exe",
      "ParentCommandLine": "\"C:\\Windows\\System32\\cmd.exe\" /C \"C:\\BUG32\\Kill.bat\"",
      "ParentUser": "DESKTOP-CS6O5DN\\root",
      "OriginalLogfile": "log_lab3.evtx-P0EMDBFI.json"
    },
    {
      "row_id": 3330,
      "Provider_Name": "Microsoft-Windows-Sysmon",
      "Guid": "5770385F-C22A-43E0-BF4C-06F5698FFBD9",
      "EventID": 1,
      "Version": 5,
      "Level": 4,
      "Task": 1,
      "Opcode": 0,
      "Keywords": "0x8000000000000000",
      "SystemTime": "2025-11-12T12:27:08.048077Z",
      "EventRecordID": 3534,
      "ProcessID": 2812,
      "ThreadID": 3496,
      "Channel": "Microsoft-Windows-Sysmon/Operational",
      "Computer": "DESKTOP-CS6O5DN",
      "UserID": "S-1-5-18",
      "RuleName": "-",
      "UtcTime": "2025-11-12 12:27:08.047",
      "ProcessGuid": "2A767A6E-7D1C-6914-9E01-000000001500",
      "Image": "C:\\Windows\\System32\\taskkill.exe",
      "FileVersion": "10.0.18362.1 (WinBuild.160101.0800)",
      "Description": "Terminates Processes",
      "Product": "Microsoft® Windows® Operating System",
      "Company": "Microsoft Corporation",
      "OriginalFileName": "taskkill.exe",
      "CommandLine": "taskkill  /f /im msedge.exe",
      "CurrentDirectory": "C:\\Windows\\system32\\",
      "User": "DESKTOP-CS6O5DN\\root",
      "LogonGuid": "2A767A6E-7C5A-6914-8512-040000000000",
      "LogonId": "0x41285",
      "TerminalSessionId": 1,
      "IntegrityLevel": "High",
      "MD5": "3BBEE3AC757CA54F33710DF8FB9D47A7",
      "SHA256": "D9E29313D2127FF1983A050D84626765D01682EDB2C1C5D5F209DDA20C3EAB87",
      "IMPHASH": "100938B32F577E925618EA395A8C469B",
      "Hashes": "MD5=3BBEE3AC757CA54F33710DF8FB9D47A7,SHA256=D9E29313D2127FF1983A050D84626765D01682EDB2C1C5D5F209DDA20C3EAB87,IMPHASH=100938B32F577E925618EA395A8C469B",
      "ParentProcessGuid": "2A767A6E-7D1B-6914-9901-000000001500",
      "ParentProcessId": 7964,
      "ParentImage": "C:\\Windows\\System32\\cmd.exe",
      "ParentCommandLine": "\"C:\\Windows\\System32\\cmd.exe\" /C \"C:\\BUG32\\Kill.bat\"",
      "ParentUser": "DESKTOP-CS6O5DN\\root",
      "OriginalLogfile": "log_lab3.evtx-P0EMDBFI.json"
    },
