    {
      "row_id": 2869,
      "Provider_Name": "Microsoft-Windows-Sysmon",
      "Guid": "5770385F-C22A-43E0-BF4C-06F5698FFBD9",
      "EventID": 1,
      "Version": 5,
      "Level": 4,
      "Task": 1,
      "Opcode": 0,
      "Keywords": "0x8000000000000000",
      "SystemTime": "2025-11-12T12:24:30.804725Z",
      "EventRecordID": 3073,
      "ProcessID": 2812,
      "ThreadID": 3496,
      "Channel": "Microsoft-Windows-Sysmon/Operational",
      "Computer": "DESKTOP-CS6O5DN",
      "UserID": "S-1-5-18",
      "RuleName": "-",
      "UtcTime": "2025-11-12 12:24:30.804",
      "ProcessGuid": "2A767A6E-7C7E-6914-9700-000000001500",
      "Image": "C:\\Windows\\System32\\taskkill.exe",
      "FileVersion": "10.0.18362.1 (WinBuild.160101.0800)",
      "Description": "Terminates Processes",
      "Product": "Microsoft® Windows® Operating System",
      "Company": "Microsoft Corporation",
      "OriginalFileName": "taskkill.exe",
      "CommandLine": "taskkill  /f /im edge.exe",
      "CurrentDirectory": "C:\\Windows\\system32\\",
      "User": "DESKTOP-CS6O5DN\\root",
      "LogonGuid": "2A767A6E-7C5A-6914-8512-040000000000",
      "LogonId": "0x41285",
      "TerminalSessionId": 1,
      "IntegrityLevel": "High",
      "MD5": "3BBEE3AC757CA54F33710DF8FB9D47A7",
      "SHA256": "D9E29313D2127FF1983A050D84626765D01682EDB2C1C5D5F209DDA20C3EAB87",
      "IMPHASH": "100938B32F577E925618EA395A8C469B",
      "Hashes": "MD5=3BBEE3AC757CA54F33710DF8FB9D47A7,SHA256=D9E29313D2127FF1983A050D84626765D01682EDB2C1C5D5F209DDA20C3EAB87,IMPHASH=100938B32F577E925618EA395A8C469B",
      "ParentProcessGuid": "2A767A6E-7C7E-6914-8900-000000001500",
      "ParentProcessId": 5540,
      "ParentImage": "C:\\Windows\\System32\\cmd.exe",
      "ParentCommandLine": "\"C:\\Windows\\System32\\cmd.exe\" /C \"C:\\BUG32\\Kill.bat\"",
      "ParentUser": "DESKTOP-CS6O5DN\\root",
      "OriginalLogfile": "log_lab3.evtx-P0EMDBFI.json"
    },
    {
      "row_id": 2870,
      "Provider_Name": "Microsoft-Windows-Sysmon",
      "Guid": "5770385F-C22A-43E0-BF4C-06F5698FFBD9",
      "EventID": 1,
      "Version": 5,
      "Level": 4,
      "Task": 1,
      "Opcode": 0,
      "Keywords": "0x8000000000000000",
      "SystemTime": "2025-11-12T12:24:30.839259Z",
      "EventRecordID": 3074,
      "ProcessID": 2812,
      "ThreadID": 3496,
      "Channel": "Microsoft-Windows-Sysmon/Operational",
      "Computer": "DESKTOP-CS6O5DN",
      "UserID": "S-1-5-18",
      "RuleName": "-",
      "UtcTime": "2025-11-12 12:24:30.838",
      "ProcessGuid": "2A767A6E-7C7E-6914-9800-000000001500",
      "Image": "C:\\Windows\\System32\\taskkill.exe",
      "FileVersion": "10.0.18362.1 (WinBuild.160101.0800)",
      "Description": "Terminates Processes",
      "Product": "Microsoft® Windows® Operating System",
      "Company": "Microsoft Corporation",
      "OriginalFileName": "taskkill.exe",
      "CommandLine": "taskkill  /f /im taskmgr.exe",
      "CurrentDirectory": "C:\\Windows\\system32\\",
      "User": "DESKTOP-CS6O5DN\\root",
      "LogonGuid": "2A767A6E-7C5A-6914-8512-040000000000",
      "LogonId": "0x41285",
      "TerminalSessionId": 1,
      "IntegrityLevel": "High",
      "MD5": "3BBEE3AC757CA54F33710DF8FB9D47A7",
      "SHA256": "D9E29313D2127FF1983A050D84626765D01682EDB2C1C5D5F209DDA20C3EAB87",
      "IMPHASH": "100938B32F577E925618EA395A8C469B",
      "Hashes": "MD5=3BBEE3AC757CA54F33710DF8FB9D47A7,SHA256=D9E29313D2127FF1983A050D84626765D01682EDB2C1C5D5F209DDA20C3EAB87,IMPHASH=100938B32F577E925618EA395A8C469B",
      "ParentProcessGuid": "2A767A6E-7C7E-6914-8900-000000001500",
      "ParentProcessId": 5540,
      "ParentImage": "C:\\Windows\\System32\\cmd.exe",
      "ParentCommandLine": "\"C:\\Windows\\System32\\cmd.exe\" /C \"C:\\BUG32\\Kill.bat\"",
      "ParentUser": "DESKTOP-CS6O5DN\\root",
      "OriginalLogfile": "log_lab3.evtx-P0EMDBFI.json"
    },
    {
      "row_id": 2871,
      "Provider_Name": "Microsoft-Windows-Sysmon",
      "Guid": "5770385F-C22A-43E0-BF4C-06F5698FFBD9",
      "EventID": 1,
      "Version": 5,
      "Level": 4,
      "Task": 1,
      "Opcode": 0,
      "Keywords": "0x8000000000000000",
      "SystemTime": "2025-11-12T12:24:30.902751Z",
      "EventRecordID": 3075,
      "ProcessID": 2812,
      "ThreadID": 3496,
      "Channel": "Microsoft-Windows-Sysmon/Operational",
      "Computer": "DESKTOP-CS6O5DN",
      "UserID": "S-1-5-18",
      "RuleName": "-",
      "UtcTime": "2025-11-12 12:24:30.902",
      "ProcessGuid": "2A767A6E-7C7E-6914-9900-000000001500",
      "Image": "C:\\Windows\\System32\\taskkill.exe",
      "FileVersion": "10.0.18362.1 (WinBuild.160101.0800)",
      "Description": "Terminates Processes",
      "Product": "Microsoft® Windows® Operating System",
      "Company": "Microsoft Corporation",
      "OriginalFileName": "taskkill.exe",
      "CommandLine": "taskkill  /f /im regedit.exe",
      "CurrentDirectory": "C:\\Windows\\system32\\",
      "User": "DESKTOP-CS6O5DN\\root",
      "LogonGuid": "2A767A6E-7C5A-6914-8512-040000000000",
      "LogonId": "0x41285",
      "TerminalSessionId": 1,
      "IntegrityLevel": "High",
      "MD5": "3BBEE3AC757CA54F33710DF8FB9D47A7",
      "SHA256": "D9E29313D2127FF1983A050D84626765D01682EDB2C1C5D5F209DDA20C3EAB87",
      "IMPHASH": "100938B32F577E925618EA395A8C469B",
      "Hashes": "MD5=3BBEE3AC757CA54F33710DF8FB9D47A7,SHA256=D9E29313D2127FF1983A050D84626765D01682EDB2C1C5D5F209DDA20C3EAB87,IMPHASH=100938B32F577E925618EA395A8C469B",
      "ParentProcessGuid": "2A767A6E-7C7E-6914-8900-000000001500",
      "ParentProcessId": 5540,
      "ParentImage": "C:\\Windows\\System32\\cmd.exe",
      "ParentCommandLine": "\"C:\\Windows\\System32\\cmd.exe\" /C \"C:\\BUG32\\Kill.bat\"",
      "ParentUser": "DESKTOP-CS6O5DN\\root",
      "OriginalLogfile": "log_lab3.evtx-P0EMDBFI.json"
    },
    {
      "row_id": 2900,
      "Provider_Name": "Microsoft-Windows-Sysmon",
      "Guid": "5770385F-C22A-43E0-BF4C-06F5698FFBD9",
      "EventID": 1,
      "Version": 5,
      "Level": 4,
      "Task": 1,
      "Opcode": 0,
      "Keywords": "0x8000000000000000",
      "SystemTime": "2025-11-12T12:24:42.331293Z",
      "EventRecordID": 3104,
      "ProcessID": 2812,
      "ThreadID": 3496,
      "Channel": "Microsoft-Windows-Sysmon/Operational",
      "Computer": "DESKTOP-CS6O5DN",
      "UserID": "S-1-5-18",
      "RuleName": "-",
      "UtcTime": "2025-11-12 12:24:42.330",
      "ProcessGuid": "2A767A6E-7C8A-6914-AD00-000000001500",
      "Image": "C:\\Windows\\System32\\taskkill.exe",
      "FileVersion": "10.0.18362.1 (WinBuild.160101.0800)",
      "Description": "Terminates Processes",
      "Product": "Microsoft® Windows® Operating System",
      "Company": "Microsoft Corporation",
      "OriginalFileName": "taskkill.exe",
      "CommandLine": "taskkill  /f /im chrome.exe",
      "CurrentDirectory": "C:\\Windows\\system32\\",
      "User": "DESKTOP-CS6O5DN\\root",
      "LogonGuid": "2A767A6E-7C5A-6914-8512-040000000000",
      "LogonId": "0x41285",
      "TerminalSessionId": 1,
      "IntegrityLevel": "High",
      "MD5": "3BBEE3AC757CA54F33710DF8FB9D47A7",
      "SHA256": "D9E29313D2127FF1983A050D84626765D01682EDB2C1C5D5F209DDA20C3EAB87",
      "IMPHASH": "100938B32F577E925618EA395A8C469B",
      "Hashes": "MD5=3BBEE3AC757CA54F33710DF8FB9D47A7,SHA256=D9E29313D2127FF1983A050D84626765D01682EDB2C1C5D5F209DDA20C3EAB87,IMPHASH=100938B32F577E925618EA395A8C469B",
      "ParentProcessGuid": "2A767A6E-7C8A-6914-AB00-000000001500",
      "ParentProcessId": 6992,
      "ParentImage": "C:\\Windows\\System32\\cmd.exe",
      "ParentCommandLine": "\"C:\\Windows\\System32\\cmd.exe\" /C \"C:\\BUG32\\Kill.bat\"",
      "ParentUser": "DESKTOP-CS6O5DN\\root",
      "OriginalLogfile": "log_lab3.evtx-P0EMDBFI.json"
    },
    {
      "row_id": 2901,
      "Provider_Name": "Microsoft-Windows-Sysmon",
      "Guid": "5770385F-C22A-43E0-BF4C-06F5698FFBD9",
      "EventID": 1,
      "Version": 5,
      "Level": 4,
      "Task": 1,
      "Opcode": 0,
      "Keywords": "0x8000000000000000",
      "SystemTime": "2025-11-12T12:24:42.359045Z",
      "EventRecordID": 3105,
      "ProcessID": 2812,
      "ThreadID": 3496,
      "Channel": "Microsoft-Windows-Sysmon/Operational",
      "Computer": "DESKTOP-CS6O5DN",
      "UserID": "S-1-5-18",
      "RuleName": "-",
      "UtcTime": "2025-11-12 12:24:42.358",
      "ProcessGuid": "2A767A6E-7C8A-6914-AE00-000000001500",
      "Image": "C:\\Windows\\System32\\taskkill.exe",
      "FileVersion": "10.0.18362.1 (WinBuild.160101.0800)",
      "Description": "Terminates Processes",
      "Product": "Microsoft® Windows® Operating System",
      "Company": "Microsoft Corporation",
      "OriginalFileName": "taskkill.exe",
      "CommandLine": "taskkill  /f /im opera.exe",
      "CurrentDirectory": "C:\\Windows\\system32\\",
      "User": "DESKTOP-CS6O5DN\\root",
      "LogonGuid": "2A767A6E-7C5A-6914-8512-040000000000",
      "LogonId": "0x41285",
      "TerminalSessionId": 1,
      "IntegrityLevel": "High",
      "MD5": "3BBEE3AC757CA54F33710DF8FB9D47A7",
      "SHA256": "D9E29313D2127FF1983A050D84626765D01682EDB2C1C5D5F209DDA20C3EAB87",
      "IMPHASH": "100938B32F577E925618EA395A8C469B",
      "Hashes": "MD5=3BBEE3AC757CA54F33710DF8FB9D47A7,SHA256=D9E29313D2127FF1983A050D84626765D01682EDB2C1C5D5F209DDA20C3EAB87,IMPHASH=100938B32F577E925618EA395A8C469B",
      "ParentProcessGuid": "2A767A6E-7C8A-6914-AB00-000000001500",
      "ParentProcessId": 6992,
      "ParentImage": "C:\\Windows\\System32\\cmd.exe",
      "ParentCommandLine": "\"C:\\Windows\\System32\\cmd.exe\" /C \"C:\\BUG32\\Kill.bat\"",
      "ParentUser": "DESKTOP-CS6O5DN\\root",
      "OriginalLogfile": "log_lab3.evtx-P0EMDBFI.json"
    },
    {
      "row_id": 2902,
      "Provider_Name": "Microsoft-Windows-Sysmon",
      "Guid": "5770385F-C22A-43E0-BF4C-06F5698FFBD9",
      "EventID": 1,
      "Version": 5,
      "Level": 4,
      "Task": 1,
      "Opcode": 0,
      "Keywords": "0x8000000000000000",
      "SystemTime": "2025-11-12T12:24:42.392988Z",
      "EventRecordID": 3106,
      "ProcessID": 2812,
      "ThreadID": 3496,
      "Channel": "Microsoft-Windows-Sysmon/Operational",
      "Computer": "DESKTOP-CS6O5DN",
      "UserID": "S-1-5-18",
      "RuleName": "-",
      "UtcTime": "2025-11-12 12:24:42.392",
      "ProcessGuid": "2A767A6E-7C8A-6914-AF00-000000001500",
      "Image": "C:\\Windows\\System32\\taskkill.exe",
      "FileVersion": "10.0.18362.1 (WinBuild.160101.0800)",
      "Description": "Terminates Processes",
      "Product": "Microsoft® Windows® Operating System",
      "Company": "Microsoft Corporation",
      "OriginalFileName": "taskkill.exe",
      "CommandLine": "taskkill  /f /im iexplore.exe",
      "CurrentDirectory": "C:\\Windows\\system32\\",
      "User": "DESKTOP-CS6O5DN\\root",
      "LogonGuid": "2A767A6E-7C5A-6914-8512-040000000000",
      "LogonId": "0x41285",
      "TerminalSessionId": 1,
      "IntegrityLevel": "High",
      "MD5": "3BBEE3AC757CA54F33710DF8FB9D47A7",
      "SHA256": "D9E29313D2127FF1983A050D84626765D01682EDB2C1C5D5F209DDA20C3EAB87",
      "IMPHASH": "100938B32F577E925618EA395A8C469B",
      "Hashes": "MD5=3BBEE3AC757CA54F33710DF8FB9D47A7,SHA256=D9E29313D2127FF1983A050D84626765D01682EDB2C1C5D5F209DDA20C3EAB87,IMPHASH=100938B32F577E925618EA395A8C469B",
      "ParentProcessGuid": "2A767A6E-7C8A-6914-AB00-000000001500",
      "ParentProcessId": 6992,
      "ParentImage": "C:\\Windows\\System32\\cmd.exe",
      "ParentCommandLine": "\"C:\\Windows\\System32\\cmd.exe\" /C \"C:\\BUG32\\Kill.bat\"",
      "ParentUser": "DESKTOP-CS6O5DN\\root",
      "OriginalLogfile": "log_lab3.evtx-P0EMDBFI.json"
    },
    {
      "row_id": 2903,
      "Provider_Name": "Microsoft-Windows-Sysmon",
      "Guid": "5770385F-C22A-43E0-BF4C-06F5698FFBD9",
      "EventID": 1,
      "Version": 5,
      "Level": 4,
      "Task": 1,
      "Opcode": 0,
      "Keywords": "0x8000000000000000",
      "SystemTime": "2025-11-12T12:24:42.422893Z",
      "EventRecordID": 3107,
      "ProcessID": 2812,
      "ThreadID": 3496,
      "Channel": "Microsoft-Windows-Sysmon/Operational",
      "Computer": "DESKTOP-CS6O5DN",
      "UserID": "S-1-5-18",
      "RuleName": "-",
      "UtcTime": "2025-11-12 12:24:42.422",
      "ProcessGuid": "2A767A6E-7C8A-6914-B000-000000001500",
      "Image": "C:\\Windows\\System32\\taskkill.exe",
      "FileVersion": "10.0.18362.1 (WinBuild.160101.0800)",
      "Description": "Terminates Processes",
      "Product": "Microsoft® Windows® Operating System",
      "Company": "Microsoft Corporation",
      "OriginalFileName": "taskkill.exe",
      "CommandLine": "taskkill  /f /im msedge.exe",
      "CurrentDirectory": "C:\\Windows\\system32\\",
      "User": "DESKTOP-CS6O5DN\\root",
      "LogonGuid": "2A767A6E-7C5A-6914-8512-040000000000",
      "LogonId": "0x41285",
      "TerminalSessionId": 1,
      "IntegrityLevel": "High",
      "MD5": "3BBEE3AC757CA54F33710DF8FB9D47A7",
      "SHA256": "D9E29313D2127FF1983A050D84626765D01682EDB2C1C5D5F209DDA20C3EAB87",
      "IMPHASH": "100938B32F577E925618EA395A8C469B",
      "Hashes": "MD5=3BBEE3AC757CA54F33710DF8FB9D47A7,SHA256=D9E29313D2127FF1983A050D84626765D01682EDB2C1C5D5F209DDA20C3EAB87,IMPHASH=100938B32F577E925618EA395A8C469B",
      "ParentProcessGuid": "2A767A6E-7C8A-6914-AB00-000000001500",
      "ParentProcessId": 6992,
      "ParentImage": "C:\\Windows\\System32\\cmd.exe",
      "ParentCommandLine": "\"C:\\Windows\\System32\\cmd.exe\" /C \"C:\\BUG32\\Kill.bat\"",
      "ParentUser": "DESKTOP-CS6O5DN\\root",
      "OriginalLogfile": "log_lab3.evtx-P0EMDBFI.json"
    },
    {
      "row_id": 2904,
      "Provider_Name": "Microsoft-Windows-Sysmon",
      "Guid": "5770385F-C22A-43E0-BF4C-06F5698FFBD9",
      "EventID": 1,
      "Version": 5,
      "Level": 4,
      "Task": 1,
      "Opcode": 0,
      "Keywords": "0x8000000000000000",
      "SystemTime": "2025-11-12T12:24:42.449698Z",
      "EventRecordID": 3108,
      "ProcessID": 2812,
      "ThreadID": 3496,
      "Channel": "Microsoft-Windows-Sysmon/Operational",
      "Computer": "DESKTOP-CS6O5DN",
      "UserID": "S-1-5-18",
      "RuleName": "-",
      "UtcTime": "2025-11-12 12:24:42.449",
      "ProcessGuid": "2A767A6E-7C8A-6914-B100-000000001500",
      "Image": "C:\\Windows\\System32\\taskkill.exe",
      "FileVersion": "10.0.18362.1 (WinBuild.160101.0800)",
      "Description": "Terminates Processes",
      "Product": "Microsoft® Windows® Operating System",
      "Company": "Microsoft Corporation",
      "OriginalFileName": "taskkill.exe",
      "CommandLine": "taskkill  /f /im microsoftedge.exe",
      "CurrentDirectory": "C:\\Windows\\system32\\",
      "User": "DESKTOP-CS6O5DN\\root",
      "LogonGuid": "2A767A6E-7C5A-6914-8512-040000000000",
      "LogonId": "0x41285",
      "TerminalSessionId": 1,
      "IntegrityLevel": "High",
      "MD5": "3BBEE3AC757CA54F33710DF8FB9D47A7",
      "SHA256": "D9E29313D2127FF1983A050D84626765D01682EDB2C1C5D5F209DDA20C3EAB87",
      "IMPHASH": "100938B32F577E925618EA395A8C469B",
      "Hashes": "MD5=3BBEE3AC757CA54F33710DF8FB9D47A7,SHA256=D9E29313D2127FF1983A050D84626765D01682EDB2C1C5D5F209DDA20C3EAB87,IMPHASH=100938B32F577E925618EA395A8C469B",
      "ParentProcessGuid": "2A767A6E-7C8A-6914-AB00-000000001500",
      "ParentProcessId": 6992,
      "ParentImage": "C:\\Windows\\System32\\cmd.exe",
      "ParentCommandLine": "\"C:\\Windows\\System32\\cmd.exe\" /C \"C:\\BUG32\\Kill.bat\"",
      "ParentUser": "DESKTOP-CS6O5DN\\root",
      "OriginalLogfile": "log_lab3.evtx-P0EMDBFI.json"
    },
    {
      "row_id": 2905,
      "Provider_Name": "Microsoft-Windows-Sysmon",
      "Guid": "5770385F-C22A-43E0-BF4C-06F5698FFBD9",
      "EventID": 1,
      "Version": 5,
      "Level": 4,
      "Task": 1,
      "Opcode": 0,
      "Keywords": "0x8000000000000000",
      "SystemTime": "2025-11-12T12:24:42.503637Z",
      "EventRecordID": 3109,
      "ProcessID": 2812,
      "ThreadID": 3496,
      "Channel": "Microsoft-Windows-Sysmon/Operational",
      "Computer": "DESKTOP-CS6O5DN",
      "UserID": "S-1-5-18",
      "RuleName": "-",
      "UtcTime": "2025-11-12 12:24:42.503",
      "ProcessGuid": "2A767A6E-7C8A-6914-B200-000000001500",
      "Image": "C:\\Windows\\System32\\taskkill.exe",
      "FileVersion": "10.0.18362.1 (WinBuild.160101.0800)",
      "Description": "Terminates Processes",
      "Product": "Microsoft® Windows® Operating System",
      "Company": "Microsoft Corporation",
      "OriginalFileName": "taskkill.exe",
      "CommandLine": "taskkill  /f /im notepad.exe",
      "CurrentDirectory": "C:\\Windows\\system32\\",
      "User": "DESKTOP-CS6O5DN\\root",
      "LogonGuid": "2A767A6E-7C5A-6914-8512-040000000000",
      "LogonId": "0x41285",
      "TerminalSessionId": 1,
      "IntegrityLevel": "High",
      "MD5": "3BBEE3AC757CA54F33710DF8FB9D47A7",
      "SHA256": "D9E29313D2127FF1983A050D84626765D01682EDB2C1C5D5F209DDA20C3EAB87",
      "IMPHASH": "100938B32F577E925618EA395A8C469B",
      "Hashes": "MD5=3BBEE3AC757CA54F33710DF8FB9D47A7,SHA256=D9E29313D2127FF1983A050D84626765D01682EDB2C1C5D5F209DDA20C3EAB87,IMPHASH=100938B32F577E925618EA395A8C469B",
      "ParentProcessGuid": "2A767A6E-7C8A-6914-AB00-000000001500",
      "ParentProcessId": 6992,
      "ParentImage": "C:\\Windows\\System32\\cmd.exe",
      "ParentCommandLine": "\"C:\\Windows\\System32\\cmd.exe\" /C \"C:\\BUG32\\Kill.bat\"",
      "ParentUser": "DESKTOP-CS6O5DN\\root",
      "OriginalLogfile": "log_lab3.evtx-P0EMDBFI.json"
    },
    {
      "row_id": 2906,
      "Provider_Name": "Microsoft-Windows-Sysmon",
      "Guid": "5770385F-C22A-43E0-BF4C-06F5698FFBD9",
      "EventID": 1,
      "Version": 5,
      "Level": 4,
      "Task": 1,
      "Opcode": 0,
      "Keywords": "0x8000000000000000",
      "SystemTime": "2025-11-12T12:24:42.572432Z",
      "EventRecordID": 3110,
      "ProcessID": 2812,
      "ThreadID": 3496,
      "Channel": "Microsoft-Windows-Sysmon/Operational",
      "Computer": "DESKTOP-CS6O5DN",
      "UserID": "S-1-5-18",
      "RuleName": "-",
      "UtcTime": "2025-11-12 12:24:42.571",
      "ProcessGuid": "2A767A6E-7C8A-6914-B300-000000001500",
      "Image": "C:\\Windows\\System32\\taskkill.exe",
      "FileVersion": "10.0.18362.1 (WinBuild.160101.0800)",
      "Description": "Terminates Processes",
      "Product": "Microsoft® Windows® Operating System",
      "Company": "Microsoft Corporation",
      "OriginalFileName": "taskkill.exe",
      "CommandLine": "taskkill  /f /im firefox.exe",
      "CurrentDirectory": "C:\\Windows\\system32\\",
      "User": "DESKTOP-CS6O5DN\\root",
      "LogonGuid": "2A767A6E-7C5A-6914-8512-040000000000",
      "LogonId": "0x41285",
      "TerminalSessionId": 1,
      "IntegrityLevel": "High",
      "MD5": "3BBEE3AC757CA54F33710DF8FB9D47A7",
      "SHA256": "D9E29313D2127FF1983A050D84626765D01682EDB2C1C5D5F209DDA20C3EAB87",
      "IMPHASH": "100938B32F577E925618EA395A8C469B",
      "Hashes": "MD5=3BBEE3AC757CA54F33710DF8FB9D47A7,SHA256=D9E29313D2127FF1983A050D84626765D01682EDB2C1C5D5F209DDA20C3EAB87,IMPHASH=100938B32F577E925618EA395A8C469B",
      "ParentProcessGuid": "2A767A6E-7C8A-6914-AB00-000000001500",
      "ParentProcessId": 6992,
      "ParentImage": "C:\\Windows\\System32\\cmd.exe",
      "ParentCommandLine": "\"C:\\Windows\\System32\\cmd.exe\" /C \"C:\\BUG32\\Kill.bat\"",
      "ParentUser": "DESKTOP-CS6O5DN\\root",
      "OriginalLogfile": "log_lab3.evtx-P0EMDBFI.json"
    },
    {
      "row_id": 2907,
      "Provider_Name": "Microsoft-Windows-Sysmon",
      "Guid": "5770385F-C22A-43E0-BF4C-06F5698FFBD9",
      "EventID": 1,
      "Version": 5,
      "Level": 4,
      "Task": 1,
      "Opcode": 0,
      "Keywords": "0x8000000000000000",
      "SystemTime": "2025-11-12T12:24:42.609033Z",
      "EventRecordID": 3111,
      "ProcessID": 2812,
      "ThreadID": 3496,
      "Channel": "Microsoft-Windows-Sysmon/Operational",
      "Computer": "DESKTOP-CS6O5DN",
      "UserID": "S-1-5-18",
      "RuleName": "-",
      "UtcTime": "2025-11-12 12:24:42.607",
      "ProcessGuid": "2A767A6E-7C8A-6914-B400-000000001500",
      "Image": "C:\\Windows\\System32\\taskkill.exe",
      "FileVersion": "10.0.18362.1 (WinBuild.160101.0800)",
      "Description": "Terminates Processes",
      "Product": "Microsoft® Windows® Operating System",
      "Company": "Microsoft Corporation",
      "OriginalFileName": "taskkill.exe",
      "CommandLine": "taskkill  /f /im mspaint.exe",
      "CurrentDirectory": "C:\\Windows\\system32\\",
      "User": "DESKTOP-CS6O5DN\\root",
      "LogonGuid": "2A767A6E-7C5A-6914-8512-040000000000",
      "LogonId": "0x41285",
      "TerminalSessionId": 1,
      "IntegrityLevel": "High",
      "MD5": "3BBEE3AC757CA54F33710DF8FB9D47A7",
      "SHA256": "D9E29313D2127FF1983A050D84626765D01682EDB2C1C5D5F209DDA20C3EAB87",
      "IMPHASH": "100938B32F577E925618EA395A8C469B",
      "Hashes": "MD5=3BBEE3AC757CA54F33710DF8FB9D47A7,SHA256=D9E29313D2127FF1983A050D84626765D01682EDB2C1C5D5F209DDA20C3EAB87,IMPHASH=100938B32F577E925618EA395A8C469B",
      "ParentProcessGuid": "2A767A6E-7C8A-6914-AB00-000000001500",
      "ParentProcessId": 6992,
      "ParentImage": "C:\\Windows\\System32\\cmd.exe",
      "ParentCommandLine": "\"C:\\Windows\\System32\\cmd.exe\" /C \"C:\\BUG32\\Kill.bat\"",
      "ParentUser": "DESKTOP-CS6O5DN\\root",
      "OriginalLogfile": "log_lab3.evtx-P0EMDBFI.json"
    },
    {
      "row_id": 2908,
      "Provider_Name": "Microsoft-Windows-Sysmon",
      "Guid": "5770385F-C22A-43E0-BF4C-06F5698FFBD9",
      "EventID": 1,
      "Version": 5,
      "Level": 4,
      "Task": 1,
      "Opcode": 0,
      "Keywords": "0x8000000000000000",
      "SystemTime": "2025-11-12T12:24:42.638640Z",
      "EventRecordID": 3112,
      "ProcessID": 2812,
      "ThreadID": 3496,
      "Channel": "Microsoft-Windows-Sysmon/Operational",
      "Computer": "DESKTOP-CS6O5DN",
      "UserID": "S-1-5-18",
      "RuleName": "-",
      "UtcTime": "2025-11-12 12:24:42.638",
      "ProcessGuid": "2A767A6E-7C8A-6914-B500-000000001500",
      "Image": "C:\\Windows\\System32\\taskkill.exe",
      "FileVersion": "10.0.18362.1 (WinBuild.160101.0800)",
      "Description": "Terminates Processes",
      "Product": "Microsoft® Windows® Operating System",
      "Company": "Microsoft Corporation",
      "OriginalFileName": "taskkill.exe",
      "CommandLine": "taskkill  /f /im skype.exe",
      "CurrentDirectory": "C:\\Windows\\system32\\",
      "User": "DESKTOP-CS6O5DN\\root",
      "LogonGuid": "2A767A6E-7C5A-6914-8512-040000000000",
      "LogonId": "0x41285",
      "TerminalSessionId": 1,
      "IntegrityLevel": "High",
      "MD5": "3BBEE3AC757CA54F33710DF8FB9D47A7",
      "SHA256": "D9E29313D2127FF1983A050D84626765D01682EDB2C1C5D5F209DDA20C3EAB87",
      "IMPHASH": "100938B32F577E925618EA395A8C469B",
      "Hashes": "MD5=3BBEE3AC757CA54F33710DF8FB9D47A7,SHA256=D9E29313D2127FF1983A050D84626765D01682EDB2C1C5D5F209DDA20C3EAB87,IMPHASH=100938B32F577E925618EA395A8C469B",
      "ParentProcessGuid": "2A767A6E-7C8A-6914-AB00-000000001500",
      "ParentProcessId": 6992,
      "ParentImage": "C:\\Windows\\System32\\cmd.exe",
      "ParentCommandLine": "\"C:\\Windows\\System32\\cmd.exe\" /C \"C:\\BUG32\\Kill.bat\"",
      "ParentUser": "DESKTOP-CS6O5DN\\root",
      "OriginalLogfile": "log_lab3.evtx-P0EMDBFI.json"
    },
    {
      "row_id": 2909,
      "Provider_Name": "Microsoft-Windows-Sysmon",
      "Guid": "5770385F-C22A-43E0-BF4C-06F5698FFBD9",
      "EventID": 1,
      "Version": 5,
      "Level": 4,
      "Task": 1,
      "Opcode": 0,
      "Keywords": "0x8000000000000000",
      "SystemTime": "2025-11-12T12:24:42.669624Z",
      "EventRecordID": 3113,
      "ProcessID": 2812,
      "ThreadID": 3496,
      "Channel": "Microsoft-Windows-Sysmon/Operational",
      "Computer": "DESKTOP-CS6O5DN",
      "UserID": "S-1-5-18",
      "RuleName": "-",
      "UtcTime": "2025-11-12 12:24:42.669",
      "ProcessGuid": "2A767A6E-7C8A-6914-B600-000000001500",
      "Image": "C:\\Windows\\System32\\taskkill.exe",
      "FileVersion": "10.0.18362.1 (WinBuild.160101.0800)",
      "Description": "Terminates Processes",
      "Product": "Microsoft® Windows® Operating System",
      "Company": "Microsoft Corporation",
      "OriginalFileName": "taskkill.exe",
      "CommandLine": "taskkill  /f /im bing.exe",
      "CurrentDirectory": "C:\\Windows\\system32\\",
      "User": "DESKTOP-CS6O5DN\\root",
      "LogonGuid": "2A767A6E-7C5A-6914-8512-040000000000",
      "LogonId": "0x41285",
      "TerminalSessionId": 1,
      "IntegrityLevel": "High",
      "MD5": "3BBEE3AC757CA54F33710DF8FB9D47A7",
      "SHA256": "D9E29313D2127FF1983A050D84626765D01682EDB2C1C5D5F209DDA20C3EAB87",
      "IMPHASH": "100938B32F577E925618EA395A8C469B",
      "Hashes": "MD5=3BBEE3AC757CA54F33710DF8FB9D47A7,SHA256=D9E29313D2127FF1983A050D84626765D01682EDB2C1C5D5F209DDA20C3EAB87,IMPHASH=100938B32F577E925618EA395A8C469B",
      "ParentProcessGuid": "2A767A6E-7C8A-6914-AB00-000000001500",
      "ParentProcessId": 6992,
      "ParentImage": "C:\\Windows\\System32\\cmd.exe",
      "ParentCommandLine": "\"C:\\Windows\\System32\\cmd.exe\" /C \"C:\\BUG32\\Kill.bat\"",
      "ParentUser": "DESKTOP-CS6O5DN\\root",
      "OriginalLogfile": "log_lab3.evtx-P0EMDBFI.json"
    },
    {
      "row_id": 2910,
      "Provider_Name": "Microsoft-Windows-Sysmon",
      "Guid": "5770385F-C22A-43E0-BF4C-06F5698FFBD9",
      "EventID": 1,
      "Version": 5,
      "Level": 4,
      "Task": 1,
      "Opcode": 0,
      "Keywords": "0x8000000000000000",
      "SystemTime": "2025-11-12T12:24:42.695014Z",
      "EventRecordID": 3114,
      "ProcessID": 2812,
      "ThreadID": 3496,
      "Channel": "Microsoft-Windows-Sysmon/Operational",
      "Computer": "DESKTOP-CS6O5DN",
      "UserID": "S-1-5-18",
      "RuleName": "-",
      "UtcTime": "2025-11-12 12:24:42.694",
      "ProcessGuid": "2A767A6E-7C8A-6914-B700-000000001500",
      "Image": "C:\\Windows\\System32\\taskkill.exe",
      "FileVersion": "10.0.18362.1 (WinBuild.160101.0800)",
      "Description": "Terminates Processes",
      "Product": "Microsoft® Windows® Operating System",
      "Company": "Microsoft Corporation",
      "OriginalFileName": "taskkill.exe",
      "CommandLine": "taskkill  /f /im eset.exe",
      "CurrentDirectory": "C:\\Windows\\system32\\",
      "User": "DESKTOP-CS6O5DN\\root",
      "LogonGuid": "2A767A6E-7C5A-6914-8512-040000000000",
      "LogonId": "0x41285",
      "TerminalSessionId": 1,
      "IntegrityLevel": "High",
      "MD5": "3BBEE3AC757CA54F33710DF8FB9D47A7",
      "SHA256": "D9E29313D2127FF1983A050D84626765D01682EDB2C1C5D5F209DDA20C3EAB87",
      "IMPHASH": "100938B32F577E925618EA395A8C469B",
      "Hashes": "MD5=3BBEE3AC757CA54F33710DF8FB9D47A7,SHA256=D9E29313D2127FF1983A050D84626765D01682EDB2C1C5D5F209DDA20C3EAB87,IMPHASH=100938B32F577E925618EA395A8C469B",
      "ParentProcessGuid": "2A767A6E-7C8A-6914-AB00-000000001500",
      "ParentProcessId": 6992,
      "ParentImage": "C:\\Windows\\System32\\cmd.exe",
      "ParentCommandLine": "\"C:\\Windows\\System32\\cmd.exe\" /C \"C:\\BUG32\\Kill.bat\"",
      "ParentUser": "DESKTOP-CS6O5DN\\root",
      "OriginalLogfile": "log_lab3.evtx-P0EMDBFI.json"
    },
    {
      "row_id": 2911,
      "Provider_Name": "Microsoft-Windows-Sysmon",
      "Guid": "5770385F-C22A-43E0-BF4C-06F5698FFBD9",
      "EventID": 1,
      "Version": 5,
      "Level": 4,
      "Task": 1,
      "Opcode": 0,
      "Keywords": "0x8000000000000000",
      "SystemTime": "2025-11-12T12:24:42.720356Z",
      "EventRecordID": 3115,
      "ProcessID": 2812,
      "ThreadID": 3496,
      "Channel": "Microsoft-Windows-Sysmon/Operational",
      "Computer": "DESKTOP-CS6O5DN",
      "UserID": "S-1-5-18",
      "RuleName": "-",
      "UtcTime": "2025-11-12 12:24:42.719",
      "ProcessGuid": "2A767A6E-7C8A-6914-B800-000000001500",
      "Image": "C:\\Windows\\System32\\taskkill.exe",
      "FileVersion": "10.0.18362.1 (WinBuild.160101.0800)",
      "Description": "Terminates Processes",
      "Product": "Microsoft® Windows® Operating System",
      "Company": "Microsoft Corporation",
      "OriginalFileName": "taskkill.exe",
      "CommandLine": "taskkill  /f /im edge.exe",
      "CurrentDirectory": "C:\\Windows\\system32\\",
      "User": "DESKTOP-CS6O5DN\\root",
      "LogonGuid": "2A767A6E-7C5A-6914-8512-040000000000",
      "LogonId": "0x41285",
      "TerminalSessionId": 1,
      "IntegrityLevel": "High",
      "MD5": "3BBEE3AC757CA54F33710DF8FB9D47A7",
      "SHA256": "D9E29313D2127FF1983A050D84626765D01682EDB2C1C5D5F209DDA20C3EAB87",
      "IMPHASH": "100938B32F577E925618EA395A8C469B",
      "Hashes": "MD5=3BBEE3AC757CA54F33710DF8FB9D47A7,SHA256=D9E29313D2127FF1983A050D84626765D01682EDB2C1C5D5F209DDA20C3EAB87,IMPHASH=100938B32F577E925618EA395A8C469B",
      "ParentProcessGuid": "2A767A6E-7C8A-6914-AB00-000000001500",
      "ParentProcessId": 6992,
      "ParentImage": "C:\\Windows\\System32\\cmd.exe",
      "ParentCommandLine": "\"C:\\Windows\\System32\\cmd.exe\" /C \"C:\\BUG32\\Kill.bat\"",
      "ParentUser": "DESKTOP-CS6O5DN\\root",
      "OriginalLogfile": "log_lab3.evtx-P0EMDBFI.json"
    },
    {
      "row_id": 2912,
      "Provider_Name": "Microsoft-Windows-Sysmon",
      "Guid": "5770385F-C22A-43E0-BF4C-06F5698FFBD9",
      "EventID": 1,
      "Version": 5,
      "Level": 4,
      "Task": 1,
      "Opcode": 0,
      "Keywords": "0x8000000000000000",
      "SystemTime": "2025-11-12T12:24:42.756715Z",
      "EventRecordID": 3116,
      "ProcessID": 2812,
      "ThreadID": 3496,
      "Channel": "Microsoft-Windows-Sysmon/Operational",
      "Computer": "DESKTOP-CS6O5DN",
      "UserID": "S-1-5-18",
      "RuleName": "-",
      "UtcTime": "2025-11-12 12:24:42.756",
      "ProcessGuid": "2A767A6E-7C8A-6914-B900-000000001500",
      "Image": "C:\\Windows\\System32\\taskkill.exe",
      "FileVersion": "10.0.18362.1 (WinBuild.160101.0800)",
      "Description": "Terminates Processes",
      "Product": "Microsoft® Windows® Operating System",
      "Company": "Microsoft Corporation",
      "OriginalFileName": "taskkill.exe",
      "CommandLine": "taskkill  /f /im taskmgr.exe",
      "CurrentDirectory": "C:\\Windows\\system32\\",
      "User": "DESKTOP-CS6O5DN\\root",
      "LogonGuid": "2A767A6E-7C5A-6914-8512-040000000000",
      "LogonId": "0x41285",
      "TerminalSessionId": 1,
      "IntegrityLevel": "High",
      "MD5": "3BBEE3AC757CA54F33710DF8FB9D47A7",
      "SHA256": "D9E29313D2127FF1983A050D84626765D01682EDB2C1C5D5F209DDA20C3EAB87",
      "IMPHASH": "100938B32F577E925618EA395A8C469B",
      "Hashes": "MD5=3BBEE3AC757CA54F33710DF8FB9D47A7,SHA256=D9E29313D2127FF1983A050D84626765D01682EDB2C1C5D5F209DDA20C3EAB87,IMPHASH=100938B32F577E925618EA395A8C469B",
      "ParentProcessGuid": "2A767A6E-7C8A-6914-AB00-000000001500",
      "ParentProcessId": 6992,
      "ParentImage": "C:\\Windows\\System32\\cmd.exe",
      "ParentCommandLine": "\"C:\\Windows\\System32\\cmd.exe\" /C \"C:\\BUG32\\Kill.bat\"",
      "ParentUser": "DESKTOP-CS6O5DN\\root",
      "OriginalLogfile": "log_lab3.evtx-P0EMDBFI.json"
    },
    {
      "row_id": 2913,
      "Provider_Name": "Microsoft-Windows-Sysmon",
      "Guid": "5770385F-C22A-43E0-BF4C-06F5698FFBD9",
      "EventID": 1,
      "Version": 5,
      "Level": 4,
      "Task": 1,
      "Opcode": 0,
      "Keywords": "0x8000000000000000",
      "SystemTime": "2025-11-12T12:24:42.782870Z",
      "EventRecordID": 3117,
      "ProcessID": 2812,
      "ThreadID": 3496,
      "Channel": "Microsoft-Windows-Sysmon/Operational",
      "Computer": "DESKTOP-CS6O5DN",
      "UserID": "S-1-5-18",
      "RuleName": "-",
      "UtcTime": "2025-11-12 12:24:42.782",
      "ProcessGuid": "2A767A6E-7C8A-6914-BA00-000000001500",
      "Image": "C:\\Windows\\System32\\taskkill.exe",
      "FileVersion": "10.0.18362.1 (WinBuild.160101.0800)",
      "Description": "Terminates Processes",
      "Product": "Microsoft® Windows® Operating System",
      "Company": "Microsoft Corporation",
      "OriginalFileName": "taskkill.exe",
      "CommandLine": "taskkill  /f /im regedit.exe",
      "CurrentDirectory": "C:\\Windows\\system32\\",
      "User": "DESKTOP-CS6O5DN\\root",
      "LogonGuid": "2A767A6E-7C5A-6914-8512-040000000000",
      "LogonId": "0x41285",
      "TerminalSessionId": 1,
      "IntegrityLevel": "High",
      "MD5": "3BBEE3AC757CA54F33710DF8FB9D47A7",
      "SHA256": "D9E29313D2127FF1983A050D84626765D01682EDB2C1C5D5F209DDA20C3EAB87",
      "IMPHASH": "100938B32F577E925618EA395A8C469B",
      "Hashes": "MD5=3BBEE3AC757CA54F33710DF8FB9D47A7,SHA256=D9E29313D2127FF1983A050D84626765D01682EDB2C1C5D5F209DDA20C3EAB87,IMPHASH=100938B32F577E925618EA395A8C469B",
      "ParentProcessGuid": "2A767A6E-7C8A-6914-AB00-000000001500",
      "ParentProcessId": 6992,
      "ParentImage": "C:\\Windows\\System32\\cmd.exe",
      "ParentCommandLine": "\"C:\\Windows\\System32\\cmd.exe\" /C \"C:\\BUG32\\Kill.bat\"",
      "ParentUser": "DESKTOP-CS6O5DN\\root",
      "OriginalLogfile": "log_lab3.evtx-P0EMDBFI.json"
    },
    {
      "row_id": 2939,
      "Provider_Name": "Microsoft-Windows-Sysmon",
      "Guid": "5770385F-C22A-43E0-BF4C-06F5698FFBD9",
      "EventID": 1,
      "Version": 5,
      "Level": 4,
      "Task": 1,
      "Opcode": 0,
      "Keywords": "0x8000000000000000",
      "SystemTime": "2025-11-12T12:24:54.404855Z",
      "EventRecordID": 3143,
      "ProcessID": 2812,
      "ThreadID": 3496,
      "Channel": "Microsoft-Windows-Sysmon/Operational",
      "Computer": "DESKTOP-CS6O5DN",
      "UserID": "S-1-5-18",
      "RuleName": "-",
      "UtcTime": "2025-11-12 12:24:54.400",
      "ProcessGuid": "2A767A6E-7C96-6914-C400-000000001500",
      "Image": "C:\\Windows\\System32\\taskkill.exe",
      "FileVersion": "10.0.18362.1 (WinBuild.160101.0800)",
      "Description": "Terminates Processes",
      "Product": "Microsoft® Windows® Operating System",
      "Company": "Microsoft Corporation",
      "OriginalFileName": "taskkill.exe",
      "CommandLine": "taskkill  /f /im chrome.exe",
      "CurrentDirectory": "C:\\Windows\\system32\\",
      "User": "DESKTOP-CS6O5DN\\root",
      "LogonGuid": "2A767A6E-7C5A-6914-8512-040000000000",
      "LogonId": "0x41285",
      "TerminalSessionId": 1,
      "IntegrityLevel": "High",
      "MD5": "3BBEE3AC757CA54F33710DF8FB9D47A7",
      "SHA256": "D9E29313D2127FF1983A050D84626765D01682EDB2C1C5D5F209DDA20C3EAB87",
      "IMPHASH": "100938B32F577E925618EA395A8C469B",
      "Hashes": "MD5=3BBEE3AC757CA54F33710DF8FB9D47A7,SHA256=D9E29313D2127FF1983A050D84626765D01682EDB2C1C5D5F209DDA20C3EAB87,IMPHASH=100938B32F577E925618EA395A8C469B",
      "ParentProcessGuid": "2A767A6E-7C96-6914-C200-000000001500",
      "ParentProcessId": 6788,
      "ParentImage": "C:\\Windows\\System32\\cmd.exe",
      "ParentCommandLine": "\"C:\\Windows\\System32\\cmd.exe\" /C \"C:\\BUG32\\Kill.bat\"",
      "ParentUser": "DESKTOP-CS6O5DN\\root",
      "OriginalLogfile": "log_lab3.evtx-P0EMDBFI.json"
    },
    {
      "row_id": 2942,
      "Provider_Name": "Microsoft-Windows-Sysmon",
      "Guid": "5770385F-C22A-43E0-BF4C-06F5698FFBD9",
      "EventID": 1,
      "Version": 5,
      "Level": 4,
      "Task": 1,
      "Opcode": 0,
      "Keywords": "0x8000000000000000",
      "SystemTime": "2025-11-12T12:24:54.434880Z",
      "EventRecordID": 3146,
      "ProcessID": 2812,
      "ThreadID": 3496,
      "Channel": "Microsoft-Windows-Sysmon/Operational",
      "Computer": "DESKTOP-CS6O5DN",
      "UserID": "S-1-5-18",
      "RuleName": "-",
      "UtcTime": "2025-11-12 12:24:54.434",
      "ProcessGuid": "2A767A6E-7C96-6914-C600-000000001500",
      "Image": "C:\\Windows\\System32\\taskkill.exe",
      "FileVersion": "10.0.18362.1 (WinBuild.160101.0800)",
      "Description": "Terminates Processes",
      "Product": "Microsoft® Windows® Operating System",
      "Company": "Microsoft Corporation",
      "OriginalFileName": "taskkill.exe",
      "CommandLine": "taskkill  /f /im opera.exe",
      "CurrentDirectory": "C:\\Windows\\system32\\",
      "User": "DESKTOP-CS6O5DN\\root",
      "LogonGuid": "2A767A6E-7C5A-6914-8512-040000000000",
      "LogonId": "0x41285",
      "TerminalSessionId": 1,
      "IntegrityLevel": "High",
      "MD5": "3BBEE3AC757CA54F33710DF8FB9D47A7",
      "SHA256": "D9E29313D2127FF1983A050D84626765D01682EDB2C1C5D5F209DDA20C3EAB87",
      "IMPHASH": "100938B32F577E925618EA395A8C469B",
      "Hashes": "MD5=3BBEE3AC757CA54F33710DF8FB9D47A7,SHA256=D9E29313D2127FF1983A050D84626765D01682EDB2C1C5D5F209DDA20C3EAB87,IMPHASH=100938B32F577E925618EA395A8C469B",
      "ParentProcessGuid": "2A767A6E-7C96-6914-C200-000000001500",
      "ParentProcessId": 6788,
      "ParentImage": "C:\\Windows\\System32\\cmd.exe",
      "ParentCommandLine": "\"C:\\Windows\\System32\\cmd.exe\" /C \"C:\\BUG32\\Kill.bat\"",
      "ParentUser": "DESKTOP-CS6O5DN\\root",
      "OriginalLogfile": "log_lab3.evtx-P0EMDBFI.json"
    },
    {
      "row_id": 2943,
      "Provider_Name": "Microsoft-Windows-Sysmon",
      "Guid": "5770385F-C22A-43E0-BF4C-06F5698FFBD9",
      "EventID": 1,
      "Version": 5,
      "Level": 4,
      "Task": 1,
      "Opcode": 0,
      "Keywords": "0x8000000000000000",
      "SystemTime": "2025-11-12T12:24:54.462004Z",
      "EventRecordID": 3147,
      "ProcessID": 2812,
      "ThreadID": 3496,
      "Channel": "Microsoft-Windows-Sysmon/Operational",
      "Computer": "DESKTOP-CS6O5DN",
      "UserID": "S-1-5-18",
      "RuleName": "-",
      "UtcTime": "2025-11-12 12:24:54.461",
      "ProcessGuid": "2A767A6E-7C96-6914-C700-000000001500",
      "Image": "C:\\Windows\\System32\\taskkill.exe",
      "FileVersion": "10.0.18362.1 (WinBuild.160101.0800)",
      "Description": "Terminates Processes",
      "Product": "Microsoft® Windows® Operating System",
      "Company": "Microsoft Corporation",
      "OriginalFileName": "taskkill.exe",
      "CommandLine": "taskkill  /f /im iexplore.exe",
      "CurrentDirectory": "C:\\Windows\\system32\\",
      "User": "DESKTOP-CS6O5DN\\root",
      "LogonGuid": "2A767A6E-7C5A-6914-8512-040000000000",
      "LogonId": "0x41285",
      "TerminalSessionId": 1,
      "IntegrityLevel": "High",
      "MD5": "3BBEE3AC757CA54F33710DF8FB9D47A7",
      "SHA256": "D9E29313D2127FF1983A050D84626765D01682EDB2C1C5D5F209DDA20C3EAB87",
      "IMPHASH": "100938B32F577E925618EA395A8C469B",
      "Hashes": "MD5=3BBEE3AC757CA54F33710DF8FB9D47A7,SHA256=D9E29313D2127FF1983A050D84626765D01682EDB2C1C5D5F209DDA20C3EAB87,IMPHASH=100938B32F577E925618EA395A8C469B",
      "ParentProcessGuid": "2A767A6E-7C96-6914-C200-000000001500",
      "ParentProcessId": 6788,
      "ParentImage": "C:\\Windows\\System32\\cmd.exe",
      "ParentCommandLine": "\"C:\\Windows\\System32\\cmd.exe\" /C \"C:\\BUG32\\Kill.bat\"",
      "ParentUser": "DESKTOP-CS6O5DN\\root",
      "OriginalLogfile": "log_lab3.evtx-P0EMDBFI.json"
    },
    {
      "row_id": 2944,
      "Provider_Name": "Microsoft-Windows-Sysmon",
      "Guid": "5770385F-C22A-43E0-BF4C-06F5698FFBD9",
      "EventID": 1,
      "Version": 5,
      "Level": 4,
      "Task": 1,
      "Opcode": 0,
      "Keywords": "0x8000000000000000",
      "SystemTime": "2025-11-12T12:24:54.527933Z",
      "EventRecordID": 3148,
      "ProcessID": 2812,
      "ThreadID": 3496,
      "Channel": "Microsoft-Windows-Sysmon/Operational",
      "Computer": "DESKTOP-CS6O5DN",
      "UserID": "S-1-5-18",
      "RuleName": "-",
      "UtcTime": "2025-11-12 12:24:54.527",
      "ProcessGuid": "2A767A6E-7C96-6914-C800-000000001500",
      "Image": "C:\\Windows\\System32\\taskkill.exe",
      "FileVersion": "10.0.18362.1 (WinBuild.160101.0800)",
      "Description": "Terminates Processes",
      "Product": "Microsoft® Windows® Operating System",
      "Company": "Microsoft Corporation",
      "OriginalFileName": "taskkill.exe",
      "CommandLine": "taskkill  /f /im msedge.exe",
      "CurrentDirectory": "C:\\Windows\\system32\\",
      "User": "DESKTOP-CS6O5DN\\root",
      "LogonGuid": "2A767A6E-7C5A-6914-8512-040000000000",
      "LogonId": "0x41285",
      "TerminalSessionId": 1,
      "IntegrityLevel": "High",
      "MD5": "3BBEE3AC757CA54F33710DF8FB9D47A7",
      "SHA256": "D9E29313D2127FF1983A050D84626765D01682EDB2C1C5D5F209DDA20C3EAB87",
      "IMPHASH": "100938B32F577E925618EA395A8C469B",
      "Hashes": "MD5=3BBEE3AC757CA54F33710DF8FB9D47A7,SHA256=D9E29313D2127FF1983A050D84626765D01682EDB2C1C5D5F209DDA20C3EAB87,IMPHASH=100938B32F577E925618EA395A8C469B",
      "ParentProcessGuid": "2A767A6E-7C96-6914-C200-000000001500",
      "ParentProcessId": 6788,
      "ParentImage": "C:\\Windows\\System32\\cmd.exe",
      "ParentCommandLine": "\"C:\\Windows\\System32\\cmd.exe\" /C \"C:\\BUG32\\Kill.bat\"",
      "ParentUser": "DESKTOP-CS6O5DN\\root",
      "OriginalLogfile": "log_lab3.evtx-P0EMDBFI.json"
    },
    {
      "row_id": 2945,
      "Provider_Name": "Microsoft-Windows-Sysmon",
      "Guid": "5770385F-C22A-43E0-BF4C-06F5698FFBD9",
      "EventID": 1,
      "Version": 5,
      "Level": 4,
      "Task": 1,
      "Opcode": 0,
      "Keywords": "0x8000000000000000",
      "SystemTime": "2025-11-12T12:24:54.554348Z",
      "EventRecordID": 3149,
      "ProcessID": 2812,
      "ThreadID": 3496,
      "Channel": "Microsoft-Windows-Sysmon/Operational",
      "Computer": "DESKTOP-CS6O5DN",
      "UserID": "S-1-5-18",
      "RuleName": "-",
      "UtcTime": "2025-11-12 12:24:54.553",
      "ProcessGuid": "2A767A6E-7C96-6914-C900-000000001500",
      "Image": "C:\\Windows\\System32\\taskkill.exe",
      "FileVersion": "10.0.18362.1 (WinBuild.160101.0800)",
      "Description": "Terminates Processes",
      "Product": "Microsoft® Windows® Operating System",
      "Company": "Microsoft Corporation",
      "OriginalFileName": "taskkill.exe",
      "CommandLine": "taskkill  /f /im microsoftedge.exe",
      "CurrentDirectory": "C:\\Windows\\system32\\",
      "User": "DESKTOP-CS6O5DN\\root",
      "LogonGuid": "2A767A6E-7C5A-6914-8512-040000000000",
      "LogonId": "0x41285",
      "TerminalSessionId": 1,
      "IntegrityLevel": "High",
      "MD5": "3BBEE3AC757CA54F33710DF8FB9D47A7",
      "SHA256": "D9E29313D2127FF1983A050D84626765D01682EDB2C1C5D5F209DDA20C3EAB87",
      "IMPHASH": "100938B32F577E925618EA395A8C469B",
      "Hashes": "MD5=3BBEE3AC757CA54F33710DF8FB9D47A7,SHA256=D9E29313D2127FF1983A050D84626765D01682EDB2C1C5D5F209DDA20C3EAB87,IMPHASH=100938B32F577E925618EA395A8C469B",
      "ParentProcessGuid": "2A767A6E-7C96-6914-C200-000000001500",
      "ParentProcessId": 6788,
      "ParentImage": "C:\\Windows\\System32\\cmd.exe",
      "ParentCommandLine": "\"C:\\Windows\\System32\\cmd.exe\" /C \"C:\\BUG32\\Kill.bat\"",
      "ParentUser": "DESKTOP-CS6O5DN\\root",
      "OriginalLogfile": "log_lab3.evtx-P0EMDBFI.json"
    },
    {
      "row_id": 2946,
      "Provider_Name": "Microsoft-Windows-Sysmon",
      "Guid": "5770385F-C22A-43E0-BF4C-06F5698FFBD9",
      "EventID": 1,
      "Version": 5,
      "Level": 4,
      "Task": 1,
      "Opcode": 0,
      "Keywords": "0x8000000000000000",
      "SystemTime": "2025-11-12T12:24:54.681427Z",
      "EventRecordID": 3150,
      "ProcessID": 2812,
      "ThreadID": 3496,
      "Channel": "Microsoft-Windows-Sysmon/Operational",
      "Computer": "DESKTOP-CS6O5DN",
      "UserID": "S-1-5-18",
      "RuleName": "-",
      "UtcTime": "2025-11-12 12:24:54.680",
      "ProcessGuid": "2A767A6E-7C96-6914-CB00-000000001500",
      "Image": "C:\\Windows\\System32\\taskkill.exe",
      "FileVersion": "10.0.18362.1 (WinBuild.160101.0800)",
      "Description": "Terminates Processes",
      "Product": "Microsoft® Windows® Operating System",
      "Company": "Microsoft Corporation",
      "OriginalFileName": "taskkill.exe",
      "CommandLine": "taskkill  /f /im notepad.exe",
      "CurrentDirectory": "C:\\Windows\\system32\\",
      "User": "DESKTOP-CS6O5DN\\root",
      "LogonGuid": "2A767A6E-7C5A-6914-8512-040000000000",
      "LogonId": "0x41285",
      "TerminalSessionId": 1,
      "IntegrityLevel": "High",
      "MD5": "3BBEE3AC757CA54F33710DF8FB9D47A7",
      "SHA256": "D9E29313D2127FF1983A050D84626765D01682EDB2C1C5D5F209DDA20C3EAB87",
      "IMPHASH": "100938B32F577E925618EA395A8C469B",
      "Hashes": "MD5=3BBEE3AC757CA54F33710DF8FB9D47A7,SHA256=D9E29313D2127FF1983A050D84626765D01682EDB2C1C5D5F209DDA20C3EAB87,IMPHASH=100938B32F577E925618EA395A8C469B",
      "ParentProcessGuid": "2A767A6E-7C96-6914-C200-000000001500",
      "ParentProcessId": 6788,
      "ParentImage": "C:\\Windows\\System32\\cmd.exe",
      "ParentCommandLine": "\"C:\\Windows\\System32\\cmd.exe\" /C \"C:\\BUG32\\Kill.bat\"",
      "ParentUser": "DESKTOP-CS6O5DN\\root",
      "OriginalLogfile": "log_lab3.evtx-P0EMDBFI.json"
    },
    {
      "row_id": 2947,
      "Provider_Name": "Microsoft-Windows-Sysmon",
      "Guid": "5770385F-C22A-43E0-BF4C-06F5698FFBD9",
      "EventID": 1,
      "Version": 5,
      "Level": 4,
      "Task": 1,
      "Opcode": 0,
      "Keywords": "0x8000000000000000",
      "SystemTime": "2025-11-12T12:24:54.718303Z",
      "EventRecordID": 3151,
      "ProcessID": 2812,
      "ThreadID": 3496,
      "Channel": "Microsoft-Windows-Sysmon/Operational",
      "Computer": "DESKTOP-CS6O5DN",
      "UserID": "S-1-5-18",
      "RuleName": "-",
      "UtcTime": "2025-11-12 12:24:54.717",
      "ProcessGuid": "2A767A6E-7C96-6914-CC00-000000001500",
      "Image": "C:\\Windows\\System32\\taskkill.exe",
      "FileVersion": "10.0.18362.1 (WinBuild.160101.0800)",
      "Description": "Terminates Processes",
      "Product": "Microsoft® Windows® Operating System",
      "Company": "Microsoft Corporation",
      "OriginalFileName": "taskkill.exe",
      "CommandLine": "taskkill  /f /im firefox.exe",
      "CurrentDirectory": "C:\\Windows\\system32\\",
      "User": "DESKTOP-CS6O5DN\\root",
      "LogonGuid": "2A767A6E-7C5A-6914-8512-040000000000",
      "LogonId": "0x41285",
      "TerminalSessionId": 1,
      "IntegrityLevel": "High",
      "MD5": "3BBEE3AC757CA54F33710DF8FB9D47A7",
      "SHA256": "D9E29313D2127FF1983A050D84626765D01682EDB2C1C5D5F209DDA20C3EAB87",
      "IMPHASH": "100938B32F577E925618EA395A8C469B",
      "Hashes": "MD5=3BBEE3AC757CA54F33710DF8FB9D47A7,SHA256=D9E29313D2127FF1983A050D84626765D01682EDB2C1C5D5F209DDA20C3EAB87,IMPHASH=100938B32F577E925618EA395A8C469B",
      "ParentProcessGuid": "2A767A6E-7C96-6914-C200-000000001500",
      "ParentProcessId": 6788,
      "ParentImage": "C:\\Windows\\System32\\cmd.exe",
      "ParentCommandLine": "\"C:\\Windows\\System32\\cmd.exe\" /C \"C:\\BUG32\\Kill.bat\"",
      "ParentUser": "DESKTOP-CS6O5DN\\root",
      "OriginalLogfile": "log_lab3.evtx-P0EMDBFI.json"
    },
    {
      "row_id": 2948,
      "Provider_Name": "Microsoft-Windows-Sysmon",
      "Guid": "5770385F-C22A-43E0-BF4C-06F5698FFBD9",
      "EventID": 1,
      "Version": 5,
      "Level": 4,
      "Task": 1,
      "Opcode": 0,
      "Keywords": "0x8000000000000000",
      "SystemTime": "2025-11-12T12:24:54.744867Z",
      "EventRecordID": 3152,
      "ProcessID": 2812,
      "ThreadID": 3496,
      "Channel": "Microsoft-Windows-Sysmon/Operational",
      "Computer": "DESKTOP-CS6O5DN",
      "UserID": "S-1-5-18",
      "RuleName": "-",
      "UtcTime": "2025-11-12 12:24:54.744",
      "ProcessGuid": "2A767A6E-7C96-6914-CD00-000000001500",
      "Image": "C:\\Windows\\System32\\taskkill.exe",
      "FileVersion": "10.0.18362.1 (WinBuild.160101.0800)",
      "Description": "Terminates Processes",
      "Product": "Microsoft® Windows® Operating System",
      "Company": "Microsoft Corporation",
      "OriginalFileName": "taskkill.exe",
      "CommandLine": "taskkill  /f /im mspaint.exe",
      "CurrentDirectory": "C:\\Windows\\system32\\",
      "User": "DESKTOP-CS6O5DN\\root",
      "LogonGuid": "2A767A6E-7C5A-6914-8512-040000000000",
      "LogonId": "0x41285",
      "TerminalSessionId": 1,
      "IntegrityLevel": "High",
      "MD5": "3BBEE3AC757CA54F33710DF8FB9D47A7",
      "SHA256": "D9E29313D2127FF1983A050D84626765D01682EDB2C1C5D5F209DDA20C3EAB87",
      "IMPHASH": "100938B32F577E925618EA395A8C469B",
      "Hashes": "MD5=3BBEE3AC757CA54F33710DF8FB9D47A7,SHA256=D9E29313D2127FF1983A050D84626765D01682EDB2C1C5D5F209DDA20C3EAB87,IMPHASH=100938B32F577E925618EA395A8C469B",
      "ParentProcessGuid": "2A767A6E-7C96-6914-C200-000000001500",
      "ParentProcessId": 6788,
      "ParentImage": "C:\\Windows\\System32\\cmd.exe",
      "ParentCommandLine": "\"C:\\Windows\\System32\\cmd.exe\" /C \"C:\\BUG32\\Kill.bat\"",
      "ParentUser": "DESKTOP-CS6O5DN\\root",
      "OriginalLogfile": "log_lab3.evtx-P0EMDBFI.json"
    },
