[{
  "title": "BUG32",
  "id": "6a8b2c9d-1e4f-4a7b-9c3d-5f1234567891",
  "description": "Detects batch process termination using taskkill.exe targeting multiple system processes",
  "sigmafile": "",
  "sigma": [
    "SELECT * FROM logs WHERE Image LIKE '%\\\\taskkill.exe' ESCAPE '\\' AND CommandLine LIKE '%/im%' ESCAPE '\\'"
  ],
  "rule_level": "medium",
  "tags": [
    "attack.defense_evasion",
    "attack.t1489"
  ],
  "count": 1036,
  "matches": [
    {
      "row_id": 2824,
      "Provider_Name": "Microsoft-Windows-Sysmon",
      "Guid": "5770385F-C22A-43E0-BF4C-06F5698FFBD9",
      "EventID": 1,
      "Version": 5,
      "Level": 4,
      "Task": 1,
      "Opcode": 0,
      "Keywords": "0x8000000000000000",
      "SystemTime": "2025-11-12T12:24:18.208927Z",
      "EventRecordID": 3028,
      "ProcessID": 2812,
      "ThreadID": 3496,
      "Channel": "Microsoft-Windows-Sysmon/Operational",
      "Computer": "DESKTOP-CS6O5DN",
      "UserID": "S-1-5-18",
      "RuleName": "-",
      "UtcTime": "2025-11-12 12:24:18.207",
      "ProcessGuid": "2A767A6E-7C72-6914-7300-000000001500",
      "Image": "C:\\Windows\\System32\\taskkill.exe",
      "FileVersion": "10.0.18362.1 (WinBuild.160101.0800)",
      "Description": "Terminates Processes",
      "Product": "Microsoft® Windows® Operating System",
      "Company": "Microsoft Corporation",
      "OriginalFileName": "taskkill.exe",
      "CommandLine": "taskkill  /f /im chrome.exe",
      "CurrentDirectory": "C:\\Windows\\system32\\",
      "User": "DESKTOP-CS6O5DN\\root",
      "LogonGuid": "2A767A6E-7C5A-6914-8512-040000000000",
      "LogonId": "0x41285",
      "TerminalSessionId": 1,
      "IntegrityLevel": "High",
      "MD5": "3BBEE3AC757CA54F33710DF8FB9D47A7",
      "SHA256": "D9E29313D2127FF1983A050D84626765D01682EDB2C1C5D5F209DDA20C3EAB87",
      "IMPHASH": "100938B32F577E925618EA395A8C469B",
      "Hashes": "MD5=3BBEE3AC757CA54F33710DF8FB9D47A7,SHA256=D9E29313D2127FF1983A050D84626765D01682EDB2C1C5D5F209DDA20C3EAB87,IMPHASH=100938B32F577E925618EA395A8C469B",
      "ParentProcessGuid": "2A767A6E-7C72-6914-7100-000000001500",
      "ParentProcessId": 4780,
      "ParentImage": "C:\\Windows\\System32\\cmd.exe",
      "ParentCommandLine": "\"C:\\Windows\\System32\\cmd.exe\" /C \"C:\\BUG32\\Kill.bat\"",
      "ParentUser": "DESKTOP-CS6O5DN\\root",
      "OriginalLogfile": "log_lab3.evtx-P0EMDBFI.json"
    },
    {
      "row_id": 2825,
      "Provider_Name": "Microsoft-Windows-Sysmon",
      "Guid": "5770385F-C22A-43E0-BF4C-06F5698FFBD9",
      "EventID": 1,
      "Version": 5,
      "Level": 4,
      "Task": 1,
      "Opcode": 0,
      "Keywords": "0x8000000000000000",
      "SystemTime": "2025-11-12T12:24:18.684242Z",
      "EventRecordID": 3029,
      "ProcessID": 2812,
      "ThreadID": 3496,
      "Channel": "Microsoft-Windows-Sysmon/Operational",
      "Computer": "DESKTOP-CS6O5DN",
      "UserID": "S-1-5-18",
      "RuleName": "-",
      "UtcTime": "2025-11-12 12:24:18.683",
      "ProcessGuid": "2A767A6E-7C72-6914-7400-000000001500",
      "Image": "C:\\Windows\\System32\\taskkill.exe",
      "FileVersion": "10.0.18362.1 (WinBuild.160101.0800)",
      "Description": "Terminates Processes",
      "Product": "Microsoft® Windows® Operating System",
      "Company": "Microsoft Corporation",
      "OriginalFileName": "taskkill.exe",
      "CommandLine": "taskkill  /f /im opera.exe",
      "CurrentDirectory": "C:\\Windows\\system32\\",
      "User": "DESKTOP-CS6O5DN\\root",
      "LogonGuid": "2A767A6E-7C5A-6914-8512-040000000000",
      "LogonId": "0x41285",
      "TerminalSessionId": 1,
      "IntegrityLevel": "High",
      "MD5": "3BBEE3AC757CA54F33710DF8FB9D47A7",
      "SHA256": "D9E29313D2127FF1983A050D84626765D01682EDB2C1C5D5F209DDA20C3EAB87",
      "IMPHASH": "100938B32F577E925618EA395A8C469B",
      "Hashes": "MD5=3BBEE3AC757CA54F33710DF8FB9D47A7,SHA256=D9E29313D2127FF1983A050D84626765D01682EDB2C1C5D5F209DDA20C3EAB87,IMPHASH=100938B32F577E925618EA395A8C469B",
      "ParentProcessGuid": "2A767A6E-7C72-6914-7100-000000001500",
      "ParentProcessId": 4780,
      "ParentImage": "C:\\Windows\\System32\\cmd.exe",
      "ParentCommandLine": "\"C:\\Windows\\System32\\cmd.exe\" /C \"C:\\BUG32\\Kill.bat\"",
      "ParentUser": "DESKTOP-CS6O5DN\\root",
      "OriginalLogfile": "log_lab3.evtx-P0EMDBFI.json"
    },
    {
      "row_id": 2826,
      "Provider_Name": "Microsoft-Windows-Sysmon",
      "Guid": "5770385F-C22A-43E0-BF4C-06F5698FFBD9",
      "EventID": 1,
      "Version": 5,
      "Level": 4,
      "Task": 1,
      "Opcode": 0,
      "Keywords": "0x8000000000000000",
      "SystemTime": "2025-11-12T12:24:18.711081Z",
      "EventRecordID": 3030,
      "ProcessID": 2812,
      "ThreadID": 3496,
      "Channel": "Microsoft-Windows-Sysmon/Operational",
      "Computer": "DESKTOP-CS6O5DN",
      "UserID": "S-1-5-18",
      "RuleName": "-",
      "UtcTime": "2025-11-12 12:24:18.710",
      "ProcessGuid": "2A767A6E-7C72-6914-7500-000000001500",
      "Image": "C:\\Windows\\System32\\taskkill.exe",
      "FileVersion": "10.0.18362.1 (WinBuild.160101.0800)",
      "Description": "Terminates Processes",
      "Product": "Microsoft® Windows® Operating System",
      "Company": "Microsoft Corporation",
      "OriginalFileName": "taskkill.exe",
      "CommandLine": "taskkill  /f /im iexplore.exe",
      "CurrentDirectory": "C:\\Windows\\system32\\",
      "User": "DESKTOP-CS6O5DN\\root",
      "LogonGuid": "2A767A6E-7C5A-6914-8512-040000000000",
      "LogonId": "0x41285",
      "TerminalSessionId": 1,
      "IntegrityLevel": "High",
      "MD5": "3BBEE3AC757CA54F33710DF8FB9D47A7",
      "SHA256": "D9E29313D2127FF1983A050D84626765D01682EDB2C1C5D5F209DDA20C3EAB87",
      "IMPHASH": "100938B32F577E925618EA395A8C469B",
      "Hashes": "MD5=3BBEE3AC757CA54F33710DF8FB9D47A7,SHA256=D9E29313D2127FF1983A050D84626765D01682EDB2C1C5D5F209DDA20C3EAB87,IMPHASH=100938B32F577E925618EA395A8C469B",
      "ParentProcessGuid": "2A767A6E-7C72-6914-7100-000000001500",
      "ParentProcessId": 4780,
      "ParentImage": "C:\\Windows\\System32\\cmd.exe",
      "ParentCommandLine": "\"C:\\Windows\\System32\\cmd.exe\" /C \"C:\\BUG32\\Kill.bat\"",
      "ParentUser": "DESKTOP-CS6O5DN\\root",
      "OriginalLogfile": "log_lab3.evtx-P0EMDBFI.json"
    },
    {
      "row_id": 2827,
      "Provider_Name": "Microsoft-Windows-Sysmon",
      "Guid": "5770385F-C22A-43E0-BF4C-06F5698FFBD9",
      "EventID": 1,
      "Version": 5,
      "Level": 4,
      "Task": 1,
      "Opcode": 0,
      "Keywords": "0x8000000000000000",
      "SystemTime": "2025-11-12T12:24:18.739473Z",
      "EventRecordID": 3031,
      "ProcessID": 2812,
      "ThreadID": 3496,
      "Channel": "Microsoft-Windows-Sysmon/Operational",
      "Computer": "DESKTOP-CS6O5DN",
      "UserID": "S-1-5-18",
      "RuleName": "-",
      "UtcTime": "2025-11-12 12:24:18.738",
      "ProcessGuid": "2A767A6E-7C72-6914-7600-000000001500",
      "Image": "C:\\Windows\\System32\\taskkill.exe",
      "FileVersion": "10.0.18362.1 (WinBuild.160101.0800)",
      "Description": "Terminates Processes",
      "Product": "Microsoft® Windows® Operating System",
      "Company": "Microsoft Corporation",
      "OriginalFileName": "taskkill.exe",
      "CommandLine": "taskkill  /f /im msedge.exe",
      "CurrentDirectory": "C:\\Windows\\system32\\",
      "User": "DESKTOP-CS6O5DN\\root",
      "LogonGuid": "2A767A6E-7C5A-6914-8512-040000000000",
      "LogonId": "0x41285",
      "TerminalSessionId": 1,
      "IntegrityLevel": "High",
      "MD5": "3BBEE3AC757CA54F33710DF8FB9D47A7",
      "SHA256": "D9E29313D2127FF1983A050D84626765D01682EDB2C1C5D5F209DDA20C3EAB87",
      "IMPHASH": "100938B32F577E925618EA395A8C469B",
      "Hashes": "MD5=3BBEE3AC757CA54F33710DF8FB9D47A7,SHA256=D9E29313D2127FF1983A050D84626765D01682EDB2C1C5D5F209DDA20C3EAB87,IMPHASH=100938B32F577E925618EA395A8C469B",
      "ParentProcessGuid": "2A767A6E-7C72-6914-7100-000000001500",
      "ParentProcessId": 4780,
      "ParentImage": "C:\\Windows\\System32\\cmd.exe",
      "ParentCommandLine": "\"C:\\Windows\\System32\\cmd.exe\" /C \"C:\\BUG32\\Kill.bat\"",
      "ParentUser": "DESKTOP-CS6O5DN\\root",
      "OriginalLogfile": "log_lab3.evtx-P0EMDBFI.json"
    },
    {
      "row_id": 2828,
      "Provider_Name": "Microsoft-Windows-Sysmon",
      "Guid": "5770385F-C22A-43E0-BF4C-06F5698FFBD9",
      "EventID": 1,
      "Version": 5,
      "Level": 4,
      "Task": 1,
      "Opcode": 0,
      "Keywords": "0x8000000000000000",
      "SystemTime": "2025-11-12T12:24:18.768130Z",
      "EventRecordID": 3032,
      "ProcessID": 2812,
      "ThreadID": 3496,
      "Channel": "Microsoft-Windows-Sysmon/Operational",
      "Computer": "DESKTOP-CS6O5DN",
      "UserID": "S-1-5-18",
      "RuleName": "-",
      "UtcTime": "2025-11-12 12:24:18.767",
      "ProcessGuid": "2A767A6E-7C72-6914-7700-000000001500",
      "Image": "C:\\Windows\\System32\\taskkill.exe",
      "FileVersion": "10.0.18362.1 (WinBuild.160101.0800)",
      "Description": "Terminates Processes",
      "Product": "Microsoft® Windows® Operating System",
      "Company": "Microsoft Corporation",
      "OriginalFileName": "taskkill.exe",
      "CommandLine": "taskkill  /f /im microsoftedge.exe",
      "CurrentDirectory": "C:\\Windows\\system32\\",
      "User": "DESKTOP-CS6O5DN\\root",
      "LogonGuid": "2A767A6E-7C5A-6914-8512-040000000000",
      "LogonId": "0x41285",
      "TerminalSessionId": 1,
      "IntegrityLevel": "High",
      "MD5": "3BBEE3AC757CA54F33710DF8FB9D47A7",
      "SHA256": "D9E29313D2127FF1983A050D84626765D01682EDB2C1C5D5F209DDA20C3EAB87",
      "IMPHASH": "100938B32F577E925618EA395A8C469B",
      "Hashes": "MD5=3BBEE3AC757CA54F33710DF8FB9D47A7,SHA256=D9E29313D2127FF1983A050D84626765D01682EDB2C1C5D5F209DDA20C3EAB87,IMPHASH=100938B32F577E925618EA395A8C469B",
      "ParentProcessGuid": "2A767A6E-7C72-6914-7100-000000001500",
      "ParentProcessId": 4780,
      "ParentImage": "C:\\Windows\\System32\\cmd.exe",
      "ParentCommandLine": "\"C:\\Windows\\System32\\cmd.exe\" /C \"C:\\BUG32\\Kill.bat\"",
      "ParentUser": "DESKTOP-CS6O5DN\\root",
      "OriginalLogfile": "log_lab3.evtx-P0EMDBFI.json"
    },
    {
      "row_id": 2829,
      "Provider_Name": "Microsoft-Windows-Sysmon",
      "Guid": "5770385F-C22A-43E0-BF4C-06F5698FFBD9",
      "EventID": 1,
      "Version": 5,
      "Level": 4,
      "Task": 1,
      "Opcode": 0,
      "Keywords": "0x8000000000000000",
      "SystemTime": "2025-11-12T12:24:18.801394Z",
      "EventRecordID": 3033,
      "ProcessID": 2812,
      "ThreadID": 3496,
      "Channel": "Microsoft-Windows-Sysmon/Operational",
      "Computer": "DESKTOP-CS6O5DN",
      "UserID": "S-1-5-18",
      "RuleName": "-",
      "UtcTime": "2025-11-12 12:24:18.800",
      "ProcessGuid": "2A767A6E-7C72-6914-7800-000000001500",
      "Image": "C:\\Windows\\System32\\taskkill.exe",
      "FileVersion": "10.0.18362.1 (WinBuild.160101.0800)",
      "Description": "Terminates Processes",
      "Product": "Microsoft® Windows® Operating System",
      "Company": "Microsoft Corporation",
      "OriginalFileName": "taskkill.exe",
      "CommandLine": "taskkill  /f /im notepad.exe",
      "CurrentDirectory": "C:\\Windows\\system32\\",
      "User": "DESKTOP-CS6O5DN\\root",
      "LogonGuid": "2A767A6E-7C5A-6914-8512-040000000000",
      "LogonId": "0x41285",
      "TerminalSessionId": 1,
      "IntegrityLevel": "High",
      "MD5": "3BBEE3AC757CA54F33710DF8FB9D47A7",
      "SHA256": "D9E29313D2127FF1983A050D84626765D01682EDB2C1C5D5F209DDA20C3EAB87",
      "IMPHASH": "100938B32F577E925618EA395A8C469B",
      "Hashes": "MD5=3BBEE3AC757CA54F33710DF8FB9D47A7,SHA256=D9E29313D2127FF1983A050D84626765D01682EDB2C1C5D5F209DDA20C3EAB87,IMPHASH=100938B32F577E925618EA395A8C469B",
      "ParentProcessGuid": "2A767A6E-7C72-6914-7100-000000001500",
      "ParentProcessId": 4780,
      "ParentImage": "C:\\Windows\\System32\\cmd.exe",
      "ParentCommandLine": "\"C:\\Windows\\System32\\cmd.exe\" /C \"C:\\BUG32\\Kill.bat\"",
      "ParentUser": "DESKTOP-CS6O5DN\\root",
      "OriginalLogfile": "log_lab3.evtx-P0EMDBFI.json"
    },
    {
      "row_id": 2830,
      "Provider_Name": "Microsoft-Windows-Sysmon",
      "Guid": "5770385F-C22A-43E0-BF4C-06F5698FFBD9",
      "EventID": 1,
      "Version": 5,
      "Level": 4,
      "Task": 1,
      "Opcode": 0,
      "Keywords": "0x8000000000000000",
      "SystemTime": "2025-11-12T12:24:18.851336Z",
      "EventRecordID": 3034,
      "ProcessID": 2812,
      "ThreadID": 3496,
      "Channel": "Microsoft-Windows-Sysmon/Operational",
      "Computer": "DESKTOP-CS6O5DN",
      "UserID": "S-1-5-18",
      "RuleName": "-",
      "UtcTime": "2025-11-12 12:24:18.850",
      "ProcessGuid": "2A767A6E-7C72-6914-7900-000000001500",
      "Image": "C:\\Windows\\System32\\taskkill.exe",
      "FileVersion": "10.0.18362.1 (WinBuild.160101.0800)",
      "Description": "Terminates Processes",
      "Product": "Microsoft® Windows® Operating System",
      "Company": "Microsoft Corporation",
      "OriginalFileName": "taskkill.exe",
      "CommandLine": "taskkill  /f /im firefox.exe",
      "CurrentDirectory": "C:\\Windows\\system32\\",
      "User": "DESKTOP-CS6O5DN\\root",
      "LogonGuid": "2A767A6E-7C5A-6914-8512-040000000000",
      "LogonId": "0x41285",
      "TerminalSessionId": 1,
      "IntegrityLevel": "High",
      "MD5": "3BBEE3AC757CA54F33710DF8FB9D47A7",
      "SHA256": "D9E29313D2127FF1983A050D84626765D01682EDB2C1C5D5F209DDA20C3EAB87",
      "IMPHASH": "100938B32F577E925618EA395A8C469B",
      "Hashes": "MD5=3BBEE3AC757CA54F33710DF8FB9D47A7,SHA256=D9E29313D2127FF1983A050D84626765D01682EDB2C1C5D5F209DDA20C3EAB87,IMPHASH=100938B32F577E925618EA395A8C469B",
      "ParentProcessGuid": "2A767A6E-7C72-6914-7100-000000001500",
      "ParentProcessId": 4780,
      "ParentImage": "C:\\Windows\\System32\\cmd.exe",
      "ParentCommandLine": "\"C:\\Windows\\System32\\cmd.exe\" /C \"C:\\BUG32\\Kill.bat\"",
      "ParentUser": "DESKTOP-CS6O5DN\\root",
      "OriginalLogfile": "log_lab3.evtx-P0EMDBFI.json"
    },
    {
      "row_id": 2831,
      "Provider_Name": "Microsoft-Windows-Sysmon",
      "Guid": "5770385F-C22A-43E0-BF4C-06F5698FFBD9",
      "EventID": 1,
      "Version": 5,
      "Level": 4,
      "Task": 1,
      "Opcode": 0,
      "Keywords": "0x8000000000000000",
      "SystemTime": "2025-11-12T12:24:18.886521Z",
      "EventRecordID": 3035,
      "ProcessID": 2812,
      "ThreadID": 3496,
      "Channel": "Microsoft-Windows-Sysmon/Operational",
      "Computer": "DESKTOP-CS6O5DN",
      "UserID": "S-1-5-18",
      "RuleName": "-",
      "UtcTime": "2025-11-12 12:24:18.885",
      "ProcessGuid": "2A767A6E-7C72-6914-7A00-000000001500",
      "Image": "C:\\Windows\\System32\\taskkill.exe",
      "FileVersion": "10.0.18362.1 (WinBuild.160101.0800)",
      "Description": "Terminates Processes",
      "Product": "Microsoft® Windows® Operating System",
      "Company": "Microsoft Corporation",
      "OriginalFileName": "taskkill.exe",
      "CommandLine": "taskkill  /f /im mspaint.exe",
      "CurrentDirectory": "C:\\Windows\\system32\\",
      "User": "DESKTOP-CS6O5DN\\root",
      "LogonGuid": "2A767A6E-7C5A-6914-8512-040000000000",
      "LogonId": "0x41285",
      "TerminalSessionId": 1,
      "IntegrityLevel": "High",
      "MD5": "3BBEE3AC757CA54F33710DF8FB9D47A7",
      "SHA256": "D9E29313D2127FF1983A050D84626765D01682EDB2C1C5D5F209DDA20C3EAB87",
      "IMPHASH": "100938B32F577E925618EA395A8C469B",
      "Hashes": "MD5=3BBEE3AC757CA54F33710DF8FB9D47A7,SHA256=D9E29313D2127FF1983A050D84626765D01682EDB2C1C5D5F209DDA20C3EAB87,IMPHASH=100938B32F577E925618EA395A8C469B",
      "ParentProcessGuid": "2A767A6E-7C72-6914-7100-000000001500",
      "ParentProcessId": 4780,
      "ParentImage": "C:\\Windows\\System32\\cmd.exe",
      "ParentCommandLine": "\"C:\\Windows\\System32\\cmd.exe\" /C \"C:\\BUG32\\Kill.bat\"",
      "ParentUser": "DESKTOP-CS6O5DN\\root",
      "OriginalLogfile": "log_lab3.evtx-P0EMDBFI.json"
    },
    {
      "row_id": 2832,
      "Provider_Name": "Microsoft-Windows-Sysmon",
      "Guid": "5770385F-C22A-43E0-BF4C-06F5698FFBD9",
      "EventID": 1,
      "Version": 5,
      "Level": 4,
      "Task": 1,
      "Opcode": 0,
      "Keywords": "0x8000000000000000",
      "SystemTime": "2025-11-12T12:24:18.924002Z",
      "EventRecordID": 3036,
      "ProcessID": 2812,
      "ThreadID": 3496,
      "Channel": "Microsoft-Windows-Sysmon/Operational",
      "Computer": "DESKTOP-CS6O5DN",
      "UserID": "S-1-5-18",
      "RuleName": "-",
      "UtcTime": "2025-11-12 12:24:18.923",
      "ProcessGuid": "2A767A6E-7C72-6914-7B00-000000001500",
      "Image": "C:\\Windows\\System32\\taskkill.exe",
      "FileVersion": "10.0.18362.1 (WinBuild.160101.0800)",
      "Description": "Terminates Processes",
      "Product": "Microsoft® Windows® Operating System",
      "Company": "Microsoft Corporation",
      "OriginalFileName": "taskkill.exe",
      "CommandLine": "taskkill  /f /im skype.exe",
      "CurrentDirectory": "C:\\Windows\\system32\\",
      "User": "DESKTOP-CS6O5DN\\root",
      "LogonGuid": "2A767A6E-7C5A-6914-8512-040000000000",
      "LogonId": "0x41285",
      "TerminalSessionId": 1,
      "IntegrityLevel": "High",
      "MD5": "3BBEE3AC757CA54F33710DF8FB9D47A7",
      "SHA256": "D9E29313D2127FF1983A050D84626765D01682EDB2C1C5D5F209DDA20C3EAB87",
      "IMPHASH": "100938B32F577E925618EA395A8C469B",
      "Hashes": "MD5=3BBEE3AC757CA54F33710DF8FB9D47A7,SHA256=D9E29313D2127FF1983A050D84626765D01682EDB2C1C5D5F209DDA20C3EAB87,IMPHASH=100938B32F577E925618EA395A8C469B",
      "ParentProcessGuid": "2A767A6E-7C72-6914-7100-000000001500",
      "ParentProcessId": 4780,
      "ParentImage": "C:\\Windows\\System32\\cmd.exe",
      "ParentCommandLine": "\"C:\\Windows\\System32\\cmd.exe\" /C \"C:\\BUG32\\Kill.bat\"",
      "ParentUser": "DESKTOP-CS6O5DN\\root",
      "OriginalLogfile": "log_lab3.evtx-P0EMDBFI.json"
    },
    {
      "row_id": 2833,
      "Provider_Name": "Microsoft-Windows-Sysmon",
      "Guid": "5770385F-C22A-43E0-BF4C-06F5698FFBD9",
      "EventID": 1,
      "Version": 5,
      "Level": 4,
      "Task": 1,
      "Opcode": 0,
      "Keywords": "0x8000000000000000",
      "SystemTime": "2025-11-12T12:24:18.958577Z",
      "EventRecordID": 3037,
      "ProcessID": 2812,
      "ThreadID": 3496,
      "Channel": "Microsoft-Windows-Sysmon/Operational",
      "Computer": "DESKTOP-CS6O5DN",
      "UserID": "S-1-5-18",
      "RuleName": "-",
      "UtcTime": "2025-11-12 12:24:18.957",
      "ProcessGuid": "2A767A6E-7C72-6914-7C00-000000001500",
      "Image": "C:\\Windows\\System32\\taskkill.exe",
      "FileVersion": "10.0.18362.1 (WinBuild.160101.0800)",
      "Description": "Terminates Processes",
      "Product": "Microsoft® Windows® Operating System",
      "Company": "Microsoft Corporation",
      "OriginalFileName": "taskkill.exe",
      "CommandLine": "taskkill  /f /im bing.exe",
      "CurrentDirectory": "C:\\Windows\\system32\\",
      "User": "DESKTOP-CS6O5DN\\root",
      "LogonGuid": "2A767A6E-7C5A-6914-8512-040000000000",
      "LogonId": "0x41285",
      "TerminalSessionId": 1,
      "IntegrityLevel": "High",
      "MD5": "3BBEE3AC757CA54F33710DF8FB9D47A7",
      "SHA256": "D9E29313D2127FF1983A050D84626765D01682EDB2C1C5D5F209DDA20C3EAB87",
      "IMPHASH": "100938B32F577E925618EA395A8C469B",
      "Hashes": "MD5=3BBEE3AC757CA54F33710DF8FB9D47A7,SHA256=D9E29313D2127FF1983A050D84626765D01682EDB2C1C5D5F209DDA20C3EAB87,IMPHASH=100938B32F577E925618EA395A8C469B",
      "ParentProcessGuid": "2A767A6E-7C72-6914-7100-000000001500",
      "ParentProcessId": 4780,
      "ParentImage": "C:\\Windows\\System32\\cmd.exe",
      "ParentCommandLine": "\"C:\\Windows\\System32\\cmd.exe\" /C \"C:\\BUG32\\Kill.bat\"",
      "ParentUser": "DESKTOP-CS6O5DN\\root",
      "OriginalLogfile": "log_lab3.evtx-P0EMDBFI.json"
    },
    {
      "row_id": 2834,
      "Provider_Name": "Microsoft-Windows-Sysmon",
      "Guid": "5770385F-C22A-43E0-BF4C-06F5698FFBD9",
      "EventID": 1,
      "Version": 5,
      "Level": 4,
      "Task": 1,
      "Opcode": 0,
      "Keywords": "0x8000000000000000",
      "SystemTime": "2025-11-12T12:24:18.990426Z",
      "EventRecordID": 3038,
      "ProcessID": 2812,
      "ThreadID": 3496,
      "Channel": "Microsoft-Windows-Sysmon/Operational",
      "Computer": "DESKTOP-CS6O5DN",
      "UserID": "S-1-5-18",
      "RuleName": "-",
      "UtcTime": "2025-11-12 12:24:18.989",
      "ProcessGuid": "2A767A6E-7C72-6914-7D00-000000001500",
      "Image": "C:\\Windows\\System32\\taskkill.exe",
      "FileVersion": "10.0.18362.1 (WinBuild.160101.0800)",
      "Description": "Terminates Processes",
      "Product": "Microsoft® Windows® Operating System",
      "Company": "Microsoft Corporation",
      "OriginalFileName": "taskkill.exe",
      "CommandLine": "taskkill  /f /im eset.exe",
      "CurrentDirectory": "C:\\Windows\\system32\\",
      "User": "DESKTOP-CS6O5DN\\root",
      "LogonGuid": "2A767A6E-7C5A-6914-8512-040000000000",
      "LogonId": "0x41285",
      "TerminalSessionId": 1,
      "IntegrityLevel": "High",
      "MD5": "3BBEE3AC757CA54F33710DF8FB9D47A7",
      "SHA256": "D9E29313D2127FF1983A050D84626765D01682EDB2C1C5D5F209DDA20C3EAB87",
      "IMPHASH": "100938B32F577E925618EA395A8C469B",
      "Hashes": "MD5=3BBEE3AC757CA54F33710DF8FB9D47A7,SHA256=D9E29313D2127FF1983A050D84626765D01682EDB2C1C5D5F209DDA20C3EAB87,IMPHASH=100938B32F577E925618EA395A8C469B",
      "ParentProcessGuid": "2A767A6E-7C72-6914-7100-000000001500",
      "ParentProcessId": 4780,
      "ParentImage": "C:\\Windows\\System32\\cmd.exe",
      "ParentCommandLine": "\"C:\\Windows\\System32\\cmd.exe\" /C \"C:\\BUG32\\Kill.bat\"",
      "ParentUser": "DESKTOP-CS6O5DN\\root",
      "OriginalLogfile": "log_lab3.evtx-P0EMDBFI.json"
    },
    {
      "row_id": 2835,
      "Provider_Name": "Microsoft-Windows-Sysmon",
      "Guid": "5770385F-C22A-43E0-BF4C-06F5698FFBD9",
      "EventID": 1,
      "Version": 5,
      "Level": 4,
      "Task": 1,
      "Opcode": 0,
      "Keywords": "0x8000000000000000",
      "SystemTime": "2025-11-12T12:24:19.058368Z",
      "EventRecordID": 3039,
      "ProcessID": 2812,
      "ThreadID": 3496,
      "Channel": "Microsoft-Windows-Sysmon/Operational",
      "Computer": "DESKTOP-CS6O5DN",
      "UserID": "S-1-5-18",
      "RuleName": "-",
      "UtcTime": "2025-11-12 12:24:19.057",
      "ProcessGuid": "2A767A6E-7C73-6914-7E00-000000001500",
      "Image": "C:\\Windows\\System32\\taskkill.exe",
      "FileVersion": "10.0.18362.1 (WinBuild.160101.0800)",
      "Description": "Terminates Processes",
      "Product": "Microsoft® Windows® Operating System",
      "Company": "Microsoft Corporation",
      "OriginalFileName": "taskkill.exe",
      "CommandLine": "taskkill  /f /im edge.exe",
      "CurrentDirectory": "C:\\Windows\\system32\\",
      "User": "DESKTOP-CS6O5DN\\root",
      "LogonGuid": "2A767A6E-7C5A-6914-8512-040000000000",
      "LogonId": "0x41285",
      "TerminalSessionId": 1,
      "IntegrityLevel": "High",
      "MD5": "3BBEE3AC757CA54F33710DF8FB9D47A7",
      "SHA256": "D9E29313D2127FF1983A050D84626765D01682EDB2C1C5D5F209DDA20C3EAB87",
      "IMPHASH": "100938B32F577E925618EA395A8C469B",
      "Hashes": "MD5=3BBEE3AC757CA54F33710DF8FB9D47A7,SHA256=D9E29313D2127FF1983A050D84626765D01682EDB2C1C5D5F209DDA20C3EAB87,IMPHASH=100938B32F577E925618EA395A8C469B",
      "ParentProcessGuid": "2A767A6E-7C72-6914-7100-000000001500",
      "ParentProcessId": 4780,
      "ParentImage": "C:\\Windows\\System32\\cmd.exe",
      "ParentCommandLine": "\"C:\\Windows\\System32\\cmd.exe\" /C \"C:\\BUG32\\Kill.bat\"",
      "ParentUser": "DESKTOP-CS6O5DN\\root",
      "OriginalLogfile": "log_lab3.evtx-P0EMDBFI.json"
    },
    {
      "row_id": 2836,
      "Provider_Name": "Microsoft-Windows-Sysmon",
      "Guid": "5770385F-C22A-43E0-BF4C-06F5698FFBD9",
      "EventID": 1,
      "Version": 5,
      "Level": 4,
      "Task": 1,
      "Opcode": 0,
      "Keywords": "0x8000000000000000",
      "SystemTime": "2025-11-12T12:24:19.099513Z",
      "EventRecordID": 3040,
      "ProcessID": 2812,
      "ThreadID": 3496,
      "Channel": "Microsoft-Windows-Sysmon/Operational",
      "Computer": "DESKTOP-CS6O5DN",
      "UserID": "S-1-5-18",
      "RuleName": "-",
      "UtcTime": "2025-11-12 12:24:19.098",
      "ProcessGuid": "2A767A6E-7C73-6914-7F00-000000001500",
      "Image": "C:\\Windows\\System32\\taskkill.exe",
      "FileVersion": "10.0.18362.1 (WinBuild.160101.0800)",
      "Description": "Terminates Processes",
      "Product": "Microsoft® Windows® Operating System",
      "Company": "Microsoft Corporation",
      "OriginalFileName": "taskkill.exe",
      "CommandLine": "taskkill  /f /im taskmgr.exe",
      "CurrentDirectory": "C:\\Windows\\system32\\",
      "User": "DESKTOP-CS6O5DN\\root",
      "LogonGuid": "2A767A6E-7C5A-6914-8512-040000000000",
      "LogonId": "0x41285",
      "TerminalSessionId": 1,
      "IntegrityLevel": "High",
      "MD5": "3BBEE3AC757CA54F33710DF8FB9D47A7",
      "SHA256": "D9E29313D2127FF1983A050D84626765D01682EDB2C1C5D5F209DDA20C3EAB87",
      "IMPHASH": "100938B32F577E925618EA395A8C469B",
      "Hashes": "MD5=3BBEE3AC757CA54F33710DF8FB9D47A7,SHA256=D9E29313D2127FF1983A050D84626765D01682EDB2C1C5D5F209DDA20C3EAB87,IMPHASH=100938B32F577E925618EA395A8C469B",
      "ParentProcessGuid": "2A767A6E-7C72-6914-7100-000000001500",
      "ParentProcessId": 4780,
      "ParentImage": "C:\\Windows\\System32\\cmd.exe",
      "ParentCommandLine": "\"C:\\Windows\\System32\\cmd.exe\" /C \"C:\\BUG32\\Kill.bat\"",
      "ParentUser": "DESKTOP-CS6O5DN\\root",
      "OriginalLogfile": "log_lab3.evtx-P0EMDBFI.json"
    },
    {
      "row_id": 2837,
      "Provider_Name": "Microsoft-Windows-Sysmon",
      "Guid": "5770385F-C22A-43E0-BF4C-06F5698FFBD9",
      "EventID": 1,
      "Version": 5,
      "Level": 4,
      "Task": 1,
      "Opcode": 0,
      "Keywords": "0x8000000000000000",
      "SystemTime": "2025-11-12T12:24:19.148595Z",
      "EventRecordID": 3041,
      "ProcessID": 2812,
      "ThreadID": 3496,
      "Channel": "Microsoft-Windows-Sysmon/Operational",
      "Computer": "DESKTOP-CS6O5DN",
      "UserID": "S-1-5-18",
      "RuleName": "-",
      "UtcTime": "2025-11-12 12:24:19.148",
      "ProcessGuid": "2A767A6E-7C73-6914-8000-000000001500",
      "Image": "C:\\Windows\\System32\\taskkill.exe",
      "FileVersion": "10.0.18362.1 (WinBuild.160101.0800)",
      "Description": "Terminates Processes",
      "Product": "Microsoft® Windows® Operating System",
      "Company": "Microsoft Corporation",
      "OriginalFileName": "taskkill.exe",
      "CommandLine": "taskkill  /f /im regedit.exe",
      "CurrentDirectory": "C:\\Windows\\system32\\",
      "User": "DESKTOP-CS6O5DN\\root",
      "LogonGuid": "2A767A6E-7C5A-6914-8512-040000000000",
      "LogonId": "0x41285",
      "TerminalSessionId": 1,
      "IntegrityLevel": "High",
      "MD5": "3BBEE3AC757CA54F33710DF8FB9D47A7",
      "SHA256": "D9E29313D2127FF1983A050D84626765D01682EDB2C1C5D5F209DDA20C3EAB87",
      "IMPHASH": "100938B32F577E925618EA395A8C469B",
      "Hashes": "MD5=3BBEE3AC757CA54F33710DF8FB9D47A7,SHA256=D9E29313D2127FF1983A050D84626765D01682EDB2C1C5D5F209DDA20C3EAB87,IMPHASH=100938B32F577E925618EA395A8C469B",
      "ParentProcessGuid": "2A767A6E-7C72-6914-7100-000000001500",
      "ParentProcessId": 4780,
      "ParentImage": "C:\\Windows\\System32\\cmd.exe",
      "ParentCommandLine": "\"C:\\Windows\\System32\\cmd.exe\" /C \"C:\\BUG32\\Kill.bat\"",
      "ParentUser": "DESKTOP-CS6O5DN\\root",
      "OriginalLogfile": "log_lab3.evtx-P0EMDBFI.json"
    },
    {
      "row_id": 2857,
      "Provider_Name": "Microsoft-Windows-Sysmon",
      "Guid": "5770385F-C22A-43E0-BF4C-06F5698FFBD9",
      "EventID": 1,
      "Version": 5,
      "Level": 4,
      "Task": 1,
      "Opcode": 0,
      "Keywords": "0x8000000000000000",
      "SystemTime": "2025-11-12T12:24:30.461745Z",
      "EventRecordID": 3061,
      "ProcessID": 2812,
      "ThreadID": 3496,
      "Channel": "Microsoft-Windows-Sysmon/Operational",
      "Computer": "DESKTOP-CS6O5DN",
      "UserID": "S-1-5-18",
      "RuleName": "-",
      "UtcTime": "2025-11-12 12:24:30.460",
      "ProcessGuid": "2A767A6E-7C7E-6914-8B00-000000001500",
      "Image": "C:\\Windows\\System32\\taskkill.exe",
      "FileVersion": "10.0.18362.1 (WinBuild.160101.0800)",
      "Description": "Terminates Processes",
      "Product": "Microsoft® Windows® Operating System",
      "Company": "Microsoft Corporation",
      "OriginalFileName": "taskkill.exe",
      "CommandLine": "taskkill  /f /im chrome.exe",
      "CurrentDirectory": "C:\\Windows\\system32\\",
      "User": "DESKTOP-CS6O5DN\\root",
      "LogonGuid": "2A767A6E-7C5A-6914-8512-040000000000",
      "LogonId": "0x41285",
      "TerminalSessionId": 1,
      "IntegrityLevel": "High",
      "MD5": "3BBEE3AC757CA54F33710DF8FB9D47A7",
      "SHA256": "D9E29313D2127FF1983A050D84626765D01682EDB2C1C5D5F209DDA20C3EAB87",
      "IMPHASH": "100938B32F577E925618EA395A8C469B",
      "Hashes": "MD5=3BBEE3AC757CA54F33710DF8FB9D47A7,SHA256=D9E29313D2127FF1983A050D84626765D01682EDB2C1C5D5F209DDA20C3EAB87,IMPHASH=100938B32F577E925618EA395A8C469B",
      "ParentProcessGuid": "2A767A6E-7C7E-6914-8900-000000001500",
      "ParentProcessId": 5540,
      "ParentImage": "C:\\Windows\\System32\\cmd.exe",
      "ParentCommandLine": "\"C:\\Windows\\System32\\cmd.exe\" /C \"C:\\BUG32\\Kill.bat\"",
      "ParentUser": "DESKTOP-CS6O5DN\\root",
      "OriginalLogfile": "log_lab3.evtx-P0EMDBFI.json"
    },
    {
      "row_id": 2858,
      "Provider_Name": "Microsoft-Windows-Sysmon",
      "Guid": "5770385F-C22A-43E0-BF4C-06F5698FFBD9",
      "EventID": 1,
      "Version": 5,
      "Level": 4,
      "Task": 1,
      "Opcode": 0,
      "Keywords": "0x8000000000000000",
      "SystemTime": "2025-11-12T12:24:30.490928Z",
      "EventRecordID": 3062,
      "ProcessID": 2812,
      "ThreadID": 3496,
      "Channel": "Microsoft-Windows-Sysmon/Operational",
      "Computer": "DESKTOP-CS6O5DN",
      "UserID": "S-1-5-18",
      "RuleName": "-",
      "UtcTime": "2025-11-12 12:24:30.490",
      "ProcessGuid": "2A767A6E-7C7E-6914-8C00-000000001500",
      "Image": "C:\\Windows\\System32\\taskkill.exe",
      "FileVersion": "10.0.18362.1 (WinBuild.160101.0800)",
      "Description": "Terminates Processes",
      "Product": "Microsoft® Windows® Operating System",
      "Company": "Microsoft Corporation",
      "OriginalFileName": "taskkill.exe",
      "CommandLine": "taskkill  /f /im opera.exe",
      "CurrentDirectory": "C:\\Windows\\system32\\",
      "User": "DESKTOP-CS6O5DN\\root",
      "LogonGuid": "2A767A6E-7C5A-6914-8512-040000000000",
      "LogonId": "0x41285",
      "TerminalSessionId": 1,
      "IntegrityLevel": "High",
      "MD5": "3BBEE3AC757CA54F33710DF8FB9D47A7",
      "SHA256": "D9E29313D2127FF1983A050D84626765D01682EDB2C1C5D5F209DDA20C3EAB87",
      "IMPHASH": "100938B32F577E925618EA395A8C469B",
      "Hashes": "MD5=3BBEE3AC757CA54F33710DF8FB9D47A7,SHA256=D9E29313D2127FF1983A050D84626765D01682EDB2C1C5D5F209DDA20C3EAB87,IMPHASH=100938B32F577E925618EA395A8C469B",
      "ParentProcessGuid": "2A767A6E-7C7E-6914-8900-000000001500",
      "ParentProcessId": 5540,
      "ParentImage": "C:\\Windows\\System32\\cmd.exe",
      "ParentCommandLine": "\"C:\\Windows\\System32\\cmd.exe\" /C \"C:\\BUG32\\Kill.bat\"",
      "ParentUser": "DESKTOP-CS6O5DN\\root",
      "OriginalLogfile": "log_lab3.evtx-P0EMDBFI.json"
    },
    {
      "row_id": 2859,
      "Provider_Name": "Microsoft-Windows-Sysmon",
      "Guid": "5770385F-C22A-43E0-BF4C-06F5698FFBD9",
      "EventID": 1,
      "Version": 5,
      "Level": 4,
      "Task": 1,
      "Opcode": 0,
      "Keywords": "0x8000000000000000",
      "SystemTime": "2025-11-12T12:24:30.516216Z",
      "EventRecordID": 3063,
      "ProcessID": 2812,
      "ThreadID": 3496,
      "Channel": "Microsoft-Windows-Sysmon/Operational",
      "Computer": "DESKTOP-CS6O5DN",
      "UserID": "S-1-5-18",
      "RuleName": "-",
      "UtcTime": "2025-11-12 12:24:30.515",
      "ProcessGuid": "2A767A6E-7C7E-6914-8D00-000000001500",
      "Image": "C:\\Windows\\System32\\taskkill.exe",
      "FileVersion": "10.0.18362.1 (WinBuild.160101.0800)",
      "Description": "Terminates Processes",
      "Product": "Microsoft® Windows® Operating System",
      "Company": "Microsoft Corporation",
      "OriginalFileName": "taskkill.exe",
      "CommandLine": "taskkill  /f /im iexplore.exe",
      "CurrentDirectory": "C:\\Windows\\system32\\",
      "User": "DESKTOP-CS6O5DN\\root",
      "LogonGuid": "2A767A6E-7C5A-6914-8512-040000000000",
      "LogonId": "0x41285",
      "TerminalSessionId": 1,
      "IntegrityLevel": "High",
      "MD5": "3BBEE3AC757CA54F33710DF8FB9D47A7",
      "SHA256": "D9E29313D2127FF1983A050D84626765D01682EDB2C1C5D5F209DDA20C3EAB87",
      "IMPHASH": "100938B32F577E925618EA395A8C469B",
      "Hashes": "MD5=3BBEE3AC757CA54F33710DF8FB9D47A7,SHA256=D9E29313D2127FF1983A050D84626765D01682EDB2C1C5D5F209DDA20C3EAB87,IMPHASH=100938B32F577E925618EA395A8C469B",
      "ParentProcessGuid": "2A767A6E-7C7E-6914-8900-000000001500",
      "ParentProcessId": 5540,
      "ParentImage": "C:\\Windows\\System32\\cmd.exe",
      "ParentCommandLine": "\"C:\\Windows\\System32\\cmd.exe\" /C \"C:\\BUG32\\Kill.bat\"",
      "ParentUser": "DESKTOP-CS6O5DN\\root",
      "OriginalLogfile": "log_lab3.evtx-P0EMDBFI.json"
    },
    {
      "row_id": 2860,
      "Provider_Name": "Microsoft-Windows-Sysmon",
      "Guid": "5770385F-C22A-43E0-BF4C-06F5698FFBD9",
      "EventID": 1,
      "Version": 5,
      "Level": 4,
      "Task": 1,
      "Opcode": 0,
      "Keywords": "0x8000000000000000",
      "SystemTime": "2025-11-12T12:24:30.541356Z",
      "EventRecordID": 3064,
      "ProcessID": 2812,
      "ThreadID": 3496,
      "Channel": "Microsoft-Windows-Sysmon/Operational",
      "Computer": "DESKTOP-CS6O5DN",
      "UserID": "S-1-5-18",
      "RuleName": "-",
      "UtcTime": "2025-11-12 12:24:30.540",
      "ProcessGuid": "2A767A6E-7C7E-6914-8E00-000000001500",
      "Image": "C:\\Windows\\System32\\taskkill.exe",
      "FileVersion": "10.0.18362.1 (WinBuild.160101.0800)",
      "Description": "Terminates Processes",
      "Product": "Microsoft® Windows® Operating System",
      "Company": "Microsoft Corporation",
      "OriginalFileName": "taskkill.exe",
      "CommandLine": "taskkill  /f /im msedge.exe",
      "CurrentDirectory": "C:\\Windows\\system32\\",
      "User": "DESKTOP-CS6O5DN\\root",
      "LogonGuid": "2A767A6E-7C5A-6914-8512-040000000000",
      "LogonId": "0x41285",
      "TerminalSessionId": 1,
      "IntegrityLevel": "High",
      "MD5": "3BBEE3AC757CA54F33710DF8FB9D47A7",
      "SHA256": "D9E29313D2127FF1983A050D84626765D01682EDB2C1C5D5F209DDA20C3EAB87",
      "IMPHASH": "100938B32F577E925618EA395A8C469B",
      "Hashes": "MD5=3BBEE3AC757CA54F33710DF8FB9D47A7,SHA256=D9E29313D2127FF1983A050D84626765D01682EDB2C1C5D5F209DDA20C3EAB87,IMPHASH=100938B32F577E925618EA395A8C469B",
      "ParentProcessGuid": "2A767A6E-7C7E-6914-8900-000000001500",
      "ParentProcessId": 5540,
      "ParentImage": "C:\\Windows\\System32\\cmd.exe",
      "ParentCommandLine": "\"C:\\Windows\\System32\\cmd.exe\" /C \"C:\\BUG32\\Kill.bat\"",
      "ParentUser": "DESKTOP-CS6O5DN\\root",
      "OriginalLogfile": "log_lab3.evtx-P0EMDBFI.json"
    },
    {
      "row_id": 2861,
      "Provider_Name": "Microsoft-Windows-Sysmon",
      "Guid": "5770385F-C22A-43E0-BF4C-06F5698FFBD9",
      "EventID": 1,
      "Version": 5,
      "Level": 4,
      "Task": 1,
      "Opcode": 0,
      "Keywords": "0x8000000000000000",
      "SystemTime": "2025-11-12T12:24:30.566112Z",
      "EventRecordID": 3065,
      "ProcessID": 2812,
      "ThreadID": 3496,
      "Channel": "Microsoft-Windows-Sysmon/Operational",
      "Computer": "DESKTOP-CS6O5DN",
      "UserID": "S-1-5-18",
      "RuleName": "-",
      "UtcTime": "2025-11-12 12:24:30.565",
      "ProcessGuid": "2A767A6E-7C7E-6914-8F00-000000001500",
      "Image": "C:\\Windows\\System32\\taskkill.exe",
      "FileVersion": "10.0.18362.1 (WinBuild.160101.0800)",
      "Description": "Terminates Processes",
      "Product": "Microsoft® Windows® Operating System",
      "Company": "Microsoft Corporation",
      "OriginalFileName": "taskkill.exe",
      "CommandLine": "taskkill  /f /im microsoftedge.exe",
      "CurrentDirectory": "C:\\Windows\\system32\\",
      "User": "DESKTOP-CS6O5DN\\root",
      "LogonGuid": "2A767A6E-7C5A-6914-8512-040000000000",
      "LogonId": "0x41285",
      "TerminalSessionId": 1,
      "IntegrityLevel": "High",
      "MD5": "3BBEE3AC757CA54F33710DF8FB9D47A7",
      "SHA256": "D9E29313D2127FF1983A050D84626765D01682EDB2C1C5D5F209DDA20C3EAB87",
      "IMPHASH": "100938B32F577E925618EA395A8C469B",
      "Hashes": "MD5=3BBEE3AC757CA54F33710DF8FB9D47A7,SHA256=D9E29313D2127FF1983A050D84626765D01682EDB2C1C5D5F209DDA20C3EAB87,IMPHASH=100938B32F577E925618EA395A8C469B",
      "ParentProcessGuid": "2A767A6E-7C7E-6914-8900-000000001500",
      "ParentProcessId": 5540,
      "ParentImage": "C:\\Windows\\System32\\cmd.exe",
      "ParentCommandLine": "\"C:\\Windows\\System32\\cmd.exe\" /C \"C:\\BUG32\\Kill.bat\"",
      "ParentUser": "DESKTOP-CS6O5DN\\root",
      "OriginalLogfile": "log_lab3.evtx-P0EMDBFI.json"
    },
    {
      "row_id": 2862,
      "Provider_Name": "Microsoft-Windows-Sysmon",
      "Guid": "5770385F-C22A-43E0-BF4C-06F5698FFBD9",
      "EventID": 1,
      "Version": 5,
      "Level": 4,
      "Task": 1,
      "Opcode": 0,
      "Keywords": "0x8000000000000000",
      "SystemTime": "2025-11-12T12:24:30.593266Z",
      "EventRecordID": 3066,
      "ProcessID": 2812,
      "ThreadID": 3496,
      "Channel": "Microsoft-Windows-Sysmon/Operational",
      "Computer": "DESKTOP-CS6O5DN",
      "UserID": "S-1-5-18",
      "RuleName": "-",
      "UtcTime": "2025-11-12 12:24:30.592",
      "ProcessGuid": "2A767A6E-7C7E-6914-9100-000000001500",
      "Image": "C:\\Windows\\System32\\taskkill.exe",
      "FileVersion": "10.0.18362.1 (WinBuild.160101.0800)",
      "Description": "Terminates Processes",
      "Product": "Microsoft® Windows® Operating System",
      "Company": "Microsoft Corporation",
      "OriginalFileName": "taskkill.exe",
      "CommandLine": "taskkill  /f /im notepad.exe",
      "CurrentDirectory": "C:\\Windows\\system32\\",
      "User": "DESKTOP-CS6O5DN\\root",
      "LogonGuid": "2A767A6E-7C5A-6914-8512-040000000000",
      "LogonId": "0x41285",
      "TerminalSessionId": 1,
      "IntegrityLevel": "High",
      "MD5": "3BBEE3AC757CA54F33710DF8FB9D47A7",
      "SHA256": "D9E29313D2127FF1983A050D84626765D01682EDB2C1C5D5F209DDA20C3EAB87",
      "IMPHASH": "100938B32F577E925618EA395A8C469B",
      "Hashes": "MD5=3BBEE3AC757CA54F33710DF8FB9D47A7,SHA256=D9E29313D2127FF1983A050D84626765D01682EDB2C1C5D5F209DDA20C3EAB87,IMPHASH=100938B32F577E925618EA395A8C469B",
      "ParentProcessGuid": "2A767A6E-7C7E-6914-8900-000000001500",
      "ParentProcessId": 5540,
      "ParentImage": "C:\\Windows\\System32\\cmd.exe",
      "ParentCommandLine": "\"C:\\Windows\\System32\\cmd.exe\" /C \"C:\\BUG32\\Kill.bat\"",
      "ParentUser": "DESKTOP-CS6O5DN\\root",
      "OriginalLogfile": "log_lab3.evtx-P0EMDBFI.json"
    },
    {
      "row_id": 2863,
      "Provider_Name": "Microsoft-Windows-Sysmon",
      "Guid": "5770385F-C22A-43E0-BF4C-06F5698FFBD9",
      "EventID": 1,
      "Version": 5,
      "Level": 4,
      "Task": 1,
      "Opcode": 0,
      "Keywords": "0x8000000000000000",
      "SystemTime": "2025-11-12T12:24:30.636029Z",
      "EventRecordID": 3067,
      "ProcessID": 2812,
      "ThreadID": 3496,
      "Channel": "Microsoft-Windows-Sysmon/Operational",
      "Computer": "DESKTOP-CS6O5DN",
      "UserID": "S-1-5-18",
      "RuleName": "-",
      "UtcTime": "2025-11-12 12:24:30.635",
      "ProcessGuid": "2A767A6E-7C7E-6914-9200-000000001500",
      "Image": "C:\\Windows\\System32\\taskkill.exe",
      "FileVersion": "10.0.18362.1 (WinBuild.160101.0800)",
      "Description": "Terminates Processes",
      "Product": "Microsoft® Windows® Operating System",
      "Company": "Microsoft Corporation",
      "OriginalFileName": "taskkill.exe",
      "CommandLine": "taskkill  /f /im firefox.exe",
      "CurrentDirectory": "C:\\Windows\\system32\\",
      "User": "DESKTOP-CS6O5DN\\root",
      "LogonGuid": "2A767A6E-7C5A-6914-8512-040000000000",
      "LogonId": "0x41285",
      "TerminalSessionId": 1,
      "IntegrityLevel": "High",
      "MD5": "3BBEE3AC757CA54F33710DF8FB9D47A7",
      "SHA256": "D9E29313D2127FF1983A050D84626765D01682EDB2C1C5D5F209DDA20C3EAB87",
      "IMPHASH": "100938B32F577E925618EA395A8C469B",
      "Hashes": "MD5=3BBEE3AC757CA54F33710DF8FB9D47A7,SHA256=D9E29313D2127FF1983A050D84626765D01682EDB2C1C5D5F209DDA20C3EAB87,IMPHASH=100938B32F577E925618EA395A8C469B",
      "ParentProcessGuid": "2A767A6E-7C7E-6914-8900-000000001500",
      "ParentProcessId": 5540,
      "ParentImage": "C:\\Windows\\System32\\cmd.exe",
      "ParentCommandLine": "\"C:\\Windows\\System32\\cmd.exe\" /C \"C:\\BUG32\\Kill.bat\"",
      "ParentUser": "DESKTOP-CS6O5DN\\root",
      "OriginalLogfile": "log_lab3.evtx-P0EMDBFI.json"
    },
    {
      "row_id": 2865,
      "Provider_Name": "Microsoft-Windows-Sysmon",
      "Guid": "5770385F-C22A-43E0-BF4C-06F5698FFBD9",
      "EventID": 1,
      "Version": 5,
      "Level": 4,
      "Task": 1,
      "Opcode": 0,
      "Keywords": "0x8000000000000000",
      "SystemTime": "2025-11-12T12:24:30.668041Z",
      "EventRecordID": 3069,
      "ProcessID": 2812,
      "ThreadID": 3496,
      "Channel": "Microsoft-Windows-Sysmon/Operational",
      "Computer": "DESKTOP-CS6O5DN",
      "UserID": "S-1-5-18",
      "RuleName": "-",
      "UtcTime": "2025-11-12 12:24:30.667",
      "ProcessGuid": "2A767A6E-7C7E-6914-9300-000000001500",
      "Image": "C:\\Windows\\System32\\taskkill.exe",
      "FileVersion": "10.0.18362.1 (WinBuild.160101.0800)",
      "Description": "Terminates Processes",
      "Product": "Microsoft® Windows® Operating System",
      "Company": "Microsoft Corporation",
      "OriginalFileName": "taskkill.exe",
      "CommandLine": "taskkill  /f /im mspaint.exe",
      "CurrentDirectory": "C:\\Windows\\system32\\",
      "User": "DESKTOP-CS6O5DN\\root",
      "LogonGuid": "2A767A6E-7C5A-6914-8512-040000000000",
      "LogonId": "0x41285",
      "TerminalSessionId": 1,
      "IntegrityLevel": "High",
      "MD5": "3BBEE3AC757CA54F33710DF8FB9D47A7",
      "SHA256": "D9E29313D2127FF1983A050D84626765D01682EDB2C1C5D5F209DDA20C3EAB87",
      "IMPHASH": "100938B32F577E925618EA395A8C469B",
      "Hashes": "MD5=3BBEE3AC757CA54F33710DF8FB9D47A7,SHA256=D9E29313D2127FF1983A050D84626765D01682EDB2C1C5D5F209DDA20C3EAB87,IMPHASH=100938B32F577E925618EA395A8C469B",
      "ParentProcessGuid": "2A767A6E-7C7E-6914-8900-000000001500",
      "ParentProcessId": 5540,
      "ParentImage": "C:\\Windows\\System32\\cmd.exe",
      "ParentCommandLine": "\"C:\\Windows\\System32\\cmd.exe\" /C \"C:\\BUG32\\Kill.bat\"",
      "ParentUser": "DESKTOP-CS6O5DN\\root",
      "OriginalLogfile": "log_lab3.evtx-P0EMDBFI.json"
    },
    {
      "row_id": 2866,
      "Provider_Name": "Microsoft-Windows-Sysmon",
      "Guid": "5770385F-C22A-43E0-BF4C-06F5698FFBD9",
      "EventID": 1,
      "Version": 5,
      "Level": 4,
      "Task": 1,
      "Opcode": 0,
      "Keywords": "0x8000000000000000",
      "SystemTime": "2025-11-12T12:24:30.708670Z",
      "EventRecordID": 3070,
      "ProcessID": 2812,
      "ThreadID": 3496,
      "Channel": "Microsoft-Windows-Sysmon/Operational",
      "Computer": "DESKTOP-CS6O5DN",
      "UserID": "S-1-5-18",
      "RuleName": "-",
      "UtcTime": "2025-11-12 12:24:30.707",
      "ProcessGuid": "2A767A6E-7C7E-6914-9400-000000001500",
      "Image": "C:\\Windows\\System32\\taskkill.exe",
      "FileVersion": "10.0.18362.1 (WinBuild.160101.0800)",
      "Description": "Terminates Processes",
      "Product": "Microsoft® Windows® Operating System",
      "Company": "Microsoft Corporation",
      "OriginalFileName": "taskkill.exe",
      "CommandLine": "taskkill  /f /im skype.exe",
      "CurrentDirectory": "C:\\Windows\\system32\\",
      "User": "DESKTOP-CS6O5DN\\root",
      "LogonGuid": "2A767A6E-7C5A-6914-8512-040000000000",
      "LogonId": "0x41285",
      "TerminalSessionId": 1,
      "IntegrityLevel": "High",
      "MD5": "3BBEE3AC757CA54F33710DF8FB9D47A7",
      "SHA256": "D9E29313D2127FF1983A050D84626765D01682EDB2C1C5D5F209DDA20C3EAB87",
      "IMPHASH": "100938B32F577E925618EA395A8C469B",
      "Hashes": "MD5=3BBEE3AC757CA54F33710DF8FB9D47A7,SHA256=D9E29313D2127FF1983A050D84626765D01682EDB2C1C5D5F209DDA20C3EAB87,IMPHASH=100938B32F577E925618EA395A8C469B",
      "ParentProcessGuid": "2A767A6E-7C7E-6914-8900-000000001500",
      "ParentProcessId": 5540,
      "ParentImage": "C:\\Windows\\System32\\cmd.exe",
      "ParentCommandLine": "\"C:\\Windows\\System32\\cmd.exe\" /C \"C:\\BUG32\\Kill.bat\"",
      "ParentUser": "DESKTOP-CS6O5DN\\root",
      "OriginalLogfile": "log_lab3.evtx-P0EMDBFI.json"
    },
    {
      "row_id": 2867,
      "Provider_Name": "Microsoft-Windows-Sysmon",
      "Guid": "5770385F-C22A-43E0-BF4C-06F5698FFBD9",
      "EventID": 1,
      "Version": 5,
      "Level": 4,
      "Task": 1,
      "Opcode": 0,
      "Keywords": "0x8000000000000000",
      "SystemTime": "2025-11-12T12:24:30.745793Z",
      "EventRecordID": 3071,
      "ProcessID": 2812,
      "ThreadID": 3496,
      "Channel": "Microsoft-Windows-Sysmon/Operational",
      "Computer": "DESKTOP-CS6O5DN",
      "UserID": "S-1-5-18",
      "RuleName": "-",
      "UtcTime": "2025-11-12 12:24:30.745",
      "ProcessGuid": "2A767A6E-7C7E-6914-9500-000000001500",
      "Image": "C:\\Windows\\System32\\taskkill.exe",
      "FileVersion": "10.0.18362.1 (WinBuild.160101.0800)",
      "Description": "Terminates Processes",
      "Product": "Microsoft® Windows® Operating System",
      "Company": "Microsoft Corporation",
      "OriginalFileName": "taskkill.exe",
      "CommandLine": "taskkill  /f /im bing.exe",
      "CurrentDirectory": "C:\\Windows\\system32\\",
      "User": "DESKTOP-CS6O5DN\\root",
      "LogonGuid": "2A767A6E-7C5A-6914-8512-040000000000",
      "LogonId": "0x41285",
      "TerminalSessionId": 1,
      "IntegrityLevel": "High",
      "MD5": "3BBEE3AC757CA54F33710DF8FB9D47A7",
      "SHA256": "D9E29313D2127FF1983A050D84626765D01682EDB2C1C5D5F209DDA20C3EAB87",
      "IMPHASH": "100938B32F577E925618EA395A8C469B",
      "Hashes": "MD5=3BBEE3AC757CA54F33710DF8FB9D47A7,SHA256=D9E29313D2127FF1983A050D84626765D01682EDB2C1C5D5F209DDA20C3EAB87,IMPHASH=100938B32F577E925618EA395A8C469B",
      "ParentProcessGuid": "2A767A6E-7C7E-6914-8900-000000001500",
      "ParentProcessId": 5540,
      "ParentImage": "C:\\Windows\\System32\\cmd.exe",
      "ParentCommandLine": "\"C:\\Windows\\System32\\cmd.exe\" /C \"C:\\BUG32\\Kill.bat\"",
      "ParentUser": "DESKTOP-CS6O5DN\\root",
      "OriginalLogfile": "log_lab3.evtx-P0EMDBFI.json"
    },
    {
      "row_id": 2868,
      "Provider_Name": "Microsoft-Windows-Sysmon",
      "Guid": "5770385F-C22A-43E0-BF4C-06F5698FFBD9",
      "EventID": 1,
      "Version": 5,
      "Level": 4,
      "Task": 1,
      "Opcode": 0,
      "Keywords": "0x8000000000000000",
      "SystemTime": "2025-11-12T12:24:30.775190Z",
      "EventRecordID": 3072,
      "ProcessID": 2812,
      "ThreadID": 3496,
      "Channel": "Microsoft-Windows-Sysmon/Operational",
      "Computer": "DESKTOP-CS6O5DN",
      "UserID": "S-1-5-18",
      "RuleName": "-",
      "UtcTime": "2025-11-12 12:24:30.774",
      "ProcessGuid": "2A767A6E-7C7E-6914-9600-000000001500",
      "Image": "C:\\Windows\\System32\\taskkill.exe",
      "FileVersion": "10.0.18362.1 (WinBuild.160101.0800)",
      "Description": "Terminates Processes",
      "Product": "Microsoft® Windows® Operating System",
      "Company": "Microsoft Corporation",
      "OriginalFileName": "taskkill.exe",
      "CommandLine": "taskkill  /f /im eset.exe",
      "CurrentDirectory": "C:\\Windows\\system32\\",
      "User": "DESKTOP-CS6O5DN\\root",
      "LogonGuid": "2A767A6E-7C5A-6914-8512-040000000000",
      "LogonId": "0x41285",
      "TerminalSessionId": 1,
      "IntegrityLevel": "High",
      "MD5": "3BBEE3AC757CA54F33710DF8FB9D47A7",
      "SHA256": "D9E29313D2127FF1983A050D84626765D01682EDB2C1C5D5F209DDA20C3EAB87",
      "IMPHASH": "100938B32F577E925618EA395A8C469B",
      "Hashes": "MD5=3BBEE3AC757CA54F33710DF8FB9D47A7,SHA256=D9E29313D2127FF1983A050D84626765D01682EDB2C1C5D5F209DDA20C3EAB87,IMPHASH=100938B32F577E925618EA395A8C469B",
      "ParentProcessGuid": "2A767A6E-7C7E-6914-8900-000000001500",
      "ParentProcessId": 5540,
      "ParentImage": "C:\\Windows\\System32\\cmd.exe",
      "ParentCommandLine": "\"C:\\Windows\\System32\\cmd.exe\" /C \"C:\\BUG32\\Kill.bat\"",
      "ParentUser": "DESKTOP-CS6O5DN\\root",
      "OriginalLogfile": "log_lab3.evtx-P0EMDBFI.json"
    },
