[{
  "title": "Green Hat",
  "id": "7b9c3d4e-2f5a-4b8c-9d6e-6f2345678902",
  "description": "Detects WMIADAP.EXE modifying performance library registry keys",
  "sigmafile": "",
  "sigma": [
    "SELECT * FROM logs WHERE Image LIKE '%\\\\WMIADAP.EXE' ESCAPE '\\' AND TargetObject LIKE '%Performance%' ESCAPE '\\'"
  ],
  "rule_level": "high",
  "tags": [
    "attack.persistence",
    "attack.t1047"
  ],
  "count": 11,
  "matches": [
    {
      "row_id": 9,
      "Provider_Name": "Microsoft-Windows-Sysmon",
      "Guid": "5770385F-C22A-43E0-BF4C-06F5698FFBD9",
      "EventID": 12,
      "Version": 2,
      "Level": 4,
      "Task": 12,
      "Opcode": 0,
      "Keywords": "0x8000000000000000",
      "SystemTime": "2025-11-12T15:01:37.363625Z",
      "EventRecordID": 446,
      "ProcessID": 2756,
      "ThreadID": 3964,
      "Channel": "Microsoft-Windows-Sysmon/Operational",
      "Computer": "DESKTOP-CS6O5DN",
      "UserID": "S-1-5-18",
      "RuleName": "Suspicious,ImageBeginWithBackslash",
      "UtcTime": "2025-11-12 15:01:37.357",
      "ProcessGuid": "2A767A6E-A0A5-6914-BA00-000000001100",
      "Image": "\\\\?\\C:\\Windows\\system32\\wbem\\WMIADAP.EXE",
      "User": "NT AUTHORITY\\SYSTEM",
      "OriginalLogfile": "log_lab4.evtx-Z0BX9KFQ.json",
      "EventType": "DeleteValue",
      "TargetObject": "HKLM\\System\\CurrentControlSet\\Services\\WmiApRpl\\Performance\\First Counter"
    },
    {
      "row_id": 10,
      "Provider_Name": "Microsoft-Windows-Sysmon",
      "Guid": "5770385F-C22A-43E0-BF4C-06F5698FFBD9",
      "EventID": 12,
      "Version": 2,
      "Level": 4,
      "Task": 12,
      "Opcode": 0,
      "Keywords": "0x8000000000000000",
      "SystemTime": "2025-11-12T15:01:37.363654Z",
      "EventRecordID": 447,
      "ProcessID": 2756,
      "ThreadID": 3964,
      "Channel": "Microsoft-Windows-Sysmon/Operational",
      "Computer": "DESKTOP-CS6O5DN",
      "UserID": "S-1-5-18",
      "RuleName": "Suspicious,ImageBeginWithBackslash",
      "UtcTime": "2025-11-12 15:01:37.357",
      "ProcessGuid": "2A767A6E-A0A5-6914-BA00-000000001100",
      "Image": "\\\\?\\C:\\Windows\\system32\\wbem\\WMIADAP.EXE",
      "User": "NT AUTHORITY\\SYSTEM",
      "OriginalLogfile": "log_lab4.evtx-Z0BX9KFQ.json",
      "EventType": "DeleteValue",
      "TargetObject": "HKLM\\System\\CurrentControlSet\\Services\\WmiApRpl\\Performance\\Last Counter"
    },
    {
      "row_id": 11,
      "Provider_Name": "Microsoft-Windows-Sysmon",
      "Guid": "5770385F-C22A-43E0-BF4C-06F5698FFBD9",
      "EventID": 12,
      "Version": 2,
      "Level": 4,
      "Task": 12,
      "Opcode": 0,
      "Keywords": "0x8000000000000000",
      "SystemTime": "2025-11-12T15:01:37.363681Z",
      "EventRecordID": 448,
      "ProcessID": 2756,
      "ThreadID": 3964,
      "Channel": "Microsoft-Windows-Sysmon/Operational",
      "Computer": "DESKTOP-CS6O5DN",
      "UserID": "S-1-5-18",
      "RuleName": "Suspicious,ImageBeginWithBackslash",
      "UtcTime": "2025-11-12 15:01:37.357",
      "ProcessGuid": "2A767A6E-A0A5-6914-BA00-000000001100",
      "Image": "\\\\?\\C:\\Windows\\system32\\wbem\\WMIADAP.EXE",
      "User": "NT AUTHORITY\\SYSTEM",
      "OriginalLogfile": "log_lab4.evtx-Z0BX9KFQ.json",
      "EventType": "DeleteValue",
      "TargetObject": "HKLM\\System\\CurrentControlSet\\Services\\WmiApRpl\\Performance\\First Help"
    },
    {
      "row_id": 12,
      "Provider_Name": "Microsoft-Windows-Sysmon",
      "Guid": "5770385F-C22A-43E0-BF4C-06F5698FFBD9",
      "EventID": 12,
      "Version": 2,
      "Level": 4,
      "Task": 12,
      "Opcode": 0,
      "Keywords": "0x8000000000000000",
      "SystemTime": "2025-11-12T15:01:37.363707Z",
      "EventRecordID": 449,
      "ProcessID": 2756,
      "ThreadID": 3964,
      "Channel": "Microsoft-Windows-Sysmon/Operational",
      "Computer": "DESKTOP-CS6O5DN",
      "UserID": "S-1-5-18",
      "RuleName": "Suspicious,ImageBeginWithBackslash",
      "UtcTime": "2025-11-12 15:01:37.357",
      "ProcessGuid": "2A767A6E-A0A5-6914-BA00-000000001100",
      "Image": "\\\\?\\C:\\Windows\\system32\\wbem\\WMIADAP.EXE",
      "User": "NT AUTHORITY\\SYSTEM",
      "OriginalLogfile": "log_lab4.evtx-Z0BX9KFQ.json",
      "EventType": "DeleteValue",
      "TargetObject": "HKLM\\System\\CurrentControlSet\\Services\\WmiApRpl\\Performance\\Last Help"
    },
    {
      "row_id": 13,
      "Provider_Name": "Microsoft-Windows-Sysmon",
      "Guid": "5770385F-C22A-43E0-BF4C-06F5698FFBD9",
      "EventID": 12,
      "Version": 2,
      "Level": 4,
      "Task": 12,
      "Opcode": 0,
      "Keywords": "0x8000000000000000",
      "SystemTime": "2025-11-12T15:01:37.363738Z",
      "EventRecordID": 450,
      "ProcessID": 2756,
      "ThreadID": 3964,
      "Channel": "Microsoft-Windows-Sysmon/Operational",
      "Computer": "DESKTOP-CS6O5DN",
      "UserID": "S-1-5-18",
      "RuleName": "Suspicious,ImageBeginWithBackslash",
      "UtcTime": "2025-11-12 15:01:37.357",
      "ProcessGuid": "2A767A6E-A0A5-6914-BA00-000000001100",
      "Image": "\\\\?\\C:\\Windows\\system32\\wbem\\WMIADAP.EXE",
      "User": "NT AUTHORITY\\SYSTEM",
      "OriginalLogfile": "log_lab4.evtx-Z0BX9KFQ.json",
      "EventType": "DeleteValue",
      "TargetObject": "HKLM\\System\\CurrentControlSet\\Services\\WmiApRpl\\Performance\\Object List"
    },
    {
      "row_id": 15,
      "Provider_Name": "Microsoft-Windows-Sysmon",
      "Guid": "5770385F-C22A-43E0-BF4C-06F5698FFBD9",
      "EventID": 13,
      "Version": 2,
      "Level": 4,
      "Task": 13,
      "Opcode": 0,
      "Keywords": "0x8000000000000000",
      "SystemTime": "2025-11-12T15:01:37.367810Z",
      "EventRecordID": 452,
      "ProcessID": 2756,
      "ThreadID": 3964,
      "Channel": "Microsoft-Windows-Sysmon/Operational",
      "Computer": "DESKTOP-CS6O5DN",
      "UserID": "S-1-5-18",
      "RuleName": "Suspicious,ImageBeginWithBackslash",
      "UtcTime": "2025-11-12 15:01:37.357",
      "ProcessGuid": "2A767A6E-A0A5-6914-BA00-000000001100",
      "Image": "\\\\?\\C:\\Windows\\system32\\wbem\\WMIADAP.EXE",
      "User": "NT AUTHORITY\\SYSTEM",
      "OriginalLogfile": "log_lab4.evtx-Z0BX9KFQ.json",
      "EventType": "SetValue",
      "TargetObject": "HKLM\\System\\CurrentControlSet\\Services\\WmiApRpl\\Performance\\PerfIniFile",
      "Details": "WmiApRpl.ini"
    },
    {
      "row_id": 19,
      "Provider_Name": "Microsoft-Windows-Sysmon",
      "Guid": "5770385F-C22A-43E0-BF4C-06F5698FFBD9",
      "EventID": 13,
      "Version": 2,
      "Level": 4,
      "Task": 13,
      "Opcode": 0,
      "Keywords": "0x8000000000000000",
      "SystemTime": "2025-11-12T15:01:37.517715Z",
      "EventRecordID": 456,
      "ProcessID": 2756,
      "ThreadID": 3964,
      "Channel": "Microsoft-Windows-Sysmon/Operational",
      "Computer": "DESKTOP-CS6O5DN",
      "UserID": "S-1-5-18",
      "RuleName": "Suspicious,ImageBeginWithBackslash",
      "UtcTime": "2025-11-12 15:01:37.513",
      "ProcessGuid": "2A767A6E-A0A5-6914-BA00-000000001100",
      "Image": "\\\\?\\C:\\Windows\\system32\\wbem\\WMIADAP.EXE",
      "User": "NT AUTHORITY\\SYSTEM",
      "OriginalLogfile": "log_lab4.evtx-Z0BX9KFQ.json",
      "EventType": "SetValue",
      "TargetObject": "HKLM\\System\\CurrentControlSet\\Services\\WmiApRpl\\Performance\\Last Counter",
      "Details": "DWORD (0x0000286e)"
    },
    {
      "row_id": 20,
      "Provider_Name": "Microsoft-Windows-Sysmon",
      "Guid": "5770385F-C22A-43E0-BF4C-06F5698FFBD9",
      "EventID": 13,
      "Version": 2,
      "Level": 4,
      "Task": 13,
      "Opcode": 0,
      "Keywords": "0x8000000000000000",
      "SystemTime": "2025-11-12T15:01:37.517743Z",
      "EventRecordID": 457,
      "ProcessID": 2756,
      "ThreadID": 3964,
      "Channel": "Microsoft-Windows-Sysmon/Operational",
      "Computer": "DESKTOP-CS6O5DN",
      "UserID": "S-1-5-18",
      "RuleName": "Suspicious,ImageBeginWithBackslash",
      "UtcTime": "2025-11-12 15:01:37.513",
      "ProcessGuid": "2A767A6E-A0A5-6914-BA00-000000001100",
      "Image": "\\\\?\\C:\\Windows\\system32\\wbem\\WMIADAP.EXE",
      "User": "NT AUTHORITY\\SYSTEM",
      "OriginalLogfile": "log_lab4.evtx-Z0BX9KFQ.json",
      "EventType": "SetValue",
      "TargetObject": "HKLM\\System\\CurrentControlSet\\Services\\WmiApRpl\\Performance\\Last Help",
      "Details": "DWORD (0x0000286f)"
    },
    {
      "row_id": 21,
      "Provider_Name": "Microsoft-Windows-Sysmon",
      "Guid": "5770385F-C22A-43E0-BF4C-06F5698FFBD9",
      "EventID": 13,
      "Version": 2,
      "Level": 4,
      "Task": 13,
      "Opcode": 0,
      "Keywords": "0x8000000000000000",
      "SystemTime": "2025-11-12T15:01:37.517793Z",
      "EventRecordID": 458,
      "ProcessID": 2756,
      "ThreadID": 3964,
      "Channel": "Microsoft-Windows-Sysmon/Operational",
      "Computer": "DESKTOP-CS6O5DN",
      "UserID": "S-1-5-18",
      "RuleName": "Suspicious,ImageBeginWithBackslash",
      "UtcTime": "2025-11-12 15:01:37.513",
      "ProcessGuid": "2A767A6E-A0A5-6914-BA00-000000001100",
      "Image": "\\\\?\\C:\\Windows\\system32\\wbem\\WMIADAP.EXE",
      "User": "NT AUTHORITY\\SYSTEM",
      "OriginalLogfile": "log_lab4.evtx-Z0BX9KFQ.json",
      "EventType": "SetValue",
      "TargetObject": "HKLM\\System\\CurrentControlSet\\Services\\WmiApRpl\\Performance\\First Counter",
      "Details": "DWORD (0x000027c8)"
    },
    {
      "row_id": 22,
      "Provider_Name": "Microsoft-Windows-Sysmon",
      "Guid": "5770385F-C22A-43E0-BF4C-06F5698FFBD9",
      "EventID": 13,
      "Version": 2,
      "Level": 4,
      "Task": 13,
      "Opcode": 0,
      "Keywords": "0x8000000000000000",
      "SystemTime": "2025-11-12T15:01:37.517821Z",
      "EventRecordID": 459,
      "ProcessID": 2756,
      "ThreadID": 3964,
      "Channel": "Microsoft-Windows-Sysmon/Operational",
      "Computer": "DESKTOP-CS6O5DN",
      "UserID": "S-1-5-18",
      "RuleName": "Suspicious,ImageBeginWithBackslash",
      "UtcTime": "2025-11-12 15:01:37.513",
      "ProcessGuid": "2A767A6E-A0A5-6914-BA00-000000001100",
      "Image": "\\\\?\\C:\\Windows\\system32\\wbem\\WMIADAP.EXE",
      "User": "NT AUTHORITY\\SYSTEM",
      "OriginalLogfile": "log_lab4.evtx-Z0BX9KFQ.json",
      "EventType": "SetValue",
      "TargetObject": "HKLM\\System\\CurrentControlSet\\Services\\WmiApRpl\\Performance\\First Help",
      "Details": "DWORD (0x000027c9)"
    },
    {
      "row_id": 23,
      "Provider_Name": "Microsoft-Windows-Sysmon",
      "Guid": "5770385F-C22A-43E0-BF4C-06F5698FFBD9",
      "EventID": 13,
      "Version": 2,
      "Level": 4,
      "Task": 13,
      "Opcode": 0,
      "Keywords": "0x8000000000000000",
      "SystemTime": "2025-11-12T15:01:37.517848Z",
      "EventRecordID": 460,
      "ProcessID": 2756,
      "ThreadID": 3964,
      "Channel": "Microsoft-Windows-Sysmon/Operational",
      "Computer": "DESKTOP-CS6O5DN",
      "UserID": "S-1-5-18",
      "RuleName": "Suspicious,ImageBeginWithBackslash",
      "UtcTime": "2025-11-12 15:01:37.513",
      "ProcessGuid": "2A767A6E-A0A5-6914-BA00-000000001100",
      "Image": "\\\\?\\C:\\Windows\\system32\\wbem\\WMIADAP.EXE",
      "User": "NT AUTHORITY\\SYSTEM",
      "OriginalLogfile": "log_lab4.evtx-Z0BX9KFQ.json",
      "EventType": "SetValue",
      "TargetObject": "HKLM\\System\\CurrentControlSet\\Services\\WmiApRpl\\Performance\\Object List",
      "Details": "10184 10190 10200 10210 10230 10274 10284 10322 10328 10344"
    }
  ]
}]