    {
      "row_id": 838,
      "Provider_Name": "Microsoft-Windows-Sysmon",
      "Guid": "5770385F-C22A-43E0-BF4C-06F5698FFBD9",
      "EventID": 1,
      "Version": 5,
      "Level": 4,
      "Task": 1,
      "Opcode": 0,
      "Keywords": "0x8000000000000000",
      "SystemTime": "2025-11-12T15:19:15.073987Z",
      "EventRecordID": 1053,
      "ProcessID": 2708,
      "ThreadID": 3384,
      "Channel": "Microsoft-Windows-Sysmon/Operational",
      "Computer": "DESKTOP-CS6O5DN",
      "UserID": "S-1-5-18",
      "RuleName": "-",
      "UtcTime": "2025-11-12 15:19:15.073",
      "ProcessGuid": "2A767A6E-A573-6914-EB01-000000001100",
      "Image": "C:\\Windows\\System32\\taskkill.exe",
      "FileVersion": "10.0.18362.1 (WinBuild.160101.0800)",
      "Description": "Terminates Processes",
      "Product": "Microsoft® Windows® Operating System",
      "Company": "Microsoft Corporation",
      "OriginalFileName": "taskkill.exe",
      "CommandLine": "taskkill  /f /im notepad.exe",
      "CurrentDirectory": "C:\\Windows\\system32\\",
      "User": "DESKTOP-CS6O5DN\\root",
      "LogonGuid": "2A767A6E-A4C3-6914-DF2B-040000000000",
      "LogonId": "0x42bdf",
      "TerminalSessionId": 1,
      "IntegrityLevel": "High",
      "MD5": "3BBEE3AC757CA54F33710DF8FB9D47A7",
      "SHA256": "D9E29313D2127FF1983A050D84626765D01682EDB2C1C5D5F209DDA20C3EAB87",
      "IMPHASH": "100938B32F577E925618EA395A8C469B",
      "Hashes": "MD5=3BBEE3AC757CA54F33710DF8FB9D47A7,SHA256=D9E29313D2127FF1983A050D84626765D01682EDB2C1C5D5F209DDA20C3EAB87,IMPHASH=100938B32F577E925618EA395A8C469B",
      "ParentProcessGuid": "2A767A6E-A572-6914-DF01-000000001100",
      "ParentProcessId": 3112,
      "ParentImage": "C:\\Windows\\System32\\cmd.exe",
      "ParentCommandLine": "\"C:\\Windows\\System32\\cmd.exe\" /C \"C:\\Program Files\\mrsmajor\\DreS_X.bat\"",
      "ParentUser": "DESKTOP-CS6O5DN\\root",
      "OriginalLogfile": "log_lab5.evtx-8JOLIL5A.json"
    },
    {
      "row_id": 839,
      "Provider_Name": "Microsoft-Windows-Sysmon",
      "Guid": "5770385F-C22A-43E0-BF4C-06F5698FFBD9",
      "EventID": 1,
      "Version": 5,
      "Level": 4,
      "Task": 1,
      "Opcode": 0,
      "Keywords": "0x8000000000000000",
      "SystemTime": "2025-11-12T15:19:15.101691Z",
      "EventRecordID": 1054,
      "ProcessID": 2708,
      "ThreadID": 3384,
      "Channel": "Microsoft-Windows-Sysmon/Operational",
      "Computer": "DESKTOP-CS6O5DN",
      "UserID": "S-1-5-18",
      "RuleName": "-",
      "UtcTime": "2025-11-12 15:19:15.101",
      "ProcessGuid": "2A767A6E-A573-6914-EC01-000000001100",
      "Image": "C:\\Windows\\System32\\taskkill.exe",
      "FileVersion": "10.0.18362.1 (WinBuild.160101.0800)",
      "Description": "Terminates Processes",
      "Product": "Microsoft® Windows® Operating System",
      "Company": "Microsoft Corporation",
      "OriginalFileName": "taskkill.exe",
      "CommandLine": "taskkill  /f /im bing.exe",
      "CurrentDirectory": "C:\\Windows\\system32\\",
      "User": "DESKTOP-CS6O5DN\\root",
      "LogonGuid": "2A767A6E-A4C3-6914-DF2B-040000000000",
      "LogonId": "0x42bdf",
      "TerminalSessionId": 1,
      "IntegrityLevel": "High",
      "MD5": "3BBEE3AC757CA54F33710DF8FB9D47A7",
      "SHA256": "D9E29313D2127FF1983A050D84626765D01682EDB2C1C5D5F209DDA20C3EAB87",
      "IMPHASH": "100938B32F577E925618EA395A8C469B",
      "Hashes": "MD5=3BBEE3AC757CA54F33710DF8FB9D47A7,SHA256=D9E29313D2127FF1983A050D84626765D01682EDB2C1C5D5F209DDA20C3EAB87,IMPHASH=100938B32F577E925618EA395A8C469B",
      "ParentProcessGuid": "2A767A6E-A572-6914-DF01-000000001100",
      "ParentProcessId": 3112,
      "ParentImage": "C:\\Windows\\System32\\cmd.exe",
      "ParentCommandLine": "\"C:\\Windows\\System32\\cmd.exe\" /C \"C:\\Program Files\\mrsmajor\\DreS_X.bat\"",
      "ParentUser": "DESKTOP-CS6O5DN\\root",
      "OriginalLogfile": "log_lab5.evtx-8JOLIL5A.json"
    },
    {
      "row_id": 849,
      "Provider_Name": "Microsoft-Windows-Sysmon",
      "Guid": "5770385F-C22A-43E0-BF4C-06F5698FFBD9",
      "EventID": 1,
      "Version": 5,
      "Level": 4,
      "Task": 1,
      "Opcode": 0,
      "Keywords": "0x8000000000000000",
      "SystemTime": "2025-11-12T15:19:22.836048Z",
      "EventRecordID": 1064,
      "ProcessID": 2708,
      "ThreadID": 3384,
      "Channel": "Microsoft-Windows-Sysmon/Operational",
      "Computer": "DESKTOP-CS6O5DN",
      "UserID": "S-1-5-18",
      "RuleName": "-",
      "UtcTime": "2025-11-12 15:19:22.835",
      "ProcessGuid": "2A767A6E-A57A-6914-EF01-000000001100",
      "Image": "C:\\Windows\\System32\\taskkill.exe",
      "FileVersion": "10.0.18362.1 (WinBuild.160101.0800)",
      "Description": "Terminates Processes",
      "Product": "Microsoft® Windows® Operating System",
      "Company": "Microsoft Corporation",
      "OriginalFileName": "taskkill.exe",
      "CommandLine": "taskkill  /f /im chrome.exe",
      "CurrentDirectory": "C:\\Windows\\system32\\",
      "User": "DESKTOP-CS6O5DN\\root",
      "LogonGuid": "2A767A6E-A4C3-6914-DF2B-040000000000",
      "LogonId": "0x42bdf",
      "TerminalSessionId": 1,
      "IntegrityLevel": "High",
      "MD5": "3BBEE3AC757CA54F33710DF8FB9D47A7",
      "SHA256": "D9E29313D2127FF1983A050D84626765D01682EDB2C1C5D5F209DDA20C3EAB87",
      "IMPHASH": "100938B32F577E925618EA395A8C469B",
      "Hashes": "MD5=3BBEE3AC757CA54F33710DF8FB9D47A7,SHA256=D9E29313D2127FF1983A050D84626765D01682EDB2C1C5D5F209DDA20C3EAB87,IMPHASH=100938B32F577E925618EA395A8C469B",
      "ParentProcessGuid": "2A767A6E-A57A-6914-ED01-000000001100",
      "ParentProcessId": 3964,
      "ParentImage": "C:\\Windows\\System32\\cmd.exe",
      "ParentCommandLine": "\"C:\\Windows\\System32\\cmd.exe\" /C \"C:\\Program Files\\mrsmajor\\DreS_X.bat\"",
      "ParentUser": "DESKTOP-CS6O5DN\\root",
      "OriginalLogfile": "log_lab5.evtx-8JOLIL5A.json"
    },
    {
      "row_id": 850,
      "Provider_Name": "Microsoft-Windows-Sysmon",
      "Guid": "5770385F-C22A-43E0-BF4C-06F5698FFBD9",
      "EventID": 1,
      "Version": 5,
      "Level": 4,
      "Task": 1,
      "Opcode": 0,
      "Keywords": "0x8000000000000000",
      "SystemTime": "2025-11-12T15:19:22.862815Z",
      "EventRecordID": 1065,
      "ProcessID": 2708,
      "ThreadID": 3384,
      "Channel": "Microsoft-Windows-Sysmon/Operational",
      "Computer": "DESKTOP-CS6O5DN",
      "UserID": "S-1-5-18",
      "RuleName": "-",
      "UtcTime": "2025-11-12 15:19:22.862",
      "ProcessGuid": "2A767A6E-A57A-6914-F001-000000001100",
      "Image": "C:\\Windows\\System32\\taskkill.exe",
      "FileVersion": "10.0.18362.1 (WinBuild.160101.0800)",
      "Description": "Terminates Processes",
      "Product": "Microsoft® Windows® Operating System",
      "Company": "Microsoft Corporation",
      "OriginalFileName": "taskkill.exe",
      "CommandLine": "taskkill  /f /im taskmgr.exe",
      "CurrentDirectory": "C:\\Windows\\system32\\",
      "User": "DESKTOP-CS6O5DN\\root",
      "LogonGuid": "2A767A6E-A4C3-6914-DF2B-040000000000",
      "LogonId": "0x42bdf",
      "TerminalSessionId": 1,
      "IntegrityLevel": "High",
      "MD5": "3BBEE3AC757CA54F33710DF8FB9D47A7",
      "SHA256": "D9E29313D2127FF1983A050D84626765D01682EDB2C1C5D5F209DDA20C3EAB87",
      "IMPHASH": "100938B32F577E925618EA395A8C469B",
      "Hashes": "MD5=3BBEE3AC757CA54F33710DF8FB9D47A7,SHA256=D9E29313D2127FF1983A050D84626765D01682EDB2C1C5D5F209DDA20C3EAB87,IMPHASH=100938B32F577E925618EA395A8C469B",
      "ParentProcessGuid": "2A767A6E-A57A-6914-ED01-000000001100",
      "ParentProcessId": 3964,
      "ParentImage": "C:\\Windows\\System32\\cmd.exe",
      "ParentCommandLine": "\"C:\\Windows\\System32\\cmd.exe\" /C \"C:\\Program Files\\mrsmajor\\DreS_X.bat\"",
      "ParentUser": "DESKTOP-CS6O5DN\\root",
      "OriginalLogfile": "log_lab5.evtx-8JOLIL5A.json"
    },
    {
      "row_id": 851,
      "Provider_Name": "Microsoft-Windows-Sysmon",
      "Guid": "5770385F-C22A-43E0-BF4C-06F5698FFBD9",
      "EventID": 1,
      "Version": 5,
      "Level": 4,
      "Task": 1,
      "Opcode": 0,
      "Keywords": "0x8000000000000000",
      "SystemTime": "2025-11-12T15:19:22.889925Z",
      "EventRecordID": 1066,
      "ProcessID": 2708,
      "ThreadID": 3384,
      "Channel": "Microsoft-Windows-Sysmon/Operational",
      "Computer": "DESKTOP-CS6O5DN",
      "UserID": "S-1-5-18",
      "RuleName": "-",
      "UtcTime": "2025-11-12 15:19:22.889",
      "ProcessGuid": "2A767A6E-A57A-6914-F101-000000001100",
      "Image": "C:\\Windows\\System32\\taskkill.exe",
      "FileVersion": "10.0.18362.1 (WinBuild.160101.0800)",
      "Description": "Terminates Processes",
      "Product": "Microsoft® Windows® Operating System",
      "Company": "Microsoft Corporation",
      "OriginalFileName": "taskkill.exe",
      "CommandLine": "taskkill  /f /im iexplore.exe",
      "CurrentDirectory": "C:\\Windows\\system32\\",
      "User": "DESKTOP-CS6O5DN\\root",
      "LogonGuid": "2A767A6E-A4C3-6914-DF2B-040000000000",
      "LogonId": "0x42bdf",
      "TerminalSessionId": 1,
      "IntegrityLevel": "High",
      "MD5": "3BBEE3AC757CA54F33710DF8FB9D47A7",
      "SHA256": "D9E29313D2127FF1983A050D84626765D01682EDB2C1C5D5F209DDA20C3EAB87",
      "IMPHASH": "100938B32F577E925618EA395A8C469B",
      "Hashes": "MD5=3BBEE3AC757CA54F33710DF8FB9D47A7,SHA256=D9E29313D2127FF1983A050D84626765D01682EDB2C1C5D5F209DDA20C3EAB87,IMPHASH=100938B32F577E925618EA395A8C469B",
      "ParentProcessGuid": "2A767A6E-A57A-6914-ED01-000000001100",
      "ParentProcessId": 3964,
      "ParentImage": "C:\\Windows\\System32\\cmd.exe",
      "ParentCommandLine": "\"C:\\Windows\\System32\\cmd.exe\" /C \"C:\\Program Files\\mrsmajor\\DreS_X.bat\"",
      "ParentUser": "DESKTOP-CS6O5DN\\root",
      "OriginalLogfile": "log_lab5.evtx-8JOLIL5A.json"
    },
    {
      "row_id": 852,
      "Provider_Name": "Microsoft-Windows-Sysmon",
      "Guid": "5770385F-C22A-43E0-BF4C-06F5698FFBD9",
      "EventID": 1,
      "Version": 5,
      "Level": 4,
      "Task": 1,
      "Opcode": 0,
      "Keywords": "0x8000000000000000",
      "SystemTime": "2025-11-12T15:19:22.916482Z",
      "EventRecordID": 1067,
      "ProcessID": 2708,
      "ThreadID": 3384,
      "Channel": "Microsoft-Windows-Sysmon/Operational",
      "Computer": "DESKTOP-CS6O5DN",
      "UserID": "S-1-5-18",
      "RuleName": "-",
      "UtcTime": "2025-11-12 15:19:22.916",
      "ProcessGuid": "2A767A6E-A57A-6914-F201-000000001100",
      "Image": "C:\\Windows\\System32\\taskkill.exe",
      "FileVersion": "10.0.18362.1 (WinBuild.160101.0800)",
      "Description": "Terminates Processes",
      "Product": "Microsoft® Windows® Operating System",
      "Company": "Microsoft Corporation",
      "OriginalFileName": "taskkill.exe",
      "CommandLine": "taskkill  /f /im opera.exe",
      "CurrentDirectory": "C:\\Windows\\system32\\",
      "User": "DESKTOP-CS6O5DN\\root",
      "LogonGuid": "2A767A6E-A4C3-6914-DF2B-040000000000",
      "LogonId": "0x42bdf",
      "TerminalSessionId": 1,
      "IntegrityLevel": "High",
      "MD5": "3BBEE3AC757CA54F33710DF8FB9D47A7",
      "SHA256": "D9E29313D2127FF1983A050D84626765D01682EDB2C1C5D5F209DDA20C3EAB87",
      "IMPHASH": "100938B32F577E925618EA395A8C469B",
      "Hashes": "MD5=3BBEE3AC757CA54F33710DF8FB9D47A7,SHA256=D9E29313D2127FF1983A050D84626765D01682EDB2C1C5D5F209DDA20C3EAB87,IMPHASH=100938B32F577E925618EA395A8C469B",
      "ParentProcessGuid": "2A767A6E-A57A-6914-ED01-000000001100",
      "ParentProcessId": 3964,
      "ParentImage": "C:\\Windows\\System32\\cmd.exe",
      "ParentCommandLine": "\"C:\\Windows\\System32\\cmd.exe\" /C \"C:\\Program Files\\mrsmajor\\DreS_X.bat\"",
      "ParentUser": "DESKTOP-CS6O5DN\\root",
      "OriginalLogfile": "log_lab5.evtx-8JOLIL5A.json"
    },
    {
      "row_id": 853,
      "Provider_Name": "Microsoft-Windows-Sysmon",
      "Guid": "5770385F-C22A-43E0-BF4C-06F5698FFBD9",
      "EventID": 1,
      "Version": 5,
      "Level": 4,
      "Task": 1,
      "Opcode": 0,
      "Keywords": "0x8000000000000000",
      "SystemTime": "2025-11-12T15:19:22.942596Z",
      "EventRecordID": 1068,
      "ProcessID": 2708,
      "ThreadID": 3384,
      "Channel": "Microsoft-Windows-Sysmon/Operational",
      "Computer": "DESKTOP-CS6O5DN",
      "UserID": "S-1-5-18",
      "RuleName": "-",
      "UtcTime": "2025-11-12 15:19:22.942",
      "ProcessGuid": "2A767A6E-A57A-6914-F301-000000001100",
      "Image": "C:\\Windows\\System32\\taskkill.exe",
      "FileVersion": "10.0.18362.1 (WinBuild.160101.0800)",
      "Description": "Terminates Processes",
      "Product": "Microsoft® Windows® Operating System",
      "Company": "Microsoft Corporation",
      "OriginalFileName": "taskkill.exe",
      "CommandLine": "taskkill  /f /im yandex.exe",
      "CurrentDirectory": "C:\\Windows\\system32\\",
      "User": "DESKTOP-CS6O5DN\\root",
      "LogonGuid": "2A767A6E-A4C3-6914-DF2B-040000000000",
      "LogonId": "0x42bdf",
      "TerminalSessionId": 1,
      "IntegrityLevel": "High",
      "MD5": "3BBEE3AC757CA54F33710DF8FB9D47A7",
      "SHA256": "D9E29313D2127FF1983A050D84626765D01682EDB2C1C5D5F209DDA20C3EAB87",
      "IMPHASH": "100938B32F577E925618EA395A8C469B",
      "Hashes": "MD5=3BBEE3AC757CA54F33710DF8FB9D47A7,SHA256=D9E29313D2127FF1983A050D84626765D01682EDB2C1C5D5F209DDA20C3EAB87,IMPHASH=100938B32F577E925618EA395A8C469B",
      "ParentProcessGuid": "2A767A6E-A57A-6914-ED01-000000001100",
      "ParentProcessId": 3964,
      "ParentImage": "C:\\Windows\\System32\\cmd.exe",
      "ParentCommandLine": "\"C:\\Windows\\System32\\cmd.exe\" /C \"C:\\Program Files\\mrsmajor\\DreS_X.bat\"",
      "ParentUser": "DESKTOP-CS6O5DN\\root",
      "OriginalLogfile": "log_lab5.evtx-8JOLIL5A.json"
    },
    {
      "row_id": 854,
      "Provider_Name": "Microsoft-Windows-Sysmon",
      "Guid": "5770385F-C22A-43E0-BF4C-06F5698FFBD9",
      "EventID": 1,
      "Version": 5,
      "Level": 4,
      "Task": 1,
      "Opcode": 0,
      "Keywords": "0x8000000000000000",
      "SystemTime": "2025-11-12T15:19:22.968232Z",
      "EventRecordID": 1069,
      "ProcessID": 2708,
      "ThreadID": 3384,
      "Channel": "Microsoft-Windows-Sysmon/Operational",
      "Computer": "DESKTOP-CS6O5DN",
      "UserID": "S-1-5-18",
      "RuleName": "-",
      "UtcTime": "2025-11-12 15:19:22.967",
      "ProcessGuid": "2A767A6E-A57A-6914-F401-000000001100",
      "Image": "C:\\Windows\\System32\\taskkill.exe",
      "FileVersion": "10.0.18362.1 (WinBuild.160101.0800)",
      "Description": "Terminates Processes",
      "Product": "Microsoft® Windows® Operating System",
      "Company": "Microsoft Corporation",
      "OriginalFileName": "taskkill.exe",
      "CommandLine": "taskkill  /f /im firefox.exe",
      "CurrentDirectory": "C:\\Windows\\system32\\",
      "User": "DESKTOP-CS6O5DN\\root",
      "LogonGuid": "2A767A6E-A4C3-6914-DF2B-040000000000",
      "LogonId": "0x42bdf",
      "TerminalSessionId": 1,
      "IntegrityLevel": "High",
      "MD5": "3BBEE3AC757CA54F33710DF8FB9D47A7",
      "SHA256": "D9E29313D2127FF1983A050D84626765D01682EDB2C1C5D5F209DDA20C3EAB87",
      "IMPHASH": "100938B32F577E925618EA395A8C469B",
      "Hashes": "MD5=3BBEE3AC757CA54F33710DF8FB9D47A7,SHA256=D9E29313D2127FF1983A050D84626765D01682EDB2C1C5D5F209DDA20C3EAB87,IMPHASH=100938B32F577E925618EA395A8C469B",
      "ParentProcessGuid": "2A767A6E-A57A-6914-ED01-000000001100",
      "ParentProcessId": 3964,
      "ParentImage": "C:\\Windows\\System32\\cmd.exe",
      "ParentCommandLine": "\"C:\\Windows\\System32\\cmd.exe\" /C \"C:\\Program Files\\mrsmajor\\DreS_X.bat\"",
      "ParentUser": "DESKTOP-CS6O5DN\\root",
      "OriginalLogfile": "log_lab5.evtx-8JOLIL5A.json"
    },
    {
      "row_id": 855,
      "Provider_Name": "Microsoft-Windows-Sysmon",
      "Guid": "5770385F-C22A-43E0-BF4C-06F5698FFBD9",
      "EventID": 1,
      "Version": 5,
      "Level": 4,
      "Task": 1,
      "Opcode": 0,
      "Keywords": "0x8000000000000000",
      "SystemTime": "2025-11-12T15:19:22.994363Z",
      "EventRecordID": 1070,
      "ProcessID": 2708,
      "ThreadID": 3384,
      "Channel": "Microsoft-Windows-Sysmon/Operational",
      "Computer": "DESKTOP-CS6O5DN",
      "UserID": "S-1-5-18",
      "RuleName": "-",
      "UtcTime": "2025-11-12 15:19:22.993",
      "ProcessGuid": "2A767A6E-A57A-6914-F501-000000001100",
      "Image": "C:\\Windows\\System32\\taskkill.exe",
      "FileVersion": "10.0.18362.1 (WinBuild.160101.0800)",
      "Description": "Terminates Processes",
      "Product": "Microsoft® Windows® Operating System",
      "Company": "Microsoft Corporation",
      "OriginalFileName": "taskkill.exe",
      "CommandLine": "taskkill  /f /im microsoftedge.exe",
      "CurrentDirectory": "C:\\Windows\\system32\\",
      "User": "DESKTOP-CS6O5DN\\root",
      "LogonGuid": "2A767A6E-A4C3-6914-DF2B-040000000000",
      "LogonId": "0x42bdf",
      "TerminalSessionId": 1,
      "IntegrityLevel": "High",
      "MD5": "3BBEE3AC757CA54F33710DF8FB9D47A7",
      "SHA256": "D9E29313D2127FF1983A050D84626765D01682EDB2C1C5D5F209DDA20C3EAB87",
      "IMPHASH": "100938B32F577E925618EA395A8C469B",
      "Hashes": "MD5=3BBEE3AC757CA54F33710DF8FB9D47A7,SHA256=D9E29313D2127FF1983A050D84626765D01682EDB2C1C5D5F209DDA20C3EAB87,IMPHASH=100938B32F577E925618EA395A8C469B",
      "ParentProcessGuid": "2A767A6E-A57A-6914-ED01-000000001100",
      "ParentProcessId": 3964,
      "ParentImage": "C:\\Windows\\System32\\cmd.exe",
      "ParentCommandLine": "\"C:\\Windows\\System32\\cmd.exe\" /C \"C:\\Program Files\\mrsmajor\\DreS_X.bat\"",
      "ParentUser": "DESKTOP-CS6O5DN\\root",
      "OriginalLogfile": "log_lab5.evtx-8JOLIL5A.json"
    },
    {
      "row_id": 856,
      "Provider_Name": "Microsoft-Windows-Sysmon",
      "Guid": "5770385F-C22A-43E0-BF4C-06F5698FFBD9",
      "EventID": 1,
      "Version": 5,
      "Level": 4,
      "Task": 1,
      "Opcode": 0,
      "Keywords": "0x8000000000000000",
      "SystemTime": "2025-11-12T15:19:23.021751Z",
      "EventRecordID": 1071,
      "ProcessID": 2708,
      "ThreadID": 3384,
      "Channel": "Microsoft-Windows-Sysmon/Operational",
      "Computer": "DESKTOP-CS6O5DN",
      "UserID": "S-1-5-18",
      "RuleName": "-",
      "UtcTime": "2025-11-12 15:19:23.021",
      "ProcessGuid": "2A767A6E-A57B-6914-F601-000000001100",
      "Image": "C:\\Windows\\System32\\taskkill.exe",
      "FileVersion": "10.0.18362.1 (WinBuild.160101.0800)",
      "Description": "Terminates Processes",
      "Product": "Microsoft® Windows® Operating System",
      "Company": "Microsoft Corporation",
      "OriginalFileName": "taskkill.exe",
      "CommandLine": "taskkill  /f /im msedge.exe",
      "CurrentDirectory": "C:\\Windows\\system32\\",
      "User": "DESKTOP-CS6O5DN\\root",
      "LogonGuid": "2A767A6E-A4C3-6914-DF2B-040000000000",
      "LogonId": "0x42bdf",
      "TerminalSessionId": 1,
      "IntegrityLevel": "High",
      "MD5": "3BBEE3AC757CA54F33710DF8FB9D47A7",
      "SHA256": "D9E29313D2127FF1983A050D84626765D01682EDB2C1C5D5F209DDA20C3EAB87",
      "IMPHASH": "100938B32F577E925618EA395A8C469B",
      "Hashes": "MD5=3BBEE3AC757CA54F33710DF8FB9D47A7,SHA256=D9E29313D2127FF1983A050D84626765D01682EDB2C1C5D5F209DDA20C3EAB87,IMPHASH=100938B32F577E925618EA395A8C469B",
      "ParentProcessGuid": "2A767A6E-A57A-6914-ED01-000000001100",
      "ParentProcessId": 3964,
      "ParentImage": "C:\\Windows\\System32\\cmd.exe",
      "ParentCommandLine": "\"C:\\Windows\\System32\\cmd.exe\" /C \"C:\\Program Files\\mrsmajor\\DreS_X.bat\"",
      "ParentUser": "DESKTOP-CS6O5DN\\root",
      "OriginalLogfile": "log_lab5.evtx-8JOLIL5A.json"
    },
    {
      "row_id": 857,
      "Provider_Name": "Microsoft-Windows-Sysmon",
      "Guid": "5770385F-C22A-43E0-BF4C-06F5698FFBD9",
      "EventID": 1,
      "Version": 5,
      "Level": 4,
      "Task": 1,
      "Opcode": 0,
      "Keywords": "0x8000000000000000",
      "SystemTime": "2025-11-12T15:19:23.048942Z",
      "EventRecordID": 1072,
      "ProcessID": 2708,
      "ThreadID": 3384,
      "Channel": "Microsoft-Windows-Sysmon/Operational",
      "Computer": "DESKTOP-CS6O5DN",
      "UserID": "S-1-5-18",
      "RuleName": "-",
      "UtcTime": "2025-11-12 15:19:23.048",
      "ProcessGuid": "2A767A6E-A57B-6914-F701-000000001100",
      "Image": "C:\\Windows\\System32\\taskkill.exe",
      "FileVersion": "10.0.18362.1 (WinBuild.160101.0800)",
      "Description": "Terminates Processes",
      "Product": "Microsoft® Windows® Operating System",
      "Company": "Microsoft Corporation",
      "OriginalFileName": "taskkill.exe",
      "CommandLine": "taskkill  /f /im mspaint.exe",
      "CurrentDirectory": "C:\\Windows\\system32\\",
      "User": "DESKTOP-CS6O5DN\\root",
      "LogonGuid": "2A767A6E-A4C3-6914-DF2B-040000000000",
      "LogonId": "0x42bdf",
      "TerminalSessionId": 1,
      "IntegrityLevel": "High",
      "MD5": "3BBEE3AC757CA54F33710DF8FB9D47A7",
      "SHA256": "D9E29313D2127FF1983A050D84626765D01682EDB2C1C5D5F209DDA20C3EAB87",
      "IMPHASH": "100938B32F577E925618EA395A8C469B",
      "Hashes": "MD5=3BBEE3AC757CA54F33710DF8FB9D47A7,SHA256=D9E29313D2127FF1983A050D84626765D01682EDB2C1C5D5F209DDA20C3EAB87,IMPHASH=100938B32F577E925618EA395A8C469B",
      "ParentProcessGuid": "2A767A6E-A57A-6914-ED01-000000001100",
      "ParentProcessId": 3964,
      "ParentImage": "C:\\Windows\\System32\\cmd.exe",
      "ParentCommandLine": "\"C:\\Windows\\System32\\cmd.exe\" /C \"C:\\Program Files\\mrsmajor\\DreS_X.bat\"",
      "ParentUser": "DESKTOP-CS6O5DN\\root",
      "OriginalLogfile": "log_lab5.evtx-8JOLIL5A.json"
    },
    {
      "row_id": 858,
      "Provider_Name": "Microsoft-Windows-Sysmon",
      "Guid": "5770385F-C22A-43E0-BF4C-06F5698FFBD9",
      "EventID": 1,
      "Version": 5,
      "Level": 4,
      "Task": 1,
      "Opcode": 0,
      "Keywords": "0x8000000000000000",
      "SystemTime": "2025-11-12T15:19:23.081528Z",
      "EventRecordID": 1073,
      "ProcessID": 2708,
      "ThreadID": 3384,
      "Channel": "Microsoft-Windows-Sysmon/Operational",
      "Computer": "DESKTOP-CS6O5DN",
      "UserID": "S-1-5-18",
      "RuleName": "-",
      "UtcTime": "2025-11-12 15:19:23.081",
      "ProcessGuid": "2A767A6E-A57B-6914-F801-000000001100",
      "Image": "C:\\Windows\\System32\\taskkill.exe",
      "FileVersion": "10.0.18362.1 (WinBuild.160101.0800)",
      "Description": "Terminates Processes",
      "Product": "Microsoft® Windows® Operating System",
      "Company": "Microsoft Corporation",
      "OriginalFileName": "taskkill.exe",
      "CommandLine": "taskkill  /f /im dllhost.exe",
      "CurrentDirectory": "C:\\Windows\\system32\\",
      "User": "DESKTOP-CS6O5DN\\root",
      "LogonGuid": "2A767A6E-A4C3-6914-DF2B-040000000000",
      "LogonId": "0x42bdf",
      "TerminalSessionId": 1,
      "IntegrityLevel": "High",
      "MD5": "3BBEE3AC757CA54F33710DF8FB9D47A7",
      "SHA256": "D9E29313D2127FF1983A050D84626765D01682EDB2C1C5D5F209DDA20C3EAB87",
      "IMPHASH": "100938B32F577E925618EA395A8C469B",
      "Hashes": "MD5=3BBEE3AC757CA54F33710DF8FB9D47A7,SHA256=D9E29313D2127FF1983A050D84626765D01682EDB2C1C5D5F209DDA20C3EAB87,IMPHASH=100938B32F577E925618EA395A8C469B",
      "ParentProcessGuid": "2A767A6E-A57A-6914-ED01-000000001100",
      "ParentProcessId": 3964,
      "ParentImage": "C:\\Windows\\System32\\cmd.exe",
      "ParentCommandLine": "\"C:\\Windows\\System32\\cmd.exe\" /C \"C:\\Program Files\\mrsmajor\\DreS_X.bat\"",
      "ParentUser": "DESKTOP-CS6O5DN\\root",
      "OriginalLogfile": "log_lab5.evtx-8JOLIL5A.json"
    },
    {
      "row_id": 859,
      "Provider_Name": "Microsoft-Windows-Sysmon",
      "Guid": "5770385F-C22A-43E0-BF4C-06F5698FFBD9",
      "EventID": 1,
      "Version": 5,
      "Level": 4,
      "Task": 1,
      "Opcode": 0,
      "Keywords": "0x8000000000000000",
      "SystemTime": "2025-11-12T15:19:23.117036Z",
      "EventRecordID": 1074,
      "ProcessID": 2708,
      "ThreadID": 3384,
      "Channel": "Microsoft-Windows-Sysmon/Operational",
      "Computer": "DESKTOP-CS6O5DN",
      "UserID": "S-1-5-18",
      "RuleName": "-",
      "UtcTime": "2025-11-12 15:19:23.116",
      "ProcessGuid": "2A767A6E-A57B-6914-F901-000000001100",
      "Image": "C:\\Windows\\System32\\taskkill.exe",
      "FileVersion": "10.0.18362.1 (WinBuild.160101.0800)",
      "Description": "Terminates Processes",
      "Product": "Microsoft® Windows® Operating System",
      "Company": "Microsoft Corporation",
      "OriginalFileName": "taskkill.exe",
      "CommandLine": "taskkill  /f /im notepad.exe",
      "CurrentDirectory": "C:\\Windows\\system32\\",
      "User": "DESKTOP-CS6O5DN\\root",
      "LogonGuid": "2A767A6E-A4C3-6914-DF2B-040000000000",
      "LogonId": "0x42bdf",
      "TerminalSessionId": 1,
      "IntegrityLevel": "High",
      "MD5": "3BBEE3AC757CA54F33710DF8FB9D47A7",
      "SHA256": "D9E29313D2127FF1983A050D84626765D01682EDB2C1C5D5F209DDA20C3EAB87",
      "IMPHASH": "100938B32F577E925618EA395A8C469B",
      "Hashes": "MD5=3BBEE3AC757CA54F33710DF8FB9D47A7,SHA256=D9E29313D2127FF1983A050D84626765D01682EDB2C1C5D5F209DDA20C3EAB87,IMPHASH=100938B32F577E925618EA395A8C469B",
      "ParentProcessGuid": "2A767A6E-A57A-6914-ED01-000000001100",
      "ParentProcessId": 3964,
      "ParentImage": "C:\\Windows\\System32\\cmd.exe",
      "ParentCommandLine": "\"C:\\Windows\\System32\\cmd.exe\" /C \"C:\\Program Files\\mrsmajor\\DreS_X.bat\"",
      "ParentUser": "DESKTOP-CS6O5DN\\root",
      "OriginalLogfile": "log_lab5.evtx-8JOLIL5A.json"
    },
    {
      "row_id": 860,
      "Provider_Name": "Microsoft-Windows-Sysmon",
      "Guid": "5770385F-C22A-43E0-BF4C-06F5698FFBD9",
      "EventID": 1,
      "Version": 5,
      "Level": 4,
      "Task": 1,
      "Opcode": 0,
      "Keywords": "0x8000000000000000",
      "SystemTime": "2025-11-12T15:19:23.150242Z",
      "EventRecordID": 1075,
      "ProcessID": 2708,
      "ThreadID": 3384,
      "Channel": "Microsoft-Windows-Sysmon/Operational",
      "Computer": "DESKTOP-CS6O5DN",
      "UserID": "S-1-5-18",
      "RuleName": "-",
      "UtcTime": "2025-11-12 15:19:23.149",
      "ProcessGuid": "2A767A6E-A57B-6914-FA01-000000001100",
      "Image": "C:\\Windows\\System32\\taskkill.exe",
      "FileVersion": "10.0.18362.1 (WinBuild.160101.0800)",
      "Description": "Terminates Processes",
      "Product": "Microsoft® Windows® Operating System",
      "Company": "Microsoft Corporation",
      "OriginalFileName": "taskkill.exe",
      "CommandLine": "taskkill  /f /im bing.exe",
      "CurrentDirectory": "C:\\Windows\\system32\\",
      "User": "DESKTOP-CS6O5DN\\root",
      "LogonGuid": "2A767A6E-A4C3-6914-DF2B-040000000000",
      "LogonId": "0x42bdf",
      "TerminalSessionId": 1,
      "IntegrityLevel": "High",
      "MD5": "3BBEE3AC757CA54F33710DF8FB9D47A7",
      "SHA256": "D9E29313D2127FF1983A050D84626765D01682EDB2C1C5D5F209DDA20C3EAB87",
      "IMPHASH": "100938B32F577E925618EA395A8C469B",
      "Hashes": "MD5=3BBEE3AC757CA54F33710DF8FB9D47A7,SHA256=D9E29313D2127FF1983A050D84626765D01682EDB2C1C5D5F209DDA20C3EAB87,IMPHASH=100938B32F577E925618EA395A8C469B",
      "ParentProcessGuid": "2A767A6E-A57A-6914-ED01-000000001100",
      "ParentProcessId": 3964,
      "ParentImage": "C:\\Windows\\System32\\cmd.exe",
      "ParentCommandLine": "\"C:\\Windows\\System32\\cmd.exe\" /C \"C:\\Program Files\\mrsmajor\\DreS_X.bat\"",
      "ParentUser": "DESKTOP-CS6O5DN\\root",
      "OriginalLogfile": "log_lab5.evtx-8JOLIL5A.json"
    },
    {
      "row_id": 870,
      "Provider_Name": "Microsoft-Windows-Sysmon",
      "Guid": "5770385F-C22A-43E0-BF4C-06F5698FFBD9",
      "EventID": 1,
      "Version": 5,
      "Level": 4,
      "Task": 1,
      "Opcode": 0,
      "Keywords": "0x8000000000000000",
      "SystemTime": "2025-11-12T15:19:30.873243Z",
      "EventRecordID": 1085,
      "ProcessID": 2708,
      "ThreadID": 3384,
      "Channel": "Microsoft-Windows-Sysmon/Operational",
      "Computer": "DESKTOP-CS6O5DN",
      "UserID": "S-1-5-18",
      "RuleName": "-",
      "UtcTime": "2025-11-12 15:19:30.872",
      "ProcessGuid": "2A767A6E-A582-6914-FD01-000000001100",
      "Image": "C:\\Windows\\System32\\taskkill.exe",
      "FileVersion": "10.0.18362.1 (WinBuild.160101.0800)",
      "Description": "Terminates Processes",
      "Product": "Microsoft® Windows® Operating System",
      "Company": "Microsoft Corporation",
      "OriginalFileName": "taskkill.exe",
      "CommandLine": "taskkill  /f /im chrome.exe",
      "CurrentDirectory": "C:\\Windows\\system32\\",
      "User": "DESKTOP-CS6O5DN\\root",
      "LogonGuid": "2A767A6E-A4C3-6914-DF2B-040000000000",
      "LogonId": "0x42bdf",
      "TerminalSessionId": 1,
      "IntegrityLevel": "High",
      "MD5": "3BBEE3AC757CA54F33710DF8FB9D47A7",
      "SHA256": "D9E29313D2127FF1983A050D84626765D01682EDB2C1C5D5F209DDA20C3EAB87",
      "IMPHASH": "100938B32F577E925618EA395A8C469B",
      "Hashes": "MD5=3BBEE3AC757CA54F33710DF8FB9D47A7,SHA256=D9E29313D2127FF1983A050D84626765D01682EDB2C1C5D5F209DDA20C3EAB87,IMPHASH=100938B32F577E925618EA395A8C469B",
      "ParentProcessGuid": "2A767A6E-A582-6914-FB01-000000001100",
      "ParentProcessId": 7084,
      "ParentImage": "C:\\Windows\\System32\\cmd.exe",
      "ParentCommandLine": "\"C:\\Windows\\System32\\cmd.exe\" /C \"C:\\Program Files\\mrsmajor\\DreS_X.bat\"",
      "ParentUser": "DESKTOP-CS6O5DN\\root",
      "OriginalLogfile": "log_lab5.evtx-8JOLIL5A.json"
    },
    {
      "row_id": 871,
      "Provider_Name": "Microsoft-Windows-Sysmon",
      "Guid": "5770385F-C22A-43E0-BF4C-06F5698FFBD9",
      "EventID": 1,
      "Version": 5,
      "Level": 4,
      "Task": 1,
      "Opcode": 0,
      "Keywords": "0x8000000000000000",
      "SystemTime": "2025-11-12T15:19:30.900639Z",
      "EventRecordID": 1086,
      "ProcessID": 2708,
      "ThreadID": 3384,
      "Channel": "Microsoft-Windows-Sysmon/Operational",
      "Computer": "DESKTOP-CS6O5DN",
      "UserID": "S-1-5-18",
      "RuleName": "-",
      "UtcTime": "2025-11-12 15:19:30.900",
      "ProcessGuid": "2A767A6E-A582-6914-FE01-000000001100",
      "Image": "C:\\Windows\\System32\\taskkill.exe",
      "FileVersion": "10.0.18362.1 (WinBuild.160101.0800)",
      "Description": "Terminates Processes",
      "Product": "Microsoft® Windows® Operating System",
      "Company": "Microsoft Corporation",
      "OriginalFileName": "taskkill.exe",
      "CommandLine": "taskkill  /f /im taskmgr.exe",
      "CurrentDirectory": "C:\\Windows\\system32\\",
      "User": "DESKTOP-CS6O5DN\\root",
      "LogonGuid": "2A767A6E-A4C3-6914-DF2B-040000000000",
      "LogonId": "0x42bdf",
      "TerminalSessionId": 1,
      "IntegrityLevel": "High",
      "MD5": "3BBEE3AC757CA54F33710DF8FB9D47A7",
      "SHA256": "D9E29313D2127FF1983A050D84626765D01682EDB2C1C5D5F209DDA20C3EAB87",
      "IMPHASH": "100938B32F577E925618EA395A8C469B",
      "Hashes": "MD5=3BBEE3AC757CA54F33710DF8FB9D47A7,SHA256=D9E29313D2127FF1983A050D84626765D01682EDB2C1C5D5F209DDA20C3EAB87,IMPHASH=100938B32F577E925618EA395A8C469B",
      "ParentProcessGuid": "2A767A6E-A582-6914-FB01-000000001100",
      "ParentProcessId": 7084,
      "ParentImage": "C:\\Windows\\System32\\cmd.exe",
      "ParentCommandLine": "\"C:\\Windows\\System32\\cmd.exe\" /C \"C:\\Program Files\\mrsmajor\\DreS_X.bat\"",
      "ParentUser": "DESKTOP-CS6O5DN\\root",
      "OriginalLogfile": "log_lab5.evtx-8JOLIL5A.json"
    },
    {
      "row_id": 872,
      "Provider_Name": "Microsoft-Windows-Sysmon",
      "Guid": "5770385F-C22A-43E0-BF4C-06F5698FFBD9",
      "EventID": 1,
      "Version": 5,
      "Level": 4,
      "Task": 1,
      "Opcode": 0,
      "Keywords": "0x8000000000000000",
      "SystemTime": "2025-11-12T15:19:30.928456Z",
      "EventRecordID": 1087,
      "ProcessID": 2708,
      "ThreadID": 3384,
      "Channel": "Microsoft-Windows-Sysmon/Operational",
      "Computer": "DESKTOP-CS6O5DN",
      "UserID": "S-1-5-18",
      "RuleName": "-",
      "UtcTime": "2025-11-12 15:19:30.927",
      "ProcessGuid": "2A767A6E-A582-6914-FF01-000000001100",
      "Image": "C:\\Windows\\System32\\taskkill.exe",
      "FileVersion": "10.0.18362.1 (WinBuild.160101.0800)",
      "Description": "Terminates Processes",
      "Product": "Microsoft® Windows® Operating System",
      "Company": "Microsoft Corporation",
      "OriginalFileName": "taskkill.exe",
      "CommandLine": "taskkill  /f /im iexplore.exe",
      "CurrentDirectory": "C:\\Windows\\system32\\",
      "User": "DESKTOP-CS6O5DN\\root",
      "LogonGuid": "2A767A6E-A4C3-6914-DF2B-040000000000",
      "LogonId": "0x42bdf",
      "TerminalSessionId": 1,
      "IntegrityLevel": "High",
      "MD5": "3BBEE3AC757CA54F33710DF8FB9D47A7",
      "SHA256": "D9E29313D2127FF1983A050D84626765D01682EDB2C1C5D5F209DDA20C3EAB87",
      "IMPHASH": "100938B32F577E925618EA395A8C469B",
      "Hashes": "MD5=3BBEE3AC757CA54F33710DF8FB9D47A7,SHA256=D9E29313D2127FF1983A050D84626765D01682EDB2C1C5D5F209DDA20C3EAB87,IMPHASH=100938B32F577E925618EA395A8C469B",
      "ParentProcessGuid": "2A767A6E-A582-6914-FB01-000000001100",
      "ParentProcessId": 7084,
      "ParentImage": "C:\\Windows\\System32\\cmd.exe",
      "ParentCommandLine": "\"C:\\Windows\\System32\\cmd.exe\" /C \"C:\\Program Files\\mrsmajor\\DreS_X.bat\"",
      "ParentUser": "DESKTOP-CS6O5DN\\root",
      "OriginalLogfile": "log_lab5.evtx-8JOLIL5A.json"
    },
    {
      "row_id": 873,
      "Provider_Name": "Microsoft-Windows-Sysmon",
      "Guid": "5770385F-C22A-43E0-BF4C-06F5698FFBD9",
      "EventID": 1,
      "Version": 5,
      "Level": 4,
      "Task": 1,
      "Opcode": 0,
      "Keywords": "0x8000000000000000",
      "SystemTime": "2025-11-12T15:19:30.958319Z",
      "EventRecordID": 1088,
      "ProcessID": 2708,
      "ThreadID": 3384,
      "Channel": "Microsoft-Windows-Sysmon/Operational",
      "Computer": "DESKTOP-CS6O5DN",
      "UserID": "S-1-5-18",
      "RuleName": "-",
      "UtcTime": "2025-11-12 15:19:30.957",
      "ProcessGuid": "2A767A6E-A582-6914-0002-000000001100",
      "Image": "C:\\Windows\\System32\\taskkill.exe",
      "FileVersion": "10.0.18362.1 (WinBuild.160101.0800)",
      "Description": "Terminates Processes",
      "Product": "Microsoft® Windows® Operating System",
      "Company": "Microsoft Corporation",
      "OriginalFileName": "taskkill.exe",
      "CommandLine": "taskkill  /f /im opera.exe",
      "CurrentDirectory": "C:\\Windows\\system32\\",
      "User": "DESKTOP-CS6O5DN\\root",
      "LogonGuid": "2A767A6E-A4C3-6914-DF2B-040000000000",
      "LogonId": "0x42bdf",
      "TerminalSessionId": 1,
      "IntegrityLevel": "High",
      "MD5": "3BBEE3AC757CA54F33710DF8FB9D47A7",
      "SHA256": "D9E29313D2127FF1983A050D84626765D01682EDB2C1C5D5F209DDA20C3EAB87",
      "IMPHASH": "100938B32F577E925618EA395A8C469B",
      "Hashes": "MD5=3BBEE3AC757CA54F33710DF8FB9D47A7,SHA256=D9E29313D2127FF1983A050D84626765D01682EDB2C1C5D5F209DDA20C3EAB87,IMPHASH=100938B32F577E925618EA395A8C469B",
      "ParentProcessGuid": "2A767A6E-A582-6914-FB01-000000001100",
      "ParentProcessId": 7084,
      "ParentImage": "C:\\Windows\\System32\\cmd.exe",
      "ParentCommandLine": "\"C:\\Windows\\System32\\cmd.exe\" /C \"C:\\Program Files\\mrsmajor\\DreS_X.bat\"",
      "ParentUser": "DESKTOP-CS6O5DN\\root",
      "OriginalLogfile": "log_lab5.evtx-8JOLIL5A.json"
    },
    {
      "row_id": 874,
      "Provider_Name": "Microsoft-Windows-Sysmon",
      "Guid": "5770385F-C22A-43E0-BF4C-06F5698FFBD9",
      "EventID": 1,
      "Version": 5,
      "Level": 4,
      "Task": 1,
      "Opcode": 0,
      "Keywords": "0x8000000000000000",
      "SystemTime": "2025-11-12T15:19:30.986634Z",
      "EventRecordID": 1089,
      "ProcessID": 2708,
      "ThreadID": 3384,
      "Channel": "Microsoft-Windows-Sysmon/Operational",
      "Computer": "DESKTOP-CS6O5DN",
      "UserID": "S-1-5-18",
      "RuleName": "-",
      "UtcTime": "2025-11-12 15:19:30.986",
      "ProcessGuid": "2A767A6E-A582-6914-0102-000000001100",
      "Image": "C:\\Windows\\System32\\taskkill.exe",
      "FileVersion": "10.0.18362.1 (WinBuild.160101.0800)",
      "Description": "Terminates Processes",
      "Product": "Microsoft® Windows® Operating System",
      "Company": "Microsoft Corporation",
      "OriginalFileName": "taskkill.exe",
      "CommandLine": "taskkill  /f /im yandex.exe",
      "CurrentDirectory": "C:\\Windows\\system32\\",
      "User": "DESKTOP-CS6O5DN\\root",
      "LogonGuid": "2A767A6E-A4C3-6914-DF2B-040000000000",
      "LogonId": "0x42bdf",
      "TerminalSessionId": 1,
      "IntegrityLevel": "High",
      "MD5": "3BBEE3AC757CA54F33710DF8FB9D47A7",
      "SHA256": "D9E29313D2127FF1983A050D84626765D01682EDB2C1C5D5F209DDA20C3EAB87",
      "IMPHASH": "100938B32F577E925618EA395A8C469B",
      "Hashes": "MD5=3BBEE3AC757CA54F33710DF8FB9D47A7,SHA256=D9E29313D2127FF1983A050D84626765D01682EDB2C1C5D5F209DDA20C3EAB87,IMPHASH=100938B32F577E925618EA395A8C469B",
      "ParentProcessGuid": "2A767A6E-A582-6914-FB01-000000001100",
      "ParentProcessId": 7084,
      "ParentImage": "C:\\Windows\\System32\\cmd.exe",
      "ParentCommandLine": "\"C:\\Windows\\System32\\cmd.exe\" /C \"C:\\Program Files\\mrsmajor\\DreS_X.bat\"",
      "ParentUser": "DESKTOP-CS6O5DN\\root",
      "OriginalLogfile": "log_lab5.evtx-8JOLIL5A.json"
    },
    {
      "row_id": 875,
      "Provider_Name": "Microsoft-Windows-Sysmon",
      "Guid": "5770385F-C22A-43E0-BF4C-06F5698FFBD9",
      "EventID": 1,
      "Version": 5,
      "Level": 4,
      "Task": 1,
      "Opcode": 0,
      "Keywords": "0x8000000000000000",
      "SystemTime": "2025-11-12T15:19:31.015841Z",
      "EventRecordID": 1090,
      "ProcessID": 2708,
      "ThreadID": 3384,
      "Channel": "Microsoft-Windows-Sysmon/Operational",
      "Computer": "DESKTOP-CS6O5DN",
      "UserID": "S-1-5-18",
      "RuleName": "-",
      "UtcTime": "2025-11-12 15:19:31.015",
      "ProcessGuid": "2A767A6E-A583-6914-0202-000000001100",
      "Image": "C:\\Windows\\System32\\taskkill.exe",
      "FileVersion": "10.0.18362.1 (WinBuild.160101.0800)",
      "Description": "Terminates Processes",
      "Product": "Microsoft® Windows® Operating System",
      "Company": "Microsoft Corporation",
      "OriginalFileName": "taskkill.exe",
      "CommandLine": "taskkill  /f /im firefox.exe",
      "CurrentDirectory": "C:\\Windows\\system32\\",
      "User": "DESKTOP-CS6O5DN\\root",
      "LogonGuid": "2A767A6E-A4C3-6914-DF2B-040000000000",
      "LogonId": "0x42bdf",
      "TerminalSessionId": 1,
      "IntegrityLevel": "High",
      "MD5": "3BBEE3AC757CA54F33710DF8FB9D47A7",
      "SHA256": "D9E29313D2127FF1983A050D84626765D01682EDB2C1C5D5F209DDA20C3EAB87",
      "IMPHASH": "100938B32F577E925618EA395A8C469B",
      "Hashes": "MD5=3BBEE3AC757CA54F33710DF8FB9D47A7,SHA256=D9E29313D2127FF1983A050D84626765D01682EDB2C1C5D5F209DDA20C3EAB87,IMPHASH=100938B32F577E925618EA395A8C469B",
      "ParentProcessGuid": "2A767A6E-A582-6914-FB01-000000001100",
      "ParentProcessId": 7084,
      "ParentImage": "C:\\Windows\\System32\\cmd.exe",
      "ParentCommandLine": "\"C:\\Windows\\System32\\cmd.exe\" /C \"C:\\Program Files\\mrsmajor\\DreS_X.bat\"",
      "ParentUser": "DESKTOP-CS6O5DN\\root",
      "OriginalLogfile": "log_lab5.evtx-8JOLIL5A.json"
    },
    {
      "row_id": 876,
      "Provider_Name": "Microsoft-Windows-Sysmon",
      "Guid": "5770385F-C22A-43E0-BF4C-06F5698FFBD9",
      "EventID": 1,
      "Version": 5,
      "Level": 4,
      "Task": 1,
      "Opcode": 0,
      "Keywords": "0x8000000000000000",
      "SystemTime": "2025-11-12T15:19:31.045035Z",
      "EventRecordID": 1091,
      "ProcessID": 2708,
      "ThreadID": 3384,
      "Channel": "Microsoft-Windows-Sysmon/Operational",
      "Computer": "DESKTOP-CS6O5DN",
      "UserID": "S-1-5-18",
      "RuleName": "-",
      "UtcTime": "2025-11-12 15:19:31.044",
      "ProcessGuid": "2A767A6E-A583-6914-0302-000000001100",
      "Image": "C:\\Windows\\System32\\taskkill.exe",
      "FileVersion": "10.0.18362.1 (WinBuild.160101.0800)",
      "Description": "Terminates Processes",
      "Product": "Microsoft® Windows® Operating System",
      "Company": "Microsoft Corporation",
      "OriginalFileName": "taskkill.exe",
      "CommandLine": "taskkill  /f /im microsoftedge.exe",
      "CurrentDirectory": "C:\\Windows\\system32\\",
      "User": "DESKTOP-CS6O5DN\\root",
      "LogonGuid": "2A767A6E-A4C3-6914-DF2B-040000000000",
      "LogonId": "0x42bdf",
      "TerminalSessionId": 1,
      "IntegrityLevel": "High",
      "MD5": "3BBEE3AC757CA54F33710DF8FB9D47A7",
      "SHA256": "D9E29313D2127FF1983A050D84626765D01682EDB2C1C5D5F209DDA20C3EAB87",
      "IMPHASH": "100938B32F577E925618EA395A8C469B",
      "Hashes": "MD5=3BBEE3AC757CA54F33710DF8FB9D47A7,SHA256=D9E29313D2127FF1983A050D84626765D01682EDB2C1C5D5F209DDA20C3EAB87,IMPHASH=100938B32F577E925618EA395A8C469B",
      "ParentProcessGuid": "2A767A6E-A582-6914-FB01-000000001100",
      "ParentProcessId": 7084,
      "ParentImage": "C:\\Windows\\System32\\cmd.exe",
      "ParentCommandLine": "\"C:\\Windows\\System32\\cmd.exe\" /C \"C:\\Program Files\\mrsmajor\\DreS_X.bat\"",
      "ParentUser": "DESKTOP-CS6O5DN\\root",
      "OriginalLogfile": "log_lab5.evtx-8JOLIL5A.json"
    },
    {
      "row_id": 877,
      "Provider_Name": "Microsoft-Windows-Sysmon",
      "Guid": "5770385F-C22A-43E0-BF4C-06F5698FFBD9",
      "EventID": 1,
      "Version": 5,
      "Level": 4,
      "Task": 1,
      "Opcode": 0,
      "Keywords": "0x8000000000000000",
      "SystemTime": "2025-11-12T15:19:31.071538Z",
      "EventRecordID": 1092,
      "ProcessID": 2708,
      "ThreadID": 3384,
      "Channel": "Microsoft-Windows-Sysmon/Operational",
      "Computer": "DESKTOP-CS6O5DN",
      "UserID": "S-1-5-18",
      "RuleName": "-",
      "UtcTime": "2025-11-12 15:19:31.071",
      "ProcessGuid": "2A767A6E-A583-6914-0402-000000001100",
      "Image": "C:\\Windows\\System32\\taskkill.exe",
      "FileVersion": "10.0.18362.1 (WinBuild.160101.0800)",
      "Description": "Terminates Processes",
      "Product": "Microsoft® Windows® Operating System",
      "Company": "Microsoft Corporation",
      "OriginalFileName": "taskkill.exe",
      "CommandLine": "taskkill  /f /im msedge.exe",
      "CurrentDirectory": "C:\\Windows\\system32\\",
      "User": "DESKTOP-CS6O5DN\\root",
      "LogonGuid": "2A767A6E-A4C3-6914-DF2B-040000000000",
      "LogonId": "0x42bdf",
      "TerminalSessionId": 1,
      "IntegrityLevel": "High",
      "MD5": "3BBEE3AC757CA54F33710DF8FB9D47A7",
      "SHA256": "D9E29313D2127FF1983A050D84626765D01682EDB2C1C5D5F209DDA20C3EAB87",
      "IMPHASH": "100938B32F577E925618EA395A8C469B",
      "Hashes": "MD5=3BBEE3AC757CA54F33710DF8FB9D47A7,SHA256=D9E29313D2127FF1983A050D84626765D01682EDB2C1C5D5F209DDA20C3EAB87,IMPHASH=100938B32F577E925618EA395A8C469B",
      "ParentProcessGuid": "2A767A6E-A582-6914-FB01-000000001100",
      "ParentProcessId": 7084,
      "ParentImage": "C:\\Windows\\System32\\cmd.exe",
      "ParentCommandLine": "\"C:\\Windows\\System32\\cmd.exe\" /C \"C:\\Program Files\\mrsmajor\\DreS_X.bat\"",
      "ParentUser": "DESKTOP-CS6O5DN\\root",
      "OriginalLogfile": "log_lab5.evtx-8JOLIL5A.json"
    },
    {
      "row_id": 878,
      "Provider_Name": "Microsoft-Windows-Sysmon",
      "Guid": "5770385F-C22A-43E0-BF4C-06F5698FFBD9",
      "EventID": 1,
      "Version": 5,
      "Level": 4,
      "Task": 1,
      "Opcode": 0,
      "Keywords": "0x8000000000000000",
      "SystemTime": "2025-11-12T15:19:31.097720Z",
      "EventRecordID": 1093,
      "ProcessID": 2708,
      "ThreadID": 3384,
      "Channel": "Microsoft-Windows-Sysmon/Operational",
      "Computer": "DESKTOP-CS6O5DN",
      "UserID": "S-1-5-18",
      "RuleName": "-",
      "UtcTime": "2025-11-12 15:19:31.097",
      "ProcessGuid": "2A767A6E-A583-6914-0502-000000001100",
      "Image": "C:\\Windows\\System32\\taskkill.exe",
      "FileVersion": "10.0.18362.1 (WinBuild.160101.0800)",
      "Description": "Terminates Processes",
      "Product": "Microsoft® Windows® Operating System",
      "Company": "Microsoft Corporation",
      "OriginalFileName": "taskkill.exe",
      "CommandLine": "taskkill  /f /im mspaint.exe",
      "CurrentDirectory": "C:\\Windows\\system32\\",
      "User": "DESKTOP-CS6O5DN\\root",
      "LogonGuid": "2A767A6E-A4C3-6914-DF2B-040000000000",
      "LogonId": "0x42bdf",
      "TerminalSessionId": 1,
      "IntegrityLevel": "High",
      "MD5": "3BBEE3AC757CA54F33710DF8FB9D47A7",
      "SHA256": "D9E29313D2127FF1983A050D84626765D01682EDB2C1C5D5F209DDA20C3EAB87",
      "IMPHASH": "100938B32F577E925618EA395A8C469B",
      "Hashes": "MD5=3BBEE3AC757CA54F33710DF8FB9D47A7,SHA256=D9E29313D2127FF1983A050D84626765D01682EDB2C1C5D5F209DDA20C3EAB87,IMPHASH=100938B32F577E925618EA395A8C469B",
      "ParentProcessGuid": "2A767A6E-A582-6914-FB01-000000001100",
      "ParentProcessId": 7084,
      "ParentImage": "C:\\Windows\\System32\\cmd.exe",
      "ParentCommandLine": "\"C:\\Windows\\System32\\cmd.exe\" /C \"C:\\Program Files\\mrsmajor\\DreS_X.bat\"",
      "ParentUser": "DESKTOP-CS6O5DN\\root",
      "OriginalLogfile": "log_lab5.evtx-8JOLIL5A.json"
    },
    {
      "row_id": 879,
      "Provider_Name": "Microsoft-Windows-Sysmon",
      "Guid": "5770385F-C22A-43E0-BF4C-06F5698FFBD9",
      "EventID": 1,
      "Version": 5,
      "Level": 4,
      "Task": 1,
      "Opcode": 0,
      "Keywords": "0x8000000000000000",
      "SystemTime": "2025-11-12T15:19:31.125993Z",
      "EventRecordID": 1094,
      "ProcessID": 2708,
      "ThreadID": 3384,
      "Channel": "Microsoft-Windows-Sysmon/Operational",
      "Computer": "DESKTOP-CS6O5DN",
      "UserID": "S-1-5-18",
      "RuleName": "-",
      "UtcTime": "2025-11-12 15:19:31.125",
      "ProcessGuid": "2A767A6E-A583-6914-0602-000000001100",
      "Image": "C:\\Windows\\System32\\taskkill.exe",
      "FileVersion": "10.0.18362.1 (WinBuild.160101.0800)",
      "Description": "Terminates Processes",
      "Product": "Microsoft® Windows® Operating System",
      "Company": "Microsoft Corporation",
      "OriginalFileName": "taskkill.exe",
      "CommandLine": "taskkill  /f /im dllhost.exe",
      "CurrentDirectory": "C:\\Windows\\system32\\",
      "User": "DESKTOP-CS6O5DN\\root",
      "LogonGuid": "2A767A6E-A4C3-6914-DF2B-040000000000",
      "LogonId": "0x42bdf",
      "TerminalSessionId": 1,
      "IntegrityLevel": "High",
      "MD5": "3BBEE3AC757CA54F33710DF8FB9D47A7",
      "SHA256": "D9E29313D2127FF1983A050D84626765D01682EDB2C1C5D5F209DDA20C3EAB87",
      "IMPHASH": "100938B32F577E925618EA395A8C469B",
      "Hashes": "MD5=3BBEE3AC757CA54F33710DF8FB9D47A7,SHA256=D9E29313D2127FF1983A050D84626765D01682EDB2C1C5D5F209DDA20C3EAB87,IMPHASH=100938B32F577E925618EA395A8C469B",
      "ParentProcessGuid": "2A767A6E-A582-6914-FB01-000000001100",
      "ParentProcessId": 7084,
      "ParentImage": "C:\\Windows\\System32\\cmd.exe",
      "ParentCommandLine": "\"C:\\Windows\\System32\\cmd.exe\" /C \"C:\\Program Files\\mrsmajor\\DreS_X.bat\"",
      "ParentUser": "DESKTOP-CS6O5DN\\root",
      "OriginalLogfile": "log_lab5.evtx-8JOLIL5A.json"
    },
    {
      "row_id": 880,
      "Provider_Name": "Microsoft-Windows-Sysmon",
      "Guid": "5770385F-C22A-43E0-BF4C-06F5698FFBD9",
      "EventID": 1,
      "Version": 5,
      "Level": 4,
      "Task": 1,
      "Opcode": 0,
      "Keywords": "0x8000000000000000",
      "SystemTime": "2025-11-12T15:19:31.152183Z",
      "EventRecordID": 1095,
      "ProcessID": 2708,
      "ThreadID": 3384,
      "Channel": "Microsoft-Windows-Sysmon/Operational",
      "Computer": "DESKTOP-CS6O5DN",
      "UserID": "S-1-5-18",
      "RuleName": "-",
      "UtcTime": "2025-11-12 15:19:31.151",
      "ProcessGuid": "2A767A6E-A583-6914-0702-000000001100",
      "Image": "C:\\Windows\\System32\\taskkill.exe",
      "FileVersion": "10.0.18362.1 (WinBuild.160101.0800)",
      "Description": "Terminates Processes",
      "Product": "Microsoft® Windows® Operating System",
      "Company": "Microsoft Corporation",
      "OriginalFileName": "taskkill.exe",
      "CommandLine": "taskkill  /f /im notepad.exe",
      "CurrentDirectory": "C:\\Windows\\system32\\",
      "User": "DESKTOP-CS6O5DN\\root",
      "LogonGuid": "2A767A6E-A4C3-6914-DF2B-040000000000",
      "LogonId": "0x42bdf",
      "TerminalSessionId": 1,
      "IntegrityLevel": "High",
      "MD5": "3BBEE3AC757CA54F33710DF8FB9D47A7",
      "SHA256": "D9E29313D2127FF1983A050D84626765D01682EDB2C1C5D5F209DDA20C3EAB87",
      "IMPHASH": "100938B32F577E925618EA395A8C469B",
      "Hashes": "MD5=3BBEE3AC757CA54F33710DF8FB9D47A7,SHA256=D9E29313D2127FF1983A050D84626765D01682EDB2C1C5D5F209DDA20C3EAB87,IMPHASH=100938B32F577E925618EA395A8C469B",
      "ParentProcessGuid": "2A767A6E-A582-6914-FB01-000000001100",
      "ParentProcessId": 7084,
      "ParentImage": "C:\\Windows\\System32\\cmd.exe",
      "ParentCommandLine": "\"C:\\Windows\\System32\\cmd.exe\" /C \"C:\\Program Files\\mrsmajor\\DreS_X.bat\"",
      "ParentUser": "DESKTOP-CS6O5DN\\root",
      "OriginalLogfile": "log_lab5.evtx-8JOLIL5A.json"
    },
