{"Event":{"#attributes":{"xmlns":"http://schemas.microsoft.com/win/2004/08/events/event"},"System":{"Provider":{"#attributes":{"Name":"Microsoft-Windows-Sysmon","Guid":"5770385F-C22A-43E0-BF4C-06F5698FFBD9"}},"EventID":2,"Version":5,"Level":4,"Task":2,"Opcode":0,"Keywords":"0x8000000000000000","TimeCreated":{"#attributes":{"SystemTime":"2025-11-12T11:07:06.127384Z"}},"EventRecordID":881,"Correlation":null,"Execution":{"#attributes":{"ProcessID":5420,"ThreadID":4432}},"Channel":"Microsoft-Windows-Sysmon/Operational","Computer":"DESKTOP-CS6O5DN","Security":{"#attributes":{"UserID":"S-1-5-18"}}},"EventData":{"RuleName":"T1099","UtcTime":"2025-11-12 11:07:06.122","ProcessGuid":"2A767A6E-6A45-6914-8C01-000000000F00","ProcessId":7968,"Image":"C:\\Users\\root\\Desktop\\恶意代码教学样本-在沙盒中修改文件名\\1-WannaCrypt0r.exe","TargetFilename":"C:\\Users\\root\\AppData\\Local\\Microsoft\\OneDrive\\25.206.1021.0003\\Assets\\Square44x44Logo.altform-unplated_targetsize-16.png.WNCRYT","CreationUtcTime":"2025-11-12 01:39:43.973","PreviousCreationUtcTime":"2025-11-12 11:07:06.122","User":"DESKTOP-CS6O5DN\\root"}}}
{"Event":{"#attributes":{"xmlns":"http://schemas.microsoft.com/win/2004/08/events/event"},"System":{"Provider":{"#attributes":{"Name":"Microsoft-Windows-Sysmon","Guid":"5770385F-C22A-43E0-BF4C-06F5698FFBD9"}},"EventID":2,"Version":5,"Level":4,"Task":2,"Opcode":0,"Keywords":"0x8000000000000000","TimeCreated":{"#attributes":{"SystemTime":"2025-11-12T11:07:06.130064Z"}},"EventRecordID":882,"Correlation":null,"Execution":{"#attributes":{"ProcessID":5420,"ThreadID":4432}},"Channel":"Microsoft-Windows-Sysmon/Operational","Computer":"DESKTOP-CS6O5DN","Security":{"#attributes":{"UserID":"S-1-5-18"}}},"EventData":{"RuleName":"T1099","UtcTime":"2025-11-12 11:07:06.122","ProcessGuid":"2A767A6E-6A45-6914-8C01-000000000F00","ProcessId":7968,"Image":"C:\\Users\\root\\Desktop\\恶意代码教学样本-在沙盒中修改文件名\\1-WannaCrypt0r.exe","TargetFilename":"C:\\Users\\root\\AppData\\Local\\Microsoft\\OneDrive\\25.206.1021.0003\\Assets\\Square44x44Logo.altform-unplated_targetsize-24.png.WNCRYT","CreationUtcTime":"2025-11-12 01:39:43.973","PreviousCreationUtcTime":"2025-11-12 11:07:06.122","User":"DESKTOP-CS6O5DN\\root"}}}
{"Event":{"#attributes":{"xmlns":"http://schemas.microsoft.com/win/2004/08/events/event"},"System":{"Provider":{"#attributes":{"Name":"Microsoft-Windows-Sysmon","Guid":"5770385F-C22A-43E0-BF4C-06F5698FFBD9"}},"EventID":2,"Version":5,"Level":4,"Task":2,"Opcode":0,"Keywords":"0x8000000000000000","TimeCreated":{"#attributes":{"SystemTime":"2025-11-12T11:07:06.158564Z"}},"EventRecordID":883,"Correlation":null,"Execution":{"#attributes":{"ProcessID":5420,"ThreadID":4432}},"Channel":"Microsoft-Windows-Sysmon/Operational","Computer":"DESKTOP-CS6O5DN","Security":{"#attributes":{"UserID":"S-1-5-18"}}},"EventData":{"RuleName":"T1099","UtcTime":"2025-11-12 11:07:06.156","ProcessGuid":"2A767A6E-6A45-6914-8C01-000000000F00","ProcessId":7968,"Image":"C:\\Users\\root\\Desktop\\恶意代码教学样本-在沙盒中修改文件名\\1-WannaCrypt0r.exe","TargetFilename":"C:\\Users\\root\\AppData\\Local\\Microsoft\\OneDrive\\25.206.1021.0003\\Assets\\Square44x44Logo.targetsize-16.png.WNCRYT","CreationUtcTime":"2025-11-12 01:39:43.988","PreviousCreationUtcTime":"2025-11-12 11:07:06.156","User":"DESKTOP-CS6O5DN\\root"}}}
{"Event":{"#attributes":{"xmlns":"http://schemas.microsoft.com/win/2004/08/events/event"},"System":{"Provider":{"#attributes":{"Name":"Microsoft-Windows-Sysmon","Guid":"5770385F-C22A-43E0-BF4C-06F5698FFBD9"}},"EventID":2,"Version":5,"Level":4,"Task":2,"Opcode":0,"Keywords":"0x8000000000000000","TimeCreated":{"#attributes":{"SystemTime":"2025-11-12T11:07:06.162592Z"}},"EventRecordID":884,"Correlation":null,"Execution":{"#attributes":{"ProcessID":5420,"ThreadID":4432}},"Channel":"Microsoft-Windows-Sysmon/Operational","Computer":"DESKTOP-CS6O5DN","Security":{"#attributes":{"UserID":"S-1-5-18"}}},"EventData":{"RuleName":"T1099","UtcTime":"2025-11-12 11:07:06.156","ProcessGuid":"2A767A6E-6A45-6914-8C01-000000000F00","ProcessId":7968,"Image":"C:\\Users\\root\\Desktop\\恶意代码教学样本-在沙盒中修改文件名\\1-WannaCrypt0r.exe","TargetFilename":"C:\\Users\\root\\AppData\\Local\\Microsoft\\OneDrive\\25.206.1021.0003\\Assets\\Square44x44Logo.targetsize-24.png.WNCRYT","CreationUtcTime":"2025-11-12 01:39:43.988","PreviousCreationUtcTime":"2025-11-12 11:07:06.156","User":"DESKTOP-CS6O5DN\\root"}}}
{"Event":{"#attributes":{"xmlns":"http://schemas.microsoft.com/win/2004/08/events/event"},"System":{"Provider":{"#attributes":{"Name":"Microsoft-Windows-Sysmon","Guid":"5770385F-C22A-43E0-BF4C-06F5698FFBD9"}},"EventID":2,"Version":5,"Level":4,"Task":2,"Opcode":0,"Keywords":"0x8000000000000000","TimeCreated":{"#attributes":{"SystemTime":"2025-11-12T11:07:06.164340Z"}},"EventRecordID":885,"Correlation":null,"Execution":{"#attributes":{"ProcessID":5420,"ThreadID":4432}},"Channel":"Microsoft-Windows-Sysmon/Operational","Computer":"DESKTOP-CS6O5DN","Security":{"#attributes":{"UserID":"S-1-5-18"}}},"EventData":{"RuleName":"T1099","UtcTime":"2025-11-12 11:07:06.156","ProcessGuid":"2A767A6E-6A45-6914-8C01-000000000F00","ProcessId":7968,"Image":"C:\\Users\\root\\Desktop\\恶意代码教学样本-在沙盒中修改文件名\\1-WannaCrypt0r.exe","TargetFilename":"C:\\Users\\root\\AppData\\Local\\Microsoft\\OneDrive\\25.206.1021.0003\\Bundle\\Assets\\common\\assets\\images\\acmDismiss.png.WNCRYT","CreationUtcTime":"2025-11-12 01:39:46.145","PreviousCreationUtcTime":"2025-11-12 11:07:06.156","User":"DESKTOP-CS6O5DN\\root"}}}
{"Event":{"#attributes":{"xmlns":"http://schemas.microsoft.com/win/2004/08/events/event"},"System":{"Provider":{"#attributes":{"Name":"Microsoft-Windows-Sysmon","Guid":"5770385F-C22A-43E0-BF4C-06F5698FFBD9"}},"EventID":2,"Version":5,"Level":4,"Task":2,"Opcode":0,"Keywords":"0x8000000000000000","TimeCreated":{"#attributes":{"SystemTime":"2025-11-12T11:07:06.165926Z"}},"EventRecordID":886,"Correlation":null,"Execution":{"#attributes":{"ProcessID":5420,"ThreadID":4432}},"Channel":"Microsoft-Windows-Sysmon/Operational","Computer":"DESKTOP-CS6O5DN","Security":{"#attributes":{"UserID":"S-1-5-18"}}},"EventData":{"RuleName":"T1099","UtcTime":"2025-11-12 11:07:06.156","ProcessGuid":"2A767A6E-6A45-6914-8C01-000000000F00","ProcessId":7968,"Image":"C:\\Users\\root\\Desktop\\恶意代码教学样本-在沙盒中修改文件名\\1-WannaCrypt0r.exe","TargetFilename":"C:\\Users\\root\\AppData\\Local\\Microsoft\\OneDrive\\25.206.1021.0003\\Bundle\\Assets\\common\\assets\\images\\blue_cloud.png.WNCRYT","CreationUtcTime":"2025-11-12 01:39:46.176","PreviousCreationUtcTime":"2025-11-12 11:07:06.156","User":"DESKTOP-CS6O5DN\\root"}}}
{"Event":{"#attributes":{"xmlns":"http://schemas.microsoft.com/win/2004/08/events/event"},"System":{"Provider":{"#attributes":{"Name":"Microsoft-Windows-Sysmon","Guid":"5770385F-C22A-43E0-BF4C-06F5698FFBD9"}},"EventID":2,"Version":5,"Level":4,"Task":2,"Opcode":0,"Keywords":"0x8000000000000000","TimeCreated":{"#attributes":{"SystemTime":"2025-11-12T11:07:06.170545Z"}},"EventRecordID":887,"Correlation":null,"Execution":{"#attributes":{"ProcessID":5420,"ThreadID":4432}},"Channel":"Microsoft-Windows-Sysmon/Operational","Computer":"DESKTOP-CS6O5DN","Security":{"#attributes":{"UserID":"S-1-5-18"}}},"EventData":{"RuleName":"T1099","UtcTime":"2025-11-12 11:07:06.169","ProcessGuid":"2A767A6E-6A45-6914-8C01-000000000F00","ProcessId":7968,"Image":"C:\\Users\\root\\Desktop\\恶意代码教学样本-在沙盒中修改文件名\\1-WannaCrypt0r.exe","TargetFilename":"C:\\Users\\root\\AppData\\Local\\Microsoft\\OneDrive\\25.206.1021.0003\\Bundle\\Assets\\common\\assets\\images\\bugIcon22x22.png.WNCRYT","CreationUtcTime":"2025-11-12 01:39:46.176","PreviousCreationUtcTime":"2025-11-12 11:07:06.156","User":"DESKTOP-CS6O5DN\\root"}}}
{"Event":{"#attributes":{"xmlns":"http://schemas.microsoft.com/win/2004/08/events/event"},"System":{"Provider":{"#attributes":{"Name":"Microsoft-Windows-Sysmon","Guid":"5770385F-C22A-43E0-BF4C-06F5698FFBD9"}},"EventID":2,"Version":5,"Level":4,"Task":2,"Opcode":0,"Keywords":"0x8000000000000000","TimeCreated":{"#attributes":{"SystemTime":"2025-11-12T11:07:06.172883Z"}},"EventRecordID":888,"Correlation":null,"Execution":{"#attributes":{"ProcessID":5420,"ThreadID":4432}},"Channel":"Microsoft-Windows-Sysmon/Operational","Computer":"DESKTOP-CS6O5DN","Security":{"#attributes":{"UserID":"S-1-5-18"}}},"EventData":{"RuleName":"T1099","UtcTime":"2025-11-12 11:07:06.169","ProcessGuid":"2A767A6E-6A45-6914-8C01-000000000F00","ProcessId":7968,"Image":"C:\\Users\\root\\Desktop\\恶意代码教学样本-在沙盒中修改文件名\\1-WannaCrypt0r.exe","TargetFilename":"C:\\Users\\root\\AppData\\Local\\Microsoft\\OneDrive\\25.206.1021.0003\\Bundle\\Assets\\common\\assets\\images\\cancel.png.WNCRYT","CreationUtcTime":"2025-11-12 01:39:46.176","PreviousCreationUtcTime":"2025-11-12 11:07:06.169","User":"DESKTOP-CS6O5DN\\root"}}}
{"Event":{"#attributes":{"xmlns":"http://schemas.microsoft.com/win/2004/08/events/event"},"System":{"Provider":{"#attributes":{"Name":"Microsoft-Windows-Sysmon","Guid":"5770385F-C22A-43E0-BF4C-06F5698FFBD9"}},"EventID":2,"Version":5,"Level":4,"Task":2,"Opcode":0,"Keywords":"0x8000000000000000","TimeCreated":{"#attributes":{"SystemTime":"2025-11-12T11:07:06.174768Z"}},"EventRecordID":889,"Correlation":null,"Execution":{"#attributes":{"ProcessID":5420,"ThreadID":4432}},"Channel":"Microsoft-Windows-Sysmon/Operational","Computer":"DESKTOP-CS6O5DN","Security":{"#attributes":{"UserID":"S-1-5-18"}}},"EventData":{"RuleName":"T1099","UtcTime":"2025-11-12 11:07:06.169","ProcessGuid":"2A767A6E-6A45-6914-8C01-000000000F00","ProcessId":7968,"Image":"C:\\Users\\root\\Desktop\\恶意代码教学样本-在沙盒中修改文件名\\1-WannaCrypt0r.exe","TargetFilename":"C:\\Users\\root\\AppData\\Local\\Microsoft\\OneDrive\\25.206.1021.0003\\Bundle\\Assets\\common\\assets\\images\\cancel@2x.png.WNCRYT","CreationUtcTime":"2025-11-12 01:39:46.176","PreviousCreationUtcTime":"2025-11-12 11:07:06.169","User":"DESKTOP-CS6O5DN\\root"}}}
{"Event":{"#attributes":{"xmlns":"http://schemas.microsoft.com/win/2004/08/events/event"},"System":{"Provider":{"#attributes":{"Name":"Microsoft-Windows-Sysmon","Guid":"5770385F-C22A-43E0-BF4C-06F5698FFBD9"}},"EventID":2,"Version":5,"Level":4,"Task":2,"Opcode":0,"Keywords":"0x8000000000000000","TimeCreated":{"#attributes":{"SystemTime":"2025-11-12T11:07:06.177224Z"}},"EventRecordID":890,"Correlation":null,"Execution":{"#attributes":{"ProcessID":5420,"ThreadID":4432}},"Channel":"Microsoft-Windows-Sysmon/Operational","Computer":"DESKTOP-CS6O5DN","Security":{"#attributes":{"UserID":"S-1-5-18"}}},"EventData":{"RuleName":"T1099","UtcTime":"2025-11-12 11:07:06.169","ProcessGuid":"2A767A6E-6A45-6914-8C01-000000000F00","ProcessId":7968,"Image":"C:\\Users\\root\\Desktop\\恶意代码教学样本-在沙盒中修改文件名\\1-WannaCrypt0r.exe","TargetFilename":"C:\\Users\\root\\AppData\\Local\\Microsoft\\OneDrive\\25.206.1021.0003\\Bundle\\Assets\\common\\assets\\images\\cancel@3x.png.WNCRYT","CreationUtcTime":"2025-11-12 01:39:46.176","PreviousCreationUtcTime":"2025-11-12 11:07:06.169","User":"DESKTOP-CS6O5DN\\root"}}}
{"Event":{"#attributes":{"xmlns":"http://schemas.microsoft.com/win/2004/08/events/event"},"System":{"Provider":{"#attributes":{"Name":"Microsoft-Windows-Sysmon","Guid":"5770385F-C22A-43E0-BF4C-06F5698FFBD9"}},"EventID":2,"Version":5,"Level":4,"Task":2,"Opcode":0,"Keywords":"0x8000000000000000","TimeCreated":{"#attributes":{"SystemTime":"2025-11-12T11:07:06.178608Z"}},"EventRecordID":891,"Correlation":null,"Execution":{"#attributes":{"ProcessID":5420,"ThreadID":4432}},"Channel":"Microsoft-Windows-Sysmon/Operational","Computer":"DESKTOP-CS6O5DN","Security":{"#attributes":{"UserID":"S-1-5-18"}}},"EventData":{"RuleName":"T1099","UtcTime":"2025-11-12 11:07:06.169","ProcessGuid":"2A767A6E-6A45-6914-8C01-000000000F00","ProcessId":7968,"Image":"C:\\Users\\root\\Desktop\\恶意代码教学样本-在沙盒中修改文件名\\1-WannaCrypt0r.exe","TargetFilename":"C:\\Users\\root\\AppData\\Local\\Microsoft\\OneDrive\\25.206.1021.0003\\Bundle\\Assets\\common\\assets\\images\\chevronDown.png.WNCRYT","CreationUtcTime":"2025-11-12 01:39:46.176","PreviousCreationUtcTime":"2025-11-12 11:07:06.169","User":"DESKTOP-CS6O5DN\\root"}}}
{"Event":{"#attributes":{"xmlns":"http://schemas.microsoft.com/win/2004/08/events/event"},"System":{"Provider":{"#attributes":{"Name":"Microsoft-Windows-Sysmon","Guid":"5770385F-C22A-43E0-BF4C-06F5698FFBD9"}},"EventID":2,"Version":5,"Level":4,"Task":2,"Opcode":0,"Keywords":"0x8000000000000000","TimeCreated":{"#attributes":{"SystemTime":"2025-11-12T11:07:06.180573Z"}},"EventRecordID":892,"Correlation":null,"Execution":{"#attributes":{"ProcessID":5420,"ThreadID":4432}},"Channel":"Microsoft-Windows-Sysmon/Operational","Computer":"DESKTOP-CS6O5DN","Security":{"#attributes":{"UserID":"S-1-5-18"}}},"EventData":{"RuleName":"T1099","UtcTime":"2025-11-12 11:07:06.169","ProcessGuid":"2A767A6E-6A45-6914-8C01-000000000F00","ProcessId":7968,"Image":"C:\\Users\\root\\Desktop\\恶意代码教学样本-在沙盒中修改文件名\\1-WannaCrypt0r.exe","TargetFilename":"C:\\Users\\root\\AppData\\Local\\Microsoft\\OneDrive\\25.206.1021.0003\\Bundle\\Assets\\common\\assets\\images\\chevronRight.png.WNCRYT","CreationUtcTime":"2025-11-12 01:39:46.191","PreviousCreationUtcTime":"2025-11-12 11:07:06.169","User":"DESKTOP-CS6O5DN\\root"}}}
{"Event":{"#attributes":{"xmlns":"http://schemas.microsoft.com/win/2004/08/events/event"},"System":{"Provider":{"#attributes":{"Name":"Microsoft-Windows-Sysmon","Guid":"5770385F-C22A-43E0-BF4C-06F5698FFBD9"}},"EventID":2,"Version":5,"Level":4,"Task":2,"Opcode":0,"Keywords":"0x8000000000000000","TimeCreated":{"#attributes":{"SystemTime":"2025-11-12T11:07:06.181772Z"}},"EventRecordID":893,"Correlation":null,"Execution":{"#attributes":{"ProcessID":5420,"ThreadID":4432}},"Channel":"Microsoft-Windows-Sysmon/Operational","Computer":"DESKTOP-CS6O5DN","Security":{"#attributes":{"UserID":"S-1-5-18"}}},"EventData":{"RuleName":"T1099","UtcTime":"2025-11-12 11:07:06.169","ProcessGuid":"2A767A6E-6A45-6914-8C01-000000000F00","ProcessId":7968,"Image":"C:\\Users\\root\\Desktop\\恶意代码教学样本-在沙盒中修改文件名\\1-WannaCrypt0r.exe","TargetFilename":"C:\\Users\\root\\AppData\\Local\\Microsoft\\OneDrive\\25.206.1021.0003\\Bundle\\Assets\\common\\assets\\images\\chevronUp.png.WNCRYT","CreationUtcTime":"2025-11-12 01:39:46.191","PreviousCreationUtcTime":"2025-11-12 11:07:06.169","User":"DESKTOP-CS6O5DN\\root"}}}
{"Event":{"#attributes":{"xmlns":"http://schemas.microsoft.com/win/2004/08/events/event"},"System":{"Provider":{"#attributes":{"Name":"Microsoft-Windows-Sysmon","Guid":"5770385F-C22A-43E0-BF4C-06F5698FFBD9"}},"EventID":2,"Version":5,"Level":4,"Task":2,"Opcode":0,"Keywords":"0x8000000000000000","TimeCreated":{"#attributes":{"SystemTime":"2025-11-12T11:07:06.195476Z"}},"EventRecordID":894,"Correlation":null,"Execution":{"#attributes":{"ProcessID":5420,"ThreadID":4432}},"Channel":"Microsoft-Windows-Sysmon/Operational","Computer":"DESKTOP-CS6O5DN","Security":{"#attributes":{"UserID":"S-1-5-18"}}},"EventData":{"RuleName":"T1099","UtcTime":"2025-11-12 11:07:06.187","ProcessGuid":"2A767A6E-6A45-6914-8C01-000000000F00","ProcessId":7968,"Image":"C:\\Users\\root\\Desktop\\恶意代码教学样本-在沙盒中修改文件名\\1-WannaCrypt0r.exe","TargetFilename":"C:\\Users\\root\\AppData\\Local\\Microsoft\\OneDrive\\25.206.1021.0003\\Bundle\\Assets\\common\\assets\\images\\coloredFolders.png.WNCRYT","CreationUtcTime":"2025-11-12 01:39:46.191","PreviousCreationUtcTime":"2025-11-12 11:07:06.187","User":"DESKTOP-CS6O5DN\\root"}}}
{"Event":{"#attributes":{"xmlns":"http://schemas.microsoft.com/win/2004/08/events/event"},"System":{"Provider":{"#attributes":{"Name":"Microsoft-Windows-Sysmon","Guid":"5770385F-C22A-43E0-BF4C-06F5698FFBD9"}},"EventID":2,"Version":5,"Level":4,"Task":2,"Opcode":0,"Keywords":"0x8000000000000000","TimeCreated":{"#attributes":{"SystemTime":"2025-11-12T11:07:06.197777Z"}},"EventRecordID":895,"Correlation":null,"Execution":{"#attributes":{"ProcessID":5420,"ThreadID":4432}},"Channel":"Microsoft-Windows-Sysmon/Operational","Computer":"DESKTOP-CS6O5DN","Security":{"#attributes":{"UserID":"S-1-5-18"}}},"EventData":{"RuleName":"T1099","UtcTime":"2025-11-12 11:07:06.187","ProcessGuid":"2A767A6E-6A45-6914-8C01-000000000F00","ProcessId":7968,"Image":"C:\\Users\\root\\Desktop\\恶意代码教学样本-在沙盒中修改文件名\\1-WannaCrypt0r.exe","TargetFilename":"C:\\Users\\root\\AppData\\Local\\Microsoft\\OneDrive\\25.206.1021.0003\\Bundle\\Assets\\common\\assets\\images\\error.png.WNCRYT","CreationUtcTime":"2025-11-12 01:39:46.207","PreviousCreationUtcTime":"2025-11-12 11:07:06.187","User":"DESKTOP-CS6O5DN\\root"}}}
{"Event":{"#attributes":{"xmlns":"http://schemas.microsoft.com/win/2004/08/events/event"},"System":{"Provider":{"#attributes":{"Name":"Microsoft-Windows-Sysmon","Guid":"5770385F-C22A-43E0-BF4C-06F5698FFBD9"}},"EventID":2,"Version":5,"Level":4,"Task":2,"Opcode":0,"Keywords":"0x8000000000000000","TimeCreated":{"#attributes":{"SystemTime":"2025-11-12T11:07:06.202504Z"}},"EventRecordID":896,"Correlation":null,"Execution":{"#attributes":{"ProcessID":5420,"ThreadID":4432}},"Channel":"Microsoft-Windows-Sysmon/Operational","Computer":"DESKTOP-CS6O5DN","Security":{"#attributes":{"UserID":"S-1-5-18"}}},"EventData":{"RuleName":"T1099","UtcTime":"2025-11-12 11:07:06.187","ProcessGuid":"2A767A6E-6A45-6914-8C01-000000000F00","ProcessId":7968,"Image":"C:\\Users\\root\\Desktop\\恶意代码教学样本-在沙盒中修改文件名\\1-WannaCrypt0r.exe","TargetFilename":"C:\\Users\\root\\AppData\\Local\\Microsoft\\OneDrive\\25.206.1021.0003\\Bundle\\Assets\\common\\assets\\images\\errorDark.png.WNCRYT","CreationUtcTime":"2025-11-12 01:39:46.207","PreviousCreationUtcTime":"2025-11-12 11:07:06.187","User":"DESKTOP-CS6O5DN\\root"}}}
{"Event":{"#attributes":{"xmlns":"http://schemas.microsoft.com/win/2004/08/events/event"},"System":{"Provider":{"#attributes":{"Name":"Microsoft-Windows-Sysmon","Guid":"5770385F-C22A-43E0-BF4C-06F5698FFBD9"}},"EventID":2,"Version":5,"Level":4,"Task":2,"Opcode":0,"Keywords":"0x8000000000000000","TimeCreated":{"#attributes":{"SystemTime":"2025-11-12T11:07:06.204642Z"}},"EventRecordID":897,"Correlation":null,"Execution":{"#attributes":{"ProcessID":5420,"ThreadID":4432}},"Channel":"Microsoft-Windows-Sysmon/Operational","Computer":"DESKTOP-CS6O5DN","Security":{"#attributes":{"UserID":"S-1-5-18"}}},"EventData":{"RuleName":"T1099","UtcTime":"2025-11-12 11:07:06.202","ProcessGuid":"2A767A6E-6A45-6914-8C01-000000000F00","ProcessId":7968,"Image":"C:\\Users\\root\\Desktop\\恶意代码教学样本-在沙盒中修改文件名\\1-WannaCrypt0r.exe","TargetFilename":"C:\\Users\\root\\AppData\\Local\\Microsoft\\OneDrive\\25.206.1021.0003\\Bundle\\Assets\\common\\assets\\images\\exitIcon22x22.png.WNCRYT","CreationUtcTime":"2025-11-12 01:39:46.207","PreviousCreationUtcTime":"2025-11-12 11:07:06.202","User":"DESKTOP-CS6O5DN\\root"}}}
{"Event":{"#attributes":{"xmlns":"http://schemas.microsoft.com/win/2004/08/events/event"},"System":{"Provider":{"#attributes":{"Name":"Microsoft-Windows-Sysmon","Guid":"5770385F-C22A-43E0-BF4C-06F5698FFBD9"}},"EventID":2,"Version":5,"Level":4,"Task":2,"Opcode":0,"Keywords":"0x8000000000000000","TimeCreated":{"#attributes":{"SystemTime":"2025-11-12T11:07:06.206997Z"}},"EventRecordID":898,"Correlation":null,"Execution":{"#attributes":{"ProcessID":5420,"ThreadID":4432}},"Channel":"Microsoft-Windows-Sysmon/Operational","Computer":"DESKTOP-CS6O5DN","Security":{"#attributes":{"UserID":"S-1-5-18"}}},"EventData":{"RuleName":"T1099","UtcTime":"2025-11-12 11:07:06.202","ProcessGuid":"2A767A6E-6A45-6914-8C01-000000000F00","ProcessId":7968,"Image":"C:\\Users\\root\\Desktop\\恶意代码教学样本-在沙盒中修改文件名\\1-WannaCrypt0r.exe","TargetFilename":"C:\\Users\\root\\AppData\\Local\\Microsoft\\OneDrive\\25.206.1021.0003\\Bundle\\Assets\\common\\assets\\images\\feedbackIcon22x22.png.WNCRYT","CreationUtcTime":"2025-11-12 01:39:46.207","PreviousCreationUtcTime":"2025-11-12 11:07:06.202","User":"DESKTOP-CS6O5DN\\root"}}}
{"Event":{"#attributes":{"xmlns":"http://schemas.microsoft.com/win/2004/08/events/event"},"System":{"Provider":{"#attributes":{"Name":"Microsoft-Windows-Sysmon","Guid":"5770385F-C22A-43E0-BF4C-06F5698FFBD9"}},"EventID":2,"Version":5,"Level":4,"Task":2,"Opcode":0,"Keywords":"0x8000000000000000","TimeCreated":{"#attributes":{"SystemTime":"2025-11-12T11:07:06.209844Z"}},"EventRecordID":899,"Correlation":null,"Execution":{"#attributes":{"ProcessID":5420,"ThreadID":4432}},"Channel":"Microsoft-Windows-Sysmon/Operational","Computer":"DESKTOP-CS6O5DN","Security":{"#attributes":{"UserID":"S-1-5-18"}}},"EventData":{"RuleName":"T1099","UtcTime":"2025-11-12 11:07:06.202","ProcessGuid":"2A767A6E-6A45-6914-8C01-000000000F00","ProcessId":7968,"Image":"C:\\Users\\root\\Desktop\\恶意代码教学样本-在沙盒中修改文件名\\1-WannaCrypt0r.exe","TargetFilename":"C:\\Users\\root\\AppData\\Local\\Microsoft\\OneDrive\\25.206.1021.0003\\Bundle\\Assets\\common\\assets\\images\\file.png.WNCRYT","CreationUtcTime":"2025-11-12 01:39:46.207","PreviousCreationUtcTime":"2025-11-12 11:07:06.202","User":"DESKTOP-CS6O5DN\\root"}}}
{"Event":{"#attributes":{"xmlns":"http://schemas.microsoft.com/win/2004/08/events/event"},"System":{"Provider":{"#attributes":{"Name":"Microsoft-Windows-Sysmon","Guid":"5770385F-C22A-43E0-BF4C-06F5698FFBD9"}},"EventID":2,"Version":5,"Level":4,"Task":2,"Opcode":0,"Keywords":"0x8000000000000000","TimeCreated":{"#attributes":{"SystemTime":"2025-11-12T11:07:06.211335Z"}},"EventRecordID":900,"Correlation":null,"Execution":{"#attributes":{"ProcessID":5420,"ThreadID":4432}},"Channel":"Microsoft-Windows-Sysmon/Operational","Computer":"DESKTOP-CS6O5DN","Security":{"#attributes":{"UserID":"S-1-5-18"}}},"EventData":{"RuleName":"T1099","UtcTime":"2025-11-12 11:07:06.202","ProcessGuid":"2A767A6E-6A45-6914-8C01-000000000F00","ProcessId":7968,"Image":"C:\\Users\\root\\Desktop\\恶意代码教学样本-在沙盒中修改文件名\\1-WannaCrypt0r.exe","TargetFilename":"C:\\Users\\root\\AppData\\Local\\Microsoft\\OneDrive\\25.206.1021.0003\\Bundle\\Assets\\common\\assets\\images\\folder20x20.png.WNCRYT","CreationUtcTime":"2025-11-12 01:39:46.207","PreviousCreationUtcTime":"2025-11-12 11:07:06.202","User":"DESKTOP-CS6O5DN\\root"}}}
{"Event":{"#attributes":{"xmlns":"http://schemas.microsoft.com/win/2004/08/events/event"},"System":{"Provider":{"#attributes":{"Name":"Microsoft-Windows-Sysmon","Guid":"5770385F-C22A-43E0-BF4C-06F5698FFBD9"}},"EventID":2,"Version":5,"Level":4,"Task":2,"Opcode":0,"Keywords":"0x8000000000000000","TimeCreated":{"#attributes":{"SystemTime":"2025-11-12T11:07:06.213308Z"}},"EventRecordID":901,"Correlation":null,"Execution":{"#attributes":{"ProcessID":5420,"ThreadID":4432}},"Channel":"Microsoft-Windows-Sysmon/Operational","Computer":"DESKTOP-CS6O5DN","Security":{"#attributes":{"UserID":"S-1-5-18"}}},"EventData":{"RuleName":"T1099","UtcTime":"2025-11-12 11:07:06.202","ProcessGuid":"2A767A6E-6A45-6914-8C01-000000000F00","ProcessId":7968,"Image":"C:\\Users\\root\\Desktop\\恶意代码教学样本-在沙盒中修改文件名\\1-WannaCrypt0r.exe","TargetFilename":"C:\\Users\\root\\AppData\\Local\\Microsoft\\OneDrive\\25.206.1021.0003\\Bundle\\Assets\\common\\assets\\images\\folder20x20@2x.png.WNCRYT","CreationUtcTime":"2025-11-12 01:39:46.207","PreviousCreationUtcTime":"2025-11-12 11:07:06.202","User":"DESKTOP-CS6O5DN\\root"}}}
{"Event":{"#attributes":{"xmlns":"http://schemas.microsoft.com/win/2004/08/events/event"},"System":{"Provider":{"#attributes":{"Name":"Microsoft-Windows-Sysmon","Guid":"5770385F-C22A-43E0-BF4C-06F5698FFBD9"}},"EventID":2,"Version":5,"Level":4,"Task":2,"Opcode":0,"Keywords":"0x8000000000000000","TimeCreated":{"#attributes":{"SystemTime":"2025-11-12T11:07:06.215125Z"}},"EventRecordID":902,"Correlation":null,"Execution":{"#attributes":{"ProcessID":5420,"ThreadID":4432}},"Channel":"Microsoft-Windows-Sysmon/Operational","Computer":"DESKTOP-CS6O5DN","Security":{"#attributes":{"UserID":"S-1-5-18"}}},"EventData":{"RuleName":"T1099","UtcTime":"2025-11-12 11:07:06.202","ProcessGuid":"2A767A6E-6A45-6914-8C01-000000000F00","ProcessId":7968,"Image":"C:\\Users\\root\\Desktop\\恶意代码教学样本-在沙盒中修改文件名\\1-WannaCrypt0r.exe","TargetFilename":"C:\\Users\\root\\AppData\\Local\\Microsoft\\OneDrive\\25.206.1021.0003\\Bundle\\Assets\\common\\assets\\images\\fond_download_all.png.WNCRYT","CreationUtcTime":"2025-11-12 01:39:46.207","PreviousCreationUtcTime":"2025-11-12 11:07:06.202","User":"DESKTOP-CS6O5DN\\root"}}}
{"Event":{"#attributes":{"xmlns":"http://schemas.microsoft.com/win/2004/08/events/event"},"System":{"Provider":{"#attributes":{"Name":"Microsoft-Windows-Sysmon","Guid":"5770385F-C22A-43E0-BF4C-06F5698FFBD9"}},"EventID":2,"Version":5,"Level":4,"Task":2,"Opcode":0,"Keywords":"0x8000000000000000","TimeCreated":{"#attributes":{"SystemTime":"2025-11-12T11:07:06.220513Z"}},"EventRecordID":903,"Correlation":null,"Execution":{"#attributes":{"ProcessID":5420,"ThreadID":4432}},"Channel":"Microsoft-Windows-Sysmon/Operational","Computer":"DESKTOP-CS6O5DN","Security":{"#attributes":{"UserID":"S-1-5-18"}}},"EventData":{"RuleName":"T1099","UtcTime":"2025-11-12 11:07:06.216","ProcessGuid":"2A767A6E-6A45-6914-8C01-000000000F00","ProcessId":7968,"Image":"C:\\Users\\root\\Desktop\\恶意代码教学样本-在沙盒中修改文件名\\1-WannaCrypt0r.exe","TargetFilename":"C:\\Users\\root\\AppData\\Local\\Microsoft\\OneDrive\\25.206.1021.0003\\Bundle\\Assets\\common\\assets\\images\\fond_free_up_space.png.WNCRYT","CreationUtcTime":"2025-11-12 01:39:46.207","PreviousCreationUtcTime":"2025-11-12 11:07:06.216","User":"DESKTOP-CS6O5DN\\root"}}}
{"Event":{"#attributes":{"xmlns":"http://schemas.microsoft.com/win/2004/08/events/event"},"System":{"Provider":{"#attributes":{"Name":"Microsoft-Windows-Sysmon","Guid":"5770385F-C22A-43E0-BF4C-06F5698FFBD9"}},"EventID":2,"Version":5,"Level":4,"Task":2,"Opcode":0,"Keywords":"0x8000000000000000","TimeCreated":{"#attributes":{"SystemTime":"2025-11-12T11:07:06.222126Z"}},"EventRecordID":904,"Correlation":null,"Execution":{"#attributes":{"ProcessID":5420,"ThreadID":4432}},"Channel":"Microsoft-Windows-Sysmon/Operational","Computer":"DESKTOP-CS6O5DN","Security":{"#attributes":{"UserID":"S-1-5-18"}}},"EventData":{"RuleName":"T1099","UtcTime":"2025-11-12 11:07:06.216","ProcessGuid":"2A767A6E-6A45-6914-8C01-000000000F00","ProcessId":7968,"Image":"C:\\Users\\root\\Desktop\\恶意代码教学样本-在沙盒中修改文件名\\1-WannaCrypt0r.exe","TargetFilename":"C:\\Users\\root\\AppData\\Local\\Microsoft\\OneDrive\\25.206.1021.0003\\Bundle\\Assets\\common\\assets\\images\\getHelp_light.png.WNCRYT","CreationUtcTime":"2025-11-12 01:39:46.207","PreviousCreationUtcTime":"2025-11-12 11:07:06.216","User":"DESKTOP-CS6O5DN\\root"}}}
{"Event":{"#attributes":{"xmlns":"http://schemas.microsoft.com/win/2004/08/events/event"},"System":{"Provider":{"#attributes":{"Name":"Microsoft-Windows-Sysmon","Guid":"5770385F-C22A-43E0-BF4C-06F5698FFBD9"}},"EventID":2,"Version":5,"Level":4,"Task":2,"Opcode":0,"Keywords":"0x8000000000000000","TimeCreated":{"#attributes":{"SystemTime":"2025-11-12T11:07:06.225425Z"}},"EventRecordID":905,"Correlation":null,"Execution":{"#attributes":{"ProcessID":5420,"ThreadID":4432}},"Channel":"Microsoft-Windows-Sysmon/Operational","Computer":"DESKTOP-CS6O5DN","Security":{"#attributes":{"UserID":"S-1-5-18"}}},"EventData":{"RuleName":"T1099","UtcTime":"2025-11-12 11:07:06.216","ProcessGuid":"2A767A6E-6A45-6914-8C01-000000000F00","ProcessId":7968,"Image":"C:\\Users\\root\\Desktop\\恶意代码教学样本-在沙盒中修改文件名\\1-WannaCrypt0r.exe","TargetFilename":"C:\\Users\\root\\AppData\\Local\\Microsoft\\OneDrive\\25.206.1021.0003\\Bundle\\Assets\\common\\assets\\images\\giveFeedback_light.png.WNCRYT","CreationUtcTime":"2025-11-12 01:39:46.207","PreviousCreationUtcTime":"2025-11-12 11:07:06.216","User":"DESKTOP-CS6O5DN\\root"}}}
{"Event":{"#attributes":{"xmlns":"http://schemas.microsoft.com/win/2004/08/events/event"},"System":{"Provider":{"#attributes":{"Name":"Microsoft-Windows-Sysmon","Guid":"5770385F-C22A-43E0-BF4C-06F5698FFBD9"}},"EventID":2,"Version":5,"Level":4,"Task":2,"Opcode":0,"Keywords":"0x8000000000000000","TimeCreated":{"#attributes":{"SystemTime":"2025-11-12T11:07:06.228637Z"}},"EventRecordID":906,"Correlation":null,"Execution":{"#attributes":{"ProcessID":5420,"ThreadID":4432}},"Channel":"Microsoft-Windows-Sysmon/Operational","Computer":"DESKTOP-CS6O5DN","Security":{"#attributes":{"UserID":"S-1-5-18"}}},"EventData":{"RuleName":"T1099","UtcTime":"2025-11-12 11:07:06.216","ProcessGuid":"2A767A6E-6A45-6914-8C01-000000000F00","ProcessId":7968,"Image":"C:\\Users\\root\\Desktop\\恶意代码教学样本-在沙盒中修改文件名\\1-WannaCrypt0r.exe","TargetFilename":"C:\\Users\\root\\AppData\\Local\\Microsoft\\OneDrive\\25.206.1021.0003\\Bundle\\Assets\\common\\assets\\images\\globeIcon.png.WNCRYT","CreationUtcTime":"2025-11-12 01:39:46.223","PreviousCreationUtcTime":"2025-11-12 11:07:06.216","User":"DESKTOP-CS6O5DN\\root"}}}
{"Event":{"#attributes":{"xmlns":"http://schemas.microsoft.com/win/2004/08/events/event"},"System":{"Provider":{"#attributes":{"Name":"Microsoft-Windows-Sysmon","Guid":"5770385F-C22A-43E0-BF4C-06F5698FFBD9"}},"EventID":2,"Version":5,"Level":4,"Task":2,"Opcode":0,"Keywords":"0x8000000000000000","TimeCreated":{"#attributes":{"SystemTime":"2025-11-12T11:07:06.237823Z"}},"EventRecordID":907,"Correlation":null,"Execution":{"#attributes":{"ProcessID":5420,"ThreadID":4432}},"Channel":"Microsoft-Windows-Sysmon/Operational","Computer":"DESKTOP-CS6O5DN","Security":{"#attributes":{"UserID":"S-1-5-18"}}},"EventData":{"RuleName":"T1099","UtcTime":"2025-11-12 11:07:06.235","ProcessGuid":"2A767A6E-6A45-6914-8C01-000000000F00","ProcessId":7968,"Image":"C:\\Users\\root\\Desktop\\恶意代码教学样本-在沙盒中修改文件名\\1-WannaCrypt0r.exe","TargetFilename":"C:\\Users\\root\\AppData\\Local\\Microsoft\\OneDrive\\25.206.1021.0003\\Bundle\\Assets\\common\\assets\\images\\helpIcon22x22.png.WNCRYT","CreationUtcTime":"2025-11-12 01:39:46.223","PreviousCreationUtcTime":"2025-11-12 11:07:06.235","User":"DESKTOP-CS6O5DN\\root"}}}
{"Event":{"#attributes":{"xmlns":"http://schemas.microsoft.com/win/2004/08/events/event"},"System":{"Provider":{"#attributes":{"Name":"Microsoft-Windows-Sysmon","Guid":"5770385F-C22A-43E0-BF4C-06F5698FFBD9"}},"EventID":2,"Version":5,"Level":4,"Task":2,"Opcode":0,"Keywords":"0x8000000000000000","TimeCreated":{"#attributes":{"SystemTime":"2025-11-12T11:07:06.239344Z"}},"EventRecordID":908,"Correlation":null,"Execution":{"#attributes":{"ProcessID":5420,"ThreadID":4432}},"Channel":"Microsoft-Windows-Sysmon/Operational","Computer":"DESKTOP-CS6O5DN","Security":{"#attributes":{"UserID":"S-1-5-18"}}},"EventData":{"RuleName":"T1099","UtcTime":"2025-11-12 11:07:06.235","ProcessGuid":"2A767A6E-6A45-6914-8C01-000000000F00","ProcessId":7968,"Image":"C:\\Users\\root\\Desktop\\恶意代码教学样本-在沙盒中修改文件名\\1-WannaCrypt0r.exe","TargetFilename":"C:\\Users\\root\\AppData\\Local\\Microsoft\\OneDrive\\25.206.1021.0003\\Bundle\\Assets\\common\\assets\\images\\house.png.WNCRYT","CreationUtcTime":"2025-11-12 01:39:46.223","PreviousCreationUtcTime":"2025-11-12 11:07:06.235","User":"DESKTOP-CS6O5DN\\root"}}}
{"Event":{"#attributes":{"xmlns":"http://schemas.microsoft.com/win/2004/08/events/event"},"System":{"Provider":{"#attributes":{"Name":"Microsoft-Windows-Sysmon","Guid":"5770385F-C22A-43E0-BF4C-06F5698FFBD9"}},"EventID":2,"Version":5,"Level":4,"Task":2,"Opcode":0,"Keywords":"0x8000000000000000","TimeCreated":{"#attributes":{"SystemTime":"2025-11-12T11:07:06.244872Z"}},"EventRecordID":909,"Correlation":null,"Execution":{"#attributes":{"ProcessID":5420,"ThreadID":4432}},"Channel":"Microsoft-Windows-Sysmon/Operational","Computer":"DESKTOP-CS6O5DN","Security":{"#attributes":{"UserID":"S-1-5-18"}}},"EventData":{"RuleName":"T1099","UtcTime":"2025-11-12 11:07:06.235","ProcessGuid":"2A767A6E-6A45-6914-8C01-000000000F00","ProcessId":7968,"Image":"C:\\Users\\root\\Desktop\\恶意代码教学样本-在沙盒中修改文件名\\1-WannaCrypt0r.exe","TargetFilename":"C:\\Users\\root\\AppData\\Local\\Microsoft\\OneDrive\\25.206.1021.0003\\Bundle\\Assets\\common\\assets\\images\\info.png.WNCRYT","CreationUtcTime":"2025-11-12 01:39:46.223","PreviousCreationUtcTime":"2025-11-12 11:07:06.235","User":"DESKTOP-CS6O5DN\\root"}}}
{"Event":{"#attributes":{"xmlns":"http://schemas.microsoft.com/win/2004/08/events/event"},"System":{"Provider":{"#attributes":{"Name":"Microsoft-Windows-Sysmon","Guid":"5770385F-C22A-43E0-BF4C-06F5698FFBD9"}},"EventID":2,"Version":5,"Level":4,"Task":2,"Opcode":0,"Keywords":"0x8000000000000000","TimeCreated":{"#attributes":{"SystemTime":"2025-11-12T11:07:06.246190Z"}},"EventRecordID":910,"Correlation":null,"Execution":{"#attributes":{"ProcessID":5420,"ThreadID":4432}},"Channel":"Microsoft-Windows-Sysmon/Operational","Computer":"DESKTOP-CS6O5DN","Security":{"#attributes":{"UserID":"S-1-5-18"}}},"EventData":{"RuleName":"T1099","UtcTime":"2025-11-12 11:07:06.235","ProcessGuid":"2A767A6E-6A45-6914-8C01-000000000F00","ProcessId":7968,"Image":"C:\\Users\\root\\Desktop\\恶意代码教学样本-在沙盒中修改文件名\\1-WannaCrypt0r.exe","TargetFilename":"C:\\Users\\root\\AppData\\Local\\Microsoft\\OneDrive\\25.206.1021.0003\\Bundle\\Assets\\common\\assets\\images\\infoDanger.png.WNCRYT","CreationUtcTime":"2025-11-12 01:39:46.223","PreviousCreationUtcTime":"2025-11-12 11:07:06.235","User":"DESKTOP-CS6O5DN\\root"}}}
{"Event":{"#attributes":{"xmlns":"http://schemas.microsoft.com/win/2004/08/events/event"},"System":{"Provider":{"#attributes":{"Name":"Microsoft-Windows-Sysmon","Guid":"5770385F-C22A-43E0-BF4C-06F5698FFBD9"}},"EventID":2,"Version":5,"Level":4,"Task":2,"Opcode":0,"Keywords":"0x8000000000000000","TimeCreated":{"#attributes":{"SystemTime":"2025-11-12T11:07:06.249082Z"}},"EventRecordID":911,"Correlation":null,"Execution":{"#attributes":{"ProcessID":5420,"ThreadID":4432}},"Channel":"Microsoft-Windows-Sysmon/Operational","Computer":"DESKTOP-CS6O5DN","Security":{"#attributes":{"UserID":"S-1-5-18"}}},"EventData":{"RuleName":"T1099","UtcTime":"2025-11-12 11:07:06.247","ProcessGuid":"2A767A6E-6A45-6914-8C01-000000000F00","ProcessId":7968,"Image":"C:\\Users\\root\\Desktop\\恶意代码教学样本-在沙盒中修改文件名\\1-WannaCrypt0r.exe","TargetFilename":"C:\\Users\\root\\AppData\\Local\\Microsoft\\OneDrive\\25.206.1021.0003\\Bundle\\Assets\\common\\assets\\images\\infoDanger@2x.png.WNCRYT","CreationUtcTime":"2025-11-12 01:39:46.223","PreviousCreationUtcTime":"2025-11-12 11:07:06.247","User":"DESKTOP-CS6O5DN\\root"}}}
{"Event":{"#attributes":{"xmlns":"http://schemas.microsoft.com/win/2004/08/events/event"},"System":{"Provider":{"#attributes":{"Name":"Microsoft-Windows-Sysmon","Guid":"5770385F-C22A-43E0-BF4C-06F5698FFBD9"}},"EventID":2,"Version":5,"Level":4,"Task":2,"Opcode":0,"Keywords":"0x8000000000000000","TimeCreated":{"#attributes":{"SystemTime":"2025-11-12T11:07:06.253936Z"}},"EventRecordID":912,"Correlation":null,"Execution":{"#attributes":{"ProcessID":5420,"ThreadID":4432}},"Channel":"Microsoft-Windows-Sysmon/Operational","Computer":"DESKTOP-CS6O5DN","Security":{"#attributes":{"UserID":"S-1-5-18"}}},"EventData":{"RuleName":"T1099","UtcTime":"2025-11-12 11:07:06.247","ProcessGuid":"2A767A6E-6A45-6914-8C01-000000000F00","ProcessId":7968,"Image":"C:\\Users\\root\\Desktop\\恶意代码教学样本-在沙盒中修改文件名\\1-WannaCrypt0r.exe","TargetFilename":"C:\\Users\\root\\AppData\\Local\\Microsoft\\OneDrive\\25.206.1021.0003\\Bundle\\Assets\\common\\assets\\images\\infoDanger@3x.png.WNCRYT","CreationUtcTime":"2025-11-12 01:39:46.223","PreviousCreationUtcTime":"2025-11-12 11:07:06.247","User":"DESKTOP-CS6O5DN\\root"}}}
{"Event":{"#attributes":{"xmlns":"http://schemas.microsoft.com/win/2004/08/events/event"},"System":{"Provider":{"#attributes":{"Name":"Microsoft-Windows-Sysmon","Guid":"5770385F-C22A-43E0-BF4C-06F5698FFBD9"}},"EventID":2,"Version":5,"Level":4,"Task":2,"Opcode":0,"Keywords":"0x8000000000000000","TimeCreated":{"#attributes":{"SystemTime":"2025-11-12T11:07:06.256959Z"}},"EventRecordID":913,"Correlation":null,"Execution":{"#attributes":{"ProcessID":5420,"ThreadID":4432}},"Channel":"Microsoft-Windows-Sysmon/Operational","Computer":"DESKTOP-CS6O5DN","Security":{"#attributes":{"UserID":"S-1-5-18"}}},"EventData":{"RuleName":"T1099","UtcTime":"2025-11-12 11:07:06.247","ProcessGuid":"2A767A6E-6A45-6914-8C01-000000000F00","ProcessId":7968,"Image":"C:\\Users\\root\\Desktop\\恶意代码教学样本-在沙盒中修改文件名\\1-WannaCrypt0r.exe","TargetFilename":"C:\\Users\\root\\AppData\\Local\\Microsoft\\OneDrive\\25.206.1021.0003\\Bundle\\Assets\\common\\assets\\images\\infoDark.png.WNCRYT","CreationUtcTime":"2025-11-12 01:39:46.223","PreviousCreationUtcTime":"2025-11-12 11:07:06.247","User":"DESKTOP-CS6O5DN\\root"}}}
{"Event":{"#attributes":{"xmlns":"http://schemas.microsoft.com/win/2004/08/events/event"},"System":{"Provider":{"#attributes":{"Name":"Microsoft-Windows-Sysmon","Guid":"5770385F-C22A-43E0-BF4C-06F5698FFBD9"}},"EventID":2,"Version":5,"Level":4,"Task":2,"Opcode":0,"Keywords":"0x8000000000000000","TimeCreated":{"#attributes":{"SystemTime":"2025-11-12T11:07:06.260420Z"}},"EventRecordID":914,"Correlation":null,"Execution":{"#attributes":{"ProcessID":5420,"ThreadID":4432}},"Channel":"Microsoft-Windows-Sysmon/Operational","Computer":"DESKTOP-CS6O5DN","Security":{"#attributes":{"UserID":"S-1-5-18"}}},"EventData":{"RuleName":"T1099","UtcTime":"2025-11-12 11:07:06.247","ProcessGuid":"2A767A6E-6A45-6914-8C01-000000000F00","ProcessId":7968,"Image":"C:\\Users\\root\\Desktop\\恶意代码教学样本-在沙盒中修改文件名\\1-WannaCrypt0r.exe","TargetFilename":"C:\\Users\\root\\AppData\\Local\\Microsoft\\OneDrive\\25.206.1021.0003\\Bundle\\Assets\\common\\assets\\images\\infoWarning.png.WNCRYT","CreationUtcTime":"2025-11-12 01:39:46.238","PreviousCreationUtcTime":"2025-11-12 11:07:06.247","User":"DESKTOP-CS6O5DN\\root"}}}
{"Event":{"#attributes":{"xmlns":"http://schemas.microsoft.com/win/2004/08/events/event"},"System":{"Provider":{"#attributes":{"Name":"Microsoft-Windows-Sysmon","Guid":"5770385F-C22A-43E0-BF4C-06F5698FFBD9"}},"EventID":2,"Version":5,"Level":4,"Task":2,"Opcode":0,"Keywords":"0x8000000000000000","TimeCreated":{"#attributes":{"SystemTime":"2025-11-12T11:07:06.262904Z"}},"EventRecordID":915,"Correlation":null,"Execution":{"#attributes":{"ProcessID":5420,"ThreadID":4432}},"Channel":"Microsoft-Windows-Sysmon/Operational","Computer":"DESKTOP-CS6O5DN","Security":{"#attributes":{"UserID":"S-1-5-18"}}},"EventData":{"RuleName":"T1099","UtcTime":"2025-11-12 11:07:06.247","ProcessGuid":"2A767A6E-6A45-6914-8C01-000000000F00","ProcessId":7968,"Image":"C:\\Users\\root\\Desktop\\恶意代码教学样本-在沙盒中修改文件名\\1-WannaCrypt0r.exe","TargetFilename":"C:\\Users\\root\\AppData\\Local\\Microsoft\\OneDrive\\25.206.1021.0003\\Bundle\\Assets\\common\\assets\\images\\infoWarningDark.png.WNCRYT","CreationUtcTime":"2025-11-12 01:39:46.238","PreviousCreationUtcTime":"2025-11-12 11:07:06.247","User":"DESKTOP-CS6O5DN\\root"}}}
{"Event":{"#attributes":{"xmlns":"http://schemas.microsoft.com/win/2004/08/events/event"},"System":{"Provider":{"#attributes":{"Name":"Microsoft-Windows-Sysmon","Guid":"5770385F-C22A-43E0-BF4C-06F5698FFBD9"}},"EventID":2,"Version":5,"Level":4,"Task":2,"Opcode":0,"Keywords":"0x8000000000000000","TimeCreated":{"#attributes":{"SystemTime":"2025-11-12T11:07:06.266508Z"}},"EventRecordID":916,"Correlation":null,"Execution":{"#attributes":{"ProcessID":5420,"ThreadID":4432}},"Channel":"Microsoft-Windows-Sysmon/Operational","Computer":"DESKTOP-CS6O5DN","Security":{"#attributes":{"UserID":"S-1-5-18"}}},"EventData":{"RuleName":"T1099","UtcTime":"2025-11-12 11:07:06.262","ProcessGuid":"2A767A6E-6A45-6914-8C01-000000000F00","ProcessId":7968,"Image":"C:\\Users\\root\\Desktop\\恶意代码教学样本-在沙盒中修改文件名\\1-WannaCrypt0r.exe","TargetFilename":"C:\\Users\\root\\AppData\\Local\\Microsoft\\OneDrive\\25.206.1021.0003\\Bundle\\Assets\\common\\assets\\images\\layerIcon22x22.png.WNCRYT","CreationUtcTime":"2025-11-12 01:39:46.238","PreviousCreationUtcTime":"2025-11-12 11:07:06.262","User":"DESKTOP-CS6O5DN\\root"}}}
{"Event":{"#attributes":{"xmlns":"http://schemas.microsoft.com/win/2004/08/events/event"},"System":{"Provider":{"#attributes":{"Name":"Microsoft-Windows-Sysmon","Guid":"5770385F-C22A-43E0-BF4C-06F5698FFBD9"}},"EventID":2,"Version":5,"Level":4,"Task":2,"Opcode":0,"Keywords":"0x8000000000000000","TimeCreated":{"#attributes":{"SystemTime":"2025-11-12T11:07:06.274154Z"}},"EventRecordID":917,"Correlation":null,"Execution":{"#attributes":{"ProcessID":5420,"ThreadID":4432}},"Channel":"Microsoft-Windows-Sysmon/Operational","Computer":"DESKTOP-CS6O5DN","Security":{"#attributes":{"UserID":"S-1-5-18"}}},"EventData":{"RuleName":"T1099","UtcTime":"2025-11-12 11:07:06.262","ProcessGuid":"2A767A6E-6A45-6914-8C01-000000000F00","ProcessId":7968,"Image":"C:\\Users\\root\\Desktop\\恶意代码教学样本-在沙盒中修改文件名\\1-WannaCrypt0r.exe","TargetFilename":"C:\\Users\\root\\AppData\\Local\\Microsoft\\OneDrive\\25.206.1021.0003\\Bundle\\Assets\\common\\assets\\images\\open-folder_original.png.WNCRYT","CreationUtcTime":"2025-11-12 01:39:46.238","PreviousCreationUtcTime":"2025-11-12 11:07:06.262","User":"DESKTOP-CS6O5DN\\root"}}}
{"Event":{"#attributes":{"xmlns":"http://schemas.microsoft.com/win/2004/08/events/event"},"System":{"Provider":{"#attributes":{"Name":"Microsoft-Windows-Sysmon","Guid":"5770385F-C22A-43E0-BF4C-06F5698FFBD9"}},"EventID":2,"Version":5,"Level":4,"Task":2,"Opcode":0,"Keywords":"0x8000000000000000","TimeCreated":{"#attributes":{"SystemTime":"2025-11-12T11:07:06.276590Z"}},"EventRecordID":918,"Correlation":null,"Execution":{"#attributes":{"ProcessID":5420,"ThreadID":4432}},"Channel":"Microsoft-Windows-Sysmon/Operational","Computer":"DESKTOP-CS6O5DN","Security":{"#attributes":{"UserID":"S-1-5-18"}}},"EventData":{"RuleName":"T1099","UtcTime":"2025-11-12 11:07:06.262","ProcessGuid":"2A767A6E-6A45-6914-8C01-000000000F00","ProcessId":7968,"Image":"C:\\Users\\root\\Desktop\\恶意代码教学样本-在沙盒中修改文件名\\1-WannaCrypt0r.exe","TargetFilename":"C:\\Users\\root\\AppData\\Local\\Microsoft\\OneDrive\\25.206.1021.0003\\Bundle\\Assets\\common\\assets\\images\\openFolder20x20.png.WNCRYT","CreationUtcTime":"2025-11-12 01:39:46.238","PreviousCreationUtcTime":"2025-11-12 11:07:06.262","User":"DESKTOP-CS6O5DN\\root"}}}
{"Event":{"#attributes":{"xmlns":"http://schemas.microsoft.com/win/2004/08/events/event"},"System":{"Provider":{"#attributes":{"Name":"Microsoft-Windows-Sysmon","Guid":"5770385F-C22A-43E0-BF4C-06F5698FFBD9"}},"EventID":2,"Version":5,"Level":4,"Task":2,"Opcode":0,"Keywords":"0x8000000000000000","TimeCreated":{"#attributes":{"SystemTime":"2025-11-12T11:07:06.278404Z"}},"EventRecordID":919,"Correlation":null,"Execution":{"#attributes":{"ProcessID":5420,"ThreadID":4432}},"Channel":"Microsoft-Windows-Sysmon/Operational","Computer":"DESKTOP-CS6O5DN","Security":{"#attributes":{"UserID":"S-1-5-18"}}},"EventData":{"RuleName":"T1099","UtcTime":"2025-11-12 11:07:06.262","ProcessGuid":"2A767A6E-6A45-6914-8C01-000000000F00","ProcessId":7968,"Image":"C:\\Users\\root\\Desktop\\恶意代码教学样本-在沙盒中修改文件名\\1-WannaCrypt0r.exe","TargetFilename":"C:\\Users\\root\\AppData\\Local\\Microsoft\\OneDrive\\25.206.1021.0003\\Bundle\\Assets\\common\\assets\\images\\openFolder20x20@2x.png.WNCRYT","CreationUtcTime":"2025-11-12 01:39:46.238","PreviousCreationUtcTime":"2025-11-12 11:07:06.262","User":"DESKTOP-CS6O5DN\\root"}}}
{"Event":{"#attributes":{"xmlns":"http://schemas.microsoft.com/win/2004/08/events/event"},"System":{"Provider":{"#attributes":{"Name":"Microsoft-Windows-Sysmon","Guid":"5770385F-C22A-43E0-BF4C-06F5698FFBD9"}},"EventID":2,"Version":5,"Level":4,"Task":2,"Opcode":0,"Keywords":"0x8000000000000000","TimeCreated":{"#attributes":{"SystemTime":"2025-11-12T11:07:06.280724Z"}},"EventRecordID":920,"Correlation":null,"Execution":{"#attributes":{"ProcessID":5420,"ThreadID":4432}},"Channel":"Microsoft-Windows-Sysmon/Operational","Computer":"DESKTOP-CS6O5DN","Security":{"#attributes":{"UserID":"S-1-5-18"}}},"EventData":{"RuleName":"T1099","UtcTime":"2025-11-12 11:07:06.278","ProcessGuid":"2A767A6E-6A45-6914-8C01-000000000F00","ProcessId":7968,"Image":"C:\\Users\\root\\Desktop\\恶意代码教学样本-在沙盒中修改文件名\\1-WannaCrypt0r.exe","TargetFilename":"C:\\Users\\root\\AppData\\Local\\Microsoft\\OneDrive\\25.206.1021.0003\\Bundle\\Assets\\common\\assets\\images\\overflow.png.WNCRYT","CreationUtcTime":"2025-11-12 01:39:46.238","PreviousCreationUtcTime":"2025-11-12 11:07:06.278","User":"DESKTOP-CS6O5DN\\root"}}}
{"Event":{"#attributes":{"xmlns":"http://schemas.microsoft.com/win/2004/08/events/event"},"System":{"Provider":{"#attributes":{"Name":"Microsoft-Windows-Sysmon","Guid":"5770385F-C22A-43E0-BF4C-06F5698FFBD9"}},"EventID":2,"Version":5,"Level":4,"Task":2,"Opcode":0,"Keywords":"0x8000000000000000","TimeCreated":{"#attributes":{"SystemTime":"2025-11-12T11:07:06.282885Z"}},"EventRecordID":921,"Correlation":null,"Execution":{"#attributes":{"ProcessID":5420,"ThreadID":4432}},"Channel":"Microsoft-Windows-Sysmon/Operational","Computer":"DESKTOP-CS6O5DN","Security":{"#attributes":{"UserID":"S-1-5-18"}}},"EventData":{"RuleName":"T1099","UtcTime":"2025-11-12 11:07:06.278","ProcessGuid":"2A767A6E-6A45-6914-8C01-000000000F00","ProcessId":7968,"Image":"C:\\Users\\root\\Desktop\\恶意代码教学样本-在沙盒中修改文件名\\1-WannaCrypt0r.exe","TargetFilename":"C:\\Users\\root\\AppData\\Local\\Microsoft\\OneDrive\\25.206.1021.0003\\Bundle\\Assets\\common\\assets\\images\\pauseIcon22x22.png.WNCRYT","CreationUtcTime":"2025-11-12 01:39:46.254","PreviousCreationUtcTime":"2025-11-12 11:07:06.278","User":"DESKTOP-CS6O5DN\\root"}}}
{"Event":{"#attributes":{"xmlns":"http://schemas.microsoft.com/win/2004/08/events/event"},"System":{"Provider":{"#attributes":{"Name":"Microsoft-Windows-Sysmon","Guid":"5770385F-C22A-43E0-BF4C-06F5698FFBD9"}},"EventID":2,"Version":5,"Level":4,"Task":2,"Opcode":0,"Keywords":"0x8000000000000000","TimeCreated":{"#attributes":{"SystemTime":"2025-11-12T11:07:06.286646Z"}},"EventRecordID":922,"Correlation":null,"Execution":{"#attributes":{"ProcessID":5420,"ThreadID":4432}},"Channel":"Microsoft-Windows-Sysmon/Operational","Computer":"DESKTOP-CS6O5DN","Security":{"#attributes":{"UserID":"S-1-5-18"}}},"EventData":{"RuleName":"T1099","UtcTime":"2025-11-12 11:07:06.278","ProcessGuid":"2A767A6E-6A45-6914-8C01-000000000F00","ProcessId":7968,"Image":"C:\\Users\\root\\Desktop\\恶意代码教学样本-在沙盒中修改文件名\\1-WannaCrypt0r.exe","TargetFilename":"C:\\Users\\root\\AppData\\Local\\Microsoft\\OneDrive\\25.206.1021.0003\\Bundle\\Assets\\common\\assets\\images\\phone.png.WNCRYT","CreationUtcTime":"2025-11-12 01:39:46.254","PreviousCreationUtcTime":"2025-11-12 11:07:06.278","User":"DESKTOP-CS6O5DN\\root"}}}
{"Event":{"#attributes":{"xmlns":"http://schemas.microsoft.com/win/2004/08/events/event"},"System":{"Provider":{"#attributes":{"Name":"Microsoft-Windows-Sysmon","Guid":"5770385F-C22A-43E0-BF4C-06F5698FFBD9"}},"EventID":2,"Version":5,"Level":4,"Task":2,"Opcode":0,"Keywords":"0x8000000000000000","TimeCreated":{"#attributes":{"SystemTime":"2025-11-12T11:07:06.289895Z"}},"EventRecordID":923,"Correlation":null,"Execution":{"#attributes":{"ProcessID":5420,"ThreadID":4432}},"Channel":"Microsoft-Windows-Sysmon/Operational","Computer":"DESKTOP-CS6O5DN","Security":{"#attributes":{"UserID":"S-1-5-18"}}},"EventData":{"RuleName":"T1099","UtcTime":"2025-11-12 11:07:06.278","ProcessGuid":"2A767A6E-6A45-6914-8C01-000000000F00","ProcessId":7968,"Image":"C:\\Users\\root\\Desktop\\恶意代码教学样本-在沙盒中修改文件名\\1-WannaCrypt0r.exe","TargetFilename":"C:\\Users\\root\\AppData\\Local\\Microsoft\\OneDrive\\25.206.1021.0003\\Bundle\\Assets\\common\\assets\\images\\profile.png.WNCRYT","CreationUtcTime":"2025-11-12 01:39:46.254","PreviousCreationUtcTime":"2025-11-12 11:07:06.278","User":"DESKTOP-CS6O5DN\\root"}}}
{"Event":{"#attributes":{"xmlns":"http://schemas.microsoft.com/win/2004/08/events/event"},"System":{"Provider":{"#attributes":{"Name":"Microsoft-Windows-Sysmon","Guid":"5770385F-C22A-43E0-BF4C-06F5698FFBD9"}},"EventID":2,"Version":5,"Level":4,"Task":2,"Opcode":0,"Keywords":"0x8000000000000000","TimeCreated":{"#attributes":{"SystemTime":"2025-11-12T11:07:06.292560Z"}},"EventRecordID":924,"Correlation":null,"Execution":{"#attributes":{"ProcessID":5420,"ThreadID":4432}},"Channel":"Microsoft-Windows-Sysmon/Operational","Computer":"DESKTOP-CS6O5DN","Security":{"#attributes":{"UserID":"S-1-5-18"}}},"EventData":{"RuleName":"T1099","UtcTime":"2025-11-12 11:07:06.278","ProcessGuid":"2A767A6E-6A45-6914-8C01-000000000F00","ProcessId":7968,"Image":"C:\\Users\\root\\Desktop\\恶意代码教学样本-在沙盒中修改文件名\\1-WannaCrypt0r.exe","TargetFilename":"C:\\Users\\root\\AppData\\Local\\Microsoft\\OneDrive\\25.206.1021.0003\\Bundle\\Assets\\common\\assets\\images\\recycle-bin.png.WNCRYT","CreationUtcTime":"2025-11-12 01:39:46.254","PreviousCreationUtcTime":"2025-11-12 11:07:06.278","User":"DESKTOP-CS6O5DN\\root"}}}
{"Event":{"#attributes":{"xmlns":"http://schemas.microsoft.com/win/2004/08/events/event"},"System":{"Provider":{"#attributes":{"Name":"Microsoft-Windows-Sysmon","Guid":"5770385F-C22A-43E0-BF4C-06F5698FFBD9"}},"EventID":2,"Version":5,"Level":4,"Task":2,"Opcode":0,"Keywords":"0x8000000000000000","TimeCreated":{"#attributes":{"SystemTime":"2025-11-12T11:07:06.293808Z"}},"EventRecordID":925,"Correlation":null,"Execution":{"#attributes":{"ProcessID":5420,"ThreadID":4432}},"Channel":"Microsoft-Windows-Sysmon/Operational","Computer":"DESKTOP-CS6O5DN","Security":{"#attributes":{"UserID":"S-1-5-18"}}},"EventData":{"RuleName":"T1099","UtcTime":"2025-11-12 11:07:06.278","ProcessGuid":"2A767A6E-6A45-6914-8C01-000000000F00","ProcessId":7968,"Image":"C:\\Users\\root\\Desktop\\恶意代码教学样本-在沙盒中修改文件名\\1-WannaCrypt0r.exe","TargetFilename":"C:\\Users\\root\\AppData\\Local\\Microsoft\\OneDrive\\25.206.1021.0003\\Bundle\\Assets\\common\\assets\\images\\recycle-bin20x20.png.WNCRYT","CreationUtcTime":"2025-11-12 01:39:46.254","PreviousCreationUtcTime":"2025-11-12 11:07:06.278","User":"DESKTOP-CS6O5DN\\root"}}}
