{"Event":{"#attributes":{"xmlns":"http://schemas.microsoft.com/win/2004/08/events/event"},"System":{"Provider":{"#attributes":{"Name":"Microsoft-Windows-Sysmon","Guid":"5770385F-C22A-43E0-BF4C-06F5698FFBD9"}},"EventID":2,"Version":5,"Level":4,"Task":2,"Opcode":0,"Keywords":"0x8000000000000000","TimeCreated":{"#attributes":{"SystemTime":"2025-11-12T11:07:03.517750Z"}},"EventRecordID":748,"Correlation":null,"Execution":{"#attributes":{"ProcessID":5420,"ThreadID":4432}},"Channel":"Microsoft-Windows-Sysmon/Operational","Computer":"DESKTOP-CS6O5DN","Security":{"#attributes":{"UserID":"S-1-5-18"}}},"EventData":{"RuleName":"T1099","UtcTime":"2025-11-12 11:07:03.515","ProcessGuid":"2A767A6E-6A45-6914-8C01-000000000F00","ProcessId":7968,"Image":"C:\\Users\\root\\Desktop\\恶意代码教学样本-在沙盒中修改文件名\\1-WannaCrypt0r.exe","TargetFilename":"C:\\Users\\root\\AppData\\Local\\Microsoft\\Windows\\Notifications\\wpndatabase.db.WNCRYT","CreationUtcTime":"2025-11-12 01:32:50.413","PreviousCreationUtcTime":"2025-11-12 11:07:03.483","User":"DESKTOP-CS6O5DN\\root"}}}
{"Event":{"#attributes":{"xmlns":"http://schemas.microsoft.com/win/2004/08/events/event"},"System":{"Provider":{"#attributes":{"Name":"Microsoft-Windows-Sysmon","Guid":"5770385F-C22A-43E0-BF4C-06F5698FFBD9"}},"EventID":2,"Version":5,"Level":4,"Task":2,"Opcode":0,"Keywords":"0x8000000000000000","TimeCreated":{"#attributes":{"SystemTime":"2025-11-12T11:07:03.550896Z"}},"EventRecordID":749,"Correlation":null,"Execution":{"#attributes":{"ProcessID":5420,"ThreadID":4432}},"Channel":"Microsoft-Windows-Sysmon/Operational","Computer":"DESKTOP-CS6O5DN","Security":{"#attributes":{"UserID":"S-1-5-18"}}},"EventData":{"RuleName":"T1099","UtcTime":"2025-11-12 11:07:03.548","ProcessGuid":"2A767A6E-6A45-6914-8C01-000000000F00","ProcessId":7968,"Image":"C:\\Users\\root\\Desktop\\恶意代码教学样本-在沙盒中修改文件名\\1-WannaCrypt0r.exe","TargetFilename":"C:\\Users\\root\\AppData\\Local\\Packages\\Microsoft.MicrosoftEdge_8wekyb3d8bbwe\\AC\\#!002\\MicrosoftEdge\\Cache\\EZBOZAVZ\\8.4afc41bd922db2692762[1].js.WNCRYT","CreationUtcTime":"2025-11-12 01:46:37.739","PreviousCreationUtcTime":"2025-11-12 11:07:03.515","User":"DESKTOP-CS6O5DN\\root"}}}
{"Event":{"#attributes":{"xmlns":"http://schemas.microsoft.com/win/2004/08/events/event"},"System":{"Provider":{"#attributes":{"Name":"Microsoft-Windows-Sysmon","Guid":"5770385F-C22A-43E0-BF4C-06F5698FFBD9"}},"EventID":2,"Version":5,"Level":4,"Task":2,"Opcode":0,"Keywords":"0x8000000000000000","TimeCreated":{"#attributes":{"SystemTime":"2025-11-12T11:07:03.554455Z"}},"EventRecordID":750,"Correlation":null,"Execution":{"#attributes":{"ProcessID":5420,"ThreadID":4432}},"Channel":"Microsoft-Windows-Sysmon/Operational","Computer":"DESKTOP-CS6O5DN","Security":{"#attributes":{"UserID":"S-1-5-18"}}},"EventData":{"RuleName":"T1099","UtcTime":"2025-11-12 11:07:03.548","ProcessGuid":"2A767A6E-6A45-6914-8C01-000000000F00","ProcessId":7968,"Image":"C:\\Users\\root\\Desktop\\恶意代码教学样本-在沙盒中修改文件名\\1-WannaCrypt0r.exe","TargetFilename":"C:\\Users\\root\\AppData\\Local\\Packages\\Microsoft.MicrosoftEdge_8wekyb3d8bbwe\\AC\\#!002\\MicrosoftEdge\\Cache\\EZBOZAVZ\\AA1ihT7w[1].png.WNCRYT","CreationUtcTime":"2025-11-12 01:46:40.577","PreviousCreationUtcTime":"2025-11-12 11:07:03.548","User":"DESKTOP-CS6O5DN\\root"}}}
{"Event":{"#attributes":{"xmlns":"http://schemas.microsoft.com/win/2004/08/events/event"},"System":{"Provider":{"#attributes":{"Name":"Microsoft-Windows-Sysmon","Guid":"5770385F-C22A-43E0-BF4C-06F5698FFBD9"}},"EventID":2,"Version":5,"Level":4,"Task":2,"Opcode":0,"Keywords":"0x8000000000000000","TimeCreated":{"#attributes":{"SystemTime":"2025-11-12T11:07:03.569657Z"}},"EventRecordID":751,"Correlation":null,"Execution":{"#attributes":{"ProcessID":5420,"ThreadID":4432}},"Channel":"Microsoft-Windows-Sysmon/Operational","Computer":"DESKTOP-CS6O5DN","Security":{"#attributes":{"UserID":"S-1-5-18"}}},"EventData":{"RuleName":"T1099","UtcTime":"2025-11-12 11:07:03.564","ProcessGuid":"2A767A6E-6A45-6914-8C01-000000000F00","ProcessId":7968,"Image":"C:\\Users\\root\\Desktop\\恶意代码教学样本-在沙盒中修改文件名\\1-WannaCrypt0r.exe","TargetFilename":"C:\\Users\\root\\AppData\\Local\\Packages\\Microsoft.MicrosoftEdge_8wekyb3d8bbwe\\AC\\#!002\\MicrosoftEdge\\Cache\\EZBOZAVZ\\AA1p2NMU[1].png.WNCRYT","CreationUtcTime":"2025-11-12 01:46:37.989","PreviousCreationUtcTime":"2025-11-12 11:07:03.564","User":"DESKTOP-CS6O5DN\\root"}}}
{"Event":{"#attributes":{"xmlns":"http://schemas.microsoft.com/win/2004/08/events/event"},"System":{"Provider":{"#attributes":{"Name":"Microsoft-Windows-Sysmon","Guid":"5770385F-C22A-43E0-BF4C-06F5698FFBD9"}},"EventID":2,"Version":5,"Level":4,"Task":2,"Opcode":0,"Keywords":"0x8000000000000000","TimeCreated":{"#attributes":{"SystemTime":"2025-11-12T11:07:03.585005Z"}},"EventRecordID":752,"Correlation":null,"Execution":{"#attributes":{"ProcessID":5420,"ThreadID":4432}},"Channel":"Microsoft-Windows-Sysmon/Operational","Computer":"DESKTOP-CS6O5DN","Security":{"#attributes":{"UserID":"S-1-5-18"}}},"EventData":{"RuleName":"T1099","UtcTime":"2025-11-12 11:07:03.580","ProcessGuid":"2A767A6E-6A45-6914-8C01-000000000F00","ProcessId":7968,"Image":"C:\\Users\\root\\Desktop\\恶意代码教学样本-在沙盒中修改文件名\\1-WannaCrypt0r.exe","TargetFilename":"C:\\Users\\root\\AppData\\Local\\Packages\\Microsoft.MicrosoftEdge_8wekyb3d8bbwe\\AC\\#!002\\MicrosoftEdge\\Cache\\EZBOZAVZ\\AA1PZqmJ[1].png.WNCRYT","CreationUtcTime":"2025-11-12 01:46:40.577","PreviousCreationUtcTime":"2025-11-12 11:07:03.580","User":"DESKTOP-CS6O5DN\\root"}}}
{"Event":{"#attributes":{"xmlns":"http://schemas.microsoft.com/win/2004/08/events/event"},"System":{"Provider":{"#attributes":{"Name":"Microsoft-Windows-Sysmon","Guid":"5770385F-C22A-43E0-BF4C-06F5698FFBD9"}},"EventID":2,"Version":5,"Level":4,"Task":2,"Opcode":0,"Keywords":"0x8000000000000000","TimeCreated":{"#attributes":{"SystemTime":"2025-11-12T11:07:03.589383Z"}},"EventRecordID":753,"Correlation":null,"Execution":{"#attributes":{"ProcessID":5420,"ThreadID":4432}},"Channel":"Microsoft-Windows-Sysmon/Operational","Computer":"DESKTOP-CS6O5DN","Security":{"#attributes":{"UserID":"S-1-5-18"}}},"EventData":{"RuleName":"T1099","UtcTime":"2025-11-12 11:07:03.580","ProcessGuid":"2A767A6E-6A45-6914-8C01-000000000F00","ProcessId":7968,"Image":"C:\\Users\\root\\Desktop\\恶意代码教学样本-在沙盒中修改文件名\\1-WannaCrypt0r.exe","TargetFilename":"C:\\Users\\root\\AppData\\Local\\Packages\\Microsoft.MicrosoftEdge_8wekyb3d8bbwe\\AC\\#!002\\MicrosoftEdge\\Cache\\EZBOZAVZ\\AA1rRGBP[1].png.WNCRYT","CreationUtcTime":"2025-11-12 01:46:37.989","PreviousCreationUtcTime":"2025-11-12 11:07:03.580","User":"DESKTOP-CS6O5DN\\root"}}}
{"Event":{"#attributes":{"xmlns":"http://schemas.microsoft.com/win/2004/08/events/event"},"System":{"Provider":{"#attributes":{"Name":"Microsoft-Windows-Sysmon","Guid":"5770385F-C22A-43E0-BF4C-06F5698FFBD9"}},"EventID":2,"Version":5,"Level":4,"Task":2,"Opcode":0,"Keywords":"0x8000000000000000","TimeCreated":{"#attributes":{"SystemTime":"2025-11-12T11:07:03.593095Z"}},"EventRecordID":754,"Correlation":null,"Execution":{"#attributes":{"ProcessID":5420,"ThreadID":4432}},"Channel":"Microsoft-Windows-Sysmon/Operational","Computer":"DESKTOP-CS6O5DN","Security":{"#attributes":{"UserID":"S-1-5-18"}}},"EventData":{"RuleName":"T1099","UtcTime":"2025-11-12 11:07:03.590","ProcessGuid":"2A767A6E-6A45-6914-8C01-000000000F00","ProcessId":7968,"Image":"C:\\Users\\root\\Desktop\\恶意代码教学样本-在沙盒中修改文件名\\1-WannaCrypt0r.exe","TargetFilename":"C:\\Users\\root\\AppData\\Local\\Packages\\Microsoft.MicrosoftEdge_8wekyb3d8bbwe\\AC\\#!002\\MicrosoftEdge\\Cache\\EZBOZAVZ\\BB12b8sr[1].png.WNCRYT","CreationUtcTime":"2025-11-12 01:46:37.303","PreviousCreationUtcTime":"2025-11-12 11:07:03.580","User":"DESKTOP-CS6O5DN\\root"}}}
{"Event":{"#attributes":{"xmlns":"http://schemas.microsoft.com/win/2004/08/events/event"},"System":{"Provider":{"#attributes":{"Name":"Microsoft-Windows-Sysmon","Guid":"5770385F-C22A-43E0-BF4C-06F5698FFBD9"}},"EventID":2,"Version":5,"Level":4,"Task":2,"Opcode":0,"Keywords":"0x8000000000000000","TimeCreated":{"#attributes":{"SystemTime":"2025-11-12T11:07:03.595879Z"}},"EventRecordID":755,"Correlation":null,"Execution":{"#attributes":{"ProcessID":5420,"ThreadID":4432}},"Channel":"Microsoft-Windows-Sysmon/Operational","Computer":"DESKTOP-CS6O5DN","Security":{"#attributes":{"UserID":"S-1-5-18"}}},"EventData":{"RuleName":"T1099","UtcTime":"2025-11-12 11:07:03.590","ProcessGuid":"2A767A6E-6A45-6914-8C01-000000000F00","ProcessId":7968,"Image":"C:\\Users\\root\\Desktop\\恶意代码教学样本-在沙盒中修改文件名\\1-WannaCrypt0r.exe","TargetFilename":"C:\\Users\\root\\AppData\\Local\\Packages\\Microsoft.MicrosoftEdge_8wekyb3d8bbwe\\AC\\#!002\\MicrosoftEdge\\Cache\\EZBOZAVZ\\BB12bwQ4[1].png.WNCRYT","CreationUtcTime":"2025-11-12 01:46:37.303","PreviousCreationUtcTime":"2025-11-12 11:07:03.590","User":"DESKTOP-CS6O5DN\\root"}}}
{"Event":{"#attributes":{"xmlns":"http://schemas.microsoft.com/win/2004/08/events/event"},"System":{"Provider":{"#attributes":{"Name":"Microsoft-Windows-Sysmon","Guid":"5770385F-C22A-43E0-BF4C-06F5698FFBD9"}},"EventID":2,"Version":5,"Level":4,"Task":2,"Opcode":0,"Keywords":"0x8000000000000000","TimeCreated":{"#attributes":{"SystemTime":"2025-11-12T11:07:03.602184Z"}},"EventRecordID":756,"Correlation":null,"Execution":{"#attributes":{"ProcessID":5420,"ThreadID":4432}},"Channel":"Microsoft-Windows-Sysmon/Operational","Computer":"DESKTOP-CS6O5DN","Security":{"#attributes":{"UserID":"S-1-5-18"}}},"EventData":{"RuleName":"T1099","UtcTime":"2025-11-12 11:07:03.590","ProcessGuid":"2A767A6E-6A45-6914-8C01-000000000F00","ProcessId":7968,"Image":"C:\\Users\\root\\Desktop\\恶意代码教学样本-在沙盒中修改文件名\\1-WannaCrypt0r.exe","TargetFilename":"C:\\Users\\root\\AppData\\Local\\Packages\\Microsoft.MicrosoftEdge_8wekyb3d8bbwe\\AC\\#!002\\MicrosoftEdge\\Cache\\EZBOZAVZ\\BB12cBcS[1].png.WNCRYT","CreationUtcTime":"2025-11-12 01:46:37.303","PreviousCreationUtcTime":"2025-11-12 11:07:03.590","User":"DESKTOP-CS6O5DN\\root"}}}
{"Event":{"#attributes":{"xmlns":"http://schemas.microsoft.com/win/2004/08/events/event"},"System":{"Provider":{"#attributes":{"Name":"Microsoft-Windows-Sysmon","Guid":"5770385F-C22A-43E0-BF4C-06F5698FFBD9"}},"EventID":2,"Version":5,"Level":4,"Task":2,"Opcode":0,"Keywords":"0x8000000000000000","TimeCreated":{"#attributes":{"SystemTime":"2025-11-12T11:07:03.616824Z"}},"EventRecordID":757,"Correlation":null,"Execution":{"#attributes":{"ProcessID":5420,"ThreadID":4432}},"Channel":"Microsoft-Windows-Sysmon/Operational","Computer":"DESKTOP-CS6O5DN","Security":{"#attributes":{"UserID":"S-1-5-18"}}},"EventData":{"RuleName":"T1099","UtcTime":"2025-11-12 11:07:03.611","ProcessGuid":"2A767A6E-6A45-6914-8C01-000000000F00","ProcessId":7968,"Image":"C:\\Users\\root\\Desktop\\恶意代码教学样本-在沙盒中修改文件名\\1-WannaCrypt0r.exe","TargetFilename":"C:\\Users\\root\\AppData\\Local\\Packages\\Microsoft.MicrosoftEdge_8wekyb3d8bbwe\\AC\\#!002\\MicrosoftEdge\\Cache\\EZBOZAVZ\\BB12cfTd[1].png.WNCRYT","CreationUtcTime":"2025-11-12 01:46:37.255","PreviousCreationUtcTime":"2025-11-12 11:07:03.611","User":"DESKTOP-CS6O5DN\\root"}}}
{"Event":{"#attributes":{"xmlns":"http://schemas.microsoft.com/win/2004/08/events/event"},"System":{"Provider":{"#attributes":{"Name":"Microsoft-Windows-Sysmon","Guid":"5770385F-C22A-43E0-BF4C-06F5698FFBD9"}},"EventID":2,"Version":5,"Level":4,"Task":2,"Opcode":0,"Keywords":"0x8000000000000000","TimeCreated":{"#attributes":{"SystemTime":"2025-11-12T11:07:03.624963Z"}},"EventRecordID":758,"Correlation":null,"Execution":{"#attributes":{"ProcessID":5420,"ThreadID":4432}},"Channel":"Microsoft-Windows-Sysmon/Operational","Computer":"DESKTOP-CS6O5DN","Security":{"#attributes":{"UserID":"S-1-5-18"}}},"EventData":{"RuleName":"T1099","UtcTime":"2025-11-12 11:07:03.622","ProcessGuid":"2A767A6E-6A45-6914-8C01-000000000F00","ProcessId":7968,"Image":"C:\\Users\\root\\Desktop\\恶意代码教学样本-在沙盒中修改文件名\\1-WannaCrypt0r.exe","TargetFilename":"C:\\Users\\root\\AppData\\Local\\Packages\\Microsoft.MicrosoftEdge_8wekyb3d8bbwe\\AC\\#!002\\MicrosoftEdge\\Cache\\EZBOZAVZ\\BB1hxbps[1].png.WNCRYT","CreationUtcTime":"2025-11-12 01:46:40.577","PreviousCreationUtcTime":"2025-11-12 11:07:03.622","User":"DESKTOP-CS6O5DN\\root"}}}
{"Event":{"#attributes":{"xmlns":"http://schemas.microsoft.com/win/2004/08/events/event"},"System":{"Provider":{"#attributes":{"Name":"Microsoft-Windows-Sysmon","Guid":"5770385F-C22A-43E0-BF4C-06F5698FFBD9"}},"EventID":2,"Version":5,"Level":4,"Task":2,"Opcode":0,"Keywords":"0x8000000000000000","TimeCreated":{"#attributes":{"SystemTime":"2025-11-12T11:07:03.626474Z"}},"EventRecordID":759,"Correlation":null,"Execution":{"#attributes":{"ProcessID":5420,"ThreadID":4432}},"Channel":"Microsoft-Windows-Sysmon/Operational","Computer":"DESKTOP-CS6O5DN","Security":{"#attributes":{"UserID":"S-1-5-18"}}},"EventData":{"RuleName":"T1099","UtcTime":"2025-11-12 11:07:03.622","ProcessGuid":"2A767A6E-6A45-6914-8C01-000000000F00","ProcessId":7968,"Image":"C:\\Users\\root\\Desktop\\恶意代码教学样本-在沙盒中修改文件名\\1-WannaCrypt0r.exe","TargetFilename":"C:\\Users\\root\\AppData\\Local\\Packages\\Microsoft.MicrosoftEdge_8wekyb3d8bbwe\\AC\\#!002\\MicrosoftEdge\\Cache\\EZBOZAVZ\\BB1qwLW6[1].png.WNCRYT","CreationUtcTime":"2025-11-12 01:46:40.514","PreviousCreationUtcTime":"2025-11-12 11:07:03.622","User":"DESKTOP-CS6O5DN\\root"}}}
{"Event":{"#attributes":{"xmlns":"http://schemas.microsoft.com/win/2004/08/events/event"},"System":{"Provider":{"#attributes":{"Name":"Microsoft-Windows-Sysmon","Guid":"5770385F-C22A-43E0-BF4C-06F5698FFBD9"}},"EventID":2,"Version":5,"Level":4,"Task":2,"Opcode":0,"Keywords":"0x8000000000000000","TimeCreated":{"#attributes":{"SystemTime":"2025-11-12T11:07:03.683129Z"}},"EventRecordID":760,"Correlation":null,"Execution":{"#attributes":{"ProcessID":5420,"ThreadID":4432}},"Channel":"Microsoft-Windows-Sysmon/Operational","Computer":"DESKTOP-CS6O5DN","Security":{"#attributes":{"UserID":"S-1-5-18"}}},"EventData":{"RuleName":"T1099","UtcTime":"2025-11-12 11:07:03.669","ProcessGuid":"2A767A6E-6A45-6914-8C01-000000000F00","ProcessId":7968,"Image":"C:\\Users\\root\\Desktop\\恶意代码教学样本-在沙盒中修改文件名\\1-WannaCrypt0r.exe","TargetFilename":"C:\\Users\\root\\AppData\\Local\\Packages\\Microsoft.MicrosoftEdge_8wekyb3d8bbwe\\AC\\#!002\\MicrosoftEdge\\Cache\\EZBOZAVZ\\common.5dd7cff85de67632bfd7[1].js.WNCRYT","CreationUtcTime":"2025-11-12 01:46:35.101","PreviousCreationUtcTime":"2025-11-12 11:07:03.639","User":"DESKTOP-CS6O5DN\\root"}}}
{"Event":{"#attributes":{"xmlns":"http://schemas.microsoft.com/win/2004/08/events/event"},"System":{"Provider":{"#attributes":{"Name":"Microsoft-Windows-Sysmon","Guid":"5770385F-C22A-43E0-BF4C-06F5698FFBD9"}},"EventID":2,"Version":5,"Level":4,"Task":2,"Opcode":0,"Keywords":"0x8000000000000000","TimeCreated":{"#attributes":{"SystemTime":"2025-11-12T11:07:03.750325Z"}},"EventRecordID":761,"Correlation":null,"Execution":{"#attributes":{"ProcessID":5420,"ThreadID":4432}},"Channel":"Microsoft-Windows-Sysmon/Operational","Computer":"DESKTOP-CS6O5DN","Security":{"#attributes":{"UserID":"S-1-5-18"}}},"EventData":{"RuleName":"T1099","UtcTime":"2025-11-12 11:07:03.748","ProcessGuid":"2A767A6E-6A45-6914-8C01-000000000F00","ProcessId":7968,"Image":"C:\\Users\\root\\Desktop\\恶意代码教学样本-在沙盒中修改文件名\\1-WannaCrypt0r.exe","TargetFilename":"C:\\Users\\root\\AppData\\Local\\Packages\\Microsoft.MicrosoftEdge_8wekyb3d8bbwe\\AC\\#!002\\MicrosoftEdge\\Cache\\EZBOZAVZ\\otSDKStub[1].js.WNCRYT","CreationUtcTime":"2025-11-12 01:46:35.101","PreviousCreationUtcTime":"2025-11-12 11:07:03.719","User":"DESKTOP-CS6O5DN\\root"}}}
{"Event":{"#attributes":{"xmlns":"http://schemas.microsoft.com/win/2004/08/events/event"},"System":{"Provider":{"#attributes":{"Name":"Microsoft-Windows-Sysmon","Guid":"5770385F-C22A-43E0-BF4C-06F5698FFBD9"}},"EventID":2,"Version":5,"Level":4,"Task":2,"Opcode":0,"Keywords":"0x8000000000000000","TimeCreated":{"#attributes":{"SystemTime":"2025-11-12T11:07:03.768621Z"}},"EventRecordID":762,"Correlation":null,"Execution":{"#attributes":{"ProcessID":5420,"ThreadID":4432}},"Channel":"Microsoft-Windows-Sysmon/Operational","Computer":"DESKTOP-CS6O5DN","Security":{"#attributes":{"UserID":"S-1-5-18"}}},"EventData":{"RuleName":"T1099","UtcTime":"2025-11-12 11:07:03.763","ProcessGuid":"2A767A6E-6A45-6914-8C01-000000000F00","ProcessId":7968,"Image":"C:\\Users\\root\\Desktop\\恶意代码教学样本-在沙盒中修改文件名\\1-WannaCrypt0r.exe","TargetFilename":"C:\\Users\\root\\AppData\\Local\\Packages\\Microsoft.MicrosoftEdge_8wekyb3d8bbwe\\AC\\#!002\\MicrosoftEdge\\Cache\\EZBOZAVZ\\ot_company_logo[1].png.WNCRYT","CreationUtcTime":"2025-11-12 01:46:36.552","PreviousCreationUtcTime":"2025-11-12 11:07:03.763","User":"DESKTOP-CS6O5DN\\root"}}}
{"Event":{"#attributes":{"xmlns":"http://schemas.microsoft.com/win/2004/08/events/event"},"System":{"Provider":{"#attributes":{"Name":"Microsoft-Windows-Sysmon","Guid":"5770385F-C22A-43E0-BF4C-06F5698FFBD9"}},"EventID":2,"Version":5,"Level":4,"Task":2,"Opcode":0,"Keywords":"0x8000000000000000","TimeCreated":{"#attributes":{"SystemTime":"2025-11-12T11:07:03.820216Z"}},"EventRecordID":763,"Correlation":null,"Execution":{"#attributes":{"ProcessID":5420,"ThreadID":4432}},"Channel":"Microsoft-Windows-Sysmon/Operational","Computer":"DESKTOP-CS6O5DN","Security":{"#attributes":{"UserID":"S-1-5-18"}}},"EventData":{"RuleName":"T1099","UtcTime":"2025-11-12 11:07:03.813","ProcessGuid":"2A767A6E-6A45-6914-8C01-000000000F00","ProcessId":7968,"Image":"C:\\Users\\root\\Desktop\\恶意代码教学样本-在沙盒中修改文件名\\1-WannaCrypt0r.exe","TargetFilename":"C:\\Users\\root\\AppData\\Local\\Packages\\Microsoft.MicrosoftEdge_8wekyb3d8bbwe\\AC\\#!002\\MicrosoftEdge\\Cache\\EZBOZAVZ\\pivot-content.b6fb2ee68a27298082a9[1].js.WNCRYT","CreationUtcTime":"2025-11-12 01:46:36.949","PreviousCreationUtcTime":"2025-11-12 11:07:03.763","User":"DESKTOP-CS6O5DN\\root"}}}
{"Event":{"#attributes":{"xmlns":"http://schemas.microsoft.com/win/2004/08/events/event"},"System":{"Provider":{"#attributes":{"Name":"Microsoft-Windows-Sysmon","Guid":"5770385F-C22A-43E0-BF4C-06F5698FFBD9"}},"EventID":2,"Version":5,"Level":4,"Task":2,"Opcode":0,"Keywords":"0x8000000000000000","TimeCreated":{"#attributes":{"SystemTime":"2025-11-12T11:07:03.838513Z"}},"EventRecordID":764,"Correlation":null,"Execution":{"#attributes":{"ProcessID":5420,"ThreadID":4432}},"Channel":"Microsoft-Windows-Sysmon/Operational","Computer":"DESKTOP-CS6O5DN","Security":{"#attributes":{"UserID":"S-1-5-18"}}},"EventData":{"RuleName":"T1099","UtcTime":"2025-11-12 11:07:03.825","ProcessGuid":"2A767A6E-6A45-6914-8C01-000000000F00","ProcessId":7968,"Image":"C:\\Users\\root\\Desktop\\恶意代码教学样本-在沙盒中修改文件名\\1-WannaCrypt0r.exe","TargetFilename":"C:\\Users\\root\\AppData\\Local\\Packages\\Microsoft.MicrosoftEdge_8wekyb3d8bbwe\\AC\\#!002\\MicrosoftEdge\\Cache\\EZBOZAVZ\\recommendedSites.a689673ebe37c9742b05[1].js.WNCRYT","CreationUtcTime":"2025-11-12 01:46:36.958","PreviousCreationUtcTime":"2025-11-12 11:07:03.813","User":"DESKTOP-CS6O5DN\\root"}}}
{"Event":{"#attributes":{"xmlns":"http://schemas.microsoft.com/win/2004/08/events/event"},"System":{"Provider":{"#attributes":{"Name":"Microsoft-Windows-Sysmon","Guid":"5770385F-C22A-43E0-BF4C-06F5698FFBD9"}},"EventID":2,"Version":5,"Level":4,"Task":2,"Opcode":0,"Keywords":"0x8000000000000000","TimeCreated":{"#attributes":{"SystemTime":"2025-11-12T11:07:03.856209Z"}},"EventRecordID":765,"Correlation":null,"Execution":{"#attributes":{"ProcessID":5420,"ThreadID":4432}},"Channel":"Microsoft-Windows-Sysmon/Operational","Computer":"DESKTOP-CS6O5DN","Security":{"#attributes":{"UserID":"S-1-5-18"}}},"EventData":{"RuleName":"T1099","UtcTime":"2025-11-12 11:07:03.845","ProcessGuid":"2A767A6E-6A45-6914-8C01-000000000F00","ProcessId":7968,"Image":"C:\\Users\\root\\Desktop\\恶意代码教学样本-在沙盒中修改文件名\\1-WannaCrypt0r.exe","TargetFilename":"C:\\Users\\root\\AppData\\Local\\Packages\\Microsoft.MicrosoftEdge_8wekyb3d8bbwe\\AC\\#!002\\MicrosoftEdge\\Cache\\EZBOZAVZ\\topic-data.9122c25159afd52c051b[1].js.WNCRYT","CreationUtcTime":"2025-11-12 01:46:36.958","PreviousCreationUtcTime":"2025-11-12 11:07:03.825","User":"DESKTOP-CS6O5DN\\root"}}}
{"Event":{"#attributes":{"xmlns":"http://schemas.microsoft.com/win/2004/08/events/event"},"System":{"Provider":{"#attributes":{"Name":"Microsoft-Windows-Sysmon","Guid":"5770385F-C22A-43E0-BF4C-06F5698FFBD9"}},"EventID":2,"Version":5,"Level":4,"Task":2,"Opcode":0,"Keywords":"0x8000000000000000","TimeCreated":{"#attributes":{"SystemTime":"2025-11-12T11:07:03.906187Z"}},"EventRecordID":766,"Correlation":null,"Execution":{"#attributes":{"ProcessID":5420,"ThreadID":4432}},"Channel":"Microsoft-Windows-Sysmon/Operational","Computer":"DESKTOP-CS6O5DN","Security":{"#attributes":{"UserID":"S-1-5-18"}}},"EventData":{"RuleName":"T1099","UtcTime":"2025-11-12 11:07:03.904","ProcessGuid":"2A767A6E-6A45-6914-8C01-000000000F00","ProcessId":7968,"Image":"C:\\Users\\root\\Desktop\\恶意代码教学样本-在沙盒中修改文件名\\1-WannaCrypt0r.exe","TargetFilename":"C:\\Users\\root\\AppData\\Local\\Packages\\Microsoft.MicrosoftEdge_8wekyb3d8bbwe\\AC\\#!002\\MicrosoftEdge\\Cache\\EZBOZAVZ\\topSites.a339bbcb9841b908ff57[1].js.WNCRYT","CreationUtcTime":"2025-11-12 01:46:36.949","PreviousCreationUtcTime":"2025-11-12 11:07:03.856","User":"DESKTOP-CS6O5DN\\root"}}}
{"Event":{"#attributes":{"xmlns":"http://schemas.microsoft.com/win/2004/08/events/event"},"System":{"Provider":{"#attributes":{"Name":"Microsoft-Windows-Sysmon","Guid":"5770385F-C22A-43E0-BF4C-06F5698FFBD9"}},"EventID":2,"Version":5,"Level":4,"Task":2,"Opcode":0,"Keywords":"0x8000000000000000","TimeCreated":{"#attributes":{"SystemTime":"2025-11-12T11:07:03.930840Z"}},"EventRecordID":767,"Correlation":null,"Execution":{"#attributes":{"ProcessID":5420,"ThreadID":4432}},"Channel":"Microsoft-Windows-Sysmon/Operational","Computer":"DESKTOP-CS6O5DN","Security":{"#attributes":{"UserID":"S-1-5-18"}}},"EventData":{"RuleName":"T1099","UtcTime":"2025-11-12 11:07:03.925","ProcessGuid":"2A767A6E-6A45-6914-8C01-000000000F00","ProcessId":7968,"Image":"C:\\Users\\root\\Desktop\\恶意代码教学样本-在沙盒中修改文件名\\1-WannaCrypt0r.exe","TargetFilename":"C:\\Users\\root\\AppData\\Local\\Packages\\Microsoft.MicrosoftEdge_8wekyb3d8bbwe\\AC\\#!002\\MicrosoftEdge\\Cache\\L9G8PXEL\\AA1D0EYy[1].png.WNCRYT","CreationUtcTime":"2025-11-12 01:46:40.530","PreviousCreationUtcTime":"2025-11-12 11:07:03.925","User":"DESKTOP-CS6O5DN\\root"}}}
{"Event":{"#attributes":{"xmlns":"http://schemas.microsoft.com/win/2004/08/events/event"},"System":{"Provider":{"#attributes":{"Name":"Microsoft-Windows-Sysmon","Guid":"5770385F-C22A-43E0-BF4C-06F5698FFBD9"}},"EventID":2,"Version":5,"Level":4,"Task":2,"Opcode":0,"Keywords":"0x8000000000000000","TimeCreated":{"#attributes":{"SystemTime":"2025-11-12T11:07:03.943763Z"}},"EventRecordID":768,"Correlation":null,"Execution":{"#attributes":{"ProcessID":5420,"ThreadID":4432}},"Channel":"Microsoft-Windows-Sysmon/Operational","Computer":"DESKTOP-CS6O5DN","Security":{"#attributes":{"UserID":"S-1-5-18"}}},"EventData":{"RuleName":"T1099","UtcTime":"2025-11-12 11:07:03.940","ProcessGuid":"2A767A6E-6A45-6914-8C01-000000000F00","ProcessId":7968,"Image":"C:\\Users\\root\\Desktop\\恶意代码教学样本-在沙盒中修改文件名\\1-WannaCrypt0r.exe","TargetFilename":"C:\\Users\\root\\AppData\\Local\\Packages\\Microsoft.MicrosoftEdge_8wekyb3d8bbwe\\AC\\#!002\\MicrosoftEdge\\Cache\\L9G8PXEL\\AA1FFM8e[1].png.WNCRYT","CreationUtcTime":"2025-11-12 01:46:40.561","PreviousCreationUtcTime":"2025-11-12 11:07:03.925","User":"DESKTOP-CS6O5DN\\root"}}}
{"Event":{"#attributes":{"xmlns":"http://schemas.microsoft.com/win/2004/08/events/event"},"System":{"Provider":{"#attributes":{"Name":"Microsoft-Windows-Sysmon","Guid":"5770385F-C22A-43E0-BF4C-06F5698FFBD9"}},"EventID":2,"Version":5,"Level":4,"Task":2,"Opcode":0,"Keywords":"0x8000000000000000","TimeCreated":{"#attributes":{"SystemTime":"2025-11-12T11:07:03.947576Z"}},"EventRecordID":769,"Correlation":null,"Execution":{"#attributes":{"ProcessID":5420,"ThreadID":4432}},"Channel":"Microsoft-Windows-Sysmon/Operational","Computer":"DESKTOP-CS6O5DN","Security":{"#attributes":{"UserID":"S-1-5-18"}}},"EventData":{"RuleName":"T1099","UtcTime":"2025-11-12 11:07:03.940","ProcessGuid":"2A767A6E-6A45-6914-8C01-000000000F00","ProcessId":7968,"Image":"C:\\Users\\root\\Desktop\\恶意代码教学样本-在沙盒中修改文件名\\1-WannaCrypt0r.exe","TargetFilename":"C:\\Users\\root\\AppData\\Local\\Packages\\Microsoft.MicrosoftEdge_8wekyb3d8bbwe\\AC\\#!002\\MicrosoftEdge\\Cache\\L9G8PXEL\\AAmF8Ez[1].png.WNCRYT","CreationUtcTime":"2025-11-12 01:46:37.208","PreviousCreationUtcTime":"2025-11-12 11:07:03.940","User":"DESKTOP-CS6O5DN\\root"}}}
{"Event":{"#attributes":{"xmlns":"http://schemas.microsoft.com/win/2004/08/events/event"},"System":{"Provider":{"#attributes":{"Name":"Microsoft-Windows-Sysmon","Guid":"5770385F-C22A-43E0-BF4C-06F5698FFBD9"}},"EventID":2,"Version":5,"Level":4,"Task":2,"Opcode":0,"Keywords":"0x8000000000000000","TimeCreated":{"#attributes":{"SystemTime":"2025-11-12T11:07:03.950475Z"}},"EventRecordID":770,"Correlation":null,"Execution":{"#attributes":{"ProcessID":5420,"ThreadID":4432}},"Channel":"Microsoft-Windows-Sysmon/Operational","Computer":"DESKTOP-CS6O5DN","Security":{"#attributes":{"UserID":"S-1-5-18"}}},"EventData":{"RuleName":"T1099","UtcTime":"2025-11-12 11:07:03.940","ProcessGuid":"2A767A6E-6A45-6914-8C01-000000000F00","ProcessId":7968,"Image":"C:\\Users\\root\\Desktop\\恶意代码教学样本-在沙盒中修改文件名\\1-WannaCrypt0r.exe","TargetFilename":"C:\\Users\\root\\AppData\\Local\\Packages\\Microsoft.MicrosoftEdge_8wekyb3d8bbwe\\AC\\#!002\\MicrosoftEdge\\Cache\\L9G8PXEL\\BB12cAZz[1].png.WNCRYT","CreationUtcTime":"2025-11-12 01:46:37.303","PreviousCreationUtcTime":"2025-11-12 11:07:03.940","User":"DESKTOP-CS6O5DN\\root"}}}
{"Event":{"#attributes":{"xmlns":"http://schemas.microsoft.com/win/2004/08/events/event"},"System":{"Provider":{"#attributes":{"Name":"Microsoft-Windows-Sysmon","Guid":"5770385F-C22A-43E0-BF4C-06F5698FFBD9"}},"EventID":2,"Version":5,"Level":4,"Task":2,"Opcode":0,"Keywords":"0x8000000000000000","TimeCreated":{"#attributes":{"SystemTime":"2025-11-12T11:07:03.968976Z"}},"EventRecordID":771,"Correlation":null,"Execution":{"#attributes":{"ProcessID":5420,"ThreadID":4432}},"Channel":"Microsoft-Windows-Sysmon/Operational","Computer":"DESKTOP-CS6O5DN","Security":{"#attributes":{"UserID":"S-1-5-18"}}},"EventData":{"RuleName":"T1099","UtcTime":"2025-11-12 11:07:03.966","ProcessGuid":"2A767A6E-6A45-6914-8C01-000000000F00","ProcessId":7968,"Image":"C:\\Users\\root\\Desktop\\恶意代码教学样本-在沙盒中修改文件名\\1-WannaCrypt0r.exe","TargetFilename":"C:\\Users\\root\\AppData\\Local\\Packages\\Microsoft.MicrosoftEdge_8wekyb3d8bbwe\\AC\\#!002\\MicrosoftEdge\\Cache\\L9G8PXEL\\BB12cP5P[1].png.WNCRYT","CreationUtcTime":"2025-11-12 01:46:37.286","PreviousCreationUtcTime":"2025-11-12 11:07:03.950","User":"DESKTOP-CS6O5DN\\root"}}}
{"Event":{"#attributes":{"xmlns":"http://schemas.microsoft.com/win/2004/08/events/event"},"System":{"Provider":{"#attributes":{"Name":"Microsoft-Windows-Sysmon","Guid":"5770385F-C22A-43E0-BF4C-06F5698FFBD9"}},"EventID":2,"Version":5,"Level":4,"Task":2,"Opcode":0,"Keywords":"0x8000000000000000","TimeCreated":{"#attributes":{"SystemTime":"2025-11-12T11:07:03.973665Z"}},"EventRecordID":772,"Correlation":null,"Execution":{"#attributes":{"ProcessID":5420,"ThreadID":4432}},"Channel":"Microsoft-Windows-Sysmon/Operational","Computer":"DESKTOP-CS6O5DN","Security":{"#attributes":{"UserID":"S-1-5-18"}}},"EventData":{"RuleName":"T1099","UtcTime":"2025-11-12 11:07:03.966","ProcessGuid":"2A767A6E-6A45-6914-8C01-000000000F00","ProcessId":7968,"Image":"C:\\Users\\root\\Desktop\\恶意代码教学样本-在沙盒中修改文件名\\1-WannaCrypt0r.exe","TargetFilename":"C:\\Users\\root\\AppData\\Local\\Packages\\Microsoft.MicrosoftEdge_8wekyb3d8bbwe\\AC\\#!002\\MicrosoftEdge\\Cache\\L9G8PXEL\\BB12cRlt[1].png.WNCRYT","CreationUtcTime":"2025-11-12 01:46:37.303","PreviousCreationUtcTime":"2025-11-12 11:07:03.966","User":"DESKTOP-CS6O5DN\\root"}}}
{"Event":{"#attributes":{"xmlns":"http://schemas.microsoft.com/win/2004/08/events/event"},"System":{"Provider":{"#attributes":{"Name":"Microsoft-Windows-Sysmon","Guid":"5770385F-C22A-43E0-BF4C-06F5698FFBD9"}},"EventID":2,"Version":5,"Level":4,"Task":2,"Opcode":0,"Keywords":"0x8000000000000000","TimeCreated":{"#attributes":{"SystemTime":"2025-11-12T11:07:03.977925Z"}},"EventRecordID":773,"Correlation":null,"Execution":{"#attributes":{"ProcessID":5420,"ThreadID":4432}},"Channel":"Microsoft-Windows-Sysmon/Operational","Computer":"DESKTOP-CS6O5DN","Security":{"#attributes":{"UserID":"S-1-5-18"}}},"EventData":{"RuleName":"T1099","UtcTime":"2025-11-12 11:07:03.966","ProcessGuid":"2A767A6E-6A45-6914-8C01-000000000F00","ProcessId":7968,"Image":"C:\\Users\\root\\Desktop\\恶意代码教学样本-在沙盒中修改文件名\\1-WannaCrypt0r.exe","TargetFilename":"C:\\Users\\root\\AppData\\Local\\Packages\\Microsoft.MicrosoftEdge_8wekyb3d8bbwe\\AC\\#!002\\MicrosoftEdge\\Cache\\L9G8PXEL\\BB1o5ibf[1].png.WNCRYT","CreationUtcTime":"2025-11-12 01:46:37.989","PreviousCreationUtcTime":"2025-11-12 11:07:03.966","User":"DESKTOP-CS6O5DN\\root"}}}
{"Event":{"#attributes":{"xmlns":"http://schemas.microsoft.com/win/2004/08/events/event"},"System":{"Provider":{"#attributes":{"Name":"Microsoft-Windows-Sysmon","Guid":"5770385F-C22A-43E0-BF4C-06F5698FFBD9"}},"EventID":2,"Version":5,"Level":4,"Task":2,"Opcode":0,"Keywords":"0x8000000000000000","TimeCreated":{"#attributes":{"SystemTime":"2025-11-12T11:07:03.981391Z"}},"EventRecordID":774,"Correlation":null,"Execution":{"#attributes":{"ProcessID":5420,"ThreadID":4432}},"Channel":"Microsoft-Windows-Sysmon/Operational","Computer":"DESKTOP-CS6O5DN","Security":{"#attributes":{"UserID":"S-1-5-18"}}},"EventData":{"RuleName":"T1099","UtcTime":"2025-11-12 11:07:03.966","ProcessGuid":"2A767A6E-6A45-6914-8C01-000000000F00","ProcessId":7968,"Image":"C:\\Users\\root\\Desktop\\恶意代码教学样本-在沙盒中修改文件名\\1-WannaCrypt0r.exe","TargetFilename":"C:\\Users\\root\\AppData\\Local\\Packages\\Microsoft.MicrosoftEdge_8wekyb3d8bbwe\\AC\\#!002\\MicrosoftEdge\\Cache\\L9G8PXEL\\BBM9vyb[1].png.WNCRYT","CreationUtcTime":"2025-11-12 01:46:37.208","PreviousCreationUtcTime":"2025-11-12 11:07:03.966","User":"DESKTOP-CS6O5DN\\root"}}}
{"Event":{"#attributes":{"xmlns":"http://schemas.microsoft.com/win/2004/08/events/event"},"System":{"Provider":{"#attributes":{"Name":"Microsoft-Windows-Sysmon","Guid":"5770385F-C22A-43E0-BF4C-06F5698FFBD9"}},"EventID":2,"Version":5,"Level":4,"Task":2,"Opcode":0,"Keywords":"0x8000000000000000","TimeCreated":{"#attributes":{"SystemTime":"2025-11-12T11:07:03.983561Z"}},"EventRecordID":775,"Correlation":null,"Execution":{"#attributes":{"ProcessID":5420,"ThreadID":4432}},"Channel":"Microsoft-Windows-Sysmon/Operational","Computer":"DESKTOP-CS6O5DN","Security":{"#attributes":{"UserID":"S-1-5-18"}}},"EventData":{"RuleName":"T1099","UtcTime":"2025-11-12 11:07:03.981","ProcessGuid":"2A767A6E-6A45-6914-8C01-000000000F00","ProcessId":7968,"Image":"C:\\Users\\root\\Desktop\\恶意代码教学样本-在沙盒中修改文件名\\1-WannaCrypt0r.exe","TargetFilename":"C:\\Users\\root\\AppData\\Local\\Packages\\Microsoft.MicrosoftEdge_8wekyb3d8bbwe\\AC\\#!002\\MicrosoftEdge\\Cache\\L9G8PXEL\\feedbackLink.5475db40602c075e0172[1].js.WNCRYT","CreationUtcTime":"2025-11-12 01:46:39.998","PreviousCreationUtcTime":"2025-11-12 11:07:03.981","User":"DESKTOP-CS6O5DN\\root"}}}
{"Event":{"#attributes":{"xmlns":"http://schemas.microsoft.com/win/2004/08/events/event"},"System":{"Provider":{"#attributes":{"Name":"Microsoft-Windows-Sysmon","Guid":"5770385F-C22A-43E0-BF4C-06F5698FFBD9"}},"EventID":2,"Version":5,"Level":4,"Task":2,"Opcode":0,"Keywords":"0x8000000000000000","TimeCreated":{"#attributes":{"SystemTime":"2025-11-12T11:07:04.032940Z"}},"EventRecordID":776,"Correlation":null,"Execution":{"#attributes":{"ProcessID":5420,"ThreadID":4432}},"Channel":"Microsoft-Windows-Sysmon/Operational","Computer":"DESKTOP-CS6O5DN","Security":{"#attributes":{"UserID":"S-1-5-18"}}},"EventData":{"RuleName":"T1099","UtcTime":"2025-11-12 11:07:04.028","ProcessGuid":"2A767A6E-6A45-6914-8C01-000000000F00","ProcessId":7968,"Image":"C:\\Users\\root\\Desktop\\恶意代码教学样本-在沙盒中修改文件名\\1-WannaCrypt0r.exe","TargetFilename":"C:\\Users\\root\\AppData\\Local\\Packages\\Microsoft.MicrosoftEdge_8wekyb3d8bbwe\\AC\\#!002\\MicrosoftEdge\\Cache\\L9G8PXEL\\microsoft.8aa91a5fe4f5d8517ae1[1].js.WNCRYT","CreationUtcTime":"2025-11-12 01:46:35.054","PreviousCreationUtcTime":"2025-11-12 11:07:03.998","User":"DESKTOP-CS6O5DN\\root"}}}
{"Event":{"#attributes":{"xmlns":"http://schemas.microsoft.com/win/2004/08/events/event"},"System":{"Provider":{"#attributes":{"Name":"Microsoft-Windows-Sysmon","Guid":"5770385F-C22A-43E0-BF4C-06F5698FFBD9"}},"EventID":2,"Version":5,"Level":4,"Task":2,"Opcode":0,"Keywords":"0x8000000000000000","TimeCreated":{"#attributes":{"SystemTime":"2025-11-12T11:07:04.076406Z"}},"EventRecordID":777,"Correlation":null,"Execution":{"#attributes":{"ProcessID":5420,"ThreadID":4432}},"Channel":"Microsoft-Windows-Sysmon/Operational","Computer":"DESKTOP-CS6O5DN","Security":{"#attributes":{"UserID":"S-1-5-18"}}},"EventData":{"RuleName":"T1099","UtcTime":"2025-11-12 11:07:04.075","ProcessGuid":"2A767A6E-6A45-6914-8C01-000000000F00","ProcessId":7968,"Image":"C:\\Users\\root\\Desktop\\恶意代码教学样本-在沙盒中修改文件名\\1-WannaCrypt0r.exe","TargetFilename":"C:\\Users\\root\\AppData\\Local\\Packages\\Microsoft.MicrosoftEdge_8wekyb3d8bbwe\\AC\\#!002\\MicrosoftEdge\\Cache\\L9G8PXEL\\otTCF[1].js.WNCRYT","CreationUtcTime":"2025-11-12 01:46:35.443","PreviousCreationUtcTime":"2025-11-12 11:07:04.028","User":"DESKTOP-CS6O5DN\\root"}}}
{"Event":{"#attributes":{"xmlns":"http://schemas.microsoft.com/win/2004/08/events/event"},"System":{"Provider":{"#attributes":{"Name":"Microsoft-Windows-Sysmon","Guid":"5770385F-C22A-43E0-BF4C-06F5698FFBD9"}},"EventID":2,"Version":5,"Level":4,"Task":2,"Opcode":0,"Keywords":"0x8000000000000000","TimeCreated":{"#attributes":{"SystemTime":"2025-11-12T11:07:04.478562Z"}},"EventRecordID":778,"Correlation":null,"Execution":{"#attributes":{"ProcessID":5420,"ThreadID":4432}},"Channel":"Microsoft-Windows-Sysmon/Operational","Computer":"DESKTOP-CS6O5DN","Security":{"#attributes":{"UserID":"S-1-5-18"}}},"EventData":{"RuleName":"T1099","UtcTime":"2025-11-12 11:07:04.467","ProcessGuid":"2A767A6E-6A45-6914-8C01-000000000F00","ProcessId":7968,"Image":"C:\\Users\\root\\Desktop\\恶意代码教学样本-在沙盒中修改文件名\\1-WannaCrypt0r.exe","TargetFilename":"C:\\Users\\root\\AppData\\Local\\Packages\\Microsoft.MicrosoftEdge_8wekyb3d8bbwe\\AC\\#!002\\MicrosoftEdge\\Cache\\L9G8PXEL\\river-feed.ae3dae95d95f7e4c6530[1].js.WNCRYT","CreationUtcTime":"2025-11-12 01:46:37.036","PreviousCreationUtcTime":"2025-11-12 11:07:04.237","User":"DESKTOP-CS6O5DN\\root"}}}
{"Event":{"#attributes":{"xmlns":"http://schemas.microsoft.com/win/2004/08/events/event"},"System":{"Provider":{"#attributes":{"Name":"Microsoft-Windows-Sysmon","Guid":"5770385F-C22A-43E0-BF4C-06F5698FFBD9"}},"EventID":2,"Version":5,"Level":4,"Task":2,"Opcode":0,"Keywords":"0x8000000000000000","TimeCreated":{"#attributes":{"SystemTime":"2025-11-12T11:07:04.550910Z"}},"EventRecordID":779,"Correlation":null,"Execution":{"#attributes":{"ProcessID":5420,"ThreadID":4432}},"Channel":"Microsoft-Windows-Sysmon/Operational","Computer":"DESKTOP-CS6O5DN","Security":{"#attributes":{"UserID":"S-1-5-18"}}},"EventData":{"RuleName":"T1099","UtcTime":"2025-11-12 11:07:04.548","ProcessGuid":"2A767A6E-6A45-6914-8C01-000000000F00","ProcessId":7968,"Image":"C:\\Users\\root\\Desktop\\恶意代码教学样本-在沙盒中修改文件名\\1-WannaCrypt0r.exe","TargetFilename":"C:\\Users\\root\\AppData\\Local\\Packages\\Microsoft.MicrosoftEdge_8wekyb3d8bbwe\\AC\\#!002\\MicrosoftEdge\\Cache\\L9G8PXEL\\vendors.c47bf4f4981f23895ddb[1].js.WNCRYT","CreationUtcTime":"2025-11-12 01:46:35.054","PreviousCreationUtcTime":"2025-11-12 11:07:04.499","User":"DESKTOP-CS6O5DN\\root"}}}
{"Event":{"#attributes":{"xmlns":"http://schemas.microsoft.com/win/2004/08/events/event"},"System":{"Provider":{"#attributes":{"Name":"Microsoft-Windows-Sysmon","Guid":"5770385F-C22A-43E0-BF4C-06F5698FFBD9"}},"EventID":2,"Version":5,"Level":4,"Task":2,"Opcode":0,"Keywords":"0x8000000000000000","TimeCreated":{"#attributes":{"SystemTime":"2025-11-12T11:07:04.567770Z"}},"EventRecordID":780,"Correlation":null,"Execution":{"#attributes":{"ProcessID":5420,"ThreadID":4432}},"Channel":"Microsoft-Windows-Sysmon/Operational","Computer":"DESKTOP-CS6O5DN","Security":{"#attributes":{"UserID":"S-1-5-18"}}},"EventData":{"RuleName":"T1099","UtcTime":"2025-11-12 11:07:04.562","ProcessGuid":"2A767A6E-6A45-6914-8C01-000000000F00","ProcessId":7968,"Image":"C:\\Users\\root\\Desktop\\恶意代码教学样本-在沙盒中修改文件名\\1-WannaCrypt0r.exe","TargetFilename":"C:\\Users\\root\\AppData\\Local\\Packages\\Microsoft.MicrosoftEdge_8wekyb3d8bbwe\\AC\\#!002\\MicrosoftEdge\\Cache\\S3MU0EJI\\AA1p2QOK[1].png.WNCRYT","CreationUtcTime":"2025-11-12 01:46:37.989","PreviousCreationUtcTime":"2025-11-12 11:07:04.562","User":"DESKTOP-CS6O5DN\\root"}}}
{"Event":{"#attributes":{"xmlns":"http://schemas.microsoft.com/win/2004/08/events/event"},"System":{"Provider":{"#attributes":{"Name":"Microsoft-Windows-Sysmon","Guid":"5770385F-C22A-43E0-BF4C-06F5698FFBD9"}},"EventID":2,"Version":5,"Level":4,"Task":2,"Opcode":0,"Keywords":"0x8000000000000000","TimeCreated":{"#attributes":{"SystemTime":"2025-11-12T11:07:04.572457Z"}},"EventRecordID":781,"Correlation":null,"Execution":{"#attributes":{"ProcessID":5420,"ThreadID":4432}},"Channel":"Microsoft-Windows-Sysmon/Operational","Computer":"DESKTOP-CS6O5DN","Security":{"#attributes":{"UserID":"S-1-5-18"}}},"EventData":{"RuleName":"T1099","UtcTime":"2025-11-12 11:07:04.562","ProcessGuid":"2A767A6E-6A45-6914-8C01-000000000F00","ProcessId":7968,"Image":"C:\\Users\\root\\Desktop\\恶意代码教学样本-在沙盒中修改文件名\\1-WannaCrypt0r.exe","TargetFilename":"C:\\Users\\root\\AppData\\Local\\Packages\\Microsoft.MicrosoftEdge_8wekyb3d8bbwe\\AC\\#!002\\MicrosoftEdge\\Cache\\S3MU0EJI\\BB11hxer[1].png.WNCRYT","CreationUtcTime":"2025-11-12 01:46:37.244","PreviousCreationUtcTime":"2025-11-12 11:07:04.562","User":"DESKTOP-CS6O5DN\\root"}}}
{"Event":{"#attributes":{"xmlns":"http://schemas.microsoft.com/win/2004/08/events/event"},"System":{"Provider":{"#attributes":{"Name":"Microsoft-Windows-Sysmon","Guid":"5770385F-C22A-43E0-BF4C-06F5698FFBD9"}},"EventID":2,"Version":5,"Level":4,"Task":2,"Opcode":0,"Keywords":"0x8000000000000000","TimeCreated":{"#attributes":{"SystemTime":"2025-11-12T11:07:04.577433Z"}},"EventRecordID":782,"Correlation":null,"Execution":{"#attributes":{"ProcessID":5420,"ThreadID":4432}},"Channel":"Microsoft-Windows-Sysmon/Operational","Computer":"DESKTOP-CS6O5DN","Security":{"#attributes":{"UserID":"S-1-5-18"}}},"EventData":{"RuleName":"T1099","UtcTime":"2025-11-12 11:07:04.575","ProcessGuid":"2A767A6E-6A45-6914-8C01-000000000F00","ProcessId":7968,"Image":"C:\\Users\\root\\Desktop\\恶意代码教学样本-在沙盒中修改文件名\\1-WannaCrypt0r.exe","TargetFilename":"C:\\Users\\root\\AppData\\Local\\Packages\\Microsoft.MicrosoftEdge_8wekyb3d8bbwe\\AC\\#!002\\MicrosoftEdge\\Cache\\S3MU0EJI\\BB12cKGd[1].png.WNCRYT","CreationUtcTime":"2025-11-12 01:46:37.244","PreviousCreationUtcTime":"2025-11-12 11:07:04.562","User":"DESKTOP-CS6O5DN\\root"}}}
{"Event":{"#attributes":{"xmlns":"http://schemas.microsoft.com/win/2004/08/events/event"},"System":{"Provider":{"#attributes":{"Name":"Microsoft-Windows-Sysmon","Guid":"5770385F-C22A-43E0-BF4C-06F5698FFBD9"}},"EventID":2,"Version":5,"Level":4,"Task":2,"Opcode":0,"Keywords":"0x8000000000000000","TimeCreated":{"#attributes":{"SystemTime":"2025-11-12T11:07:04.579653Z"}},"EventRecordID":783,"Correlation":null,"Execution":{"#attributes":{"ProcessID":5420,"ThreadID":4432}},"Channel":"Microsoft-Windows-Sysmon/Operational","Computer":"DESKTOP-CS6O5DN","Security":{"#attributes":{"UserID":"S-1-5-18"}}},"EventData":{"RuleName":"T1099","UtcTime":"2025-11-12 11:07:04.575","ProcessGuid":"2A767A6E-6A45-6914-8C01-000000000F00","ProcessId":7968,"Image":"C:\\Users\\root\\Desktop\\恶意代码教学样本-在沙盒中修改文件名\\1-WannaCrypt0r.exe","TargetFilename":"C:\\Users\\root\\AppData\\Local\\Packages\\Microsoft.MicrosoftEdge_8wekyb3d8bbwe\\AC\\#!002\\MicrosoftEdge\\Cache\\S3MU0EJI\\BB12cTXD[1].png.WNCRYT","CreationUtcTime":"2025-11-12 01:46:37.244","PreviousCreationUtcTime":"2025-11-12 11:07:04.575","User":"DESKTOP-CS6O5DN\\root"}}}
{"Event":{"#attributes":{"xmlns":"http://schemas.microsoft.com/win/2004/08/events/event"},"System":{"Provider":{"#attributes":{"Name":"Microsoft-Windows-Sysmon","Guid":"5770385F-C22A-43E0-BF4C-06F5698FFBD9"}},"EventID":2,"Version":5,"Level":4,"Task":2,"Opcode":0,"Keywords":"0x8000000000000000","TimeCreated":{"#attributes":{"SystemTime":"2025-11-12T11:07:04.643238Z"}},"EventRecordID":784,"Correlation":null,"Execution":{"#attributes":{"ProcessID":5420,"ThreadID":4432}},"Channel":"Microsoft-Windows-Sysmon/Operational","Computer":"DESKTOP-CS6O5DN","Security":{"#attributes":{"UserID":"S-1-5-18"}}},"EventData":{"RuleName":"T1099","UtcTime":"2025-11-12 11:07:04.639","ProcessGuid":"2A767A6E-6A45-6914-8C01-000000000F00","ProcessId":7968,"Image":"C:\\Users\\root\\Desktop\\恶意代码教学样本-在沙盒中修改文件名\\1-WannaCrypt0r.exe","TargetFilename":"C:\\Users\\root\\AppData\\Local\\Packages\\Microsoft.MicrosoftEdge_8wekyb3d8bbwe\\AC\\#!002\\MicrosoftEdge\\Cache\\S3MU0EJI\\BB12dVk6[1].png.WNCRYT","CreationUtcTime":"2025-11-12 01:46:37.244","PreviousCreationUtcTime":"2025-11-12 11:07:04.639","User":"DESKTOP-CS6O5DN\\root"}}}
{"Event":{"#attributes":{"xmlns":"http://schemas.microsoft.com/win/2004/08/events/event"},"System":{"Provider":{"#attributes":{"Name":"Microsoft-Windows-Sysmon","Guid":"5770385F-C22A-43E0-BF4C-06F5698FFBD9"}},"EventID":2,"Version":5,"Level":4,"Task":2,"Opcode":0,"Keywords":"0x8000000000000000","TimeCreated":{"#attributes":{"SystemTime":"2025-11-12T11:07:04.648062Z"}},"EventRecordID":785,"Correlation":null,"Execution":{"#attributes":{"ProcessID":5420,"ThreadID":4432}},"Channel":"Microsoft-Windows-Sysmon/Operational","Computer":"DESKTOP-CS6O5DN","Security":{"#attributes":{"UserID":"S-1-5-18"}}},"EventData":{"RuleName":"T1099","UtcTime":"2025-11-12 11:07:04.639","ProcessGuid":"2A767A6E-6A45-6914-8C01-000000000F00","ProcessId":7968,"Image":"C:\\Users\\root\\Desktop\\恶意代码教学样本-在沙盒中修改文件名\\1-WannaCrypt0r.exe","TargetFilename":"C:\\Users\\root\\AppData\\Local\\Packages\\Microsoft.MicrosoftEdge_8wekyb3d8bbwe\\AC\\#!002\\MicrosoftEdge\\Cache\\S3MU0EJI\\BB12e2IE[1].png.WNCRYT","CreationUtcTime":"2025-11-12 01:46:37.244","PreviousCreationUtcTime":"2025-11-12 11:07:04.639","User":"DESKTOP-CS6O5DN\\root"}}}
{"Event":{"#attributes":{"xmlns":"http://schemas.microsoft.com/win/2004/08/events/event"},"System":{"Provider":{"#attributes":{"Name":"Microsoft-Windows-Sysmon","Guid":"5770385F-C22A-43E0-BF4C-06F5698FFBD9"}},"EventID":2,"Version":5,"Level":4,"Task":2,"Opcode":0,"Keywords":"0x8000000000000000","TimeCreated":{"#attributes":{"SystemTime":"2025-11-12T11:07:04.658591Z"}},"EventRecordID":786,"Correlation":null,"Execution":{"#attributes":{"ProcessID":5420,"ThreadID":4432}},"Channel":"Microsoft-Windows-Sysmon/Operational","Computer":"DESKTOP-CS6O5DN","Security":{"#attributes":{"UserID":"S-1-5-18"}}},"EventData":{"RuleName":"T1099","UtcTime":"2025-11-12 11:07:04.655","ProcessGuid":"2A767A6E-6A45-6914-8C01-000000000F00","ProcessId":7968,"Image":"C:\\Users\\root\\Desktop\\恶意代码教学样本-在沙盒中修改文件名\\1-WannaCrypt0r.exe","TargetFilename":"C:\\Users\\root\\AppData\\Local\\Packages\\Microsoft.MicrosoftEdge_8wekyb3d8bbwe\\AC\\#!002\\MicrosoftEdge\\Cache\\S3MU0EJI\\BB18EPIs[1].png.WNCRYT","CreationUtcTime":"2025-11-12 01:46:37.318","PreviousCreationUtcTime":"2025-11-12 11:07:04.655","User":"DESKTOP-CS6O5DN\\root"}}}
{"Event":{"#attributes":{"xmlns":"http://schemas.microsoft.com/win/2004/08/events/event"},"System":{"Provider":{"#attributes":{"Name":"Microsoft-Windows-Sysmon","Guid":"5770385F-C22A-43E0-BF4C-06F5698FFBD9"}},"EventID":2,"Version":5,"Level":4,"Task":2,"Opcode":0,"Keywords":"0x8000000000000000","TimeCreated":{"#attributes":{"SystemTime":"2025-11-12T11:07:04.675512Z"}},"EventRecordID":787,"Correlation":null,"Execution":{"#attributes":{"ProcessID":5420,"ThreadID":4432}},"Channel":"Microsoft-Windows-Sysmon/Operational","Computer":"DESKTOP-CS6O5DN","Security":{"#attributes":{"UserID":"S-1-5-18"}}},"EventData":{"RuleName":"T1099","UtcTime":"2025-11-12 11:07:04.671","ProcessGuid":"2A767A6E-6A45-6914-8C01-000000000F00","ProcessId":7968,"Image":"C:\\Users\\root\\Desktop\\恶意代码教学样本-在沙盒中修改文件名\\1-WannaCrypt0r.exe","TargetFilename":"C:\\Users\\root\\AppData\\Local\\Packages\\Microsoft.MicrosoftEdge_8wekyb3d8bbwe\\AC\\#!002\\MicrosoftEdge\\Cache\\S3MU0EJI\\breaking-news.d11fb0f65233cc7311d2[1].js.WNCRYT","CreationUtcTime":"2025-11-12 01:46:39.952","PreviousCreationUtcTime":"2025-11-12 11:07:04.671","User":"DESKTOP-CS6O5DN\\root"}}}
{"Event":{"#attributes":{"xmlns":"http://schemas.microsoft.com/win/2004/08/events/event"},"System":{"Provider":{"#attributes":{"Name":"Microsoft-Windows-Sysmon","Guid":"5770385F-C22A-43E0-BF4C-06F5698FFBD9"}},"EventID":2,"Version":5,"Level":4,"Task":2,"Opcode":0,"Keywords":"0x8000000000000000","TimeCreated":{"#attributes":{"SystemTime":"2025-11-12T11:07:04.700729Z"}},"EventRecordID":788,"Correlation":null,"Execution":{"#attributes":{"ProcessID":5420,"ThreadID":4432}},"Channel":"Microsoft-Windows-Sysmon/Operational","Computer":"DESKTOP-CS6O5DN","Security":{"#attributes":{"UserID":"S-1-5-18"}}},"EventData":{"RuleName":"T1099","UtcTime":"2025-11-12 11:07:04.691","ProcessGuid":"2A767A6E-6A45-6914-8C01-000000000F00","ProcessId":7968,"Image":"C:\\Users\\root\\Desktop\\恶意代码教学样本-在沙盒中修改文件名\\1-WannaCrypt0r.exe","TargetFilename":"C:\\Users\\root\\AppData\\Local\\Packages\\Microsoft.MicrosoftEdge_8wekyb3d8bbwe\\AC\\#!002\\MicrosoftEdge\\Cache\\S3MU0EJI\\oneFooter.982b320cf4a2a85e7315[1].js.WNCRYT","CreationUtcTime":"2025-11-12 01:46:39.952","PreviousCreationUtcTime":"2025-11-12 11:07:04.671","User":"DESKTOP-CS6O5DN\\root"}}}
{"Event":{"#attributes":{"xmlns":"http://schemas.microsoft.com/win/2004/08/events/event"},"System":{"Provider":{"#attributes":{"Name":"Microsoft-Windows-Sysmon","Guid":"5770385F-C22A-43E0-BF4C-06F5698FFBD9"}},"EventID":2,"Version":5,"Level":4,"Task":2,"Opcode":0,"Keywords":"0x8000000000000000","TimeCreated":{"#attributes":{"SystemTime":"2025-11-12T11:07:04.776799Z"}},"EventRecordID":789,"Correlation":null,"Execution":{"#attributes":{"ProcessID":5420,"ThreadID":4432}},"Channel":"Microsoft-Windows-Sysmon/Operational","Computer":"DESKTOP-CS6O5DN","Security":{"#attributes":{"UserID":"S-1-5-18"}}},"EventData":{"RuleName":"T1099","UtcTime":"2025-11-12 11:07:04.768","ProcessGuid":"2A767A6E-6A45-6914-8C01-000000000F00","ProcessId":7968,"Image":"C:\\Users\\root\\Desktop\\恶意代码教学样本-在沙盒中修改文件名\\1-WannaCrypt0r.exe","TargetFilename":"C:\\Users\\root\\AppData\\Local\\Packages\\Microsoft.MicrosoftEdge_8wekyb3d8bbwe\\AC\\#!002\\MicrosoftEdge\\Cache\\S3MU0EJI\\otBannerSdk[1].js.WNCRYT","CreationUtcTime":"2025-11-12 01:46:35.350","PreviousCreationUtcTime":"2025-11-12 11:07:04.700","User":"DESKTOP-CS6O5DN\\root"}}}
{"Event":{"#attributes":{"xmlns":"http://schemas.microsoft.com/win/2004/08/events/event"},"System":{"Provider":{"#attributes":{"Name":"Microsoft-Windows-Sysmon","Guid":"5770385F-C22A-43E0-BF4C-06F5698FFBD9"}},"EventID":2,"Version":5,"Level":4,"Task":2,"Opcode":0,"Keywords":"0x8000000000000000","TimeCreated":{"#attributes":{"SystemTime":"2025-11-12T11:07:04.809544Z"}},"EventRecordID":790,"Correlation":null,"Execution":{"#attributes":{"ProcessID":5420,"ThreadID":4432}},"Channel":"Microsoft-Windows-Sysmon/Operational","Computer":"DESKTOP-CS6O5DN","Security":{"#attributes":{"UserID":"S-1-5-18"}}},"EventData":{"RuleName":"T1099","UtcTime":"2025-11-12 11:07:04.799","ProcessGuid":"2A767A6E-6A45-6914-8C01-000000000F00","ProcessId":7968,"Image":"C:\\Users\\root\\Desktop\\恶意代码教学样本-在沙盒中修改文件名\\1-WannaCrypt0r.exe","TargetFilename":"C:\\Users\\root\\AppData\\Local\\Packages\\Microsoft.MicrosoftEdge_8wekyb3d8bbwe\\AC\\#!002\\MicrosoftEdge\\Cache\\S3MU0EJI\\PageSettings.bb435d36341a2ef34a3a[1].js.WNCRYT","CreationUtcTime":"2025-11-12 01:46:39.952","PreviousCreationUtcTime":"2025-11-12 11:07:04.784","User":"DESKTOP-CS6O5DN\\root"}}}
{"Event":{"#attributes":{"xmlns":"http://schemas.microsoft.com/win/2004/08/events/event"},"System":{"Provider":{"#attributes":{"Name":"Microsoft-Windows-Sysmon","Guid":"5770385F-C22A-43E0-BF4C-06F5698FFBD9"}},"EventID":2,"Version":5,"Level":4,"Task":2,"Opcode":0,"Keywords":"0x8000000000000000","TimeCreated":{"#attributes":{"SystemTime":"2025-11-12T11:07:04.818710Z"}},"EventRecordID":791,"Correlation":null,"Execution":{"#attributes":{"ProcessID":5420,"ThreadID":4432}},"Channel":"Microsoft-Windows-Sysmon/Operational","Computer":"DESKTOP-CS6O5DN","Security":{"#attributes":{"UserID":"S-1-5-18"}}},"EventData":{"RuleName":"T1099","UtcTime":"2025-11-12 11:07:04.810","ProcessGuid":"2A767A6E-6A45-6914-8C01-000000000F00","ProcessId":7968,"Image":"C:\\Users\\root\\Desktop\\恶意代码教学样本-在沙盒中修改文件名\\1-WannaCrypt0r.exe","TargetFilename":"C:\\Users\\root\\AppData\\Local\\Packages\\Microsoft.MicrosoftEdge_8wekyb3d8bbwe\\AC\\#!002\\MicrosoftEdge\\Cache\\S3MU0EJI\\showFeed.876d1b9a714f071957cd[1].js.WNCRYT","CreationUtcTime":"2025-11-12 01:46:39.952","PreviousCreationUtcTime":"2025-11-12 11:07:04.810","User":"DESKTOP-CS6O5DN\\root"}}}
