{"Event":{"#attributes":{"xmlns":"http://schemas.microsoft.com/win/2004/08/events/event"},"System":{"Provider":{"#attributes":{"Name":"Microsoft-Windows-Sysmon","Guid":"5770385F-C22A-43E0-BF4C-06F5698FFBD9"}},"EventID":5,"Version":3,"Level":4,"Task":5,"Opcode":0,"Keywords":"0x8000000000000000","TimeCreated":{"#attributes":{"SystemTime":"2025-11-12T11:09:18.824711Z"}},"EventRecordID":1192,"Correlation":null,"Execution":{"#attributes":{"ProcessID":5420,"ThreadID":4432}},"Channel":"Microsoft-Windows-Sysmon/Operational","Computer":"DESKTOP-CS6O5DN","Security":{"#attributes":{"UserID":"S-1-5-18"}}},"EventData":{"RuleName":"-","UtcTime":"2025-11-12 11:09:18.822","ProcessGuid":"2A767A6E-6ADE-6914-AC01-000000000F00","ProcessId":3292,"Image":"C:\\Users\\root\\Desktop\\恶意代码教学样本-在沙盒中修改文件名\\taskdl.exe","User":"DESKTOP-CS6O5DN\\root"}}}
{"Event":{"#attributes":{"xmlns":"http://schemas.microsoft.com/win/2004/08/events/event"},"System":{"Provider":{"#attributes":{"Name":"Microsoft-Windows-Sysmon","Guid":"5770385F-C22A-43E0-BF4C-06F5698FFBD9"}},"EventID":1,"Version":5,"Level":4,"Task":1,"Opcode":0,"Keywords":"0x8000000000000000","TimeCreated":{"#attributes":{"SystemTime":"2025-11-12T11:09:48.448702Z"}},"EventRecordID":1193,"Correlation":null,"Execution":{"#attributes":{"ProcessID":5420,"ThreadID":4432}},"Channel":"Microsoft-Windows-Sysmon/Operational","Computer":"DESKTOP-CS6O5DN","Security":{"#attributes":{"UserID":"S-1-5-18"}}},"EventData":{"RuleName":"-","UtcTime":"2025-11-12 11:09:48.446","ProcessGuid":"2A767A6E-6AFC-6914-AE01-000000000F00","ProcessId":6528,"Image":"C:\\Users\\root\\Desktop\\恶意代码教学样本-在沙盒中修改文件名\\@WanaDecryptor@.exe","FileVersion":"6.1.7600.16385 (win7_rtm.090713-1255)","Description":"Load PerfMon Counters","Product":"Microsoft® Windows® Operating System","Company":"Microsoft Corporation","OriginalFileName":"LODCTR.EXE","CommandLine":"@WanaDecryptor@.exe","CurrentDirectory":"C:\\Users\\root\\Desktop\\恶意代码教学样本-在沙盒中修改文件名\\","User":"DESKTOP-CS6O5DN\\root","LogonGuid":"2A767A6E-2A8A-6914-0F72-030000000000","LogonId":"0x3720f","TerminalSessionId":1,"IntegrityLevel":"Medium","Hashes":"MD5=7BF2B57F2A205768755C07F238FB32CC,SHA256=B9C5D4339809E0AD9A00D4D3DD26FDF44A32819A54ABF846BB9B560D81391C25,IMPHASH=DCAC8383CC76738EECB5756694C4AEB2","ParentProcessGuid":"2A767A6E-6A45-6914-8C01-000000000F00","ParentProcessId":7968,"ParentImage":"C:\\Users\\root\\Desktop\\恶意代码教学样本-在沙盒中修改文件名\\1-WannaCrypt0r.exe","ParentCommandLine":"\"C:\\Users\\root\\Desktop\\恶意代码教学样本-在沙盒中修改文件名\\1-WannaCrypt0r.exe\"","ParentUser":"DESKTOP-CS6O5DN\\root"}}}
{"Event":{"#attributes":{"xmlns":"http://schemas.microsoft.com/win/2004/08/events/event"},"System":{"Provider":{"#attributes":{"Name":"Microsoft-Windows-Sysmon","Guid":"5770385F-C22A-43E0-BF4C-06F5698FFBD9"}},"EventID":5,"Version":3,"Level":4,"Task":5,"Opcode":0,"Keywords":"0x8000000000000000","TimeCreated":{"#attributes":{"SystemTime":"2025-11-12T11:09:48.501345Z"}},"EventRecordID":1194,"Correlation":null,"Execution":{"#attributes":{"ProcessID":5420,"ThreadID":4432}},"Channel":"Microsoft-Windows-Sysmon/Operational","Computer":"DESKTOP-CS6O5DN","Security":{"#attributes":{"UserID":"S-1-5-18"}}},"EventData":{"RuleName":"-","UtcTime":"2025-11-12 11:09:48.500","ProcessGuid":"2A767A6E-6AFC-6914-AE01-000000000F00","ProcessId":6528,"Image":"C:\\Users\\root\\Desktop\\恶意代码教学样本-在沙盒中修改文件名\\@WanaDecryptor@.exe","User":"DESKTOP-CS6O5DN\\root"}}}
{"Event":{"#attributes":{"xmlns":"http://schemas.microsoft.com/win/2004/08/events/event"},"System":{"Provider":{"#attributes":{"Name":"Microsoft-Windows-Sysmon","Guid":"5770385F-C22A-43E0-BF4C-06F5698FFBD9"}},"EventID":1,"Version":5,"Level":4,"Task":1,"Opcode":0,"Keywords":"0x8000000000000000","TimeCreated":{"#attributes":{"SystemTime":"2025-11-12T11:09:48.833635Z"}},"EventRecordID":1195,"Correlation":null,"Execution":{"#attributes":{"ProcessID":5420,"ThreadID":4432}},"Channel":"Microsoft-Windows-Sysmon/Operational","Computer":"DESKTOP-CS6O5DN","Security":{"#attributes":{"UserID":"S-1-5-18"}}},"EventData":{"RuleName":"-","UtcTime":"2025-11-12 11:09:48.831","ProcessGuid":"2A767A6E-6AFC-6914-AF01-000000000F00","ProcessId":752,"Image":"C:\\Users\\root\\Desktop\\恶意代码教学样本-在沙盒中修改文件名\\taskdl.exe","FileVersion":"6.1.7600.16385 (win7_rtm.090713-1255)","Description":"SQL Client Configuration Utility EXE","Product":"Microsoft® Windows® Operating System","Company":"Microsoft Corporation","OriginalFileName":"cliconfg.exe","CommandLine":"taskdl.exe","CurrentDirectory":"C:\\Users\\root\\Desktop\\恶意代码教学样本-在沙盒中修改文件名\\","User":"DESKTOP-CS6O5DN\\root","LogonGuid":"2A767A6E-2A8A-6914-0F72-030000000000","LogonId":"0x3720f","TerminalSessionId":1,"IntegrityLevel":"Medium","Hashes":"MD5=4FEF5E34143E646DBF9907C4374276F5,SHA256=4A468603FDCB7A2EB5770705898CF9EF37AADE532A7964642ECD705A74794B79,IMPHASH=818097ACF11D6A2AC55031896B50D98C","ParentProcessGuid":"2A767A6E-6A45-6914-8C01-000000000F00","ParentProcessId":7968,"ParentImage":"C:\\Users\\root\\Desktop\\恶意代码教学样本-在沙盒中修改文件名\\1-WannaCrypt0r.exe","ParentCommandLine":"\"C:\\Users\\root\\Desktop\\恶意代码教学样本-在沙盒中修改文件名\\1-WannaCrypt0r.exe\"","ParentUser":"DESKTOP-CS6O5DN\\root"}}}
{"Event":{"#attributes":{"xmlns":"http://schemas.microsoft.com/win/2004/08/events/event"},"System":{"Provider":{"#attributes":{"Name":"Microsoft-Windows-Sysmon","Guid":"5770385F-C22A-43E0-BF4C-06F5698FFBD9"}},"EventID":5,"Version":3,"Level":4,"Task":5,"Opcode":0,"Keywords":"0x8000000000000000","TimeCreated":{"#attributes":{"SystemTime":"2025-11-12T11:09:48.893121Z"}},"EventRecordID":1196,"Correlation":null,"Execution":{"#attributes":{"ProcessID":5420,"ThreadID":4432}},"Channel":"Microsoft-Windows-Sysmon/Operational","Computer":"DESKTOP-CS6O5DN","Security":{"#attributes":{"UserID":"S-1-5-18"}}},"EventData":{"RuleName":"-","UtcTime":"2025-11-12 11:09:48.890","ProcessGuid":"2A767A6E-6AFC-6914-AF01-000000000F00","ProcessId":752,"Image":"C:\\Users\\root\\Desktop\\恶意代码教学样本-在沙盒中修改文件名\\taskdl.exe","User":"DESKTOP-CS6O5DN\\root"}}}
{"Event":{"#attributes":{"xmlns":"http://schemas.microsoft.com/win/2004/08/events/event"},"System":{"Provider":{"#attributes":{"Name":"Microsoft-Windows-Sysmon","Guid":"5770385F-C22A-43E0-BF4C-06F5698FFBD9"}},"EventID":2,"Version":5,"Level":4,"Task":2,"Opcode":0,"Keywords":"0x8000000000000000","TimeCreated":{"#attributes":{"SystemTime":"2025-11-12T11:09:49.448044Z"}},"EventRecordID":1197,"Correlation":null,"Execution":{"#attributes":{"ProcessID":5420,"ThreadID":4432}},"Channel":"Microsoft-Windows-Sysmon/Operational","Computer":"DESKTOP-CS6O5DN","Security":{"#attributes":{"UserID":"S-1-5-18"}}},"EventData":{"RuleName":"T1099","UtcTime":"2025-11-12 11:09:49.437","ProcessGuid":"2A767A6E-6A66-6914-9F01-000000000F00","ProcessId":3044,"Image":"C:\\Users\\root\\Desktop\\恶意代码教学样本-在沙盒中修改文件名\\@WanaDecryptor@.exe","TargetFilename":"C:\\Users\\root\\AppData\\Local\\Microsoft\\Internet Explorer\\brndlog.txt","CreationUtcTime":"2025-11-12 01:32:52.272","PreviousCreationUtcTime":"2025-11-12 11:09:49.437","User":"DESKTOP-CS6O5DN\\root"}}}
{"Event":{"#attributes":{"xmlns":"http://schemas.microsoft.com/win/2004/08/events/event"},"System":{"Provider":{"#attributes":{"Name":"Microsoft-Windows-Sysmon","Guid":"5770385F-C22A-43E0-BF4C-06F5698FFBD9"}},"EventID":2,"Version":5,"Level":4,"Task":2,"Opcode":0,"Keywords":"0x8000000000000000","TimeCreated":{"#attributes":{"SystemTime":"2025-11-12T11:09:49.471094Z"}},"EventRecordID":1198,"Correlation":null,"Execution":{"#attributes":{"ProcessID":5420,"ThreadID":4432}},"Channel":"Microsoft-Windows-Sysmon/Operational","Computer":"DESKTOP-CS6O5DN","Security":{"#attributes":{"UserID":"S-1-5-18"}}},"EventData":{"RuleName":"T1099","UtcTime":"2025-11-12 11:09:49.469","ProcessGuid":"2A767A6E-6A66-6914-9F01-000000000F00","ProcessId":3044,"Image":"C:\\Users\\root\\Desktop\\恶意代码教学样本-在沙盒中修改文件名\\@WanaDecryptor@.exe","TargetFilename":"C:\\Users\\root\\AppData\\Local\\Microsoft\\OneDrive\\25.206.1021.0003\\Assets\\Square44x44Logo.altform-lightunplated_targetsize-32.png","CreationUtcTime":"2025-11-12 01:39:43.973","PreviousCreationUtcTime":"2025-11-12 11:09:49.453","User":"DESKTOP-CS6O5DN\\root"}}}
{"Event":{"#attributes":{"xmlns":"http://schemas.microsoft.com/win/2004/08/events/event"},"System":{"Provider":{"#attributes":{"Name":"Microsoft-Windows-Sysmon","Guid":"5770385F-C22A-43E0-BF4C-06F5698FFBD9"}},"EventID":2,"Version":5,"Level":4,"Task":2,"Opcode":0,"Keywords":"0x8000000000000000","TimeCreated":{"#attributes":{"SystemTime":"2025-11-12T11:09:49.482977Z"}},"EventRecordID":1199,"Correlation":null,"Execution":{"#attributes":{"ProcessID":5420,"ThreadID":4432}},"Channel":"Microsoft-Windows-Sysmon/Operational","Computer":"DESKTOP-CS6O5DN","Security":{"#attributes":{"UserID":"S-1-5-18"}}},"EventData":{"RuleName":"T1099","UtcTime":"2025-11-12 11:09:49.469","ProcessGuid":"2A767A6E-6A66-6914-9F01-000000000F00","ProcessId":3044,"Image":"C:\\Users\\root\\Desktop\\恶意代码教学样本-在沙盒中修改文件名\\@WanaDecryptor@.exe","TargetFilename":"C:\\Users\\root\\AppData\\Local\\Microsoft\\OneDrive\\25.206.1021.0003\\Copilot\\Square44x44Logo.targetsize-256_altform-unplated.png","CreationUtcTime":"2025-11-12 01:39:44.066","PreviousCreationUtcTime":"2025-11-12 11:09:49.469","User":"DESKTOP-CS6O5DN\\root"}}}
{"Event":{"#attributes":{"xmlns":"http://schemas.microsoft.com/win/2004/08/events/event"},"System":{"Provider":{"#attributes":{"Name":"Microsoft-Windows-Sysmon","Guid":"5770385F-C22A-43E0-BF4C-06F5698FFBD9"}},"EventID":2,"Version":5,"Level":4,"Task":2,"Opcode":0,"Keywords":"0x8000000000000000","TimeCreated":{"#attributes":{"SystemTime":"2025-11-12T11:09:49.491216Z"}},"EventRecordID":1200,"Correlation":null,"Execution":{"#attributes":{"ProcessID":5420,"ThreadID":4432}},"Channel":"Microsoft-Windows-Sysmon/Operational","Computer":"DESKTOP-CS6O5DN","Security":{"#attributes":{"UserID":"S-1-5-18"}}},"EventData":{"RuleName":"T1099","UtcTime":"2025-11-12 11:09:49.485","ProcessGuid":"2A767A6E-6A66-6914-9F01-000000000F00","ProcessId":3044,"Image":"C:\\Users\\root\\Desktop\\恶意代码教学样本-在沙盒中修改文件名\\@WanaDecryptor@.exe","TargetFilename":"C:\\Users\\root\\AppData\\Local\\Microsoft\\OneDrive\\25.206.1021.0003\\images\\darkTheme\\BlueCloudFull_Win11.svg","CreationUtcTime":"2025-11-12 01:39:44.941","PreviousCreationUtcTime":"2025-11-12 11:09:49.485","User":"DESKTOP-CS6O5DN\\root"}}}
{"Event":{"#attributes":{"xmlns":"http://schemas.microsoft.com/win/2004/08/events/event"},"System":{"Provider":{"#attributes":{"Name":"Microsoft-Windows-Sysmon","Guid":"5770385F-C22A-43E0-BF4C-06F5698FFBD9"}},"EventID":2,"Version":5,"Level":4,"Task":2,"Opcode":0,"Keywords":"0x8000000000000000","TimeCreated":{"#attributes":{"SystemTime":"2025-11-12T11:09:49.498466Z"}},"EventRecordID":1201,"Correlation":null,"Execution":{"#attributes":{"ProcessID":5420,"ThreadID":4432}},"Channel":"Microsoft-Windows-Sysmon/Operational","Computer":"DESKTOP-CS6O5DN","Security":{"#attributes":{"UserID":"S-1-5-18"}}},"EventData":{"RuleName":"T1099","UtcTime":"2025-11-12 11:09:49.485","ProcessGuid":"2A767A6E-6A66-6914-9F01-000000000F00","ProcessId":3044,"Image":"C:\\Users\\root\\Desktop\\恶意代码教学样本-在沙盒中修改文件名\\@WanaDecryptor@.exe","TargetFilename":"C:\\Users\\root\\AppData\\Local\\Packages\\Microsoft.Windows.Cortana_cw5n1h2txyewy\\AC\\AppCache\\3BNX4HCJ\\3\\G9q3VUnobQ5vTFQLn683oVxb3mk[1].js","CreationUtcTime":"2025-11-12 05:47:52.664","PreviousCreationUtcTime":"2025-11-12 11:09:49.485","User":"DESKTOP-CS6O5DN\\root"}}}
{"Event":{"#attributes":{"xmlns":"http://schemas.microsoft.com/win/2004/08/events/event"},"System":{"Provider":{"#attributes":{"Name":"Microsoft-Windows-Sysmon","Guid":"5770385F-C22A-43E0-BF4C-06F5698FFBD9"}},"EventID":2,"Version":5,"Level":4,"Task":2,"Opcode":0,"Keywords":"0x8000000000000000","TimeCreated":{"#attributes":{"SystemTime":"2025-11-12T11:09:49.507495Z"}},"EventRecordID":1202,"Correlation":null,"Execution":{"#attributes":{"ProcessID":5420,"ThreadID":4432}},"Channel":"Microsoft-Windows-Sysmon/Operational","Computer":"DESKTOP-CS6O5DN","Security":{"#attributes":{"UserID":"S-1-5-18"}}},"EventData":{"RuleName":"T1099","UtcTime":"2025-11-12 11:09:49.500","ProcessGuid":"2A767A6E-6A66-6914-9F01-000000000F00","ProcessId":3044,"Image":"C:\\Users\\root\\Desktop\\恶意代码教学样本-在沙盒中修改文件名\\@WanaDecryptor@.exe","TargetFilename":"C:\\Users\\root\\AppData\\Local\\Microsoft\\OneDrive\\25.206.1021.0003\\Bundle\\Assets\\common\\assets\\images\\giveFeedback_light.png","CreationUtcTime":"2025-11-12 01:39:46.207","PreviousCreationUtcTime":"2025-11-12 11:09:49.500","User":"DESKTOP-CS6O5DN\\root"}}}
{"Event":{"#attributes":{"xmlns":"http://schemas.microsoft.com/win/2004/08/events/event"},"System":{"Provider":{"#attributes":{"Name":"Microsoft-Windows-Sysmon","Guid":"5770385F-C22A-43E0-BF4C-06F5698FFBD9"}},"EventID":2,"Version":5,"Level":4,"Task":2,"Opcode":0,"Keywords":"0x8000000000000000","TimeCreated":{"#attributes":{"SystemTime":"2025-11-12T11:09:49.518652Z"}},"EventRecordID":1203,"Correlation":null,"Execution":{"#attributes":{"ProcessID":5420,"ThreadID":4432}},"Channel":"Microsoft-Windows-Sysmon/Operational","Computer":"DESKTOP-CS6O5DN","Security":{"#attributes":{"UserID":"S-1-5-18"}}},"EventData":{"RuleName":"T1099","UtcTime":"2025-11-12 11:09:49.515","ProcessGuid":"2A767A6E-6A66-6914-9F01-000000000F00","ProcessId":3044,"Image":"C:\\Users\\root\\Desktop\\恶意代码教学样本-在沙盒中修改文件名\\@WanaDecryptor@.exe","TargetFilename":"C:\\Users\\root\\AppData\\Local\\Microsoft\\OneDrive\\25.206.1021.0003\\Bundle\\Assets\\common\\assets\\images\\settingsIcon@2x.png","CreationUtcTime":"2025-11-12 01:39:46.269","PreviousCreationUtcTime":"2025-11-12 11:09:49.500","User":"DESKTOP-CS6O5DN\\root"}}}
{"Event":{"#attributes":{"xmlns":"http://schemas.microsoft.com/win/2004/08/events/event"},"System":{"Provider":{"#attributes":{"Name":"Microsoft-Windows-Sysmon","Guid":"5770385F-C22A-43E0-BF4C-06F5698FFBD9"}},"EventID":2,"Version":5,"Level":4,"Task":2,"Opcode":0,"Keywords":"0x8000000000000000","TimeCreated":{"#attributes":{"SystemTime":"2025-11-12T11:09:49.523581Z"}},"EventRecordID":1204,"Correlation":null,"Execution":{"#attributes":{"ProcessID":5420,"ThreadID":4432}},"Channel":"Microsoft-Windows-Sysmon/Operational","Computer":"DESKTOP-CS6O5DN","Security":{"#attributes":{"UserID":"S-1-5-18"}}},"EventData":{"RuleName":"T1099","UtcTime":"2025-11-12 11:09:49.515","ProcessGuid":"2A767A6E-6A66-6914-9F01-000000000F00","ProcessId":3044,"Image":"C:\\Users\\root\\Desktop\\恶意代码教学样本-在沙盒中修改文件名\\@WanaDecryptor@.exe","TargetFilename":"C:\\Users\\root\\AppData\\Local\\Microsoft\\OneDrive\\25.206.1021.0003\\images\\lightTheme\\checkboxComposite.svg","CreationUtcTime":"2025-11-12 01:39:45.254","PreviousCreationUtcTime":"2025-11-12 11:09:49.515","User":"DESKTOP-CS6O5DN\\root"}}}
{"Event":{"#attributes":{"xmlns":"http://schemas.microsoft.com/win/2004/08/events/event"},"System":{"Provider":{"#attributes":{"Name":"Microsoft-Windows-Sysmon","Guid":"5770385F-C22A-43E0-BF4C-06F5698FFBD9"}},"EventID":1,"Version":5,"Level":4,"Task":1,"Opcode":0,"Keywords":"0x8000000000000000","TimeCreated":{"#attributes":{"SystemTime":"2025-11-12T11:10:18.479387Z"}},"EventRecordID":1205,"Correlation":null,"Execution":{"#attributes":{"ProcessID":5420,"ThreadID":4432}},"Channel":"Microsoft-Windows-Sysmon/Operational","Computer":"DESKTOP-CS6O5DN","Security":{"#attributes":{"UserID":"S-1-5-18"}}},"EventData":{"RuleName":"-","UtcTime":"2025-11-12 11:10:18.475","ProcessGuid":"2A767A6E-6B1A-6914-B001-000000000F00","ProcessId":7732,"Image":"C:\\Users\\root\\Desktop\\恶意代码教学样本-在沙盒中修改文件名\\@WanaDecryptor@.exe","FileVersion":"6.1.7600.16385 (win7_rtm.090713-1255)","Description":"Load PerfMon Counters","Product":"Microsoft® Windows® Operating System","Company":"Microsoft Corporation","OriginalFileName":"LODCTR.EXE","CommandLine":"@WanaDecryptor@.exe","CurrentDirectory":"C:\\Users\\root\\Desktop\\恶意代码教学样本-在沙盒中修改文件名\\","User":"DESKTOP-CS6O5DN\\root","LogonGuid":"2A767A6E-2A8A-6914-0F72-030000000000","LogonId":"0x3720f","TerminalSessionId":1,"IntegrityLevel":"Medium","Hashes":"MD5=7BF2B57F2A205768755C07F238FB32CC,SHA256=B9C5D4339809E0AD9A00D4D3DD26FDF44A32819A54ABF846BB9B560D81391C25,IMPHASH=DCAC8383CC76738EECB5756694C4AEB2","ParentProcessGuid":"2A767A6E-6A45-6914-8C01-000000000F00","ParentProcessId":7968,"ParentImage":"C:\\Users\\root\\Desktop\\恶意代码教学样本-在沙盒中修改文件名\\1-WannaCrypt0r.exe","ParentCommandLine":"\"C:\\Users\\root\\Desktop\\恶意代码教学样本-在沙盒中修改文件名\\1-WannaCrypt0r.exe\"","ParentUser":"DESKTOP-CS6O5DN\\root"}}}
{"Event":{"#attributes":{"xmlns":"http://schemas.microsoft.com/win/2004/08/events/event"},"System":{"Provider":{"#attributes":{"Name":"Microsoft-Windows-Sysmon","Guid":"5770385F-C22A-43E0-BF4C-06F5698FFBD9"}},"EventID":5,"Version":3,"Level":4,"Task":5,"Opcode":0,"Keywords":"0x8000000000000000","TimeCreated":{"#attributes":{"SystemTime":"2025-11-12T11:10:18.523947Z"}},"EventRecordID":1206,"Correlation":null,"Execution":{"#attributes":{"ProcessID":5420,"ThreadID":4432}},"Channel":"Microsoft-Windows-Sysmon/Operational","Computer":"DESKTOP-CS6O5DN","Security":{"#attributes":{"UserID":"S-1-5-18"}}},"EventData":{"RuleName":"-","UtcTime":"2025-11-12 11:10:18.520","ProcessGuid":"2A767A6E-6B1A-6914-B001-000000000F00","ProcessId":7732,"Image":"C:\\Users\\root\\Desktop\\恶意代码教学样本-在沙盒中修改文件名\\@WanaDecryptor@.exe","User":"DESKTOP-CS6O5DN\\root"}}}
{"Event":{"#attributes":{"xmlns":"http://schemas.microsoft.com/win/2004/08/events/event"},"System":{"Provider":{"#attributes":{"Name":"Microsoft-Windows-Sysmon","Guid":"5770385F-C22A-43E0-BF4C-06F5698FFBD9"}},"EventID":1,"Version":5,"Level":4,"Task":1,"Opcode":0,"Keywords":"0x8000000000000000","TimeCreated":{"#attributes":{"SystemTime":"2025-11-12T11:10:18.912963Z"}},"EventRecordID":1207,"Correlation":null,"Execution":{"#attributes":{"ProcessID":5420,"ThreadID":4432}},"Channel":"Microsoft-Windows-Sysmon/Operational","Computer":"DESKTOP-CS6O5DN","Security":{"#attributes":{"UserID":"S-1-5-18"}}},"EventData":{"RuleName":"-","UtcTime":"2025-11-12 11:10:18.911","ProcessGuid":"2A767A6E-6B1A-6914-B101-000000000F00","ProcessId":1496,"Image":"C:\\Users\\root\\Desktop\\恶意代码教学样本-在沙盒中修改文件名\\taskdl.exe","FileVersion":"6.1.7600.16385 (win7_rtm.090713-1255)","Description":"SQL Client Configuration Utility EXE","Product":"Microsoft® Windows® Operating System","Company":"Microsoft Corporation","OriginalFileName":"cliconfg.exe","CommandLine":"taskdl.exe","CurrentDirectory":"C:\\Users\\root\\Desktop\\恶意代码教学样本-在沙盒中修改文件名\\","User":"DESKTOP-CS6O5DN\\root","LogonGuid":"2A767A6E-2A8A-6914-0F72-030000000000","LogonId":"0x3720f","TerminalSessionId":1,"IntegrityLevel":"Medium","Hashes":"MD5=4FEF5E34143E646DBF9907C4374276F5,SHA256=4A468603FDCB7A2EB5770705898CF9EF37AADE532A7964642ECD705A74794B79,IMPHASH=818097ACF11D6A2AC55031896B50D98C","ParentProcessGuid":"2A767A6E-6A45-6914-8C01-000000000F00","ParentProcessId":7968,"ParentImage":"C:\\Users\\root\\Desktop\\恶意代码教学样本-在沙盒中修改文件名\\1-WannaCrypt0r.exe","ParentCommandLine":"\"C:\\Users\\root\\Desktop\\恶意代码教学样本-在沙盒中修改文件名\\1-WannaCrypt0r.exe\"","ParentUser":"DESKTOP-CS6O5DN\\root"}}}
{"Event":{"#attributes":{"xmlns":"http://schemas.microsoft.com/win/2004/08/events/event"},"System":{"Provider":{"#attributes":{"Name":"Microsoft-Windows-Sysmon","Guid":"5770385F-C22A-43E0-BF4C-06F5698FFBD9"}},"EventID":5,"Version":3,"Level":4,"Task":5,"Opcode":0,"Keywords":"0x8000000000000000","TimeCreated":{"#attributes":{"SystemTime":"2025-11-12T11:10:19.035307Z"}},"EventRecordID":1208,"Correlation":null,"Execution":{"#attributes":{"ProcessID":5420,"ThreadID":4432}},"Channel":"Microsoft-Windows-Sysmon/Operational","Computer":"DESKTOP-CS6O5DN","Security":{"#attributes":{"UserID":"S-1-5-18"}}},"EventData":{"RuleName":"-","UtcTime":"2025-11-12 11:10:19.022","ProcessGuid":"2A767A6E-6B1A-6914-B101-000000000F00","ProcessId":1496,"Image":"C:\\Users\\root\\Desktop\\恶意代码教学样本-在沙盒中修改文件名\\taskdl.exe","User":"DESKTOP-CS6O5DN\\root"}}}
{"Event":{"#attributes":{"xmlns":"http://schemas.microsoft.com/win/2004/08/events/event"},"System":{"Provider":{"#attributes":{"Name":"Microsoft-Windows-Sysmon","Guid":"5770385F-C22A-43E0-BF4C-06F5698FFBD9"}},"EventID":1,"Version":5,"Level":4,"Task":1,"Opcode":0,"Keywords":"0x8000000000000000","TimeCreated":{"#attributes":{"SystemTime":"2025-11-12T11:10:48.496299Z"}},"EventRecordID":1209,"Correlation":null,"Execution":{"#attributes":{"ProcessID":5420,"ThreadID":4432}},"Channel":"Microsoft-Windows-Sysmon/Operational","Computer":"DESKTOP-CS6O5DN","Security":{"#attributes":{"UserID":"S-1-5-18"}}},"EventData":{"RuleName":"-","UtcTime":"2025-11-12 11:10:48.493","ProcessGuid":"2A767A6E-6B38-6914-B201-000000000F00","ProcessId":4252,"Image":"C:\\Users\\root\\Desktop\\恶意代码教学样本-在沙盒中修改文件名\\@WanaDecryptor@.exe","FileVersion":"6.1.7600.16385 (win7_rtm.090713-1255)","Description":"Load PerfMon Counters","Product":"Microsoft® Windows® Operating System","Company":"Microsoft Corporation","OriginalFileName":"LODCTR.EXE","CommandLine":"@WanaDecryptor@.exe","CurrentDirectory":"C:\\Users\\root\\Desktop\\恶意代码教学样本-在沙盒中修改文件名\\","User":"DESKTOP-CS6O5DN\\root","LogonGuid":"2A767A6E-2A8A-6914-0F72-030000000000","LogonId":"0x3720f","TerminalSessionId":1,"IntegrityLevel":"Medium","Hashes":"MD5=7BF2B57F2A205768755C07F238FB32CC,SHA256=B9C5D4339809E0AD9A00D4D3DD26FDF44A32819A54ABF846BB9B560D81391C25,IMPHASH=DCAC8383CC76738EECB5756694C4AEB2","ParentProcessGuid":"2A767A6E-6A45-6914-8C01-000000000F00","ParentProcessId":7968,"ParentImage":"C:\\Users\\root\\Desktop\\恶意代码教学样本-在沙盒中修改文件名\\1-WannaCrypt0r.exe","ParentCommandLine":"\"C:\\Users\\root\\Desktop\\恶意代码教学样本-在沙盒中修改文件名\\1-WannaCrypt0r.exe\"","ParentUser":"DESKTOP-CS6O5DN\\root"}}}
{"Event":{"#attributes":{"xmlns":"http://schemas.microsoft.com/win/2004/08/events/event"},"System":{"Provider":{"#attributes":{"Name":"Microsoft-Windows-Sysmon","Guid":"5770385F-C22A-43E0-BF4C-06F5698FFBD9"}},"EventID":5,"Version":3,"Level":4,"Task":5,"Opcode":0,"Keywords":"0x8000000000000000","TimeCreated":{"#attributes":{"SystemTime":"2025-11-12T11:10:48.534879Z"}},"EventRecordID":1210,"Correlation":null,"Execution":{"#attributes":{"ProcessID":5420,"ThreadID":4432}},"Channel":"Microsoft-Windows-Sysmon/Operational","Computer":"DESKTOP-CS6O5DN","Security":{"#attributes":{"UserID":"S-1-5-18"}}},"EventData":{"RuleName":"-","UtcTime":"2025-11-12 11:10:48.520","ProcessGuid":"2A767A6E-6B38-6914-B201-000000000F00","ProcessId":4252,"Image":"C:\\Users\\root\\Desktop\\恶意代码教学样本-在沙盒中修改文件名\\@WanaDecryptor@.exe","User":"DESKTOP-CS6O5DN\\root"}}}
{"Event":{"#attributes":{"xmlns":"http://schemas.microsoft.com/win/2004/08/events/event"},"System":{"Provider":{"#attributes":{"Name":"Microsoft-Windows-Sysmon","Guid":"5770385F-C22A-43E0-BF4C-06F5698FFBD9"}},"EventID":1,"Version":5,"Level":4,"Task":1,"Opcode":0,"Keywords":"0x8000000000000000","TimeCreated":{"#attributes":{"SystemTime":"2025-11-12T11:10:49.052225Z"}},"EventRecordID":1211,"Correlation":null,"Execution":{"#attributes":{"ProcessID":5420,"ThreadID":4432}},"Channel":"Microsoft-Windows-Sysmon/Operational","Computer":"DESKTOP-CS6O5DN","Security":{"#attributes":{"UserID":"S-1-5-18"}}},"EventData":{"RuleName":"-","UtcTime":"2025-11-12 11:10:49.050","ProcessGuid":"2A767A6E-6B39-6914-B301-000000000F00","ProcessId":2084,"Image":"C:\\Users\\root\\Desktop\\恶意代码教学样本-在沙盒中修改文件名\\taskdl.exe","FileVersion":"6.1.7600.16385 (win7_rtm.090713-1255)","Description":"SQL Client Configuration Utility EXE","Product":"Microsoft® Windows® Operating System","Company":"Microsoft Corporation","OriginalFileName":"cliconfg.exe","CommandLine":"taskdl.exe","CurrentDirectory":"C:\\Users\\root\\Desktop\\恶意代码教学样本-在沙盒中修改文件名\\","User":"DESKTOP-CS6O5DN\\root","LogonGuid":"2A767A6E-2A8A-6914-0F72-030000000000","LogonId":"0x3720f","TerminalSessionId":1,"IntegrityLevel":"Medium","Hashes":"MD5=4FEF5E34143E646DBF9907C4374276F5,SHA256=4A468603FDCB7A2EB5770705898CF9EF37AADE532A7964642ECD705A74794B79,IMPHASH=818097ACF11D6A2AC55031896B50D98C","ParentProcessGuid":"2A767A6E-6A45-6914-8C01-000000000F00","ParentProcessId":7968,"ParentImage":"C:\\Users\\root\\Desktop\\恶意代码教学样本-在沙盒中修改文件名\\1-WannaCrypt0r.exe","ParentCommandLine":"\"C:\\Users\\root\\Desktop\\恶意代码教学样本-在沙盒中修改文件名\\1-WannaCrypt0r.exe\"","ParentUser":"DESKTOP-CS6O5DN\\root"}}}
{"Event":{"#attributes":{"xmlns":"http://schemas.microsoft.com/win/2004/08/events/event"},"System":{"Provider":{"#attributes":{"Name":"Microsoft-Windows-Sysmon","Guid":"5770385F-C22A-43E0-BF4C-06F5698FFBD9"}},"EventID":5,"Version":3,"Level":4,"Task":5,"Opcode":0,"Keywords":"0x8000000000000000","TimeCreated":{"#attributes":{"SystemTime":"2025-11-12T11:10:49.141505Z"}},"EventRecordID":1212,"Correlation":null,"Execution":{"#attributes":{"ProcessID":5420,"ThreadID":4432}},"Channel":"Microsoft-Windows-Sysmon/Operational","Computer":"DESKTOP-CS6O5DN","Security":{"#attributes":{"UserID":"S-1-5-18"}}},"EventData":{"RuleName":"-","UtcTime":"2025-11-12 11:10:49.139","ProcessGuid":"2A767A6E-6B39-6914-B301-000000000F00","ProcessId":2084,"Image":"C:\\Users\\root\\Desktop\\恶意代码教学样本-在沙盒中修改文件名\\taskdl.exe","User":"DESKTOP-CS6O5DN\\root"}}}
{"Event":{"#attributes":{"xmlns":"http://schemas.microsoft.com/win/2004/08/events/event"},"System":{"Provider":{"#attributes":{"Name":"Microsoft-Windows-Sysmon","Guid":"5770385F-C22A-43E0-BF4C-06F5698FFBD9"}},"EventID":1,"Version":5,"Level":4,"Task":1,"Opcode":0,"Keywords":"0x8000000000000000","TimeCreated":{"#attributes":{"SystemTime":"2025-11-12T11:11:18.544789Z"}},"EventRecordID":1213,"Correlation":null,"Execution":{"#attributes":{"ProcessID":5420,"ThreadID":4432}},"Channel":"Microsoft-Windows-Sysmon/Operational","Computer":"DESKTOP-CS6O5DN","Security":{"#attributes":{"UserID":"S-1-5-18"}}},"EventData":{"RuleName":"-","UtcTime":"2025-11-12 11:11:18.537","ProcessGuid":"2A767A6E-6B56-6914-B401-000000000F00","ProcessId":3568,"Image":"C:\\Users\\root\\Desktop\\恶意代码教学样本-在沙盒中修改文件名\\@WanaDecryptor@.exe","FileVersion":"6.1.7600.16385 (win7_rtm.090713-1255)","Description":"Load PerfMon Counters","Product":"Microsoft® Windows® Operating System","Company":"Microsoft Corporation","OriginalFileName":"LODCTR.EXE","CommandLine":"@WanaDecryptor@.exe","CurrentDirectory":"C:\\Users\\root\\Desktop\\恶意代码教学样本-在沙盒中修改文件名\\","User":"DESKTOP-CS6O5DN\\root","LogonGuid":"2A767A6E-2A8A-6914-0F72-030000000000","LogonId":"0x3720f","TerminalSessionId":1,"IntegrityLevel":"Medium","Hashes":"MD5=7BF2B57F2A205768755C07F238FB32CC,SHA256=B9C5D4339809E0AD9A00D4D3DD26FDF44A32819A54ABF846BB9B560D81391C25,IMPHASH=DCAC8383CC76738EECB5756694C4AEB2","ParentProcessGuid":"2A767A6E-6A45-6914-8C01-000000000F00","ParentProcessId":7968,"ParentImage":"C:\\Users\\root\\Desktop\\恶意代码教学样本-在沙盒中修改文件名\\1-WannaCrypt0r.exe","ParentCommandLine":"\"C:\\Users\\root\\Desktop\\恶意代码教学样本-在沙盒中修改文件名\\1-WannaCrypt0r.exe\"","ParentUser":"DESKTOP-CS6O5DN\\root"}}}
{"Event":{"#attributes":{"xmlns":"http://schemas.microsoft.com/win/2004/08/events/event"},"System":{"Provider":{"#attributes":{"Name":"Microsoft-Windows-Sysmon","Guid":"5770385F-C22A-43E0-BF4C-06F5698FFBD9"}},"EventID":5,"Version":3,"Level":4,"Task":5,"Opcode":0,"Keywords":"0x8000000000000000","TimeCreated":{"#attributes":{"SystemTime":"2025-11-12T11:11:18.570643Z"}},"EventRecordID":1214,"Correlation":null,"Execution":{"#attributes":{"ProcessID":5420,"ThreadID":4432}},"Channel":"Microsoft-Windows-Sysmon/Operational","Computer":"DESKTOP-CS6O5DN","Security":{"#attributes":{"UserID":"S-1-5-18"}}},"EventData":{"RuleName":"-","UtcTime":"2025-11-12 11:11:18.567","ProcessGuid":"2A767A6E-6B56-6914-B401-000000000F00","ProcessId":3568,"Image":"C:\\Users\\root\\Desktop\\恶意代码教学样本-在沙盒中修改文件名\\@WanaDecryptor@.exe","User":"DESKTOP-CS6O5DN\\root"}}}
{"Event":{"#attributes":{"xmlns":"http://schemas.microsoft.com/win/2004/08/events/event"},"System":{"Provider":{"#attributes":{"Name":"Microsoft-Windows-Sysmon","Guid":"5770385F-C22A-43E0-BF4C-06F5698FFBD9"}},"EventID":1,"Version":5,"Level":4,"Task":1,"Opcode":0,"Keywords":"0x8000000000000000","TimeCreated":{"#attributes":{"SystemTime":"2025-11-12T11:11:19.164609Z"}},"EventRecordID":1215,"Correlation":null,"Execution":{"#attributes":{"ProcessID":5420,"ThreadID":4432}},"Channel":"Microsoft-Windows-Sysmon/Operational","Computer":"DESKTOP-CS6O5DN","Security":{"#attributes":{"UserID":"S-1-5-18"}}},"EventData":{"RuleName":"-","UtcTime":"2025-11-12 11:11:19.162","ProcessGuid":"2A767A6E-6B57-6914-B501-000000000F00","ProcessId":1284,"Image":"C:\\Users\\root\\Desktop\\恶意代码教学样本-在沙盒中修改文件名\\taskdl.exe","FileVersion":"6.1.7600.16385 (win7_rtm.090713-1255)","Description":"SQL Client Configuration Utility EXE","Product":"Microsoft® Windows® Operating System","Company":"Microsoft Corporation","OriginalFileName":"cliconfg.exe","CommandLine":"taskdl.exe","CurrentDirectory":"C:\\Users\\root\\Desktop\\恶意代码教学样本-在沙盒中修改文件名\\","User":"DESKTOP-CS6O5DN\\root","LogonGuid":"2A767A6E-2A8A-6914-0F72-030000000000","LogonId":"0x3720f","TerminalSessionId":1,"IntegrityLevel":"Medium","Hashes":"MD5=4FEF5E34143E646DBF9907C4374276F5,SHA256=4A468603FDCB7A2EB5770705898CF9EF37AADE532A7964642ECD705A74794B79,IMPHASH=818097ACF11D6A2AC55031896B50D98C","ParentProcessGuid":"2A767A6E-6A45-6914-8C01-000000000F00","ParentProcessId":7968,"ParentImage":"C:\\Users\\root\\Desktop\\恶意代码教学样本-在沙盒中修改文件名\\1-WannaCrypt0r.exe","ParentCommandLine":"\"C:\\Users\\root\\Desktop\\恶意代码教学样本-在沙盒中修改文件名\\1-WannaCrypt0r.exe\"","ParentUser":"DESKTOP-CS6O5DN\\root"}}}
{"Event":{"#attributes":{"xmlns":"http://schemas.microsoft.com/win/2004/08/events/event"},"System":{"Provider":{"#attributes":{"Name":"Microsoft-Windows-Sysmon","Guid":"5770385F-C22A-43E0-BF4C-06F5698FFBD9"}},"EventID":5,"Version":3,"Level":4,"Task":5,"Opcode":0,"Keywords":"0x8000000000000000","TimeCreated":{"#attributes":{"SystemTime":"2025-11-12T11:11:19.253860Z"}},"EventRecordID":1216,"Correlation":null,"Execution":{"#attributes":{"ProcessID":5420,"ThreadID":4432}},"Channel":"Microsoft-Windows-Sysmon/Operational","Computer":"DESKTOP-CS6O5DN","Security":{"#attributes":{"UserID":"S-1-5-18"}}},"EventData":{"RuleName":"-","UtcTime":"2025-11-12 11:11:19.251","ProcessGuid":"2A767A6E-6B57-6914-B501-000000000F00","ProcessId":1284,"Image":"C:\\Users\\root\\Desktop\\恶意代码教学样本-在沙盒中修改文件名\\taskdl.exe","User":"DESKTOP-CS6O5DN\\root"}}}
{"Event":{"#attributes":{"xmlns":"http://schemas.microsoft.com/win/2004/08/events/event"},"System":{"Provider":{"#attributes":{"Name":"Microsoft-Windows-Sysmon","Guid":"5770385F-C22A-43E0-BF4C-06F5698FFBD9"}},"EventID":1,"Version":5,"Level":4,"Task":1,"Opcode":0,"Keywords":"0x8000000000000000","TimeCreated":{"#attributes":{"SystemTime":"2025-11-12T11:11:48.579208Z"}},"EventRecordID":1217,"Correlation":null,"Execution":{"#attributes":{"ProcessID":5420,"ThreadID":4432}},"Channel":"Microsoft-Windows-Sysmon/Operational","Computer":"DESKTOP-CS6O5DN","Security":{"#attributes":{"UserID":"S-1-5-18"}}},"EventData":{"RuleName":"-","UtcTime":"2025-11-12 11:11:48.576","ProcessGuid":"2A767A6E-6B74-6914-B601-000000000F00","ProcessId":2928,"Image":"C:\\Users\\root\\Desktop\\恶意代码教学样本-在沙盒中修改文件名\\@WanaDecryptor@.exe","FileVersion":"6.1.7600.16385 (win7_rtm.090713-1255)","Description":"Load PerfMon Counters","Product":"Microsoft® Windows® Operating System","Company":"Microsoft Corporation","OriginalFileName":"LODCTR.EXE","CommandLine":"@WanaDecryptor@.exe","CurrentDirectory":"C:\\Users\\root\\Desktop\\恶意代码教学样本-在沙盒中修改文件名\\","User":"DESKTOP-CS6O5DN\\root","LogonGuid":"2A767A6E-2A8A-6914-0F72-030000000000","LogonId":"0x3720f","TerminalSessionId":1,"IntegrityLevel":"Medium","Hashes":"MD5=7BF2B57F2A205768755C07F238FB32CC,SHA256=B9C5D4339809E0AD9A00D4D3DD26FDF44A32819A54ABF846BB9B560D81391C25,IMPHASH=DCAC8383CC76738EECB5756694C4AEB2","ParentProcessGuid":"2A767A6E-6A45-6914-8C01-000000000F00","ParentProcessId":7968,"ParentImage":"C:\\Users\\root\\Desktop\\恶意代码教学样本-在沙盒中修改文件名\\1-WannaCrypt0r.exe","ParentCommandLine":"\"C:\\Users\\root\\Desktop\\恶意代码教学样本-在沙盒中修改文件名\\1-WannaCrypt0r.exe\"","ParentUser":"DESKTOP-CS6O5DN\\root"}}}
{"Event":{"#attributes":{"xmlns":"http://schemas.microsoft.com/win/2004/08/events/event"},"System":{"Provider":{"#attributes":{"Name":"Microsoft-Windows-Sysmon","Guid":"5770385F-C22A-43E0-BF4C-06F5698FFBD9"}},"EventID":5,"Version":3,"Level":4,"Task":5,"Opcode":0,"Keywords":"0x8000000000000000","TimeCreated":{"#attributes":{"SystemTime":"2025-11-12T11:11:48.638400Z"}},"EventRecordID":1218,"Correlation":null,"Execution":{"#attributes":{"ProcessID":5420,"ThreadID":4432}},"Channel":"Microsoft-Windows-Sysmon/Operational","Computer":"DESKTOP-CS6O5DN","Security":{"#attributes":{"UserID":"S-1-5-18"}}},"EventData":{"RuleName":"-","UtcTime":"2025-11-12 11:11:48.630","ProcessGuid":"2A767A6E-6B74-6914-B601-000000000F00","ProcessId":2928,"Image":"C:\\Users\\root\\Desktop\\恶意代码教学样本-在沙盒中修改文件名\\@WanaDecryptor@.exe","User":"DESKTOP-CS6O5DN\\root"}}}
{"Event":{"#attributes":{"xmlns":"http://schemas.microsoft.com/win/2004/08/events/event"},"System":{"Provider":{"#attributes":{"Name":"Microsoft-Windows-Sysmon","Guid":"5770385F-C22A-43E0-BF4C-06F5698FFBD9"}},"EventID":1,"Version":5,"Level":4,"Task":1,"Opcode":0,"Keywords":"0x8000000000000000","TimeCreated":{"#attributes":{"SystemTime":"2025-11-12T11:11:49.261304Z"}},"EventRecordID":1219,"Correlation":null,"Execution":{"#attributes":{"ProcessID":5420,"ThreadID":4432}},"Channel":"Microsoft-Windows-Sysmon/Operational","Computer":"DESKTOP-CS6O5DN","Security":{"#attributes":{"UserID":"S-1-5-18"}}},"EventData":{"RuleName":"-","UtcTime":"2025-11-12 11:11:49.259","ProcessGuid":"2A767A6E-6B75-6914-B701-000000000F00","ProcessId":7648,"Image":"C:\\Users\\root\\Desktop\\恶意代码教学样本-在沙盒中修改文件名\\taskdl.exe","FileVersion":"6.1.7600.16385 (win7_rtm.090713-1255)","Description":"SQL Client Configuration Utility EXE","Product":"Microsoft® Windows® Operating System","Company":"Microsoft Corporation","OriginalFileName":"cliconfg.exe","CommandLine":"taskdl.exe","CurrentDirectory":"C:\\Users\\root\\Desktop\\恶意代码教学样本-在沙盒中修改文件名\\","User":"DESKTOP-CS6O5DN\\root","LogonGuid":"2A767A6E-2A8A-6914-0F72-030000000000","LogonId":"0x3720f","TerminalSessionId":1,"IntegrityLevel":"Medium","Hashes":"MD5=4FEF5E34143E646DBF9907C4374276F5,SHA256=4A468603FDCB7A2EB5770705898CF9EF37AADE532A7964642ECD705A74794B79,IMPHASH=818097ACF11D6A2AC55031896B50D98C","ParentProcessGuid":"2A767A6E-6A45-6914-8C01-000000000F00","ParentProcessId":7968,"ParentImage":"C:\\Users\\root\\Desktop\\恶意代码教学样本-在沙盒中修改文件名\\1-WannaCrypt0r.exe","ParentCommandLine":"\"C:\\Users\\root\\Desktop\\恶意代码教学样本-在沙盒中修改文件名\\1-WannaCrypt0r.exe\"","ParentUser":"DESKTOP-CS6O5DN\\root"}}}
{"Event":{"#attributes":{"xmlns":"http://schemas.microsoft.com/win/2004/08/events/event"},"System":{"Provider":{"#attributes":{"Name":"Microsoft-Windows-Sysmon","Guid":"5770385F-C22A-43E0-BF4C-06F5698FFBD9"}},"EventID":5,"Version":3,"Level":4,"Task":5,"Opcode":0,"Keywords":"0x8000000000000000","TimeCreated":{"#attributes":{"SystemTime":"2025-11-12T11:11:49.325937Z"}},"EventRecordID":1220,"Correlation":null,"Execution":{"#attributes":{"ProcessID":5420,"ThreadID":4432}},"Channel":"Microsoft-Windows-Sysmon/Operational","Computer":"DESKTOP-CS6O5DN","Security":{"#attributes":{"UserID":"S-1-5-18"}}},"EventData":{"RuleName":"-","UtcTime":"2025-11-12 11:11:49.319","ProcessGuid":"2A767A6E-6B75-6914-B701-000000000F00","ProcessId":7648,"Image":"C:\\Users\\root\\Desktop\\恶意代码教学样本-在沙盒中修改文件名\\taskdl.exe","User":"DESKTOP-CS6O5DN\\root"}}}
{"Event":{"#attributes":{"xmlns":"http://schemas.microsoft.com/win/2004/08/events/event"},"System":{"Provider":{"#attributes":{"Name":"Microsoft-Windows-Sysmon","Guid":"5770385F-C22A-43E0-BF4C-06F5698FFBD9"}},"EventID":1,"Version":5,"Level":4,"Task":1,"Opcode":0,"Keywords":"0x8000000000000000","TimeCreated":{"#attributes":{"SystemTime":"2025-11-12T11:12:18.593197Z"}},"EventRecordID":1221,"Correlation":null,"Execution":{"#attributes":{"ProcessID":5420,"ThreadID":4432}},"Channel":"Microsoft-Windows-Sysmon/Operational","Computer":"DESKTOP-CS6O5DN","Security":{"#attributes":{"UserID":"S-1-5-18"}}},"EventData":{"RuleName":"-","UtcTime":"2025-11-12 11:12:18.590","ProcessGuid":"2A767A6E-6B92-6914-BA01-000000000F00","ProcessId":6728,"Image":"C:\\Users\\root\\Desktop\\恶意代码教学样本-在沙盒中修改文件名\\@WanaDecryptor@.exe","FileVersion":"6.1.7600.16385 (win7_rtm.090713-1255)","Description":"Load PerfMon Counters","Product":"Microsoft® Windows® Operating System","Company":"Microsoft Corporation","OriginalFileName":"LODCTR.EXE","CommandLine":"@WanaDecryptor@.exe","CurrentDirectory":"C:\\Users\\root\\Desktop\\恶意代码教学样本-在沙盒中修改文件名\\","User":"DESKTOP-CS6O5DN\\root","LogonGuid":"2A767A6E-2A8A-6914-0F72-030000000000","LogonId":"0x3720f","TerminalSessionId":1,"IntegrityLevel":"Medium","Hashes":"MD5=7BF2B57F2A205768755C07F238FB32CC,SHA256=B9C5D4339809E0AD9A00D4D3DD26FDF44A32819A54ABF846BB9B560D81391C25,IMPHASH=DCAC8383CC76738EECB5756694C4AEB2","ParentProcessGuid":"2A767A6E-6A45-6914-8C01-000000000F00","ParentProcessId":7968,"ParentImage":"C:\\Users\\root\\Desktop\\恶意代码教学样本-在沙盒中修改文件名\\1-WannaCrypt0r.exe","ParentCommandLine":"\"C:\\Users\\root\\Desktop\\恶意代码教学样本-在沙盒中修改文件名\\1-WannaCrypt0r.exe\"","ParentUser":"DESKTOP-CS6O5DN\\root"}}}
{"Event":{"#attributes":{"xmlns":"http://schemas.microsoft.com/win/2004/08/events/event"},"System":{"Provider":{"#attributes":{"Name":"Microsoft-Windows-Sysmon","Guid":"5770385F-C22A-43E0-BF4C-06F5698FFBD9"}},"EventID":5,"Version":3,"Level":4,"Task":5,"Opcode":0,"Keywords":"0x8000000000000000","TimeCreated":{"#attributes":{"SystemTime":"2025-11-12T11:12:18.640460Z"}},"EventRecordID":1222,"Correlation":null,"Execution":{"#attributes":{"ProcessID":5420,"ThreadID":4432}},"Channel":"Microsoft-Windows-Sysmon/Operational","Computer":"DESKTOP-CS6O5DN","Security":{"#attributes":{"UserID":"S-1-5-18"}}},"EventData":{"RuleName":"-","UtcTime":"2025-11-12 11:12:18.636","ProcessGuid":"2A767A6E-6B92-6914-BA01-000000000F00","ProcessId":6728,"Image":"C:\\Users\\root\\Desktop\\恶意代码教学样本-在沙盒中修改文件名\\@WanaDecryptor@.exe","User":"DESKTOP-CS6O5DN\\root"}}}
{"Event":{"#attributes":{"xmlns":"http://schemas.microsoft.com/win/2004/08/events/event"},"System":{"Provider":{"#attributes":{"Name":"Microsoft-Windows-Sysmon","Guid":"5770385F-C22A-43E0-BF4C-06F5698FFBD9"}},"EventID":1,"Version":5,"Level":4,"Task":1,"Opcode":0,"Keywords":"0x8000000000000000","TimeCreated":{"#attributes":{"SystemTime":"2025-11-12T11:12:19.341053Z"}},"EventRecordID":1223,"Correlation":null,"Execution":{"#attributes":{"ProcessID":5420,"ThreadID":4432}},"Channel":"Microsoft-Windows-Sysmon/Operational","Computer":"DESKTOP-CS6O5DN","Security":{"#attributes":{"UserID":"S-1-5-18"}}},"EventData":{"RuleName":"-","UtcTime":"2025-11-12 11:12:19.338","ProcessGuid":"2A767A6E-6B93-6914-BB01-000000000F00","ProcessId":7408,"Image":"C:\\Users\\root\\Desktop\\恶意代码教学样本-在沙盒中修改文件名\\taskdl.exe","FileVersion":"6.1.7600.16385 (win7_rtm.090713-1255)","Description":"SQL Client Configuration Utility EXE","Product":"Microsoft® Windows® Operating System","Company":"Microsoft Corporation","OriginalFileName":"cliconfg.exe","CommandLine":"taskdl.exe","CurrentDirectory":"C:\\Users\\root\\Desktop\\恶意代码教学样本-在沙盒中修改文件名\\","User":"DESKTOP-CS6O5DN\\root","LogonGuid":"2A767A6E-2A8A-6914-0F72-030000000000","LogonId":"0x3720f","TerminalSessionId":1,"IntegrityLevel":"Medium","Hashes":"MD5=4FEF5E34143E646DBF9907C4374276F5,SHA256=4A468603FDCB7A2EB5770705898CF9EF37AADE532A7964642ECD705A74794B79,IMPHASH=818097ACF11D6A2AC55031896B50D98C","ParentProcessGuid":"2A767A6E-6A45-6914-8C01-000000000F00","ParentProcessId":7968,"ParentImage":"C:\\Users\\root\\Desktop\\恶意代码教学样本-在沙盒中修改文件名\\1-WannaCrypt0r.exe","ParentCommandLine":"\"C:\\Users\\root\\Desktop\\恶意代码教学样本-在沙盒中修改文件名\\1-WannaCrypt0r.exe\"","ParentUser":"DESKTOP-CS6O5DN\\root"}}}
{"Event":{"#attributes":{"xmlns":"http://schemas.microsoft.com/win/2004/08/events/event"},"System":{"Provider":{"#attributes":{"Name":"Microsoft-Windows-Sysmon","Guid":"5770385F-C22A-43E0-BF4C-06F5698FFBD9"}},"EventID":5,"Version":3,"Level":4,"Task":5,"Opcode":0,"Keywords":"0x8000000000000000","TimeCreated":{"#attributes":{"SystemTime":"2025-11-12T11:12:19.454190Z"}},"EventRecordID":1224,"Correlation":null,"Execution":{"#attributes":{"ProcessID":5420,"ThreadID":4432}},"Channel":"Microsoft-Windows-Sysmon/Operational","Computer":"DESKTOP-CS6O5DN","Security":{"#attributes":{"UserID":"S-1-5-18"}}},"EventData":{"RuleName":"-","UtcTime":"2025-11-12 11:12:19.448","ProcessGuid":"2A767A6E-6B93-6914-BB01-000000000F00","ProcessId":7408,"Image":"C:\\Users\\root\\Desktop\\恶意代码教学样本-在沙盒中修改文件名\\taskdl.exe","User":"DESKTOP-CS6O5DN\\root"}}}
