{"Event":{"#attributes":{"xmlns":"http://schemas.microsoft.com/win/2004/08/events/event"},"System":{"Provider":{"#attributes":{"Name":"Microsoft-Windows-Sysmon","Guid":"5770385F-C22A-43E0-BF4C-06F5698FFBD9"}},"EventID":2,"Version":5,"Level":4,"Task":2,"Opcode":0,"Keywords":"0x8000000000000000","TimeCreated":{"#attributes":{"SystemTime":"2025-11-12T11:06:59.836256Z"}},"EventRecordID":472,"Correlation":null,"Execution":{"#attributes":{"ProcessID":5420,"ThreadID":4432}},"Channel":"Microsoft-Windows-Sysmon/Operational","Computer":"DESKTOP-CS6O5DN","Security":{"#attributes":{"UserID":"S-1-5-18"}}},"EventData":{"RuleName":"T1099","UtcTime":"2025-11-12 11:06:59.825","ProcessGuid":"2A767A6E-6A45-6914-8C01-000000000F00","ProcessId":7968,"Image":"C:\\Users\\root\\Desktop\\恶意代码教学样本-在沙盒中修改文件名\\1-WannaCrypt0r.exe","TargetFilename":"C:\\Users\\root\\AppData\\Local\\Microsoft\\OneDrive\\25.206.1021.0003\\images\\darkTheme\\excel.svg.WNCRYT","CreationUtcTime":"2025-11-12 01:39:45.004","PreviousCreationUtcTime":"2025-11-12 11:06:59.825","User":"DESKTOP-CS6O5DN\\root"}}}
{"Event":{"#attributes":{"xmlns":"http://schemas.microsoft.com/win/2004/08/events/event"},"System":{"Provider":{"#attributes":{"Name":"Microsoft-Windows-Sysmon","Guid":"5770385F-C22A-43E0-BF4C-06F5698FFBD9"}},"EventID":2,"Version":5,"Level":4,"Task":2,"Opcode":0,"Keywords":"0x8000000000000000","TimeCreated":{"#attributes":{"SystemTime":"2025-11-12T11:06:59.855796Z"}},"EventRecordID":473,"Correlation":null,"Execution":{"#attributes":{"ProcessID":5420,"ThreadID":4432}},"Channel":"Microsoft-Windows-Sysmon/Operational","Computer":"DESKTOP-CS6O5DN","Security":{"#attributes":{"UserID":"S-1-5-18"}}},"EventData":{"RuleName":"T1099","UtcTime":"2025-11-12 11:06:59.841","ProcessGuid":"2A767A6E-6A45-6914-8C01-000000000F00","ProcessId":7968,"Image":"C:\\Users\\root\\Desktop\\恶意代码教学样本-在沙盒中修改文件名\\1-WannaCrypt0r.exe","TargetFilename":"C:\\Users\\root\\AppData\\Local\\Microsoft\\OneDrive\\25.206.1021.0003\\images\\darkTheme\\exclamation.svg.WNCRYT","CreationUtcTime":"2025-11-12 01:39:45.004","PreviousCreationUtcTime":"2025-11-12 11:06:59.841","User":"DESKTOP-CS6O5DN\\root"}}}
{"Event":{"#attributes":{"xmlns":"http://schemas.microsoft.com/win/2004/08/events/event"},"System":{"Provider":{"#attributes":{"Name":"Microsoft-Windows-Sysmon","Guid":"5770385F-C22A-43E0-BF4C-06F5698FFBD9"}},"EventID":2,"Version":5,"Level":4,"Task":2,"Opcode":0,"Keywords":"0x8000000000000000","TimeCreated":{"#attributes":{"SystemTime":"2025-11-12T11:06:59.859149Z"}},"EventRecordID":474,"Correlation":null,"Execution":{"#attributes":{"ProcessID":5420,"ThreadID":4432}},"Channel":"Microsoft-Windows-Sysmon/Operational","Computer":"DESKTOP-CS6O5DN","Security":{"#attributes":{"UserID":"S-1-5-18"}}},"EventData":{"RuleName":"T1099","UtcTime":"2025-11-12 11:06:59.856","ProcessGuid":"2A767A6E-6A45-6914-8C01-000000000F00","ProcessId":7968,"Image":"C:\\Users\\root\\Desktop\\恶意代码教学样本-在沙盒中修改文件名\\1-WannaCrypt0r.exe","TargetFilename":"C:\\Users\\root\\AppData\\Local\\Microsoft\\OneDrive\\25.206.1021.0003\\images\\darkTheme\\feedbackIcon.svg.WNCRYT","CreationUtcTime":"2025-11-12 01:39:45.004","PreviousCreationUtcTime":"2025-11-12 11:06:59.856","User":"DESKTOP-CS6O5DN\\root"}}}
{"Event":{"#attributes":{"xmlns":"http://schemas.microsoft.com/win/2004/08/events/event"},"System":{"Provider":{"#attributes":{"Name":"Microsoft-Windows-Sysmon","Guid":"5770385F-C22A-43E0-BF4C-06F5698FFBD9"}},"EventID":2,"Version":5,"Level":4,"Task":2,"Opcode":0,"Keywords":"0x8000000000000000","TimeCreated":{"#attributes":{"SystemTime":"2025-11-12T11:06:59.862584Z"}},"EventRecordID":475,"Correlation":null,"Execution":{"#attributes":{"ProcessID":5420,"ThreadID":4432}},"Channel":"Microsoft-Windows-Sysmon/Operational","Computer":"DESKTOP-CS6O5DN","Security":{"#attributes":{"UserID":"S-1-5-18"}}},"EventData":{"RuleName":"T1099","UtcTime":"2025-11-12 11:06:59.856","ProcessGuid":"2A767A6E-6A45-6914-8C01-000000000F00","ProcessId":7968,"Image":"C:\\Users\\root\\Desktop\\恶意代码教学样本-在沙盒中修改文件名\\1-WannaCrypt0r.exe","TargetFilename":"C:\\Users\\root\\AppData\\Local\\Microsoft\\OneDrive\\25.206.1021.0003\\images\\darkTheme\\fileLockIcon.svg.WNCRYT","CreationUtcTime":"2025-11-12 01:39:45.004","PreviousCreationUtcTime":"2025-11-12 11:06:59.856","User":"DESKTOP-CS6O5DN\\root"}}}
{"Event":{"#attributes":{"xmlns":"http://schemas.microsoft.com/win/2004/08/events/event"},"System":{"Provider":{"#attributes":{"Name":"Microsoft-Windows-Sysmon","Guid":"5770385F-C22A-43E0-BF4C-06F5698FFBD9"}},"EventID":2,"Version":5,"Level":4,"Task":2,"Opcode":0,"Keywords":"0x8000000000000000","TimeCreated":{"#attributes":{"SystemTime":"2025-11-12T11:06:59.864915Z"}},"EventRecordID":476,"Correlation":null,"Execution":{"#attributes":{"ProcessID":5420,"ThreadID":4432}},"Channel":"Microsoft-Windows-Sysmon/Operational","Computer":"DESKTOP-CS6O5DN","Security":{"#attributes":{"UserID":"S-1-5-18"}}},"EventData":{"RuleName":"T1099","UtcTime":"2025-11-12 11:06:59.856","ProcessGuid":"2A767A6E-6A45-6914-8C01-000000000F00","ProcessId":7968,"Image":"C:\\Users\\root\\Desktop\\恶意代码教学样本-在沙盒中修改文件名\\1-WannaCrypt0r.exe","TargetFilename":"C:\\Users\\root\\AppData\\Local\\Microsoft\\OneDrive\\25.206.1021.0003\\images\\darkTheme\\filesNotSyncing.svg.WNCRYT","CreationUtcTime":"2025-11-12 01:39:45.004","PreviousCreationUtcTime":"2025-11-12 11:06:59.856","User":"DESKTOP-CS6O5DN\\root"}}}
{"Event":{"#attributes":{"xmlns":"http://schemas.microsoft.com/win/2004/08/events/event"},"System":{"Provider":{"#attributes":{"Name":"Microsoft-Windows-Sysmon","Guid":"5770385F-C22A-43E0-BF4C-06F5698FFBD9"}},"EventID":2,"Version":5,"Level":4,"Task":2,"Opcode":0,"Keywords":"0x8000000000000000","TimeCreated":{"#attributes":{"SystemTime":"2025-11-12T11:06:59.867606Z"}},"EventRecordID":477,"Correlation":null,"Execution":{"#attributes":{"ProcessID":5420,"ThreadID":4432}},"Channel":"Microsoft-Windows-Sysmon/Operational","Computer":"DESKTOP-CS6O5DN","Security":{"#attributes":{"UserID":"S-1-5-18"}}},"EventData":{"RuleName":"T1099","UtcTime":"2025-11-12 11:06:59.856","ProcessGuid":"2A767A6E-6A45-6914-8C01-000000000F00","ProcessId":7968,"Image":"C:\\Users\\root\\Desktop\\恶意代码教学样本-在沙盒中修改文件名\\1-WannaCrypt0r.exe","TargetFilename":"C:\\Users\\root\\AppData\\Local\\Microsoft\\OneDrive\\25.206.1021.0003\\images\\darkTheme\\filesNotSyncingDisabled.svg.WNCRYT","CreationUtcTime":"2025-11-12 01:39:45.004","PreviousCreationUtcTime":"2025-11-12 11:06:59.856","User":"DESKTOP-CS6O5DN\\root"}}}
{"Event":{"#attributes":{"xmlns":"http://schemas.microsoft.com/win/2004/08/events/event"},"System":{"Provider":{"#attributes":{"Name":"Microsoft-Windows-Sysmon","Guid":"5770385F-C22A-43E0-BF4C-06F5698FFBD9"}},"EventID":2,"Version":5,"Level":4,"Task":2,"Opcode":0,"Keywords":"0x8000000000000000","TimeCreated":{"#attributes":{"SystemTime":"2025-11-12T11:06:59.876770Z"}},"EventRecordID":478,"Correlation":null,"Execution":{"#attributes":{"ProcessID":5420,"ThreadID":4432}},"Channel":"Microsoft-Windows-Sysmon/Operational","Computer":"DESKTOP-CS6O5DN","Security":{"#attributes":{"UserID":"S-1-5-18"}}},"EventData":{"RuleName":"T1099","UtcTime":"2025-11-12 11:06:59.873","ProcessGuid":"2A767A6E-6A45-6914-8C01-000000000F00","ProcessId":7968,"Image":"C:\\Users\\root\\Desktop\\恶意代码教学样本-在沙盒中修改文件名\\1-WannaCrypt0r.exe","TargetFilename":"C:\\Users\\root\\AppData\\Local\\Microsoft\\OneDrive\\25.206.1021.0003\\images\\darkTheme\\finderExtensionPrompt.svg.WNCRYT","CreationUtcTime":"2025-11-12 01:39:45.004","PreviousCreationUtcTime":"2025-11-12 11:06:59.873","User":"DESKTOP-CS6O5DN\\root"}}}
{"Event":{"#attributes":{"xmlns":"http://schemas.microsoft.com/win/2004/08/events/event"},"System":{"Provider":{"#attributes":{"Name":"Microsoft-Windows-Sysmon","Guid":"5770385F-C22A-43E0-BF4C-06F5698FFBD9"}},"EventID":2,"Version":5,"Level":4,"Task":2,"Opcode":0,"Keywords":"0x8000000000000000","TimeCreated":{"#attributes":{"SystemTime":"2025-11-12T11:06:59.882214Z"}},"EventRecordID":479,"Correlation":null,"Execution":{"#attributes":{"ProcessID":5420,"ThreadID":4432}},"Channel":"Microsoft-Windows-Sysmon/Operational","Computer":"DESKTOP-CS6O5DN","Security":{"#attributes":{"UserID":"S-1-5-18"}}},"EventData":{"RuleName":"T1099","UtcTime":"2025-11-12 11:06:59.873","ProcessGuid":"2A767A6E-6A45-6914-8C01-000000000F00","ProcessId":7968,"Image":"C:\\Users\\root\\Desktop\\恶意代码教学样本-在沙盒中修改文件名\\1-WannaCrypt0r.exe","TargetFilename":"C:\\Users\\root\\AppData\\Local\\Microsoft\\OneDrive\\25.206.1021.0003\\images\\darkTheme\\folderIcon2.svg.WNCRYT","CreationUtcTime":"2025-11-12 01:39:45.004","PreviousCreationUtcTime":"2025-11-12 11:06:59.873","User":"DESKTOP-CS6O5DN\\root"}}}
{"Event":{"#attributes":{"xmlns":"http://schemas.microsoft.com/win/2004/08/events/event"},"System":{"Provider":{"#attributes":{"Name":"Microsoft-Windows-Sysmon","Guid":"5770385F-C22A-43E0-BF4C-06F5698FFBD9"}},"EventID":2,"Version":5,"Level":4,"Task":2,"Opcode":0,"Keywords":"0x8000000000000000","TimeCreated":{"#attributes":{"SystemTime":"2025-11-12T11:06:59.892285Z"}},"EventRecordID":480,"Correlation":null,"Execution":{"#attributes":{"ProcessID":5420,"ThreadID":4432}},"Channel":"Microsoft-Windows-Sysmon/Operational","Computer":"DESKTOP-CS6O5DN","Security":{"#attributes":{"UserID":"S-1-5-18"}}},"EventData":{"RuleName":"T1099","UtcTime":"2025-11-12 11:06:59.888","ProcessGuid":"2A767A6E-6A45-6914-8C01-000000000F00","ProcessId":7968,"Image":"C:\\Users\\root\\Desktop\\恶意代码教学样本-在沙盒中修改文件名\\1-WannaCrypt0r.exe","TargetFilename":"C:\\Users\\root\\AppData\\Local\\Microsoft\\OneDrive\\25.206.1021.0003\\images\\darkTheme\\folder_image_desktop.svg.WNCRYT","CreationUtcTime":"2025-11-12 01:39:45.019","PreviousCreationUtcTime":"2025-11-12 11:06:59.888","User":"DESKTOP-CS6O5DN\\root"}}}
{"Event":{"#attributes":{"xmlns":"http://schemas.microsoft.com/win/2004/08/events/event"},"System":{"Provider":{"#attributes":{"Name":"Microsoft-Windows-Sysmon","Guid":"5770385F-C22A-43E0-BF4C-06F5698FFBD9"}},"EventID":2,"Version":5,"Level":4,"Task":2,"Opcode":0,"Keywords":"0x8000000000000000","TimeCreated":{"#attributes":{"SystemTime":"2025-11-12T11:06:59.895115Z"}},"EventRecordID":481,"Correlation":null,"Execution":{"#attributes":{"ProcessID":5420,"ThreadID":4432}},"Channel":"Microsoft-Windows-Sysmon/Operational","Computer":"DESKTOP-CS6O5DN","Security":{"#attributes":{"UserID":"S-1-5-18"}}},"EventData":{"RuleName":"T1099","UtcTime":"2025-11-12 11:06:59.888","ProcessGuid":"2A767A6E-6A45-6914-8C01-000000000F00","ProcessId":7968,"Image":"C:\\Users\\root\\Desktop\\恶意代码教学样本-在沙盒中修改文件名\\1-WannaCrypt0r.exe","TargetFilename":"C:\\Users\\root\\AppData\\Local\\Microsoft\\OneDrive\\25.206.1021.0003\\images\\darkTheme\\folder_image_documents.svg.WNCRYT","CreationUtcTime":"2025-11-12 01:39:45.019","PreviousCreationUtcTime":"2025-11-12 11:06:59.888","User":"DESKTOP-CS6O5DN\\root"}}}
{"Event":{"#attributes":{"xmlns":"http://schemas.microsoft.com/win/2004/08/events/event"},"System":{"Provider":{"#attributes":{"Name":"Microsoft-Windows-Sysmon","Guid":"5770385F-C22A-43E0-BF4C-06F5698FFBD9"}},"EventID":2,"Version":5,"Level":4,"Task":2,"Opcode":0,"Keywords":"0x8000000000000000","TimeCreated":{"#attributes":{"SystemTime":"2025-11-12T11:06:59.903448Z"}},"EventRecordID":482,"Correlation":null,"Execution":{"#attributes":{"ProcessID":5420,"ThreadID":4432}},"Channel":"Microsoft-Windows-Sysmon/Operational","Computer":"DESKTOP-CS6O5DN","Security":{"#attributes":{"UserID":"S-1-5-18"}}},"EventData":{"RuleName":"T1099","UtcTime":"2025-11-12 11:06:59.888","ProcessGuid":"2A767A6E-6A45-6914-8C01-000000000F00","ProcessId":7968,"Image":"C:\\Users\\root\\Desktop\\恶意代码教学样本-在沙盒中修改文件名\\1-WannaCrypt0r.exe","TargetFilename":"C:\\Users\\root\\AppData\\Local\\Microsoft\\OneDrive\\25.206.1021.0003\\images\\darkTheme\\folder_image_documents_mac.svg.WNCRYT","CreationUtcTime":"2025-11-12 01:39:45.019","PreviousCreationUtcTime":"2025-11-12 11:06:59.888","User":"DESKTOP-CS6O5DN\\root"}}}
{"Event":{"#attributes":{"xmlns":"http://schemas.microsoft.com/win/2004/08/events/event"},"System":{"Provider":{"#attributes":{"Name":"Microsoft-Windows-Sysmon","Guid":"5770385F-C22A-43E0-BF4C-06F5698FFBD9"}},"EventID":2,"Version":5,"Level":4,"Task":2,"Opcode":0,"Keywords":"0x8000000000000000","TimeCreated":{"#attributes":{"SystemTime":"2025-11-12T11:06:59.905686Z"}},"EventRecordID":483,"Correlation":null,"Execution":{"#attributes":{"ProcessID":5420,"ThreadID":4432}},"Channel":"Microsoft-Windows-Sysmon/Operational","Computer":"DESKTOP-CS6O5DN","Security":{"#attributes":{"UserID":"S-1-5-18"}}},"EventData":{"RuleName":"T1099","UtcTime":"2025-11-12 11:06:59.903","ProcessGuid":"2A767A6E-6A45-6914-8C01-000000000F00","ProcessId":7968,"Image":"C:\\Users\\root\\Desktop\\恶意代码教学样本-在沙盒中修改文件名\\1-WannaCrypt0r.exe","TargetFilename":"C:\\Users\\root\\AppData\\Local\\Microsoft\\OneDrive\\25.206.1021.0003\\images\\darkTheme\\folder_image_pictures.svg.WNCRYT","CreationUtcTime":"2025-11-12 01:39:45.019","PreviousCreationUtcTime":"2025-11-12 11:06:59.903","User":"DESKTOP-CS6O5DN\\root"}}}
{"Event":{"#attributes":{"xmlns":"http://schemas.microsoft.com/win/2004/08/events/event"},"System":{"Provider":{"#attributes":{"Name":"Microsoft-Windows-Sysmon","Guid":"5770385F-C22A-43E0-BF4C-06F5698FFBD9"}},"EventID":2,"Version":5,"Level":4,"Task":2,"Opcode":0,"Keywords":"0x8000000000000000","TimeCreated":{"#attributes":{"SystemTime":"2025-11-12T11:06:59.907095Z"}},"EventRecordID":484,"Correlation":null,"Execution":{"#attributes":{"ProcessID":5420,"ThreadID":4432}},"Channel":"Microsoft-Windows-Sysmon/Operational","Computer":"DESKTOP-CS6O5DN","Security":{"#attributes":{"UserID":"S-1-5-18"}}},"EventData":{"RuleName":"T1099","UtcTime":"2025-11-12 11:06:59.903","ProcessGuid":"2A767A6E-6A45-6914-8C01-000000000F00","ProcessId":7968,"Image":"C:\\Users\\root\\Desktop\\恶意代码教学样本-在沙盒中修改文件名\\1-WannaCrypt0r.exe","TargetFilename":"C:\\Users\\root\\AppData\\Local\\Microsoft\\OneDrive\\25.206.1021.0003\\images\\darkTheme\\folder_image_pictures_mac.svg.WNCRYT","CreationUtcTime":"2025-11-12 01:39:45.019","PreviousCreationUtcTime":"2025-11-12 11:06:59.903","User":"DESKTOP-CS6O5DN\\root"}}}
{"Event":{"#attributes":{"xmlns":"http://schemas.microsoft.com/win/2004/08/events/event"},"System":{"Provider":{"#attributes":{"Name":"Microsoft-Windows-Sysmon","Guid":"5770385F-C22A-43E0-BF4C-06F5698FFBD9"}},"EventID":2,"Version":5,"Level":4,"Task":2,"Opcode":0,"Keywords":"0x8000000000000000","TimeCreated":{"#attributes":{"SystemTime":"2025-11-12T11:06:59.918769Z"}},"EventRecordID":485,"Correlation":null,"Execution":{"#attributes":{"ProcessID":5420,"ThreadID":4432}},"Channel":"Microsoft-Windows-Sysmon/Operational","Computer":"DESKTOP-CS6O5DN","Security":{"#attributes":{"UserID":"S-1-5-18"}}},"EventData":{"RuleName":"T1099","UtcTime":"2025-11-12 11:06:59.903","ProcessGuid":"2A767A6E-6A45-6914-8C01-000000000F00","ProcessId":7968,"Image":"C:\\Users\\root\\Desktop\\恶意代码教学样本-在沙盒中修改文件名\\1-WannaCrypt0r.exe","TargetFilename":"C:\\Users\\root\\AppData\\Local\\Microsoft\\OneDrive\\25.206.1021.0003\\images\\darkTheme\\freeUpSpace.svg.WNCRYT","CreationUtcTime":"2025-11-12 01:39:45.019","PreviousCreationUtcTime":"2025-11-12 11:06:59.903","User":"DESKTOP-CS6O5DN\\root"}}}
{"Event":{"#attributes":{"xmlns":"http://schemas.microsoft.com/win/2004/08/events/event"},"System":{"Provider":{"#attributes":{"Name":"Microsoft-Windows-Sysmon","Guid":"5770385F-C22A-43E0-BF4C-06F5698FFBD9"}},"EventID":2,"Version":5,"Level":4,"Task":2,"Opcode":0,"Keywords":"0x8000000000000000","TimeCreated":{"#attributes":{"SystemTime":"2025-11-12T11:06:59.945087Z"}},"EventRecordID":486,"Correlation":null,"Execution":{"#attributes":{"ProcessID":5420,"ThreadID":4432}},"Channel":"Microsoft-Windows-Sysmon/Operational","Computer":"DESKTOP-CS6O5DN","Security":{"#attributes":{"UserID":"S-1-5-18"}}},"EventData":{"RuleName":"T1099","UtcTime":"2025-11-12 11:06:59.936","ProcessGuid":"2A767A6E-6A45-6914-8C01-000000000F00","ProcessId":7968,"Image":"C:\\Users\\root\\Desktop\\恶意代码教学样本-在沙盒中修改文件名\\1-WannaCrypt0r.exe","TargetFilename":"C:\\Users\\root\\AppData\\Local\\Microsoft\\OneDrive\\25.206.1021.0003\\images\\darkTheme\\fre_choose_folder.js.WNCRYT","CreationUtcTime":"2025-11-12 01:39:45.019","PreviousCreationUtcTime":"2025-11-12 11:06:59.919","User":"DESKTOP-CS6O5DN\\root"}}}
{"Event":{"#attributes":{"xmlns":"http://schemas.microsoft.com/win/2004/08/events/event"},"System":{"Provider":{"#attributes":{"Name":"Microsoft-Windows-Sysmon","Guid":"5770385F-C22A-43E0-BF4C-06F5698FFBD9"}},"EventID":2,"Version":5,"Level":4,"Task":2,"Opcode":0,"Keywords":"0x8000000000000000","TimeCreated":{"#attributes":{"SystemTime":"2025-11-12T11:06:59.957665Z"}},"EventRecordID":487,"Correlation":null,"Execution":{"#attributes":{"ProcessID":5420,"ThreadID":4432}},"Channel":"Microsoft-Windows-Sysmon/Operational","Computer":"DESKTOP-CS6O5DN","Security":{"#attributes":{"UserID":"S-1-5-18"}}},"EventData":{"RuleName":"T1099","UtcTime":"2025-11-12 11:06:59.951","ProcessGuid":"2A767A6E-6A45-6914-8C01-000000000F00","ProcessId":7968,"Image":"C:\\Users\\root\\Desktop\\恶意代码教学样本-在沙盒中修改文件名\\1-WannaCrypt0r.exe","TargetFilename":"C:\\Users\\root\\AppData\\Local\\Microsoft\\OneDrive\\25.206.1021.0003\\images\\darkTheme\\fre_choose_folder.svg.WNCRYT","CreationUtcTime":"2025-11-12 01:39:45.035","PreviousCreationUtcTime":"2025-11-12 11:06:59.951","User":"DESKTOP-CS6O5DN\\root"}}}
{"Event":{"#attributes":{"xmlns":"http://schemas.microsoft.com/win/2004/08/events/event"},"System":{"Provider":{"#attributes":{"Name":"Microsoft-Windows-Sysmon","Guid":"5770385F-C22A-43E0-BF4C-06F5698FFBD9"}},"EventID":2,"Version":5,"Level":4,"Task":2,"Opcode":0,"Keywords":"0x8000000000000000","TimeCreated":{"#attributes":{"SystemTime":"2025-11-12T11:07:00.065687Z"}},"EventRecordID":488,"Correlation":null,"Execution":{"#attributes":{"ProcessID":5420,"ThreadID":4432}},"Channel":"Microsoft-Windows-Sysmon/Operational","Computer":"DESKTOP-CS6O5DN","Security":{"#attributes":{"UserID":"S-1-5-18"}}},"EventData":{"RuleName":"T1099","UtcTime":"2025-11-12 11:07:00.059","ProcessGuid":"2A767A6E-6A45-6914-8C01-000000000F00","ProcessId":7968,"Image":"C:\\Users\\root\\Desktop\\恶意代码教学样本-在沙盒中修改文件名\\1-WannaCrypt0r.exe","TargetFilename":"C:\\Users\\root\\AppData\\Local\\Microsoft\\OneDrive\\25.206.1021.0003\\images\\darkTheme\\fre_done.js.WNCRYT","CreationUtcTime":"2025-11-12 01:39:45.035","PreviousCreationUtcTime":"2025-11-12 11:07:00.028","User":"DESKTOP-CS6O5DN\\root"}}}
{"Event":{"#attributes":{"xmlns":"http://schemas.microsoft.com/win/2004/08/events/event"},"System":{"Provider":{"#attributes":{"Name":"Microsoft-Windows-Sysmon","Guid":"5770385F-C22A-43E0-BF4C-06F5698FFBD9"}},"EventID":2,"Version":5,"Level":4,"Task":2,"Opcode":0,"Keywords":"0x8000000000000000","TimeCreated":{"#attributes":{"SystemTime":"2025-11-12T11:07:00.068225Z"}},"EventRecordID":489,"Correlation":null,"Execution":{"#attributes":{"ProcessID":5420,"ThreadID":4432}},"Channel":"Microsoft-Windows-Sysmon/Operational","Computer":"DESKTOP-CS6O5DN","Security":{"#attributes":{"UserID":"S-1-5-18"}}},"EventData":{"RuleName":"T1099","UtcTime":"2025-11-12 11:07:00.059","ProcessGuid":"2A767A6E-6A45-6914-8C01-000000000F00","ProcessId":7968,"Image":"C:\\Users\\root\\Desktop\\恶意代码教学样本-在沙盒中修改文件名\\1-WannaCrypt0r.exe","TargetFilename":"C:\\Users\\root\\AppData\\Local\\Microsoft\\OneDrive\\25.206.1021.0003\\images\\darkTheme\\fre_done.svg.WNCRYT","CreationUtcTime":"2025-11-12 01:39:45.035","PreviousCreationUtcTime":"2025-11-12 11:07:00.059","User":"DESKTOP-CS6O5DN\\root"}}}
{"Event":{"#attributes":{"xmlns":"http://schemas.microsoft.com/win/2004/08/events/event"},"System":{"Provider":{"#attributes":{"Name":"Microsoft-Windows-Sysmon","Guid":"5770385F-C22A-43E0-BF4C-06F5698FFBD9"}},"EventID":2,"Version":5,"Level":4,"Task":2,"Opcode":0,"Keywords":"0x8000000000000000","TimeCreated":{"#attributes":{"SystemTime":"2025-11-12T11:07:00.146056Z"}},"EventRecordID":490,"Correlation":null,"Execution":{"#attributes":{"ProcessID":5420,"ThreadID":4432}},"Channel":"Microsoft-Windows-Sysmon/Operational","Computer":"DESKTOP-CS6O5DN","Security":{"#attributes":{"UserID":"S-1-5-18"}}},"EventData":{"RuleName":"T1099","UtcTime":"2025-11-12 11:07:00.145","ProcessGuid":"2A767A6E-6A45-6914-8C01-000000000F00","ProcessId":7968,"Image":"C:\\Users\\root\\Desktop\\恶意代码教学样本-在沙盒中修改文件名\\1-WannaCrypt0r.exe","TargetFilename":"C:\\Users\\root\\AppData\\Local\\Microsoft\\OneDrive\\25.206.1021.0003\\images\\darkTheme\\fre_email_hrd.js.WNCRYT","CreationUtcTime":"2025-11-12 01:39:45.035","PreviousCreationUtcTime":"2025-11-12 11:07:00.091","User":"DESKTOP-CS6O5DN\\root"}}}
{"Event":{"#attributes":{"xmlns":"http://schemas.microsoft.com/win/2004/08/events/event"},"System":{"Provider":{"#attributes":{"Name":"Microsoft-Windows-Sysmon","Guid":"5770385F-C22A-43E0-BF4C-06F5698FFBD9"}},"EventID":2,"Version":5,"Level":4,"Task":2,"Opcode":0,"Keywords":"0x8000000000000000","TimeCreated":{"#attributes":{"SystemTime":"2025-11-12T11:07:00.197829Z"}},"EventRecordID":491,"Correlation":null,"Execution":{"#attributes":{"ProcessID":5420,"ThreadID":4432}},"Channel":"Microsoft-Windows-Sysmon/Operational","Computer":"DESKTOP-CS6O5DN","Security":{"#attributes":{"UserID":"S-1-5-18"}}},"EventData":{"RuleName":"T1099","UtcTime":"2025-11-12 11:07:00.194","ProcessGuid":"2A767A6E-6A45-6914-8C01-000000000F00","ProcessId":7968,"Image":"C:\\Users\\root\\Desktop\\恶意代码教学样本-在沙盒中修改文件名\\1-WannaCrypt0r.exe","TargetFilename":"C:\\Users\\root\\AppData\\Local\\Microsoft\\OneDrive\\25.206.1021.0003\\images\\darkTheme\\fre_email_hrd.svg.WNCRYT","CreationUtcTime":"2025-11-12 01:39:45.035","PreviousCreationUtcTime":"2025-11-12 11:07:00.194","User":"DESKTOP-CS6O5DN\\root"}}}
{"Event":{"#attributes":{"xmlns":"http://schemas.microsoft.com/win/2004/08/events/event"},"System":{"Provider":{"#attributes":{"Name":"Microsoft-Windows-Sysmon","Guid":"5770385F-C22A-43E0-BF4C-06F5698FFBD9"}},"EventID":2,"Version":5,"Level":4,"Task":2,"Opcode":0,"Keywords":"0x8000000000000000","TimeCreated":{"#attributes":{"SystemTime":"2025-11-12T11:07:00.202794Z"}},"EventRecordID":492,"Correlation":null,"Execution":{"#attributes":{"ProcessID":5420,"ThreadID":4432}},"Channel":"Microsoft-Windows-Sysmon/Operational","Computer":"DESKTOP-CS6O5DN","Security":{"#attributes":{"UserID":"S-1-5-18"}}},"EventData":{"RuleName":"T1099","UtcTime":"2025-11-12 11:07:00.200","ProcessGuid":"2A767A6E-6A45-6914-8C01-000000000F00","ProcessId":7968,"Image":"C:\\Users\\root\\Desktop\\恶意代码教学样本-在沙盒中修改文件名\\1-WannaCrypt0r.exe","TargetFilename":"C:\\Users\\root\\AppData\\Local\\Microsoft\\OneDrive\\25.206.1021.0003\\images\\darkTheme\\fre_email_hrd_win7.svg.WNCRYT","CreationUtcTime":"2025-11-12 01:39:45.035","PreviousCreationUtcTime":"2025-11-12 11:07:00.194","User":"DESKTOP-CS6O5DN\\root"}}}
{"Event":{"#attributes":{"xmlns":"http://schemas.microsoft.com/win/2004/08/events/event"},"System":{"Provider":{"#attributes":{"Name":"Microsoft-Windows-Sysmon","Guid":"5770385F-C22A-43E0-BF4C-06F5698FFBD9"}},"EventID":2,"Version":5,"Level":4,"Task":2,"Opcode":0,"Keywords":"0x8000000000000000","TimeCreated":{"#attributes":{"SystemTime":"2025-11-12T11:07:00.205803Z"}},"EventRecordID":493,"Correlation":null,"Execution":{"#attributes":{"ProcessID":5420,"ThreadID":4432}},"Channel":"Microsoft-Windows-Sysmon/Operational","Computer":"DESKTOP-CS6O5DN","Security":{"#attributes":{"UserID":"S-1-5-18"}}},"EventData":{"RuleName":"T1099","UtcTime":"2025-11-12 11:07:00.200","ProcessGuid":"2A767A6E-6A45-6914-8C01-000000000F00","ProcessId":7968,"Image":"C:\\Users\\root\\Desktop\\恶意代码教学样本-在沙盒中修改文件名\\1-WannaCrypt0r.exe","TargetFilename":"C:\\Users\\root\\AppData\\Local\\Microsoft\\OneDrive\\25.206.1021.0003\\images\\darkTheme\\FRE_Tutorial_FilesOnDemand_OnlineOnly.svg.WNCRYT","CreationUtcTime":"2025-11-12 01:39:45.035","PreviousCreationUtcTime":"2025-11-12 11:07:00.200","User":"DESKTOP-CS6O5DN\\root"}}}
{"Event":{"#attributes":{"xmlns":"http://schemas.microsoft.com/win/2004/08/events/event"},"System":{"Provider":{"#attributes":{"Name":"Microsoft-Windows-Sysmon","Guid":"5770385F-C22A-43E0-BF4C-06F5698FFBD9"}},"EventID":2,"Version":5,"Level":4,"Task":2,"Opcode":0,"Keywords":"0x8000000000000000","TimeCreated":{"#attributes":{"SystemTime":"2025-11-12T11:07:00.223277Z"}},"EventRecordID":494,"Correlation":null,"Execution":{"#attributes":{"ProcessID":5420,"ThreadID":4432}},"Channel":"Microsoft-Windows-Sysmon/Operational","Computer":"DESKTOP-CS6O5DN","Security":{"#attributes":{"UserID":"S-1-5-18"}}},"EventData":{"RuleName":"T1099","UtcTime":"2025-11-12 11:07:00.217","ProcessGuid":"2A767A6E-6A45-6914-8C01-000000000F00","ProcessId":7968,"Image":"C:\\Users\\root\\Desktop\\恶意代码教学样本-在沙盒中修改文件名\\1-WannaCrypt0r.exe","TargetFilename":"C:\\Users\\root\\AppData\\Local\\Microsoft\\OneDrive\\25.206.1021.0003\\images\\darkTheme\\FRE_Tutorial_Intro.js.WNCRYT","CreationUtcTime":"2025-11-12 01:39:45.051","PreviousCreationUtcTime":"2025-11-12 11:07:00.200","User":"DESKTOP-CS6O5DN\\root"}}}
{"Event":{"#attributes":{"xmlns":"http://schemas.microsoft.com/win/2004/08/events/event"},"System":{"Provider":{"#attributes":{"Name":"Microsoft-Windows-Sysmon","Guid":"5770385F-C22A-43E0-BF4C-06F5698FFBD9"}},"EventID":2,"Version":5,"Level":4,"Task":2,"Opcode":0,"Keywords":"0x8000000000000000","TimeCreated":{"#attributes":{"SystemTime":"2025-11-12T11:07:00.226450Z"}},"EventRecordID":495,"Correlation":null,"Execution":{"#attributes":{"ProcessID":5420,"ThreadID":4432}},"Channel":"Microsoft-Windows-Sysmon/Operational","Computer":"DESKTOP-CS6O5DN","Security":{"#attributes":{"UserID":"S-1-5-18"}}},"EventData":{"RuleName":"T1099","UtcTime":"2025-11-12 11:07:00.217","ProcessGuid":"2A767A6E-6A45-6914-8C01-000000000F00","ProcessId":7968,"Image":"C:\\Users\\root\\Desktop\\恶意代码教学样本-在沙盒中修改文件名\\1-WannaCrypt0r.exe","TargetFilename":"C:\\Users\\root\\AppData\\Local\\Microsoft\\OneDrive\\25.206.1021.0003\\images\\darkTheme\\FRE_Tutorial_Intro.svg.WNCRYT","CreationUtcTime":"2025-11-12 01:39:45.051","PreviousCreationUtcTime":"2025-11-12 11:07:00.217","User":"DESKTOP-CS6O5DN\\root"}}}
{"Event":{"#attributes":{"xmlns":"http://schemas.microsoft.com/win/2004/08/events/event"},"System":{"Provider":{"#attributes":{"Name":"Microsoft-Windows-Sysmon","Guid":"5770385F-C22A-43E0-BF4C-06F5698FFBD9"}},"EventID":2,"Version":5,"Level":4,"Task":2,"Opcode":0,"Keywords":"0x8000000000000000","TimeCreated":{"#attributes":{"SystemTime":"2025-11-12T11:07:00.279085Z"}},"EventRecordID":496,"Correlation":null,"Execution":{"#attributes":{"ProcessID":5420,"ThreadID":4432}},"Channel":"Microsoft-Windows-Sysmon/Operational","Computer":"DESKTOP-CS6O5DN","Security":{"#attributes":{"UserID":"S-1-5-18"}}},"EventData":{"RuleName":"T1099","UtcTime":"2025-11-12 11:07:00.265","ProcessGuid":"2A767A6E-6A45-6914-8C01-000000000F00","ProcessId":7968,"Image":"C:\\Users\\root\\Desktop\\恶意代码教学样本-在沙盒中修改文件名\\1-WannaCrypt0r.exe","TargetFilename":"C:\\Users\\root\\AppData\\Local\\Microsoft\\OneDrive\\25.206.1021.0003\\images\\darkTheme\\FRE_Tutorial_Mobile.js.WNCRYT","CreationUtcTime":"2025-11-12 01:39:45.051","PreviousCreationUtcTime":"2025-11-12 11:07:00.238","User":"DESKTOP-CS6O5DN\\root"}}}
{"Event":{"#attributes":{"xmlns":"http://schemas.microsoft.com/win/2004/08/events/event"},"System":{"Provider":{"#attributes":{"Name":"Microsoft-Windows-Sysmon","Guid":"5770385F-C22A-43E0-BF4C-06F5698FFBD9"}},"EventID":2,"Version":5,"Level":4,"Task":2,"Opcode":0,"Keywords":"0x8000000000000000","TimeCreated":{"#attributes":{"SystemTime":"2025-11-12T11:07:00.297225Z"}},"EventRecordID":497,"Correlation":null,"Execution":{"#attributes":{"ProcessID":5420,"ThreadID":4432}},"Channel":"Microsoft-Windows-Sysmon/Operational","Computer":"DESKTOP-CS6O5DN","Security":{"#attributes":{"UserID":"S-1-5-18"}}},"EventData":{"RuleName":"T1099","UtcTime":"2025-11-12 11:07:00.296","ProcessGuid":"2A767A6E-6A45-6914-8C01-000000000F00","ProcessId":7968,"Image":"C:\\Users\\root\\Desktop\\恶意代码教学样本-在沙盒中修改文件名\\1-WannaCrypt0r.exe","TargetFilename":"C:\\Users\\root\\AppData\\Local\\Microsoft\\OneDrive\\25.206.1021.0003\\images\\darkTheme\\FRE_Tutorial_Mobile.svg.WNCRYT","CreationUtcTime":"2025-11-12 01:39:45.051","PreviousCreationUtcTime":"2025-11-12 11:07:00.278","User":"DESKTOP-CS6O5DN\\root"}}}
{"Event":{"#attributes":{"xmlns":"http://schemas.microsoft.com/win/2004/08/events/event"},"System":{"Provider":{"#attributes":{"Name":"Microsoft-Windows-Sysmon","Guid":"5770385F-C22A-43E0-BF4C-06F5698FFBD9"}},"EventID":2,"Version":5,"Level":4,"Task":2,"Opcode":0,"Keywords":"0x8000000000000000","TimeCreated":{"#attributes":{"SystemTime":"2025-11-12T11:07:00.325067Z"}},"EventRecordID":498,"Correlation":null,"Execution":{"#attributes":{"ProcessID":5420,"ThreadID":4432}},"Channel":"Microsoft-Windows-Sysmon/Operational","Computer":"DESKTOP-CS6O5DN","Security":{"#attributes":{"UserID":"S-1-5-18"}}},"EventData":{"RuleName":"T1099","UtcTime":"2025-11-12 11:07:00.320","ProcessGuid":"2A767A6E-6A45-6914-8C01-000000000F00","ProcessId":7968,"Image":"C:\\Users\\root\\Desktop\\恶意代码教学样本-在沙盒中修改文件名\\1-WannaCrypt0r.exe","TargetFilename":"C:\\Users\\root\\AppData\\Local\\Microsoft\\OneDrive\\25.206.1021.0003\\images\\darkTheme\\FRE_Tutorial_Share.js.WNCRYT","CreationUtcTime":"2025-11-12 01:39:45.051","PreviousCreationUtcTime":"2025-11-12 11:07:00.296","User":"DESKTOP-CS6O5DN\\root"}}}
{"Event":{"#attributes":{"xmlns":"http://schemas.microsoft.com/win/2004/08/events/event"},"System":{"Provider":{"#attributes":{"Name":"Microsoft-Windows-Sysmon","Guid":"5770385F-C22A-43E0-BF4C-06F5698FFBD9"}},"EventID":2,"Version":5,"Level":4,"Task":2,"Opcode":0,"Keywords":"0x8000000000000000","TimeCreated":{"#attributes":{"SystemTime":"2025-11-12T11:07:00.335388Z"}},"EventRecordID":499,"Correlation":null,"Execution":{"#attributes":{"ProcessID":5420,"ThreadID":4432}},"Channel":"Microsoft-Windows-Sysmon/Operational","Computer":"DESKTOP-CS6O5DN","Security":{"#attributes":{"UserID":"S-1-5-18"}}},"EventData":{"RuleName":"T1099","UtcTime":"2025-11-12 11:07:00.325","ProcessGuid":"2A767A6E-6A45-6914-8C01-000000000F00","ProcessId":7968,"Image":"C:\\Users\\root\\Desktop\\恶意代码教学样本-在沙盒中修改文件名\\1-WannaCrypt0r.exe","TargetFilename":"C:\\Users\\root\\AppData\\Local\\Microsoft\\OneDrive\\25.206.1021.0003\\images\\darkTheme\\FRE_Tutorial_Share.svg.WNCRYT","CreationUtcTime":"2025-11-12 01:39:45.051","PreviousCreationUtcTime":"2025-11-12 11:07:00.325","User":"DESKTOP-CS6O5DN\\root"}}}
{"Event":{"#attributes":{"xmlns":"http://schemas.microsoft.com/win/2004/08/events/event"},"System":{"Provider":{"#attributes":{"Name":"Microsoft-Windows-Sysmon","Guid":"5770385F-C22A-43E0-BF4C-06F5698FFBD9"}},"EventID":2,"Version":5,"Level":4,"Task":2,"Opcode":0,"Keywords":"0x8000000000000000","TimeCreated":{"#attributes":{"SystemTime":"2025-11-12T11:07:00.338791Z"}},"EventRecordID":500,"Correlation":null,"Execution":{"#attributes":{"ProcessID":5420,"ThreadID":4432}},"Channel":"Microsoft-Windows-Sysmon/Operational","Computer":"DESKTOP-CS6O5DN","Security":{"#attributes":{"UserID":"S-1-5-18"}}},"EventData":{"RuleName":"T1099","UtcTime":"2025-11-12 11:07:00.325","ProcessGuid":"2A767A6E-6A45-6914-8C01-000000000F00","ProcessId":7968,"Image":"C:\\Users\\root\\Desktop\\恶意代码教学样本-在沙盒中修改文件名\\1-WannaCrypt0r.exe","TargetFilename":"C:\\Users\\root\\AppData\\Local\\Microsoft\\OneDrive\\25.206.1021.0003\\images\\darkTheme\\globe.svg.WNCRYT","CreationUtcTime":"2025-11-12 01:39:45.051","PreviousCreationUtcTime":"2025-11-12 11:07:00.325","User":"DESKTOP-CS6O5DN\\root"}}}
{"Event":{"#attributes":{"xmlns":"http://schemas.microsoft.com/win/2004/08/events/event"},"System":{"Provider":{"#attributes":{"Name":"Microsoft-Windows-Sysmon","Guid":"5770385F-C22A-43E0-BF4C-06F5698FFBD9"}},"EventID":2,"Version":5,"Level":4,"Task":2,"Opcode":0,"Keywords":"0x8000000000000000","TimeCreated":{"#attributes":{"SystemTime":"2025-11-12T11:07:00.341655Z"}},"EventRecordID":501,"Correlation":null,"Execution":{"#attributes":{"ProcessID":5420,"ThreadID":4432}},"Channel":"Microsoft-Windows-Sysmon/Operational","Computer":"DESKTOP-CS6O5DN","Security":{"#attributes":{"UserID":"S-1-5-18"}}},"EventData":{"RuleName":"T1099","UtcTime":"2025-11-12 11:07:00.325","ProcessGuid":"2A767A6E-6A45-6914-8C01-000000000F00","ProcessId":7968,"Image":"C:\\Users\\root\\Desktop\\恶意代码教学样本-在沙盒中修改文件名\\1-WannaCrypt0r.exe","TargetFilename":"C:\\Users\\root\\AppData\\Local\\Microsoft\\OneDrive\\25.206.1021.0003\\images\\darkTheme\\globeIcon.svg.WNCRYT","CreationUtcTime":"2025-11-12 01:39:45.051","PreviousCreationUtcTime":"2025-11-12 11:07:00.325","User":"DESKTOP-CS6O5DN\\root"}}}
{"Event":{"#attributes":{"xmlns":"http://schemas.microsoft.com/win/2004/08/events/event"},"System":{"Provider":{"#attributes":{"Name":"Microsoft-Windows-Sysmon","Guid":"5770385F-C22A-43E0-BF4C-06F5698FFBD9"}},"EventID":2,"Version":5,"Level":4,"Task":2,"Opcode":0,"Keywords":"0x8000000000000000","TimeCreated":{"#attributes":{"SystemTime":"2025-11-12T11:07:00.343530Z"}},"EventRecordID":502,"Correlation":null,"Execution":{"#attributes":{"ProcessID":5420,"ThreadID":4432}},"Channel":"Microsoft-Windows-Sysmon/Operational","Computer":"DESKTOP-CS6O5DN","Security":{"#attributes":{"UserID":"S-1-5-18"}}},"EventData":{"RuleName":"T1099","UtcTime":"2025-11-12 11:07:00.341","ProcessGuid":"2A767A6E-6A45-6914-8C01-000000000F00","ProcessId":7968,"Image":"C:\\Users\\root\\Desktop\\恶意代码教学样本-在沙盒中修改文件名\\1-WannaCrypt0r.exe","TargetFilename":"C:\\Users\\root\\AppData\\Local\\Microsoft\\OneDrive\\25.206.1021.0003\\images\\darkTheme\\globeIcon2.svg.WNCRYT","CreationUtcTime":"2025-11-12 01:39:45.051","PreviousCreationUtcTime":"2025-11-12 11:07:00.341","User":"DESKTOP-CS6O5DN\\root"}}}
{"Event":{"#attributes":{"xmlns":"http://schemas.microsoft.com/win/2004/08/events/event"},"System":{"Provider":{"#attributes":{"Name":"Microsoft-Windows-Sysmon","Guid":"5770385F-C22A-43E0-BF4C-06F5698FFBD9"}},"EventID":2,"Version":5,"Level":4,"Task":2,"Opcode":0,"Keywords":"0x8000000000000000","TimeCreated":{"#attributes":{"SystemTime":"2025-11-12T11:07:00.345205Z"}},"EventRecordID":503,"Correlation":null,"Execution":{"#attributes":{"ProcessID":5420,"ThreadID":4432}},"Channel":"Microsoft-Windows-Sysmon/Operational","Computer":"DESKTOP-CS6O5DN","Security":{"#attributes":{"UserID":"S-1-5-18"}}},"EventData":{"RuleName":"T1099","UtcTime":"2025-11-12 11:07:00.341","ProcessGuid":"2A767A6E-6A45-6914-8C01-000000000F00","ProcessId":7968,"Image":"C:\\Users\\root\\Desktop\\恶意代码教学样本-在沙盒中修改文件名\\1-WannaCrypt0r.exe","TargetFilename":"C:\\Users\\root\\AppData\\Local\\Microsoft\\OneDrive\\25.206.1021.0003\\images\\darkTheme\\globeIcon20x20.svg.WNCRYT","CreationUtcTime":"2025-11-12 01:39:45.051","PreviousCreationUtcTime":"2025-11-12 11:07:00.341","User":"DESKTOP-CS6O5DN\\root"}}}
{"Event":{"#attributes":{"xmlns":"http://schemas.microsoft.com/win/2004/08/events/event"},"System":{"Provider":{"#attributes":{"Name":"Microsoft-Windows-Sysmon","Guid":"5770385F-C22A-43E0-BF4C-06F5698FFBD9"}},"EventID":2,"Version":5,"Level":4,"Task":2,"Opcode":0,"Keywords":"0x8000000000000000","TimeCreated":{"#attributes":{"SystemTime":"2025-11-12T11:07:00.348528Z"}},"EventRecordID":504,"Correlation":null,"Execution":{"#attributes":{"ProcessID":5420,"ThreadID":4432}},"Channel":"Microsoft-Windows-Sysmon/Operational","Computer":"DESKTOP-CS6O5DN","Security":{"#attributes":{"UserID":"S-1-5-18"}}},"EventData":{"RuleName":"T1099","UtcTime":"2025-11-12 11:07:00.341","ProcessGuid":"2A767A6E-6A45-6914-8C01-000000000F00","ProcessId":7968,"Image":"C:\\Users\\root\\Desktop\\恶意代码教学样本-在沙盒中修改文件名\\1-WannaCrypt0r.exe","TargetFilename":"C:\\Users\\root\\AppData\\Local\\Microsoft\\OneDrive\\25.206.1021.0003\\images\\darkTheme\\helpicon.svg.WNCRYT","CreationUtcTime":"2025-11-12 01:39:45.066","PreviousCreationUtcTime":"2025-11-12 11:07:00.341","User":"DESKTOP-CS6O5DN\\root"}}}
{"Event":{"#attributes":{"xmlns":"http://schemas.microsoft.com/win/2004/08/events/event"},"System":{"Provider":{"#attributes":{"Name":"Microsoft-Windows-Sysmon","Guid":"5770385F-C22A-43E0-BF4C-06F5698FFBD9"}},"EventID":2,"Version":5,"Level":4,"Task":2,"Opcode":0,"Keywords":"0x8000000000000000","TimeCreated":{"#attributes":{"SystemTime":"2025-11-12T11:07:00.350675Z"}},"EventRecordID":505,"Correlation":null,"Execution":{"#attributes":{"ProcessID":5420,"ThreadID":4432}},"Channel":"Microsoft-Windows-Sysmon/Operational","Computer":"DESKTOP-CS6O5DN","Security":{"#attributes":{"UserID":"S-1-5-18"}}},"EventData":{"RuleName":"T1099","UtcTime":"2025-11-12 11:07:00.341","ProcessGuid":"2A767A6E-6A45-6914-8C01-000000000F00","ProcessId":7968,"Image":"C:\\Users\\root\\Desktop\\恶意代码教学样本-在沙盒中修改文件名\\1-WannaCrypt0r.exe","TargetFilename":"C:\\Users\\root\\AppData\\Local\\Microsoft\\OneDrive\\25.206.1021.0003\\images\\darkTheme\\helpSubIcon.svg.WNCRYT","CreationUtcTime":"2025-11-12 01:39:45.066","PreviousCreationUtcTime":"2025-11-12 11:07:00.341","User":"DESKTOP-CS6O5DN\\root"}}}
{"Event":{"#attributes":{"xmlns":"http://schemas.microsoft.com/win/2004/08/events/event"},"System":{"Provider":{"#attributes":{"Name":"Microsoft-Windows-Sysmon","Guid":"5770385F-C22A-43E0-BF4C-06F5698FFBD9"}},"EventID":2,"Version":5,"Level":4,"Task":2,"Opcode":0,"Keywords":"0x8000000000000000","TimeCreated":{"#attributes":{"SystemTime":"2025-11-12T11:07:00.353877Z"}},"EventRecordID":506,"Correlation":null,"Execution":{"#attributes":{"ProcessID":5420,"ThreadID":4432}},"Channel":"Microsoft-Windows-Sysmon/Operational","Computer":"DESKTOP-CS6O5DN","Security":{"#attributes":{"UserID":"S-1-5-18"}}},"EventData":{"RuleName":"T1099","UtcTime":"2025-11-12 11:07:00.341","ProcessGuid":"2A767A6E-6A45-6914-8C01-000000000F00","ProcessId":7968,"Image":"C:\\Users\\root\\Desktop\\恶意代码教学样本-在沙盒中修改文件名\\1-WannaCrypt0r.exe","TargetFilename":"C:\\Users\\root\\AppData\\Local\\Microsoft\\OneDrive\\25.206.1021.0003\\images\\darkTheme\\HeroImage_FolderBackupACM.svg.WNCRYT","CreationUtcTime":"2025-11-12 01:39:45.066","PreviousCreationUtcTime":"2025-11-12 11:07:00.341","User":"DESKTOP-CS6O5DN\\root"}}}
{"Event":{"#attributes":{"xmlns":"http://schemas.microsoft.com/win/2004/08/events/event"},"System":{"Provider":{"#attributes":{"Name":"Microsoft-Windows-Sysmon","Guid":"5770385F-C22A-43E0-BF4C-06F5698FFBD9"}},"EventID":2,"Version":5,"Level":4,"Task":2,"Opcode":0,"Keywords":"0x8000000000000000","TimeCreated":{"#attributes":{"SystemTime":"2025-11-12T11:07:00.356488Z"}},"EventRecordID":507,"Correlation":null,"Execution":{"#attributes":{"ProcessID":5420,"ThreadID":4432}},"Channel":"Microsoft-Windows-Sysmon/Operational","Computer":"DESKTOP-CS6O5DN","Security":{"#attributes":{"UserID":"S-1-5-18"}}},"EventData":{"RuleName":"T1099","UtcTime":"2025-11-12 11:07:00.341","ProcessGuid":"2A767A6E-6A45-6914-8C01-000000000F00","ProcessId":7968,"Image":"C:\\Users\\root\\Desktop\\恶意代码教学样本-在沙盒中修改文件名\\1-WannaCrypt0r.exe","TargetFilename":"C:\\Users\\root\\AppData\\Local\\Microsoft\\OneDrive\\25.206.1021.0003\\images\\darkTheme\\iceBucket.svg.WNCRYT","CreationUtcTime":"2025-11-12 01:39:45.066","PreviousCreationUtcTime":"2025-11-12 11:07:00.341","User":"DESKTOP-CS6O5DN\\root"}}}
{"Event":{"#attributes":{"xmlns":"http://schemas.microsoft.com/win/2004/08/events/event"},"System":{"Provider":{"#attributes":{"Name":"Microsoft-Windows-Sysmon","Guid":"5770385F-C22A-43E0-BF4C-06F5698FFBD9"}},"EventID":2,"Version":5,"Level":4,"Task":2,"Opcode":0,"Keywords":"0x8000000000000000","TimeCreated":{"#attributes":{"SystemTime":"2025-11-12T11:07:00.371585Z"}},"EventRecordID":508,"Correlation":null,"Execution":{"#attributes":{"ProcessID":5420,"ThreadID":4432}},"Channel":"Microsoft-Windows-Sysmon/Operational","Computer":"DESKTOP-CS6O5DN","Security":{"#attributes":{"UserID":"S-1-5-18"}}},"EventData":{"RuleName":"T1099","UtcTime":"2025-11-12 11:07:00.356","ProcessGuid":"2A767A6E-6A45-6914-8C01-000000000F00","ProcessId":7968,"Image":"C:\\Users\\root\\Desktop\\恶意代码教学样本-在沙盒中修改文件名\\1-WannaCrypt0r.exe","TargetFilename":"C:\\Users\\root\\AppData\\Local\\Microsoft\\OneDrive\\25.206.1021.0003\\images\\darkTheme\\infoIcon.svg.WNCRYT","CreationUtcTime":"2025-11-12 01:39:45.082","PreviousCreationUtcTime":"2025-11-12 11:07:00.356","User":"DESKTOP-CS6O5DN\\root"}}}
{"Event":{"#attributes":{"xmlns":"http://schemas.microsoft.com/win/2004/08/events/event"},"System":{"Provider":{"#attributes":{"Name":"Microsoft-Windows-Sysmon","Guid":"5770385F-C22A-43E0-BF4C-06F5698FFBD9"}},"EventID":2,"Version":5,"Level":4,"Task":2,"Opcode":0,"Keywords":"0x8000000000000000","TimeCreated":{"#attributes":{"SystemTime":"2025-11-12T11:07:00.384151Z"}},"EventRecordID":509,"Correlation":null,"Execution":{"#attributes":{"ProcessID":5420,"ThreadID":4432}},"Channel":"Microsoft-Windows-Sysmon/Operational","Computer":"DESKTOP-CS6O5DN","Security":{"#attributes":{"UserID":"S-1-5-18"}}},"EventData":{"RuleName":"T1099","UtcTime":"2025-11-12 11:07:00.381","ProcessGuid":"2A767A6E-6A45-6914-8C01-000000000F00","ProcessId":7968,"Image":"C:\\Users\\root\\Desktop\\恶意代码教学样本-在沙盒中修改文件名\\1-WannaCrypt0r.exe","TargetFilename":"C:\\Users\\root\\AppData\\Local\\Microsoft\\OneDrive\\25.206.1021.0003\\images\\darkTheme\\infoIconYellow.svg.WNCRYT","CreationUtcTime":"2025-11-12 01:39:45.082","PreviousCreationUtcTime":"2025-11-12 11:07:00.381","User":"DESKTOP-CS6O5DN\\root"}}}
{"Event":{"#attributes":{"xmlns":"http://schemas.microsoft.com/win/2004/08/events/event"},"System":{"Provider":{"#attributes":{"Name":"Microsoft-Windows-Sysmon","Guid":"5770385F-C22A-43E0-BF4C-06F5698FFBD9"}},"EventID":2,"Version":5,"Level":4,"Task":2,"Opcode":0,"Keywords":"0x8000000000000000","TimeCreated":{"#attributes":{"SystemTime":"2025-11-12T11:07:00.423210Z"}},"EventRecordID":510,"Correlation":null,"Execution":{"#attributes":{"ProcessID":5420,"ThreadID":4432}},"Channel":"Microsoft-Windows-Sysmon/Operational","Computer":"DESKTOP-CS6O5DN","Security":{"#attributes":{"UserID":"S-1-5-18"}}},"EventData":{"RuleName":"T1099","UtcTime":"2025-11-12 11:07:00.420","ProcessGuid":"2A767A6E-6A45-6914-8C01-000000000F00","ProcessId":7968,"Image":"C:\\Users\\root\\Desktop\\恶意代码教学样本-在沙盒中修改文件名\\1-WannaCrypt0r.exe","TargetFilename":"C:\\Users\\root\\AppData\\Local\\Microsoft\\OneDrive\\25.206.1021.0003\\images\\darkTheme\\kfmAllBackedUp.svg.WNCRYT","CreationUtcTime":"2025-11-12 01:39:45.082","PreviousCreationUtcTime":"2025-11-12 11:07:00.381","User":"DESKTOP-CS6O5DN\\root"}}}
{"Event":{"#attributes":{"xmlns":"http://schemas.microsoft.com/win/2004/08/events/event"},"System":{"Provider":{"#attributes":{"Name":"Microsoft-Windows-Sysmon","Guid":"5770385F-C22A-43E0-BF4C-06F5698FFBD9"}},"EventID":2,"Version":5,"Level":4,"Task":2,"Opcode":0,"Keywords":"0x8000000000000000","TimeCreated":{"#attributes":{"SystemTime":"2025-11-12T11:07:00.424896Z"}},"EventRecordID":511,"Correlation":null,"Execution":{"#attributes":{"ProcessID":5420,"ThreadID":4432}},"Channel":"Microsoft-Windows-Sysmon/Operational","Computer":"DESKTOP-CS6O5DN","Security":{"#attributes":{"UserID":"S-1-5-18"}}},"EventData":{"RuleName":"T1099","UtcTime":"2025-11-12 11:07:00.420","ProcessGuid":"2A767A6E-6A45-6914-8C01-000000000F00","ProcessId":7968,"Image":"C:\\Users\\root\\Desktop\\恶意代码教学样本-在沙盒中修改文件名\\1-WannaCrypt0r.exe","TargetFilename":"C:\\Users\\root\\AppData\\Local\\Microsoft\\OneDrive\\25.206.1021.0003\\images\\darkTheme\\kfmCloseFileToBackup.svg.WNCRYT","CreationUtcTime":"2025-11-12 01:39:45.082","PreviousCreationUtcTime":"2025-11-12 11:07:00.420","User":"DESKTOP-CS6O5DN\\root"}}}
{"Event":{"#attributes":{"xmlns":"http://schemas.microsoft.com/win/2004/08/events/event"},"System":{"Provider":{"#attributes":{"Name":"Microsoft-Windows-Sysmon","Guid":"5770385F-C22A-43E0-BF4C-06F5698FFBD9"}},"EventID":2,"Version":5,"Level":4,"Task":2,"Opcode":0,"Keywords":"0x8000000000000000","TimeCreated":{"#attributes":{"SystemTime":"2025-11-12T11:07:00.432654Z"}},"EventRecordID":512,"Correlation":null,"Execution":{"#attributes":{"ProcessID":5420,"ThreadID":4432}},"Channel":"Microsoft-Windows-Sysmon/Operational","Computer":"DESKTOP-CS6O5DN","Security":{"#attributes":{"UserID":"S-1-5-18"}}},"EventData":{"RuleName":"T1099","UtcTime":"2025-11-12 11:07:00.420","ProcessGuid":"2A767A6E-6A45-6914-8C01-000000000F00","ProcessId":7968,"Image":"C:\\Users\\root\\Desktop\\恶意代码教学样本-在沙盒中修改文件名\\1-WannaCrypt0r.exe","TargetFilename":"C:\\Users\\root\\AppData\\Local\\Microsoft\\OneDrive\\25.206.1021.0003\\images\\darkTheme\\kfm_acm_gpo.svg.WNCRYT","CreationUtcTime":"2025-11-12 01:39:45.082","PreviousCreationUtcTime":"2025-11-12 11:07:00.420","User":"DESKTOP-CS6O5DN\\root"}}}
{"Event":{"#attributes":{"xmlns":"http://schemas.microsoft.com/win/2004/08/events/event"},"System":{"Provider":{"#attributes":{"Name":"Microsoft-Windows-Sysmon","Guid":"5770385F-C22A-43E0-BF4C-06F5698FFBD9"}},"EventID":2,"Version":5,"Level":4,"Task":2,"Opcode":0,"Keywords":"0x8000000000000000","TimeCreated":{"#attributes":{"SystemTime":"2025-11-12T11:07:00.448163Z"}},"EventRecordID":513,"Correlation":null,"Execution":{"#attributes":{"ProcessID":5420,"ThreadID":4432}},"Channel":"Microsoft-Windows-Sysmon/Operational","Computer":"DESKTOP-CS6O5DN","Security":{"#attributes":{"UserID":"S-1-5-18"}}},"EventData":{"RuleName":"T1099","UtcTime":"2025-11-12 11:07:00.444","ProcessGuid":"2A767A6E-6A45-6914-8C01-000000000F00","ProcessId":7968,"Image":"C:\\Users\\root\\Desktop\\恶意代码教学样本-在沙盒中修改文件名\\1-WannaCrypt0r.exe","TargetFilename":"C:\\Users\\root\\AppData\\Local\\Microsoft\\OneDrive\\25.206.1021.0003\\images\\darkTheme\\kfm_mega_gpo.svg.WNCRYT","CreationUtcTime":"2025-11-12 01:39:45.082","PreviousCreationUtcTime":"2025-11-12 11:07:00.444","User":"DESKTOP-CS6O5DN\\root"}}}
{"Event":{"#attributes":{"xmlns":"http://schemas.microsoft.com/win/2004/08/events/event"},"System":{"Provider":{"#attributes":{"Name":"Microsoft-Windows-Sysmon","Guid":"5770385F-C22A-43E0-BF4C-06F5698FFBD9"}},"EventID":2,"Version":5,"Level":4,"Task":2,"Opcode":0,"Keywords":"0x8000000000000000","TimeCreated":{"#attributes":{"SystemTime":"2025-11-12T11:07:00.449954Z"}},"EventRecordID":514,"Correlation":null,"Execution":{"#attributes":{"ProcessID":5420,"ThreadID":4432}},"Channel":"Microsoft-Windows-Sysmon/Operational","Computer":"DESKTOP-CS6O5DN","Security":{"#attributes":{"UserID":"S-1-5-18"}}},"EventData":{"RuleName":"T1099","UtcTime":"2025-11-12 11:07:00.444","ProcessGuid":"2A767A6E-6A45-6914-8C01-000000000F00","ProcessId":7968,"Image":"C:\\Users\\root\\Desktop\\恶意代码教学样本-在沙盒中修改文件名\\1-WannaCrypt0r.exe","TargetFilename":"C:\\Users\\root\\AppData\\Local\\Microsoft\\OneDrive\\25.206.1021.0003\\images\\darkTheme\\layerIcon.svg.WNCRYT","CreationUtcTime":"2025-11-12 01:39:45.082","PreviousCreationUtcTime":"2025-11-12 11:07:00.444","User":"DESKTOP-CS6O5DN\\root"}}}
{"Event":{"#attributes":{"xmlns":"http://schemas.microsoft.com/win/2004/08/events/event"},"System":{"Provider":{"#attributes":{"Name":"Microsoft-Windows-Sysmon","Guid":"5770385F-C22A-43E0-BF4C-06F5698FFBD9"}},"EventID":2,"Version":5,"Level":4,"Task":2,"Opcode":0,"Keywords":"0x8000000000000000","TimeCreated":{"#attributes":{"SystemTime":"2025-11-12T11:07:00.451496Z"}},"EventRecordID":515,"Correlation":null,"Execution":{"#attributes":{"ProcessID":5420,"ThreadID":4432}},"Channel":"Microsoft-Windows-Sysmon/Operational","Computer":"DESKTOP-CS6O5DN","Security":{"#attributes":{"UserID":"S-1-5-18"}}},"EventData":{"RuleName":"T1099","UtcTime":"2025-11-12 11:07:00.450","ProcessGuid":"2A767A6E-6A45-6914-8C01-000000000F00","ProcessId":7968,"Image":"C:\\Users\\root\\Desktop\\恶意代码教学样本-在沙盒中修改文件名\\1-WannaCrypt0r.exe","TargetFilename":"C:\\Users\\root\\AppData\\Local\\Microsoft\\OneDrive\\25.206.1021.0003\\images\\darkTheme\\lightBulb.svg.WNCRYT","CreationUtcTime":"2025-11-12 01:39:45.082","PreviousCreationUtcTime":"2025-11-12 11:07:00.450","User":"DESKTOP-CS6O5DN\\root"}}}
{"Event":{"#attributes":{"xmlns":"http://schemas.microsoft.com/win/2004/08/events/event"},"System":{"Provider":{"#attributes":{"Name":"Microsoft-Windows-Sysmon","Guid":"5770385F-C22A-43E0-BF4C-06F5698FFBD9"}},"EventID":2,"Version":5,"Level":4,"Task":2,"Opcode":0,"Keywords":"0x8000000000000000","TimeCreated":{"#attributes":{"SystemTime":"2025-11-12T11:07:00.452990Z"}},"EventRecordID":516,"Correlation":null,"Execution":{"#attributes":{"ProcessID":5420,"ThreadID":4432}},"Channel":"Microsoft-Windows-Sysmon/Operational","Computer":"DESKTOP-CS6O5DN","Security":{"#attributes":{"UserID":"S-1-5-18"}}},"EventData":{"RuleName":"T1099","UtcTime":"2025-11-12 11:07:00.450","ProcessGuid":"2A767A6E-6A45-6914-8C01-000000000F00","ProcessId":7968,"Image":"C:\\Users\\root\\Desktop\\恶意代码教学样本-在沙盒中修改文件名\\1-WannaCrypt0r.exe","TargetFilename":"C:\\Users\\root\\AppData\\Local\\Microsoft\\OneDrive\\25.206.1021.0003\\images\\darkTheme\\loading_spinner_arrow.svg.WNCRYT","CreationUtcTime":"2025-11-12 01:39:45.082","PreviousCreationUtcTime":"2025-11-12 11:07:00.450","User":"DESKTOP-CS6O5DN\\root"}}}
{"Event":{"#attributes":{"xmlns":"http://schemas.microsoft.com/win/2004/08/events/event"},"System":{"Provider":{"#attributes":{"Name":"Microsoft-Windows-Sysmon","Guid":"5770385F-C22A-43E0-BF4C-06F5698FFBD9"}},"EventID":2,"Version":5,"Level":4,"Task":2,"Opcode":0,"Keywords":"0x8000000000000000","TimeCreated":{"#attributes":{"SystemTime":"2025-11-12T11:07:00.454418Z"}},"EventRecordID":517,"Correlation":null,"Execution":{"#attributes":{"ProcessID":5420,"ThreadID":4432}},"Channel":"Microsoft-Windows-Sysmon/Operational","Computer":"DESKTOP-CS6O5DN","Security":{"#attributes":{"UserID":"S-1-5-18"}}},"EventData":{"RuleName":"T1099","UtcTime":"2025-11-12 11:07:00.450","ProcessGuid":"2A767A6E-6A45-6914-8C01-000000000F00","ProcessId":7968,"Image":"C:\\Users\\root\\Desktop\\恶意代码教学样本-在沙盒中修改文件名\\1-WannaCrypt0r.exe","TargetFilename":"C:\\Users\\root\\AppData\\Local\\Microsoft\\OneDrive\\25.206.1021.0003\\images\\darkTheme\\lock_graphic.svg.WNCRYT","CreationUtcTime":"2025-11-12 01:39:45.098","PreviousCreationUtcTime":"2025-11-12 11:07:00.450","User":"DESKTOP-CS6O5DN\\root"}}}
