{"Event":{"#attributes":{"xmlns":"http://schemas.microsoft.com/win/2004/08/events/event"},"System":{"Provider":{"#attributes":{"Name":"Microsoft-Windows-Sysmon","Guid":"5770385F-C22A-43E0-BF4C-06F5698FFBD9"}},"EventID":2,"Version":5,"Level":4,"Task":2,"Opcode":0,"Keywords":"0x8000000000000000","TimeCreated":{"#attributes":{"SystemTime":"2025-11-12T11:07:00.616474Z"}},"EventRecordID":564,"Correlation":null,"Execution":{"#attributes":{"ProcessID":5420,"ThreadID":4432}},"Channel":"Microsoft-Windows-Sysmon/Operational","Computer":"DESKTOP-CS6O5DN","Security":{"#attributes":{"UserID":"S-1-5-18"}}},"EventData":{"RuleName":"T1099","UtcTime":"2025-11-12 11:07:00.608","ProcessGuid":"2A767A6E-6A45-6914-8C01-000000000F00","ProcessId":7968,"Image":"C:\\Users\\root\\Desktop\\恶意代码教学样本-在沙盒中修改文件名\\1-WannaCrypt0r.exe","TargetFilename":"C:\\Users\\root\\AppData\\Local\\Microsoft\\OneDrive\\25.206.1021.0003\\images\\darkTheme\\vaultUnlocked.svg.WNCRYT","CreationUtcTime":"2025-11-12 01:39:45.207","PreviousCreationUtcTime":"2025-11-12 11:07:00.608","User":"DESKTOP-CS6O5DN\\root"}}}
{"Event":{"#attributes":{"xmlns":"http://schemas.microsoft.com/win/2004/08/events/event"},"System":{"Provider":{"#attributes":{"Name":"Microsoft-Windows-Sysmon","Guid":"5770385F-C22A-43E0-BF4C-06F5698FFBD9"}},"EventID":2,"Version":5,"Level":4,"Task":2,"Opcode":0,"Keywords":"0x8000000000000000","TimeCreated":{"#attributes":{"SystemTime":"2025-11-12T11:07:00.618090Z"}},"EventRecordID":565,"Correlation":null,"Execution":{"#attributes":{"ProcessID":5420,"ThreadID":4432}},"Channel":"Microsoft-Windows-Sysmon/Operational","Computer":"DESKTOP-CS6O5DN","Security":{"#attributes":{"UserID":"S-1-5-18"}}},"EventData":{"RuleName":"T1099","UtcTime":"2025-11-12 11:07:00.608","ProcessGuid":"2A767A6E-6A45-6914-8C01-000000000F00","ProcessId":7968,"Image":"C:\\Users\\root\\Desktop\\恶意代码教学样本-在沙盒中修改文件名\\1-WannaCrypt0r.exe","TargetFilename":"C:\\Users\\root\\AppData\\Local\\Microsoft\\OneDrive\\25.206.1021.0003\\images\\darkTheme\\waterGlass.svg.WNCRYT","CreationUtcTime":"2025-11-12 01:39:45.207","PreviousCreationUtcTime":"2025-11-12 11:07:00.608","User":"DESKTOP-CS6O5DN\\root"}}}
{"Event":{"#attributes":{"xmlns":"http://schemas.microsoft.com/win/2004/08/events/event"},"System":{"Provider":{"#attributes":{"Name":"Microsoft-Windows-Sysmon","Guid":"5770385F-C22A-43E0-BF4C-06F5698FFBD9"}},"EventID":2,"Version":5,"Level":4,"Task":2,"Opcode":0,"Keywords":"0x8000000000000000","TimeCreated":{"#attributes":{"SystemTime":"2025-11-12T11:07:00.620386Z"}},"EventRecordID":566,"Correlation":null,"Execution":{"#attributes":{"ProcessID":5420,"ThreadID":4432}},"Channel":"Microsoft-Windows-Sysmon/Operational","Computer":"DESKTOP-CS6O5DN","Security":{"#attributes":{"UserID":"S-1-5-18"}}},"EventData":{"RuleName":"T1099","UtcTime":"2025-11-12 11:07:00.608","ProcessGuid":"2A767A6E-6A45-6914-8C01-000000000F00","ProcessId":7968,"Image":"C:\\Users\\root\\Desktop\\恶意代码教学样本-在沙盒中修改文件名\\1-WannaCrypt0r.exe","TargetFilename":"C:\\Users\\root\\AppData\\Local\\Microsoft\\OneDrive\\25.206.1021.0003\\images\\darkTheme\\win7_kfm_done.svg.WNCRYT","CreationUtcTime":"2025-11-12 01:39:45.207","PreviousCreationUtcTime":"2025-11-12 11:07:00.608","User":"DESKTOP-CS6O5DN\\root"}}}
{"Event":{"#attributes":{"xmlns":"http://schemas.microsoft.com/win/2004/08/events/event"},"System":{"Provider":{"#attributes":{"Name":"Microsoft-Windows-Sysmon","Guid":"5770385F-C22A-43E0-BF4C-06F5698FFBD9"}},"EventID":2,"Version":5,"Level":4,"Task":2,"Opcode":0,"Keywords":"0x8000000000000000","TimeCreated":{"#attributes":{"SystemTime":"2025-11-12T11:07:00.625233Z"}},"EventRecordID":567,"Correlation":null,"Execution":{"#attributes":{"ProcessID":5420,"ThreadID":4432}},"Channel":"Microsoft-Windows-Sysmon/Operational","Computer":"DESKTOP-CS6O5DN","Security":{"#attributes":{"UserID":"S-1-5-18"}}},"EventData":{"RuleName":"T1099","UtcTime":"2025-11-12 11:07:00.622","ProcessGuid":"2A767A6E-6A45-6914-8C01-000000000F00","ProcessId":7968,"Image":"C:\\Users\\root\\Desktop\\恶意代码教学样本-在沙盒中修改文件名\\1-WannaCrypt0r.exe","TargetFilename":"C:\\Users\\root\\AppData\\Local\\Microsoft\\OneDrive\\25.206.1021.0003\\images\\darkTheme\\win7_unlink-1.svg.WNCRYT","CreationUtcTime":"2025-11-12 01:39:45.207","PreviousCreationUtcTime":"2025-11-12 11:07:00.608","User":"DESKTOP-CS6O5DN\\root"}}}
{"Event":{"#attributes":{"xmlns":"http://schemas.microsoft.com/win/2004/08/events/event"},"System":{"Provider":{"#attributes":{"Name":"Microsoft-Windows-Sysmon","Guid":"5770385F-C22A-43E0-BF4C-06F5698FFBD9"}},"EventID":2,"Version":5,"Level":4,"Task":2,"Opcode":0,"Keywords":"0x8000000000000000","TimeCreated":{"#attributes":{"SystemTime":"2025-11-12T11:07:00.630965Z"}},"EventRecordID":568,"Correlation":null,"Execution":{"#attributes":{"ProcessID":5420,"ThreadID":4432}},"Channel":"Microsoft-Windows-Sysmon/Operational","Computer":"DESKTOP-CS6O5DN","Security":{"#attributes":{"UserID":"S-1-5-18"}}},"EventData":{"RuleName":"T1099","UtcTime":"2025-11-12 11:07:00.622","ProcessGuid":"2A767A6E-6A45-6914-8C01-000000000F00","ProcessId":7968,"Image":"C:\\Users\\root\\Desktop\\恶意代码教学样本-在沙盒中修改文件名\\1-WannaCrypt0r.exe","TargetFilename":"C:\\Users\\root\\AppData\\Local\\Microsoft\\OneDrive\\25.206.1021.0003\\images\\darkTheme\\win7_unlink-2.svg.WNCRYT","CreationUtcTime":"2025-11-12 01:39:45.207","PreviousCreationUtcTime":"2025-11-12 11:07:00.622","User":"DESKTOP-CS6O5DN\\root"}}}
{"Event":{"#attributes":{"xmlns":"http://schemas.microsoft.com/win/2004/08/events/event"},"System":{"Provider":{"#attributes":{"Name":"Microsoft-Windows-Sysmon","Guid":"5770385F-C22A-43E0-BF4C-06F5698FFBD9"}},"EventID":2,"Version":5,"Level":4,"Task":2,"Opcode":0,"Keywords":"0x8000000000000000","TimeCreated":{"#attributes":{"SystemTime":"2025-11-12T11:07:00.632971Z"}},"EventRecordID":569,"Correlation":null,"Execution":{"#attributes":{"ProcessID":5420,"ThreadID":4432}},"Channel":"Microsoft-Windows-Sysmon/Operational","Computer":"DESKTOP-CS6O5DN","Security":{"#attributes":{"UserID":"S-1-5-18"}}},"EventData":{"RuleName":"T1099","UtcTime":"2025-11-12 11:07:00.622","ProcessGuid":"2A767A6E-6A45-6914-8C01-000000000F00","ProcessId":7968,"Image":"C:\\Users\\root\\Desktop\\恶意代码教学样本-在沙盒中修改文件名\\1-WannaCrypt0r.exe","TargetFilename":"C:\\Users\\root\\AppData\\Local\\Microsoft\\OneDrive\\25.206.1021.0003\\images\\darkTheme\\word.svg.WNCRYT","CreationUtcTime":"2025-11-12 01:39:45.207","PreviousCreationUtcTime":"2025-11-12 11:07:00.622","User":"DESKTOP-CS6O5DN\\root"}}}
{"Event":{"#attributes":{"xmlns":"http://schemas.microsoft.com/win/2004/08/events/event"},"System":{"Provider":{"#attributes":{"Name":"Microsoft-Windows-Sysmon","Guid":"5770385F-C22A-43E0-BF4C-06F5698FFBD9"}},"EventID":2,"Version":5,"Level":4,"Task":2,"Opcode":0,"Keywords":"0x8000000000000000","TimeCreated":{"#attributes":{"SystemTime":"2025-11-12T11:07:00.635522Z"}},"EventRecordID":570,"Correlation":null,"Execution":{"#attributes":{"ProcessID":5420,"ThreadID":4432}},"Channel":"Microsoft-Windows-Sysmon/Operational","Computer":"DESKTOP-CS6O5DN","Security":{"#attributes":{"UserID":"S-1-5-18"}}},"EventData":{"RuleName":"T1099","UtcTime":"2025-11-12 11:07:00.622","ProcessGuid":"2A767A6E-6A45-6914-8C01-000000000F00","ProcessId":7968,"Image":"C:\\Users\\root\\Desktop\\恶意代码教学样本-在沙盒中修改文件名\\1-WannaCrypt0r.exe","TargetFilename":"C:\\Users\\root\\AppData\\Local\\Microsoft\\OneDrive\\25.206.1021.0003\\images\\lightTheme\\accountDetection.svg.WNCRYT","CreationUtcTime":"2025-11-12 01:39:45.223","PreviousCreationUtcTime":"2025-11-12 11:07:00.622","User":"DESKTOP-CS6O5DN\\root"}}}
{"Event":{"#attributes":{"xmlns":"http://schemas.microsoft.com/win/2004/08/events/event"},"System":{"Provider":{"#attributes":{"Name":"Microsoft-Windows-Sysmon","Guid":"5770385F-C22A-43E0-BF4C-06F5698FFBD9"}},"EventID":2,"Version":5,"Level":4,"Task":2,"Opcode":0,"Keywords":"0x8000000000000000","TimeCreated":{"#attributes":{"SystemTime":"2025-11-12T11:07:00.638285Z"}},"EventRecordID":571,"Correlation":null,"Execution":{"#attributes":{"ProcessID":5420,"ThreadID":4432}},"Channel":"Microsoft-Windows-Sysmon/Operational","Computer":"DESKTOP-CS6O5DN","Security":{"#attributes":{"UserID":"S-1-5-18"}}},"EventData":{"RuleName":"T1099","UtcTime":"2025-11-12 11:07:00.622","ProcessGuid":"2A767A6E-6A45-6914-8C01-000000000F00","ProcessId":7968,"Image":"C:\\Users\\root\\Desktop\\恶意代码教学样本-在沙盒中修改文件名\\1-WannaCrypt0r.exe","TargetFilename":"C:\\Users\\root\\AppData\\Local\\Microsoft\\OneDrive\\25.206.1021.0003\\images\\lightTheme\\acmDismissIcon.svg.WNCRYT","CreationUtcTime":"2025-11-12 01:39:45.223","PreviousCreationUtcTime":"2025-11-12 11:07:00.622","User":"DESKTOP-CS6O5DN\\root"}}}
{"Event":{"#attributes":{"xmlns":"http://schemas.microsoft.com/win/2004/08/events/event"},"System":{"Provider":{"#attributes":{"Name":"Microsoft-Windows-Sysmon","Guid":"5770385F-C22A-43E0-BF4C-06F5698FFBD9"}},"EventID":2,"Version":5,"Level":4,"Task":2,"Opcode":0,"Keywords":"0x8000000000000000","TimeCreated":{"#attributes":{"SystemTime":"2025-11-12T11:07:00.640703Z"}},"EventRecordID":572,"Correlation":null,"Execution":{"#attributes":{"ProcessID":5420,"ThreadID":4432}},"Channel":"Microsoft-Windows-Sysmon/Operational","Computer":"DESKTOP-CS6O5DN","Security":{"#attributes":{"UserID":"S-1-5-18"}}},"EventData":{"RuleName":"T1099","UtcTime":"2025-11-12 11:07:00.637","ProcessGuid":"2A767A6E-6A45-6914-8C01-000000000F00","ProcessId":7968,"Image":"C:\\Users\\root\\Desktop\\恶意代码教学样本-在沙盒中修改文件名\\1-WannaCrypt0r.exe","TargetFilename":"C:\\Users\\root\\AppData\\Local\\Microsoft\\OneDrive\\25.206.1021.0003\\images\\lightTheme\\ACMegaImageForQuotaErrors.svg.WNCRYT","CreationUtcTime":"2025-11-12 01:39:45.223","PreviousCreationUtcTime":"2025-11-12 11:07:00.637","User":"DESKTOP-CS6O5DN\\root"}}}
{"Event":{"#attributes":{"xmlns":"http://schemas.microsoft.com/win/2004/08/events/event"},"System":{"Provider":{"#attributes":{"Name":"Microsoft-Windows-Sysmon","Guid":"5770385F-C22A-43E0-BF4C-06F5698FFBD9"}},"EventID":2,"Version":5,"Level":4,"Task":2,"Opcode":0,"Keywords":"0x8000000000000000","TimeCreated":{"#attributes":{"SystemTime":"2025-11-12T11:07:00.647755Z"}},"EventRecordID":573,"Correlation":null,"Execution":{"#attributes":{"ProcessID":5420,"ThreadID":4432}},"Channel":"Microsoft-Windows-Sysmon/Operational","Computer":"DESKTOP-CS6O5DN","Security":{"#attributes":{"UserID":"S-1-5-18"}}},"EventData":{"RuleName":"T1099","UtcTime":"2025-11-12 11:07:00.637","ProcessGuid":"2A767A6E-6A45-6914-8C01-000000000F00","ProcessId":7968,"Image":"C:\\Users\\root\\Desktop\\恶意代码教学样本-在沙盒中修改文件名\\1-WannaCrypt0r.exe","TargetFilename":"C:\\Users\\root\\AppData\\Local\\Microsoft\\OneDrive\\25.206.1021.0003\\images\\lightTheme\\acm_cloud_import.svg.WNCRYT","CreationUtcTime":"2025-11-12 01:39:45.223","PreviousCreationUtcTime":"2025-11-12 11:07:00.637","User":"DESKTOP-CS6O5DN\\root"}}}
{"Event":{"#attributes":{"xmlns":"http://schemas.microsoft.com/win/2004/08/events/event"},"System":{"Provider":{"#attributes":{"Name":"Microsoft-Windows-Sysmon","Guid":"5770385F-C22A-43E0-BF4C-06F5698FFBD9"}},"EventID":2,"Version":5,"Level":4,"Task":2,"Opcode":0,"Keywords":"0x8000000000000000","TimeCreated":{"#attributes":{"SystemTime":"2025-11-12T11:07:00.651061Z"}},"EventRecordID":574,"Correlation":null,"Execution":{"#attributes":{"ProcessID":5420,"ThreadID":4432}},"Channel":"Microsoft-Windows-Sysmon/Operational","Computer":"DESKTOP-CS6O5DN","Security":{"#attributes":{"UserID":"S-1-5-18"}}},"EventData":{"RuleName":"T1099","UtcTime":"2025-11-12 11:07:00.637","ProcessGuid":"2A767A6E-6A45-6914-8C01-000000000F00","ProcessId":7968,"Image":"C:\\Users\\root\\Desktop\\恶意代码教学样本-在沙盒中修改文件名\\1-WannaCrypt0r.exe","TargetFilename":"C:\\Users\\root\\AppData\\Local\\Microsoft\\OneDrive\\25.206.1021.0003\\images\\lightTheme\\acm_confetti.svg.WNCRYT","CreationUtcTime":"2025-11-12 01:39:45.223","PreviousCreationUtcTime":"2025-11-12 11:07:00.637","User":"DESKTOP-CS6O5DN\\root"}}}
{"Event":{"#attributes":{"xmlns":"http://schemas.microsoft.com/win/2004/08/events/event"},"System":{"Provider":{"#attributes":{"Name":"Microsoft-Windows-Sysmon","Guid":"5770385F-C22A-43E0-BF4C-06F5698FFBD9"}},"EventID":2,"Version":5,"Level":4,"Task":2,"Opcode":0,"Keywords":"0x8000000000000000","TimeCreated":{"#attributes":{"SystemTime":"2025-11-12T11:07:00.661782Z"}},"EventRecordID":575,"Correlation":null,"Execution":{"#attributes":{"ProcessID":5420,"ThreadID":4432}},"Channel":"Microsoft-Windows-Sysmon/Operational","Computer":"DESKTOP-CS6O5DN","Security":{"#attributes":{"UserID":"S-1-5-18"}}},"EventData":{"RuleName":"T1099","UtcTime":"2025-11-12 11:07:00.653","ProcessGuid":"2A767A6E-6A45-6914-8C01-000000000F00","ProcessId":7968,"Image":"C:\\Users\\root\\Desktop\\恶意代码教学样本-在沙盒中修改文件名\\1-WannaCrypt0r.exe","TargetFilename":"C:\\Users\\root\\AppData\\Local\\Microsoft\\OneDrive\\25.206.1021.0003\\images\\lightTheme\\acm_low_disk_space_online_only.svg.WNCRYT","CreationUtcTime":"2025-11-12 01:39:45.223","PreviousCreationUtcTime":"2025-11-12 11:07:00.637","User":"DESKTOP-CS6O5DN\\root"}}}
{"Event":{"#attributes":{"xmlns":"http://schemas.microsoft.com/win/2004/08/events/event"},"System":{"Provider":{"#attributes":{"Name":"Microsoft-Windows-Sysmon","Guid":"5770385F-C22A-43E0-BF4C-06F5698FFBD9"}},"EventID":2,"Version":5,"Level":4,"Task":2,"Opcode":0,"Keywords":"0x8000000000000000","TimeCreated":{"#attributes":{"SystemTime":"2025-11-12T11:07:00.665058Z"}},"EventRecordID":576,"Correlation":null,"Execution":{"#attributes":{"ProcessID":5420,"ThreadID":4432}},"Channel":"Microsoft-Windows-Sysmon/Operational","Computer":"DESKTOP-CS6O5DN","Security":{"#attributes":{"UserID":"S-1-5-18"}}},"EventData":{"RuleName":"T1099","UtcTime":"2025-11-12 11:07:00.653","ProcessGuid":"2A767A6E-6A45-6914-8C01-000000000F00","ProcessId":7968,"Image":"C:\\Users\\root\\Desktop\\恶意代码教学样本-在沙盒中修改文件名\\1-WannaCrypt0r.exe","TargetFilename":"C:\\Users\\root\\AppData\\Local\\Microsoft\\OneDrive\\25.206.1021.0003\\images\\lightTheme\\addedFolderIcon_mac.svg.WNCRYT","CreationUtcTime":"2025-11-12 01:39:45.238","PreviousCreationUtcTime":"2025-11-12 11:07:00.653","User":"DESKTOP-CS6O5DN\\root"}}}
{"Event":{"#attributes":{"xmlns":"http://schemas.microsoft.com/win/2004/08/events/event"},"System":{"Provider":{"#attributes":{"Name":"Microsoft-Windows-Sysmon","Guid":"5770385F-C22A-43E0-BF4C-06F5698FFBD9"}},"EventID":2,"Version":5,"Level":4,"Task":2,"Opcode":0,"Keywords":"0x8000000000000000","TimeCreated":{"#attributes":{"SystemTime":"2025-11-12T11:07:00.667372Z"}},"EventRecordID":577,"Correlation":null,"Execution":{"#attributes":{"ProcessID":5420,"ThreadID":4432}},"Channel":"Microsoft-Windows-Sysmon/Operational","Computer":"DESKTOP-CS6O5DN","Security":{"#attributes":{"UserID":"S-1-5-18"}}},"EventData":{"RuleName":"T1099","UtcTime":"2025-11-12 11:07:00.653","ProcessGuid":"2A767A6E-6A45-6914-8C01-000000000F00","ProcessId":7968,"Image":"C:\\Users\\root\\Desktop\\恶意代码教学样本-在沙盒中修改文件名\\1-WannaCrypt0r.exe","TargetFilename":"C:\\Users\\root\\AppData\\Local\\Microsoft\\OneDrive\\25.206.1021.0003\\images\\lightTheme\\addedFolderIcon_win.svg.WNCRYT","CreationUtcTime":"2025-11-12 01:39:45.238","PreviousCreationUtcTime":"2025-11-12 11:07:00.653","User":"DESKTOP-CS6O5DN\\root"}}}
{"Event":{"#attributes":{"xmlns":"http://schemas.microsoft.com/win/2004/08/events/event"},"System":{"Provider":{"#attributes":{"Name":"Microsoft-Windows-Sysmon","Guid":"5770385F-C22A-43E0-BF4C-06F5698FFBD9"}},"EventID":2,"Version":5,"Level":4,"Task":2,"Opcode":0,"Keywords":"0x8000000000000000","TimeCreated":{"#attributes":{"SystemTime":"2025-11-12T11:07:00.673351Z"}},"EventRecordID":578,"Correlation":null,"Execution":{"#attributes":{"ProcessID":5420,"ThreadID":4432}},"Channel":"Microsoft-Windows-Sysmon/Operational","Computer":"DESKTOP-CS6O5DN","Security":{"#attributes":{"UserID":"S-1-5-18"}}},"EventData":{"RuleName":"T1099","UtcTime":"2025-11-12 11:07:00.669","ProcessGuid":"2A767A6E-6A45-6914-8C01-000000000F00","ProcessId":7968,"Image":"C:\\Users\\root\\Desktop\\恶意代码教学样本-在沙盒中修改文件名\\1-WannaCrypt0r.exe","TargetFilename":"C:\\Users\\root\\AppData\\Local\\Microsoft\\OneDrive\\25.206.1021.0003\\images\\lightTheme\\BlueCloudCritical_default.svg.WNCRYT","CreationUtcTime":"2025-11-12 01:39:45.238","PreviousCreationUtcTime":"2025-11-12 11:07:00.669","User":"DESKTOP-CS6O5DN\\root"}}}
{"Event":{"#attributes":{"xmlns":"http://schemas.microsoft.com/win/2004/08/events/event"},"System":{"Provider":{"#attributes":{"Name":"Microsoft-Windows-Sysmon","Guid":"5770385F-C22A-43E0-BF4C-06F5698FFBD9"}},"EventID":2,"Version":5,"Level":4,"Task":2,"Opcode":0,"Keywords":"0x8000000000000000","TimeCreated":{"#attributes":{"SystemTime":"2025-11-12T11:07:00.675171Z"}},"EventRecordID":579,"Correlation":null,"Execution":{"#attributes":{"ProcessID":5420,"ThreadID":4432}},"Channel":"Microsoft-Windows-Sysmon/Operational","Computer":"DESKTOP-CS6O5DN","Security":{"#attributes":{"UserID":"S-1-5-18"}}},"EventData":{"RuleName":"T1099","UtcTime":"2025-11-12 11:07:00.669","ProcessGuid":"2A767A6E-6A45-6914-8C01-000000000F00","ProcessId":7968,"Image":"C:\\Users\\root\\Desktop\\恶意代码教学样本-在沙盒中修改文件名\\1-WannaCrypt0r.exe","TargetFilename":"C:\\Users\\root\\AppData\\Local\\Microsoft\\OneDrive\\25.206.1021.0003\\images\\lightTheme\\BlueCloudCritical_Win11.svg.WNCRYT","CreationUtcTime":"2025-11-12 01:39:45.238","PreviousCreationUtcTime":"2025-11-12 11:07:00.669","User":"DESKTOP-CS6O5DN\\root"}}}
{"Event":{"#attributes":{"xmlns":"http://schemas.microsoft.com/win/2004/08/events/event"},"System":{"Provider":{"#attributes":{"Name":"Microsoft-Windows-Sysmon","Guid":"5770385F-C22A-43E0-BF4C-06F5698FFBD9"}},"EventID":2,"Version":5,"Level":4,"Task":2,"Opcode":0,"Keywords":"0x8000000000000000","TimeCreated":{"#attributes":{"SystemTime":"2025-11-12T11:07:00.679095Z"}},"EventRecordID":580,"Correlation":null,"Execution":{"#attributes":{"ProcessID":5420,"ThreadID":4432}},"Channel":"Microsoft-Windows-Sysmon/Operational","Computer":"DESKTOP-CS6O5DN","Security":{"#attributes":{"UserID":"S-1-5-18"}}},"EventData":{"RuleName":"T1099","UtcTime":"2025-11-12 11:07:00.669","ProcessGuid":"2A767A6E-6A45-6914-8C01-000000000F00","ProcessId":7968,"Image":"C:\\Users\\root\\Desktop\\恶意代码教学样本-在沙盒中修改文件名\\1-WannaCrypt0r.exe","TargetFilename":"C:\\Users\\root\\AppData\\Local\\Microsoft\\OneDrive\\25.206.1021.0003\\images\\lightTheme\\BlueCloudFull_default.svg.WNCRYT","CreationUtcTime":"2025-11-12 01:39:45.238","PreviousCreationUtcTime":"2025-11-12 11:07:00.669","User":"DESKTOP-CS6O5DN\\root"}}}
{"Event":{"#attributes":{"xmlns":"http://schemas.microsoft.com/win/2004/08/events/event"},"System":{"Provider":{"#attributes":{"Name":"Microsoft-Windows-Sysmon","Guid":"5770385F-C22A-43E0-BF4C-06F5698FFBD9"}},"EventID":2,"Version":5,"Level":4,"Task":2,"Opcode":0,"Keywords":"0x8000000000000000","TimeCreated":{"#attributes":{"SystemTime":"2025-11-12T11:07:00.684046Z"}},"EventRecordID":581,"Correlation":null,"Execution":{"#attributes":{"ProcessID":5420,"ThreadID":4432}},"Channel":"Microsoft-Windows-Sysmon/Operational","Computer":"DESKTOP-CS6O5DN","Security":{"#attributes":{"UserID":"S-1-5-18"}}},"EventData":{"RuleName":"T1099","UtcTime":"2025-11-12 11:07:00.669","ProcessGuid":"2A767A6E-6A45-6914-8C01-000000000F00","ProcessId":7968,"Image":"C:\\Users\\root\\Desktop\\恶意代码教学样本-在沙盒中修改文件名\\1-WannaCrypt0r.exe","TargetFilename":"C:\\Users\\root\\AppData\\Local\\Microsoft\\OneDrive\\25.206.1021.0003\\images\\lightTheme\\BlueCloudFull_Win11.svg.WNCRYT","CreationUtcTime":"2025-11-12 01:39:45.238","PreviousCreationUtcTime":"2025-11-12 11:07:00.669","User":"DESKTOP-CS6O5DN\\root"}}}
{"Event":{"#attributes":{"xmlns":"http://schemas.microsoft.com/win/2004/08/events/event"},"System":{"Provider":{"#attributes":{"Name":"Microsoft-Windows-Sysmon","Guid":"5770385F-C22A-43E0-BF4C-06F5698FFBD9"}},"EventID":2,"Version":5,"Level":4,"Task":2,"Opcode":0,"Keywords":"0x8000000000000000","TimeCreated":{"#attributes":{"SystemTime":"2025-11-12T11:07:00.686736Z"}},"EventRecordID":582,"Correlation":null,"Execution":{"#attributes":{"ProcessID":5420,"ThreadID":4432}},"Channel":"Microsoft-Windows-Sysmon/Operational","Computer":"DESKTOP-CS6O5DN","Security":{"#attributes":{"UserID":"S-1-5-18"}}},"EventData":{"RuleName":"T1099","UtcTime":"2025-11-12 11:07:00.685","ProcessGuid":"2A767A6E-6A45-6914-8C01-000000000F00","ProcessId":7968,"Image":"C:\\Users\\root\\Desktop\\恶意代码教学样本-在沙盒中修改文件名\\1-WannaCrypt0r.exe","TargetFilename":"C:\\Users\\root\\AppData\\Local\\Microsoft\\OneDrive\\25.206.1021.0003\\images\\lightTheme\\BlueCloudOverLimit.svg.WNCRYT","CreationUtcTime":"2025-11-12 01:39:45.238","PreviousCreationUtcTime":"2025-11-12 11:07:00.685","User":"DESKTOP-CS6O5DN\\root"}}}
{"Event":{"#attributes":{"xmlns":"http://schemas.microsoft.com/win/2004/08/events/event"},"System":{"Provider":{"#attributes":{"Name":"Microsoft-Windows-Sysmon","Guid":"5770385F-C22A-43E0-BF4C-06F5698FFBD9"}},"EventID":2,"Version":5,"Level":4,"Task":2,"Opcode":0,"Keywords":"0x8000000000000000","TimeCreated":{"#attributes":{"SystemTime":"2025-11-12T11:07:00.688965Z"}},"EventRecordID":583,"Correlation":null,"Execution":{"#attributes":{"ProcessID":5420,"ThreadID":4432}},"Channel":"Microsoft-Windows-Sysmon/Operational","Computer":"DESKTOP-CS6O5DN","Security":{"#attributes":{"UserID":"S-1-5-18"}}},"EventData":{"RuleName":"T1099","UtcTime":"2025-11-12 11:07:00.685","ProcessGuid":"2A767A6E-6A45-6914-8C01-000000000F00","ProcessId":7968,"Image":"C:\\Users\\root\\Desktop\\恶意代码教学样本-在沙盒中修改文件名\\1-WannaCrypt0r.exe","TargetFilename":"C:\\Users\\root\\AppData\\Local\\Microsoft\\OneDrive\\25.206.1021.0003\\images\\lightTheme\\blue_cloud.svg.WNCRYT","CreationUtcTime":"2025-11-12 01:39:45.238","PreviousCreationUtcTime":"2025-11-12 11:07:00.685","User":"DESKTOP-CS6O5DN\\root"}}}
{"Event":{"#attributes":{"xmlns":"http://schemas.microsoft.com/win/2004/08/events/event"},"System":{"Provider":{"#attributes":{"Name":"Microsoft-Windows-Sysmon","Guid":"5770385F-C22A-43E0-BF4C-06F5698FFBD9"}},"EventID":2,"Version":5,"Level":4,"Task":2,"Opcode":0,"Keywords":"0x8000000000000000","TimeCreated":{"#attributes":{"SystemTime":"2025-11-12T11:07:00.691311Z"}},"EventRecordID":584,"Correlation":null,"Execution":{"#attributes":{"ProcessID":5420,"ThreadID":4432}},"Channel":"Microsoft-Windows-Sysmon/Operational","Computer":"DESKTOP-CS6O5DN","Security":{"#attributes":{"UserID":"S-1-5-18"}}},"EventData":{"RuleName":"T1099","UtcTime":"2025-11-12 11:07:00.685","ProcessGuid":"2A767A6E-6A45-6914-8C01-000000000F00","ProcessId":7968,"Image":"C:\\Users\\root\\Desktop\\恶意代码教学样本-在沙盒中修改文件名\\1-WannaCrypt0r.exe","TargetFilename":"C:\\Users\\root\\AppData\\Local\\Microsoft\\OneDrive\\25.206.1021.0003\\images\\lightTheme\\bugIcon.svg.WNCRYT","CreationUtcTime":"2025-11-12 01:39:45.254","PreviousCreationUtcTime":"2025-11-12 11:07:00.685","User":"DESKTOP-CS6O5DN\\root"}}}
{"Event":{"#attributes":{"xmlns":"http://schemas.microsoft.com/win/2004/08/events/event"},"System":{"Provider":{"#attributes":{"Name":"Microsoft-Windows-Sysmon","Guid":"5770385F-C22A-43E0-BF4C-06F5698FFBD9"}},"EventID":2,"Version":5,"Level":4,"Task":2,"Opcode":0,"Keywords":"0x8000000000000000","TimeCreated":{"#attributes":{"SystemTime":"2025-11-12T11:07:00.694335Z"}},"EventRecordID":585,"Correlation":null,"Execution":{"#attributes":{"ProcessID":5420,"ThreadID":4432}},"Channel":"Microsoft-Windows-Sysmon/Operational","Computer":"DESKTOP-CS6O5DN","Security":{"#attributes":{"UserID":"S-1-5-18"}}},"EventData":{"RuleName":"T1099","UtcTime":"2025-11-12 11:07:00.685","ProcessGuid":"2A767A6E-6A45-6914-8C01-000000000F00","ProcessId":7968,"Image":"C:\\Users\\root\\Desktop\\恶意代码教学样本-在沙盒中修改文件名\\1-WannaCrypt0r.exe","TargetFilename":"C:\\Users\\root\\AppData\\Local\\Microsoft\\OneDrive\\25.206.1021.0003\\images\\lightTheme\\CameraRollBackup.svg.WNCRYT","CreationUtcTime":"2025-11-12 01:39:45.254","PreviousCreationUtcTime":"2025-11-12 11:07:00.685","User":"DESKTOP-CS6O5DN\\root"}}}
{"Event":{"#attributes":{"xmlns":"http://schemas.microsoft.com/win/2004/08/events/event"},"System":{"Provider":{"#attributes":{"Name":"Microsoft-Windows-Sysmon","Guid":"5770385F-C22A-43E0-BF4C-06F5698FFBD9"}},"EventID":2,"Version":5,"Level":4,"Task":2,"Opcode":0,"Keywords":"0x8000000000000000","TimeCreated":{"#attributes":{"SystemTime":"2025-11-12T11:07:00.696723Z"}},"EventRecordID":586,"Correlation":null,"Execution":{"#attributes":{"ProcessID":5420,"ThreadID":4432}},"Channel":"Microsoft-Windows-Sysmon/Operational","Computer":"DESKTOP-CS6O5DN","Security":{"#attributes":{"UserID":"S-1-5-18"}}},"EventData":{"RuleName":"T1099","UtcTime":"2025-11-12 11:07:00.685","ProcessGuid":"2A767A6E-6A45-6914-8C01-000000000F00","ProcessId":7968,"Image":"C:\\Users\\root\\Desktop\\恶意代码教学样本-在沙盒中修改文件名\\1-WannaCrypt0r.exe","TargetFilename":"C:\\Users\\root\\AppData\\Local\\Microsoft\\OneDrive\\25.206.1021.0003\\images\\lightTheme\\Clipchamp.svg.WNCRYT","CreationUtcTime":"2025-11-12 01:39:45.254","PreviousCreationUtcTime":"2025-11-12 11:07:00.685","User":"DESKTOP-CS6O5DN\\root"}}}
{"Event":{"#attributes":{"xmlns":"http://schemas.microsoft.com/win/2004/08/events/event"},"System":{"Provider":{"#attributes":{"Name":"Microsoft-Windows-Sysmon","Guid":"5770385F-C22A-43E0-BF4C-06F5698FFBD9"}},"EventID":2,"Version":5,"Level":4,"Task":2,"Opcode":0,"Keywords":"0x8000000000000000","TimeCreated":{"#attributes":{"SystemTime":"2025-11-12T11:07:00.698848Z"}},"EventRecordID":587,"Correlation":null,"Execution":{"#attributes":{"ProcessID":5420,"ThreadID":4432}},"Channel":"Microsoft-Windows-Sysmon/Operational","Computer":"DESKTOP-CS6O5DN","Security":{"#attributes":{"UserID":"S-1-5-18"}}},"EventData":{"RuleName":"T1099","UtcTime":"2025-11-12 11:07:00.685","ProcessGuid":"2A767A6E-6A45-6914-8C01-000000000F00","ProcessId":7968,"Image":"C:\\Users\\root\\Desktop\\恶意代码教学样本-在沙盒中修改文件名\\1-WannaCrypt0r.exe","TargetFilename":"C:\\Users\\root\\AppData\\Local\\Microsoft\\OneDrive\\25.206.1021.0003\\images\\lightTheme\\cloud.svg.WNCRYT","CreationUtcTime":"2025-11-12 01:39:45.254","PreviousCreationUtcTime":"2025-11-12 11:07:00.685","User":"DESKTOP-CS6O5DN\\root"}}}
{"Event":{"#attributes":{"xmlns":"http://schemas.microsoft.com/win/2004/08/events/event"},"System":{"Provider":{"#attributes":{"Name":"Microsoft-Windows-Sysmon","Guid":"5770385F-C22A-43E0-BF4C-06F5698FFBD9"}},"EventID":2,"Version":5,"Level":4,"Task":2,"Opcode":0,"Keywords":"0x8000000000000000","TimeCreated":{"#attributes":{"SystemTime":"2025-11-12T11:07:00.701060Z"}},"EventRecordID":588,"Correlation":null,"Execution":{"#attributes":{"ProcessID":5420,"ThreadID":4432}},"Channel":"Microsoft-Windows-Sysmon/Operational","Computer":"DESKTOP-CS6O5DN","Security":{"#attributes":{"UserID":"S-1-5-18"}}},"EventData":{"RuleName":"T1099","UtcTime":"2025-11-12 11:07:00.700","ProcessGuid":"2A767A6E-6A45-6914-8C01-000000000F00","ProcessId":7968,"Image":"C:\\Users\\root\\Desktop\\恶意代码教学样本-在沙盒中修改文件名\\1-WannaCrypt0r.exe","TargetFilename":"C:\\Users\\root\\AppData\\Local\\Microsoft\\OneDrive\\25.206.1021.0003\\images\\lightTheme\\CloudIconError.svg.WNCRYT","CreationUtcTime":"2025-11-12 01:39:45.270","PreviousCreationUtcTime":"2025-11-12 11:07:00.685","User":"DESKTOP-CS6O5DN\\root"}}}
{"Event":{"#attributes":{"xmlns":"http://schemas.microsoft.com/win/2004/08/events/event"},"System":{"Provider":{"#attributes":{"Name":"Microsoft-Windows-Sysmon","Guid":"5770385F-C22A-43E0-BF4C-06F5698FFBD9"}},"EventID":2,"Version":5,"Level":4,"Task":2,"Opcode":0,"Keywords":"0x8000000000000000","TimeCreated":{"#attributes":{"SystemTime":"2025-11-12T11:07:00.702433Z"}},"EventRecordID":589,"Correlation":null,"Execution":{"#attributes":{"ProcessID":5420,"ThreadID":4432}},"Channel":"Microsoft-Windows-Sysmon/Operational","Computer":"DESKTOP-CS6O5DN","Security":{"#attributes":{"UserID":"S-1-5-18"}}},"EventData":{"RuleName":"T1099","UtcTime":"2025-11-12 11:07:00.700","ProcessGuid":"2A767A6E-6A45-6914-8C01-000000000F00","ProcessId":7968,"Image":"C:\\Users\\root\\Desktop\\恶意代码教学样本-在沙盒中修改文件名\\1-WannaCrypt0r.exe","TargetFilename":"C:\\Users\\root\\AppData\\Local\\Microsoft\\OneDrive\\25.206.1021.0003\\images\\lightTheme\\CloudIconOffline.svg.WNCRYT","CreationUtcTime":"2025-11-12 01:39:45.270","PreviousCreationUtcTime":"2025-11-12 11:07:00.700","User":"DESKTOP-CS6O5DN\\root"}}}
{"Event":{"#attributes":{"xmlns":"http://schemas.microsoft.com/win/2004/08/events/event"},"System":{"Provider":{"#attributes":{"Name":"Microsoft-Windows-Sysmon","Guid":"5770385F-C22A-43E0-BF4C-06F5698FFBD9"}},"EventID":2,"Version":5,"Level":4,"Task":2,"Opcode":0,"Keywords":"0x8000000000000000","TimeCreated":{"#attributes":{"SystemTime":"2025-11-12T11:07:00.704454Z"}},"EventRecordID":590,"Correlation":null,"Execution":{"#attributes":{"ProcessID":5420,"ThreadID":4432}},"Channel":"Microsoft-Windows-Sysmon/Operational","Computer":"DESKTOP-CS6O5DN","Security":{"#attributes":{"UserID":"S-1-5-18"}}},"EventData":{"RuleName":"T1099","UtcTime":"2025-11-12 11:07:00.700","ProcessGuid":"2A767A6E-6A45-6914-8C01-000000000F00","ProcessId":7968,"Image":"C:\\Users\\root\\Desktop\\恶意代码教学样本-在沙盒中修改文件名\\1-WannaCrypt0r.exe","TargetFilename":"C:\\Users\\root\\AppData\\Local\\Microsoft\\OneDrive\\25.206.1021.0003\\images\\lightTheme\\CloudIconPaused.svg.WNCRYT","CreationUtcTime":"2025-11-12 01:39:45.270","PreviousCreationUtcTime":"2025-11-12 11:07:00.700","User":"DESKTOP-CS6O5DN\\root"}}}
{"Event":{"#attributes":{"xmlns":"http://schemas.microsoft.com/win/2004/08/events/event"},"System":{"Provider":{"#attributes":{"Name":"Microsoft-Windows-Sysmon","Guid":"5770385F-C22A-43E0-BF4C-06F5698FFBD9"}},"EventID":2,"Version":5,"Level":4,"Task":2,"Opcode":0,"Keywords":"0x8000000000000000","TimeCreated":{"#attributes":{"SystemTime":"2025-11-12T11:07:00.706943Z"}},"EventRecordID":591,"Correlation":null,"Execution":{"#attributes":{"ProcessID":5420,"ThreadID":4432}},"Channel":"Microsoft-Windows-Sysmon/Operational","Computer":"DESKTOP-CS6O5DN","Security":{"#attributes":{"UserID":"S-1-5-18"}}},"EventData":{"RuleName":"T1099","UtcTime":"2025-11-12 11:07:00.700","ProcessGuid":"2A767A6E-6A45-6914-8C01-000000000F00","ProcessId":7968,"Image":"C:\\Users\\root\\Desktop\\恶意代码教学样本-在沙盒中修改文件名\\1-WannaCrypt0r.exe","TargetFilename":"C:\\Users\\root\\AppData\\Local\\Microsoft\\OneDrive\\25.206.1021.0003\\images\\lightTheme\\CloudIconSynced.svg.WNCRYT","CreationUtcTime":"2025-11-12 01:39:45.270","PreviousCreationUtcTime":"2025-11-12 11:07:00.700","User":"DESKTOP-CS6O5DN\\root"}}}
{"Event":{"#attributes":{"xmlns":"http://schemas.microsoft.com/win/2004/08/events/event"},"System":{"Provider":{"#attributes":{"Name":"Microsoft-Windows-Sysmon","Guid":"5770385F-C22A-43E0-BF4C-06F5698FFBD9"}},"EventID":2,"Version":5,"Level":4,"Task":2,"Opcode":0,"Keywords":"0x8000000000000000","TimeCreated":{"#attributes":{"SystemTime":"2025-11-12T11:07:00.708843Z"}},"EventRecordID":592,"Correlation":null,"Execution":{"#attributes":{"ProcessID":5420,"ThreadID":4432}},"Channel":"Microsoft-Windows-Sysmon/Operational","Computer":"DESKTOP-CS6O5DN","Security":{"#attributes":{"UserID":"S-1-5-18"}}},"EventData":{"RuleName":"T1099","UtcTime":"2025-11-12 11:07:00.700","ProcessGuid":"2A767A6E-6A45-6914-8C01-000000000F00","ProcessId":7968,"Image":"C:\\Users\\root\\Desktop\\恶意代码教学样本-在沙盒中修改文件名\\1-WannaCrypt0r.exe","TargetFilename":"C:\\Users\\root\\AppData\\Local\\Microsoft\\OneDrive\\25.206.1021.0003\\images\\lightTheme\\CloudIconSyncing.svg.WNCRYT","CreationUtcTime":"2025-11-12 01:39:45.270","PreviousCreationUtcTime":"2025-11-12 11:07:00.700","User":"DESKTOP-CS6O5DN\\root"}}}
{"Event":{"#attributes":{"xmlns":"http://schemas.microsoft.com/win/2004/08/events/event"},"System":{"Provider":{"#attributes":{"Name":"Microsoft-Windows-Sysmon","Guid":"5770385F-C22A-43E0-BF4C-06F5698FFBD9"}},"EventID":2,"Version":5,"Level":4,"Task":2,"Opcode":0,"Keywords":"0x8000000000000000","TimeCreated":{"#attributes":{"SystemTime":"2025-11-12T11:07:00.710629Z"}},"EventRecordID":593,"Correlation":null,"Execution":{"#attributes":{"ProcessID":5420,"ThreadID":4432}},"Channel":"Microsoft-Windows-Sysmon/Operational","Computer":"DESKTOP-CS6O5DN","Security":{"#attributes":{"UserID":"S-1-5-18"}}},"EventData":{"RuleName":"T1099","UtcTime":"2025-11-12 11:07:00.700","ProcessGuid":"2A767A6E-6A45-6914-8C01-000000000F00","ProcessId":7968,"Image":"C:\\Users\\root\\Desktop\\恶意代码教学样本-在沙盒中修改文件名\\1-WannaCrypt0r.exe","TargetFilename":"C:\\Users\\root\\AppData\\Local\\Microsoft\\OneDrive\\25.206.1021.0003\\images\\lightTheme\\CloudIconWarning.svg.WNCRYT","CreationUtcTime":"2025-11-12 01:39:45.270","PreviousCreationUtcTime":"2025-11-12 11:07:00.700","User":"DESKTOP-CS6O5DN\\root"}}}
{"Event":{"#attributes":{"xmlns":"http://schemas.microsoft.com/win/2004/08/events/event"},"System":{"Provider":{"#attributes":{"Name":"Microsoft-Windows-Sysmon","Guid":"5770385F-C22A-43E0-BF4C-06F5698FFBD9"}},"EventID":2,"Version":5,"Level":4,"Task":2,"Opcode":0,"Keywords":"0x8000000000000000","TimeCreated":{"#attributes":{"SystemTime":"2025-11-12T11:07:00.713969Z"}},"EventRecordID":594,"Correlation":null,"Execution":{"#attributes":{"ProcessID":5420,"ThreadID":4432}},"Channel":"Microsoft-Windows-Sysmon/Operational","Computer":"DESKTOP-CS6O5DN","Security":{"#attributes":{"UserID":"S-1-5-18"}}},"EventData":{"RuleName":"T1099","UtcTime":"2025-11-12 11:07:00.700","ProcessGuid":"2A767A6E-6A45-6914-8C01-000000000F00","ProcessId":7968,"Image":"C:\\Users\\root\\Desktop\\恶意代码教学样本-在沙盒中修改文件名\\1-WannaCrypt0r.exe","TargetFilename":"C:\\Users\\root\\AppData\\Local\\Microsoft\\OneDrive\\25.206.1021.0003\\images\\lightTheme\\ColoredFolders.svg.WNCRYT","CreationUtcTime":"2025-11-12 01:39:45.270","PreviousCreationUtcTime":"2025-11-12 11:07:00.700","User":"DESKTOP-CS6O5DN\\root"}}}
{"Event":{"#attributes":{"xmlns":"http://schemas.microsoft.com/win/2004/08/events/event"},"System":{"Provider":{"#attributes":{"Name":"Microsoft-Windows-Sysmon","Guid":"5770385F-C22A-43E0-BF4C-06F5698FFBD9"}},"EventID":2,"Version":5,"Level":4,"Task":2,"Opcode":0,"Keywords":"0x8000000000000000","TimeCreated":{"#attributes":{"SystemTime":"2025-11-12T11:07:00.718255Z"}},"EventRecordID":595,"Correlation":null,"Execution":{"#attributes":{"ProcessID":5420,"ThreadID":4432}},"Channel":"Microsoft-Windows-Sysmon/Operational","Computer":"DESKTOP-CS6O5DN","Security":{"#attributes":{"UserID":"S-1-5-18"}}},"EventData":{"RuleName":"T1099","UtcTime":"2025-11-12 11:07:00.716","ProcessGuid":"2A767A6E-6A45-6914-8C01-000000000F00","ProcessId":7968,"Image":"C:\\Users\\root\\Desktop\\恶意代码教学样本-在沙盒中修改文件名\\1-WannaCrypt0r.exe","TargetFilename":"C:\\Users\\root\\AppData\\Local\\Microsoft\\OneDrive\\25.206.1021.0003\\images\\lightTheme\\ColoredFolders_Flyout.svg.WNCRYT","CreationUtcTime":"2025-11-12 01:39:45.270","PreviousCreationUtcTime":"2025-11-12 11:07:00.700","User":"DESKTOP-CS6O5DN\\root"}}}
{"Event":{"#attributes":{"xmlns":"http://schemas.microsoft.com/win/2004/08/events/event"},"System":{"Provider":{"#attributes":{"Name":"Microsoft-Windows-Sysmon","Guid":"5770385F-C22A-43E0-BF4C-06F5698FFBD9"}},"EventID":2,"Version":5,"Level":4,"Task":2,"Opcode":0,"Keywords":"0x8000000000000000","TimeCreated":{"#attributes":{"SystemTime":"2025-11-12T11:07:00.720814Z"}},"EventRecordID":596,"Correlation":null,"Execution":{"#attributes":{"ProcessID":5420,"ThreadID":4432}},"Channel":"Microsoft-Windows-Sysmon/Operational","Computer":"DESKTOP-CS6O5DN","Security":{"#attributes":{"UserID":"S-1-5-18"}}},"EventData":{"RuleName":"T1099","UtcTime":"2025-11-12 11:07:00.716","ProcessGuid":"2A767A6E-6A45-6914-8C01-000000000F00","ProcessId":7968,"Image":"C:\\Users\\root\\Desktop\\恶意代码教学样本-在沙盒中修改文件名\\1-WannaCrypt0r.exe","TargetFilename":"C:\\Users\\root\\AppData\\Local\\Microsoft\\OneDrive\\25.206.1021.0003\\images\\lightTheme\\Designer.svg.WNCRYT","CreationUtcTime":"2025-11-12 01:39:45.285","PreviousCreationUtcTime":"2025-11-12 11:07:00.716","User":"DESKTOP-CS6O5DN\\root"}}}
{"Event":{"#attributes":{"xmlns":"http://schemas.microsoft.com/win/2004/08/events/event"},"System":{"Provider":{"#attributes":{"Name":"Microsoft-Windows-Sysmon","Guid":"5770385F-C22A-43E0-BF4C-06F5698FFBD9"}},"EventID":2,"Version":5,"Level":4,"Task":2,"Opcode":0,"Keywords":"0x8000000000000000","TimeCreated":{"#attributes":{"SystemTime":"2025-11-12T11:07:00.722410Z"}},"EventRecordID":597,"Correlation":null,"Execution":{"#attributes":{"ProcessID":5420,"ThreadID":4432}},"Channel":"Microsoft-Windows-Sysmon/Operational","Computer":"DESKTOP-CS6O5DN","Security":{"#attributes":{"UserID":"S-1-5-18"}}},"EventData":{"RuleName":"T1099","UtcTime":"2025-11-12 11:07:00.716","ProcessGuid":"2A767A6E-6A45-6914-8C01-000000000F00","ProcessId":7968,"Image":"C:\\Users\\root\\Desktop\\恶意代码教学样本-在沙盒中修改文件名\\1-WannaCrypt0r.exe","TargetFilename":"C:\\Users\\root\\AppData\\Local\\Microsoft\\OneDrive\\25.206.1021.0003\\images\\lightTheme\\dialog_dismiss.svg.WNCRYT","CreationUtcTime":"2025-11-12 01:39:45.285","PreviousCreationUtcTime":"2025-11-12 11:07:00.716","User":"DESKTOP-CS6O5DN\\root"}}}
{"Event":{"#attributes":{"xmlns":"http://schemas.microsoft.com/win/2004/08/events/event"},"System":{"Provider":{"#attributes":{"Name":"Microsoft-Windows-Sysmon","Guid":"5770385F-C22A-43E0-BF4C-06F5698FFBD9"}},"EventID":2,"Version":5,"Level":4,"Task":2,"Opcode":0,"Keywords":"0x8000000000000000","TimeCreated":{"#attributes":{"SystemTime":"2025-11-12T11:07:00.725267Z"}},"EventRecordID":598,"Correlation":null,"Execution":{"#attributes":{"ProcessID":5420,"ThreadID":4432}},"Channel":"Microsoft-Windows-Sysmon/Operational","Computer":"DESKTOP-CS6O5DN","Security":{"#attributes":{"UserID":"S-1-5-18"}}},"EventData":{"RuleName":"T1099","UtcTime":"2025-11-12 11:07:00.716","ProcessGuid":"2A767A6E-6A45-6914-8C01-000000000F00","ProcessId":7968,"Image":"C:\\Users\\root\\Desktop\\恶意代码教学样本-在沙盒中修改文件名\\1-WannaCrypt0r.exe","TargetFilename":"C:\\Users\\root\\AppData\\Local\\Microsoft\\OneDrive\\25.206.1021.0003\\images\\lightTheme\\done_graphic.svg.WNCRYT","CreationUtcTime":"2025-11-12 01:39:45.285","PreviousCreationUtcTime":"2025-11-12 11:07:00.716","User":"DESKTOP-CS6O5DN\\root"}}}
{"Event":{"#attributes":{"xmlns":"http://schemas.microsoft.com/win/2004/08/events/event"},"System":{"Provider":{"#attributes":{"Name":"Microsoft-Windows-Sysmon","Guid":"5770385F-C22A-43E0-BF4C-06F5698FFBD9"}},"EventID":2,"Version":5,"Level":4,"Task":2,"Opcode":0,"Keywords":"0x8000000000000000","TimeCreated":{"#attributes":{"SystemTime":"2025-11-12T11:07:00.728023Z"}},"EventRecordID":599,"Correlation":null,"Execution":{"#attributes":{"ProcessID":5420,"ThreadID":4432}},"Channel":"Microsoft-Windows-Sysmon/Operational","Computer":"DESKTOP-CS6O5DN","Security":{"#attributes":{"UserID":"S-1-5-18"}}},"EventData":{"RuleName":"T1099","UtcTime":"2025-11-12 11:07:00.716","ProcessGuid":"2A767A6E-6A45-6914-8C01-000000000F00","ProcessId":7968,"Image":"C:\\Users\\root\\Desktop\\恶意代码教学样本-在沙盒中修改文件名\\1-WannaCrypt0r.exe","TargetFilename":"C:\\Users\\root\\AppData\\Local\\Microsoft\\OneDrive\\25.206.1021.0003\\images\\lightTheme\\excel.svg.WNCRYT","CreationUtcTime":"2025-11-12 01:39:45.285","PreviousCreationUtcTime":"2025-11-12 11:07:00.716","User":"DESKTOP-CS6O5DN\\root"}}}
{"Event":{"#attributes":{"xmlns":"http://schemas.microsoft.com/win/2004/08/events/event"},"System":{"Provider":{"#attributes":{"Name":"Microsoft-Windows-Sysmon","Guid":"5770385F-C22A-43E0-BF4C-06F5698FFBD9"}},"EventID":2,"Version":5,"Level":4,"Task":2,"Opcode":0,"Keywords":"0x8000000000000000","TimeCreated":{"#attributes":{"SystemTime":"2025-11-12T11:07:00.741912Z"}},"EventRecordID":600,"Correlation":null,"Execution":{"#attributes":{"ProcessID":5420,"ThreadID":4432}},"Channel":"Microsoft-Windows-Sysmon/Operational","Computer":"DESKTOP-CS6O5DN","Security":{"#attributes":{"UserID":"S-1-5-18"}}},"EventData":{"RuleName":"T1099","UtcTime":"2025-11-12 11:07:00.739","ProcessGuid":"2A767A6E-6A45-6914-8C01-000000000F00","ProcessId":7968,"Image":"C:\\Users\\root\\Desktop\\恶意代码教学样本-在沙盒中修改文件名\\1-WannaCrypt0r.exe","TargetFilename":"C:\\Users\\root\\AppData\\Local\\Microsoft\\OneDrive\\25.206.1021.0003\\images\\lightTheme\\exclamation.svg.WNCRYT","CreationUtcTime":"2025-11-12 01:39:45.285","PreviousCreationUtcTime":"2025-11-12 11:07:00.739","User":"DESKTOP-CS6O5DN\\root"}}}
{"Event":{"#attributes":{"xmlns":"http://schemas.microsoft.com/win/2004/08/events/event"},"System":{"Provider":{"#attributes":{"Name":"Microsoft-Windows-Sysmon","Guid":"5770385F-C22A-43E0-BF4C-06F5698FFBD9"}},"EventID":2,"Version":5,"Level":4,"Task":2,"Opcode":0,"Keywords":"0x8000000000000000","TimeCreated":{"#attributes":{"SystemTime":"2025-11-12T11:07:00.744690Z"}},"EventRecordID":601,"Correlation":null,"Execution":{"#attributes":{"ProcessID":5420,"ThreadID":4432}},"Channel":"Microsoft-Windows-Sysmon/Operational","Computer":"DESKTOP-CS6O5DN","Security":{"#attributes":{"UserID":"S-1-5-18"}}},"EventData":{"RuleName":"T1099","UtcTime":"2025-11-12 11:07:00.739","ProcessGuid":"2A767A6E-6A45-6914-8C01-000000000F00","ProcessId":7968,"Image":"C:\\Users\\root\\Desktop\\恶意代码教学样本-在沙盒中修改文件名\\1-WannaCrypt0r.exe","TargetFilename":"C:\\Users\\root\\AppData\\Local\\Microsoft\\OneDrive\\25.206.1021.0003\\images\\lightTheme\\feedbackIcon.svg.WNCRYT","CreationUtcTime":"2025-11-12 01:39:45.285","PreviousCreationUtcTime":"2025-11-12 11:07:00.739","User":"DESKTOP-CS6O5DN\\root"}}}
{"Event":{"#attributes":{"xmlns":"http://schemas.microsoft.com/win/2004/08/events/event"},"System":{"Provider":{"#attributes":{"Name":"Microsoft-Windows-Sysmon","Guid":"5770385F-C22A-43E0-BF4C-06F5698FFBD9"}},"EventID":2,"Version":5,"Level":4,"Task":2,"Opcode":0,"Keywords":"0x8000000000000000","TimeCreated":{"#attributes":{"SystemTime":"2025-11-12T11:07:00.747039Z"}},"EventRecordID":602,"Correlation":null,"Execution":{"#attributes":{"ProcessID":5420,"ThreadID":4432}},"Channel":"Microsoft-Windows-Sysmon/Operational","Computer":"DESKTOP-CS6O5DN","Security":{"#attributes":{"UserID":"S-1-5-18"}}},"EventData":{"RuleName":"T1099","UtcTime":"2025-11-12 11:07:00.739","ProcessGuid":"2A767A6E-6A45-6914-8C01-000000000F00","ProcessId":7968,"Image":"C:\\Users\\root\\Desktop\\恶意代码教学样本-在沙盒中修改文件名\\1-WannaCrypt0r.exe","TargetFilename":"C:\\Users\\root\\AppData\\Local\\Microsoft\\OneDrive\\25.206.1021.0003\\images\\lightTheme\\fileLockIcon.svg.WNCRYT","CreationUtcTime":"2025-11-12 01:39:45.285","PreviousCreationUtcTime":"2025-11-12 11:07:00.739","User":"DESKTOP-CS6O5DN\\root"}}}
{"Event":{"#attributes":{"xmlns":"http://schemas.microsoft.com/win/2004/08/events/event"},"System":{"Provider":{"#attributes":{"Name":"Microsoft-Windows-Sysmon","Guid":"5770385F-C22A-43E0-BF4C-06F5698FFBD9"}},"EventID":2,"Version":5,"Level":4,"Task":2,"Opcode":0,"Keywords":"0x8000000000000000","TimeCreated":{"#attributes":{"SystemTime":"2025-11-12T11:07:00.748724Z"}},"EventRecordID":603,"Correlation":null,"Execution":{"#attributes":{"ProcessID":5420,"ThreadID":4432}},"Channel":"Microsoft-Windows-Sysmon/Operational","Computer":"DESKTOP-CS6O5DN","Security":{"#attributes":{"UserID":"S-1-5-18"}}},"EventData":{"RuleName":"T1099","UtcTime":"2025-11-12 11:07:00.747","ProcessGuid":"2A767A6E-6A45-6914-8C01-000000000F00","ProcessId":7968,"Image":"C:\\Users\\root\\Desktop\\恶意代码教学样本-在沙盒中修改文件名\\1-WannaCrypt0r.exe","TargetFilename":"C:\\Users\\root\\AppData\\Local\\Microsoft\\OneDrive\\25.206.1021.0003\\images\\lightTheme\\filesNotSyncing.svg.WNCRYT","CreationUtcTime":"2025-11-12 01:39:45.285","PreviousCreationUtcTime":"2025-11-12 11:07:00.747","User":"DESKTOP-CS6O5DN\\root"}}}
{"Event":{"#attributes":{"xmlns":"http://schemas.microsoft.com/win/2004/08/events/event"},"System":{"Provider":{"#attributes":{"Name":"Microsoft-Windows-Sysmon","Guid":"5770385F-C22A-43E0-BF4C-06F5698FFBD9"}},"EventID":2,"Version":5,"Level":4,"Task":2,"Opcode":0,"Keywords":"0x8000000000000000","TimeCreated":{"#attributes":{"SystemTime":"2025-11-12T11:07:00.750672Z"}},"EventRecordID":604,"Correlation":null,"Execution":{"#attributes":{"ProcessID":5420,"ThreadID":4432}},"Channel":"Microsoft-Windows-Sysmon/Operational","Computer":"DESKTOP-CS6O5DN","Security":{"#attributes":{"UserID":"S-1-5-18"}}},"EventData":{"RuleName":"T1099","UtcTime":"2025-11-12 11:07:00.747","ProcessGuid":"2A767A6E-6A45-6914-8C01-000000000F00","ProcessId":7968,"Image":"C:\\Users\\root\\Desktop\\恶意代码教学样本-在沙盒中修改文件名\\1-WannaCrypt0r.exe","TargetFilename":"C:\\Users\\root\\AppData\\Local\\Microsoft\\OneDrive\\25.206.1021.0003\\images\\lightTheme\\filesNotSyncingDisabled.svg.WNCRYT","CreationUtcTime":"2025-11-12 01:39:45.301","PreviousCreationUtcTime":"2025-11-12 11:07:00.747","User":"DESKTOP-CS6O5DN\\root"}}}
{"Event":{"#attributes":{"xmlns":"http://schemas.microsoft.com/win/2004/08/events/event"},"System":{"Provider":{"#attributes":{"Name":"Microsoft-Windows-Sysmon","Guid":"5770385F-C22A-43E0-BF4C-06F5698FFBD9"}},"EventID":2,"Version":5,"Level":4,"Task":2,"Opcode":0,"Keywords":"0x8000000000000000","TimeCreated":{"#attributes":{"SystemTime":"2025-11-12T11:07:00.752985Z"}},"EventRecordID":605,"Correlation":null,"Execution":{"#attributes":{"ProcessID":5420,"ThreadID":4432}},"Channel":"Microsoft-Windows-Sysmon/Operational","Computer":"DESKTOP-CS6O5DN","Security":{"#attributes":{"UserID":"S-1-5-18"}}},"EventData":{"RuleName":"T1099","UtcTime":"2025-11-12 11:07:00.747","ProcessGuid":"2A767A6E-6A45-6914-8C01-000000000F00","ProcessId":7968,"Image":"C:\\Users\\root\\Desktop\\恶意代码教学样本-在沙盒中修改文件名\\1-WannaCrypt0r.exe","TargetFilename":"C:\\Users\\root\\AppData\\Local\\Microsoft\\OneDrive\\25.206.1021.0003\\images\\lightTheme\\finderExtensionPrompt.svg.WNCRYT","CreationUtcTime":"2025-11-12 01:39:45.301","PreviousCreationUtcTime":"2025-11-12 11:07:00.747","User":"DESKTOP-CS6O5DN\\root"}}}
{"Event":{"#attributes":{"xmlns":"http://schemas.microsoft.com/win/2004/08/events/event"},"System":{"Provider":{"#attributes":{"Name":"Microsoft-Windows-Sysmon","Guid":"5770385F-C22A-43E0-BF4C-06F5698FFBD9"}},"EventID":2,"Version":5,"Level":4,"Task":2,"Opcode":0,"Keywords":"0x8000000000000000","TimeCreated":{"#attributes":{"SystemTime":"2025-11-12T11:07:00.755607Z"}},"EventRecordID":606,"Correlation":null,"Execution":{"#attributes":{"ProcessID":5420,"ThreadID":4432}},"Channel":"Microsoft-Windows-Sysmon/Operational","Computer":"DESKTOP-CS6O5DN","Security":{"#attributes":{"UserID":"S-1-5-18"}}},"EventData":{"RuleName":"T1099","UtcTime":"2025-11-12 11:07:00.747","ProcessGuid":"2A767A6E-6A45-6914-8C01-000000000F00","ProcessId":7968,"Image":"C:\\Users\\root\\Desktop\\恶意代码教学样本-在沙盒中修改文件名\\1-WannaCrypt0r.exe","TargetFilename":"C:\\Users\\root\\AppData\\Local\\Microsoft\\OneDrive\\25.206.1021.0003\\images\\lightTheme\\folderIcon2.svg.WNCRYT","CreationUtcTime":"2025-11-12 01:39:45.301","PreviousCreationUtcTime":"2025-11-12 11:07:00.747","User":"DESKTOP-CS6O5DN\\root"}}}
{"Event":{"#attributes":{"xmlns":"http://schemas.microsoft.com/win/2004/08/events/event"},"System":{"Provider":{"#attributes":{"Name":"Microsoft-Windows-Sysmon","Guid":"5770385F-C22A-43E0-BF4C-06F5698FFBD9"}},"EventID":2,"Version":5,"Level":4,"Task":2,"Opcode":0,"Keywords":"0x8000000000000000","TimeCreated":{"#attributes":{"SystemTime":"2025-11-12T11:07:00.757803Z"}},"EventRecordID":607,"Correlation":null,"Execution":{"#attributes":{"ProcessID":5420,"ThreadID":4432}},"Channel":"Microsoft-Windows-Sysmon/Operational","Computer":"DESKTOP-CS6O5DN","Security":{"#attributes":{"UserID":"S-1-5-18"}}},"EventData":{"RuleName":"T1099","UtcTime":"2025-11-12 11:07:00.747","ProcessGuid":"2A767A6E-6A45-6914-8C01-000000000F00","ProcessId":7968,"Image":"C:\\Users\\root\\Desktop\\恶意代码教学样本-在沙盒中修改文件名\\1-WannaCrypt0r.exe","TargetFilename":"C:\\Users\\root\\AppData\\Local\\Microsoft\\OneDrive\\25.206.1021.0003\\images\\lightTheme\\folder_image_desktop.svg.WNCRYT","CreationUtcTime":"2025-11-12 01:39:45.301","PreviousCreationUtcTime":"2025-11-12 11:07:00.747","User":"DESKTOP-CS6O5DN\\root"}}}
{"Event":{"#attributes":{"xmlns":"http://schemas.microsoft.com/win/2004/08/events/event"},"System":{"Provider":{"#attributes":{"Name":"Microsoft-Windows-Sysmon","Guid":"5770385F-C22A-43E0-BF4C-06F5698FFBD9"}},"EventID":2,"Version":5,"Level":4,"Task":2,"Opcode":0,"Keywords":"0x8000000000000000","TimeCreated":{"#attributes":{"SystemTime":"2025-11-12T11:07:00.760022Z"}},"EventRecordID":608,"Correlation":null,"Execution":{"#attributes":{"ProcessID":5420,"ThreadID":4432}},"Channel":"Microsoft-Windows-Sysmon/Operational","Computer":"DESKTOP-CS6O5DN","Security":{"#attributes":{"UserID":"S-1-5-18"}}},"EventData":{"RuleName":"T1099","UtcTime":"2025-11-12 11:07:00.747","ProcessGuid":"2A767A6E-6A45-6914-8C01-000000000F00","ProcessId":7968,"Image":"C:\\Users\\root\\Desktop\\恶意代码教学样本-在沙盒中修改文件名\\1-WannaCrypt0r.exe","TargetFilename":"C:\\Users\\root\\AppData\\Local\\Microsoft\\OneDrive\\25.206.1021.0003\\images\\lightTheme\\folder_image_documents.svg.WNCRYT","CreationUtcTime":"2025-11-12 01:39:45.301","PreviousCreationUtcTime":"2025-11-12 11:07:00.747","User":"DESKTOP-CS6O5DN\\root"}}}
{"Event":{"#attributes":{"xmlns":"http://schemas.microsoft.com/win/2004/08/events/event"},"System":{"Provider":{"#attributes":{"Name":"Microsoft-Windows-Sysmon","Guid":"5770385F-C22A-43E0-BF4C-06F5698FFBD9"}},"EventID":2,"Version":5,"Level":4,"Task":2,"Opcode":0,"Keywords":"0x8000000000000000","TimeCreated":{"#attributes":{"SystemTime":"2025-11-12T11:07:00.773234Z"}},"EventRecordID":609,"Correlation":null,"Execution":{"#attributes":{"ProcessID":5420,"ThreadID":4432}},"Channel":"Microsoft-Windows-Sysmon/Operational","Computer":"DESKTOP-CS6O5DN","Security":{"#attributes":{"UserID":"S-1-5-18"}}},"EventData":{"RuleName":"T1099","UtcTime":"2025-11-12 11:07:00.771","ProcessGuid":"2A767A6E-6A45-6914-8C01-000000000F00","ProcessId":7968,"Image":"C:\\Users\\root\\Desktop\\恶意代码教学样本-在沙盒中修改文件名\\1-WannaCrypt0r.exe","TargetFilename":"C:\\Users\\root\\AppData\\Local\\Microsoft\\OneDrive\\25.206.1021.0003\\images\\lightTheme\\folder_image_documents_mac.svg.WNCRYT","CreationUtcTime":"2025-11-12 01:39:45.301","PreviousCreationUtcTime":"2025-11-12 11:07:00.771","User":"DESKTOP-CS6O5DN\\root"}}}
