{"Event":{"#attributes":{"xmlns":"http://schemas.microsoft.com/win/2004/08/events/event"},"System":{"Provider":{"#attributes":{"Name":"Microsoft-Windows-Sysmon","Guid":"5770385F-C22A-43E0-BF4C-06F5698FFBD9"}},"EventID":2,"Version":5,"Level":4,"Task":2,"Opcode":0,"Keywords":"0x8000000000000000","TimeCreated":{"#attributes":{"SystemTime":"2025-11-12T11:06:58.226069Z"}},"EventRecordID":334,"Correlation":null,"Execution":{"#attributes":{"ProcessID":5420,"ThreadID":4432}},"Channel":"Microsoft-Windows-Sysmon/Operational","Computer":"DESKTOP-CS6O5DN","Security":{"#attributes":{"UserID":"S-1-5-18"}}},"EventData":{"RuleName":"T1099","UtcTime":"2025-11-12 11:06:58.217","ProcessGuid":"2A767A6E-6A45-6914-8C01-000000000F00","ProcessId":7968,"Image":"C:\\Users\\root\\Desktop\\恶意代码教学样本-在沙盒中修改文件名\\1-WannaCrypt0r.exe","TargetFilename":"C:\\$Recycle.Bin\\S-1-5-21-4121694765-547096071-3058148460-1002\\$RL8XBFA.rar.WNCRYT","CreationUtcTime":"2025-11-12 06:23:01.488","PreviousCreationUtcTime":"2025-11-12 11:06:57.811","User":"DESKTOP-CS6O5DN\\root"}}}
{"Event":{"#attributes":{"xmlns":"http://schemas.microsoft.com/win/2004/08/events/event"},"System":{"Provider":{"#attributes":{"Name":"Microsoft-Windows-Sysmon","Guid":"5770385F-C22A-43E0-BF4C-06F5698FFBD9"}},"EventID":2,"Version":5,"Level":4,"Task":2,"Opcode":0,"Keywords":"0x8000000000000000","TimeCreated":{"#attributes":{"SystemTime":"2025-11-12T11:06:58.606473Z"}},"EventRecordID":335,"Correlation":null,"Execution":{"#attributes":{"ProcessID":5420,"ThreadID":4432}},"Channel":"Microsoft-Windows-Sysmon/Operational","Computer":"DESKTOP-CS6O5DN","Security":{"#attributes":{"UserID":"S-1-5-18"}}},"EventData":{"RuleName":"T1099","UtcTime":"2025-11-12 11:06:58.590","ProcessGuid":"2A767A6E-6A45-6914-8C01-000000000F00","ProcessId":7968,"Image":"C:\\Users\\root\\Desktop\\恶意代码教学样本-在沙盒中修改文件名\\1-WannaCrypt0r.exe","TargetFilename":"C:\\$Recycle.Bin\\S-1-5-21-4121694765-547096071-3058148460-1002\\$RT0HVE4.rar.WNCRYT","CreationUtcTime":"2025-11-12 06:22:37.851","PreviousCreationUtcTime":"2025-11-12 11:06:58.232","User":"DESKTOP-CS6O5DN\\root"}}}
{"Event":{"#attributes":{"xmlns":"http://schemas.microsoft.com/win/2004/08/events/event"},"System":{"Provider":{"#attributes":{"Name":"Microsoft-Windows-Sysmon","Guid":"5770385F-C22A-43E0-BF4C-06F5698FFBD9"}},"EventID":2,"Version":5,"Level":4,"Task":2,"Opcode":0,"Keywords":"0x8000000000000000","TimeCreated":{"#attributes":{"SystemTime":"2025-11-12T11:06:58.609275Z"}},"EventRecordID":336,"Correlation":null,"Execution":{"#attributes":{"ProcessID":5420,"ThreadID":4432}},"Channel":"Microsoft-Windows-Sysmon/Operational","Computer":"DESKTOP-CS6O5DN","Security":{"#attributes":{"UserID":"S-1-5-18"}}},"EventData":{"RuleName":"T1099","UtcTime":"2025-11-12 11:06:58.606","ProcessGuid":"2A767A6E-6A45-6914-8C01-000000000F00","ProcessId":7968,"Image":"C:\\Users\\root\\Desktop\\恶意代码教学样本-在沙盒中修改文件名\\1-WannaCrypt0r.exe","TargetFilename":"C:\\Users\\root\\AppData\\Local\\IconCache.db.WNCRYT","CreationUtcTime":"2025-11-12 06:07:14.078","PreviousCreationUtcTime":"2025-11-12 11:06:58.606","User":"DESKTOP-CS6O5DN\\root"}}}
{"Event":{"#attributes":{"xmlns":"http://schemas.microsoft.com/win/2004/08/events/event"},"System":{"Provider":{"#attributes":{"Name":"Microsoft-Windows-Sysmon","Guid":"5770385F-C22A-43E0-BF4C-06F5698FFBD9"}},"EventID":2,"Version":5,"Level":4,"Task":2,"Opcode":0,"Keywords":"0x8000000000000000","TimeCreated":{"#attributes":{"SystemTime":"2025-11-12T11:06:58.711436Z"}},"EventRecordID":337,"Correlation":null,"Execution":{"#attributes":{"ProcessID":5420,"ThreadID":4432}},"Channel":"Microsoft-Windows-Sysmon/Operational","Computer":"DESKTOP-CS6O5DN","Security":{"#attributes":{"UserID":"S-1-5-18"}}},"EventData":{"RuleName":"T1099","UtcTime":"2025-11-12 11:06:58.702","ProcessGuid":"2A767A6E-6A45-6914-8C01-000000000F00","ProcessId":7968,"Image":"C:\\Users\\root\\Desktop\\恶意代码教学样本-在沙盒中修改文件名\\1-WannaCrypt0r.exe","TargetFilename":"C:\\Users\\root\\AppData\\Local\\Comms\\UnistoreDB\\tmp.edb.WNCRYT","CreationUtcTime":"2025-11-12 01:38:36.513","PreviousCreationUtcTime":"2025-11-12 11:06:58.606","User":"DESKTOP-CS6O5DN\\root"}}}
{"Event":{"#attributes":{"xmlns":"http://schemas.microsoft.com/win/2004/08/events/event"},"System":{"Provider":{"#attributes":{"Name":"Microsoft-Windows-Sysmon","Guid":"5770385F-C22A-43E0-BF4C-06F5698FFBD9"}},"EventID":2,"Version":5,"Level":4,"Task":2,"Opcode":0,"Keywords":"0x8000000000000000","TimeCreated":{"#attributes":{"SystemTime":"2025-11-12T11:06:58.715404Z"}},"EventRecordID":338,"Correlation":null,"Execution":{"#attributes":{"ProcessID":5420,"ThreadID":4432}},"Channel":"Microsoft-Windows-Sysmon/Operational","Computer":"DESKTOP-CS6O5DN","Security":{"#attributes":{"UserID":"S-1-5-18"}}},"EventData":{"RuleName":"T1099","UtcTime":"2025-11-12 11:06:58.702","ProcessGuid":"2A767A6E-6A45-6914-8C01-000000000F00","ProcessId":7968,"Image":"C:\\Users\\root\\Desktop\\恶意代码教学样本-在沙盒中修改文件名\\1-WannaCrypt0r.exe","TargetFilename":"C:\\Users\\root\\AppData\\Local\\ConnectedDevicesPlatform\\L.root\\ActivitiesCache.db.WNCRYT","CreationUtcTime":"2025-11-12 01:32:55.100","PreviousCreationUtcTime":"2025-11-12 11:06:58.702","User":"DESKTOP-CS6O5DN\\root"}}}
{"Event":{"#attributes":{"xmlns":"http://schemas.microsoft.com/win/2004/08/events/event"},"System":{"Provider":{"#attributes":{"Name":"Microsoft-Windows-Sysmon","Guid":"5770385F-C22A-43E0-BF4C-06F5698FFBD9"}},"EventID":2,"Version":5,"Level":4,"Task":2,"Opcode":0,"Keywords":"0x8000000000000000","TimeCreated":{"#attributes":{"SystemTime":"2025-11-12T11:06:58.745085Z"}},"EventRecordID":339,"Correlation":null,"Execution":{"#attributes":{"ProcessID":5420,"ThreadID":4432}},"Channel":"Microsoft-Windows-Sysmon/Operational","Computer":"DESKTOP-CS6O5DN","Security":{"#attributes":{"UserID":"S-1-5-18"}}},"EventData":{"RuleName":"T1099","UtcTime":"2025-11-12 11:06:58.735","ProcessGuid":"2A767A6E-6A45-6914-8C01-000000000F00","ProcessId":7968,"Image":"C:\\Users\\root\\Desktop\\恶意代码教学样本-在沙盒中修改文件名\\1-WannaCrypt0r.exe","TargetFilename":"C:\\Users\\root\\AppData\\Local\\Microsoft\\OneDrive\\25.206.1021.0003\\AppBlue.png.WNCRYT","CreationUtcTime":"2025-11-12 01:39:41.207","PreviousCreationUtcTime":"2025-11-12 11:06:58.702","User":"DESKTOP-CS6O5DN\\root"}}}
{"Event":{"#attributes":{"xmlns":"http://schemas.microsoft.com/win/2004/08/events/event"},"System":{"Provider":{"#attributes":{"Name":"Microsoft-Windows-Sysmon","Guid":"5770385F-C22A-43E0-BF4C-06F5698FFBD9"}},"EventID":2,"Version":5,"Level":4,"Task":2,"Opcode":0,"Keywords":"0x8000000000000000","TimeCreated":{"#attributes":{"SystemTime":"2025-11-12T11:06:58.799142Z"}},"EventRecordID":340,"Correlation":null,"Execution":{"#attributes":{"ProcessID":5420,"ThreadID":4432}},"Channel":"Microsoft-Windows-Sysmon/Operational","Computer":"DESKTOP-CS6O5DN","Security":{"#attributes":{"UserID":"S-1-5-18"}}},"EventData":{"RuleName":"T1099","UtcTime":"2025-11-12 11:06:58.794","ProcessGuid":"2A767A6E-6A45-6914-8C01-000000000F00","ProcessId":7968,"Image":"C:\\Users\\root\\Desktop\\恶意代码教学样本-在沙盒中修改文件名\\1-WannaCrypt0r.exe","TargetFilename":"C:\\Users\\root\\AppData\\Local\\Microsoft\\OneDrive\\25.206.1021.0003\\AppErrorBlue.png.WNCRYT","CreationUtcTime":"2025-11-12 01:39:41.207","PreviousCreationUtcTime":"2025-11-12 11:06:58.762","User":"DESKTOP-CS6O5DN\\root"}}}
{"Event":{"#attributes":{"xmlns":"http://schemas.microsoft.com/win/2004/08/events/event"},"System":{"Provider":{"#attributes":{"Name":"Microsoft-Windows-Sysmon","Guid":"5770385F-C22A-43E0-BF4C-06F5698FFBD9"}},"EventID":2,"Version":5,"Level":4,"Task":2,"Opcode":0,"Keywords":"0x8000000000000000","TimeCreated":{"#attributes":{"SystemTime":"2025-11-12T11:06:58.880193Z"}},"EventRecordID":341,"Correlation":null,"Execution":{"#attributes":{"ProcessID":5420,"ThreadID":4432}},"Channel":"Microsoft-Windows-Sysmon/Operational","Computer":"DESKTOP-CS6O5DN","Security":{"#attributes":{"UserID":"S-1-5-18"}}},"EventData":{"RuleName":"T1099","UtcTime":"2025-11-12 11:06:58.872","ProcessGuid":"2A767A6E-6A45-6914-8C01-000000000F00","ProcessId":7968,"Image":"C:\\Users\\root\\Desktop\\恶意代码教学样本-在沙盒中修改文件名\\1-WannaCrypt0r.exe","TargetFilename":"C:\\Users\\root\\AppData\\Local\\Microsoft\\OneDrive\\25.206.1021.0003\\AppErrorWhite.png.WNCRYT","CreationUtcTime":"2025-11-12 01:39:41.207","PreviousCreationUtcTime":"2025-11-12 11:06:58.809","User":"DESKTOP-CS6O5DN\\root"}}}
{"Event":{"#attributes":{"xmlns":"http://schemas.microsoft.com/win/2004/08/events/event"},"System":{"Provider":{"#attributes":{"Name":"Microsoft-Windows-Sysmon","Guid":"5770385F-C22A-43E0-BF4C-06F5698FFBD9"}},"EventID":2,"Version":5,"Level":4,"Task":2,"Opcode":0,"Keywords":"0x8000000000000000","TimeCreated":{"#attributes":{"SystemTime":"2025-11-12T11:06:58.895317Z"}},"EventRecordID":342,"Correlation":null,"Execution":{"#attributes":{"ProcessID":5420,"ThreadID":4432}},"Channel":"Microsoft-Windows-Sysmon/Operational","Computer":"DESKTOP-CS6O5DN","Security":{"#attributes":{"UserID":"S-1-5-18"}}},"EventData":{"RuleName":"T1099","UtcTime":"2025-11-12 11:06:58.887","ProcessGuid":"2A767A6E-6A45-6914-8C01-000000000F00","ProcessId":7968,"Image":"C:\\Users\\root\\Desktop\\恶意代码教学样本-在沙盒中修改文件名\\1-WannaCrypt0r.exe","TargetFilename":"C:\\Users\\root\\AppData\\Local\\Microsoft\\OneDrive\\25.206.1021.0003\\AppWhite.png.WNCRYT","CreationUtcTime":"2025-11-12 01:39:41.207","PreviousCreationUtcTime":"2025-11-12 11:06:58.887","User":"DESKTOP-CS6O5DN\\root"}}}
{"Event":{"#attributes":{"xmlns":"http://schemas.microsoft.com/win/2004/08/events/event"},"System":{"Provider":{"#attributes":{"Name":"Microsoft-Windows-Sysmon","Guid":"5770385F-C22A-43E0-BF4C-06F5698FFBD9"}},"EventID":2,"Version":5,"Level":4,"Task":2,"Opcode":0,"Keywords":"0x8000000000000000","TimeCreated":{"#attributes":{"SystemTime":"2025-11-12T11:06:58.919366Z"}},"EventRecordID":343,"Correlation":null,"Execution":{"#attributes":{"ProcessID":5420,"ThreadID":4432}},"Channel":"Microsoft-Windows-Sysmon/Operational","Computer":"DESKTOP-CS6O5DN","Security":{"#attributes":{"UserID":"S-1-5-18"}}},"EventData":{"RuleName":"T1099","UtcTime":"2025-11-12 11:06:58.904","ProcessGuid":"2A767A6E-6A45-6914-8C01-000000000F00","ProcessId":7968,"Image":"C:\\Users\\root\\Desktop\\恶意代码教学样本-在沙盒中修改文件名\\1-WannaCrypt0r.exe","TargetFilename":"C:\\Users\\root\\AppData\\Local\\Microsoft\\OneDrive\\25.206.1021.0003\\AutoPlayOptIn.gif.WNCRYT","CreationUtcTime":"2025-11-12 01:39:41.207","PreviousCreationUtcTime":"2025-11-12 11:06:58.887","User":"DESKTOP-CS6O5DN\\root"}}}
{"Event":{"#attributes":{"xmlns":"http://schemas.microsoft.com/win/2004/08/events/event"},"System":{"Provider":{"#attributes":{"Name":"Microsoft-Windows-Sysmon","Guid":"5770385F-C22A-43E0-BF4C-06F5698FFBD9"}},"EventID":2,"Version":5,"Level":4,"Task":2,"Opcode":0,"Keywords":"0x8000000000000000","TimeCreated":{"#attributes":{"SystemTime":"2025-11-12T11:06:58.935541Z"}},"EventRecordID":344,"Correlation":null,"Execution":{"#attributes":{"ProcessID":5420,"ThreadID":4432}},"Channel":"Microsoft-Windows-Sysmon/Operational","Computer":"DESKTOP-CS6O5DN","Security":{"#attributes":{"UserID":"S-1-5-18"}}},"EventData":{"RuleName":"T1099","UtcTime":"2025-11-12 11:06:58.934","ProcessGuid":"2A767A6E-6A45-6914-8C01-000000000F00","ProcessId":7968,"Image":"C:\\Users\\root\\Desktop\\恶意代码教学样本-在沙盒中修改文件名\\1-WannaCrypt0r.exe","TargetFilename":"C:\\Users\\root\\AppData\\Local\\Microsoft\\OneDrive\\25.206.1021.0003\\AutoPlayOptIn.png.WNCRYT","CreationUtcTime":"2025-11-12 01:39:41.223","PreviousCreationUtcTime":"2025-11-12 11:06:58.919","User":"DESKTOP-CS6O5DN\\root"}}}
{"Event":{"#attributes":{"xmlns":"http://schemas.microsoft.com/win/2004/08/events/event"},"System":{"Provider":{"#attributes":{"Name":"Microsoft-Windows-Sysmon","Guid":"5770385F-C22A-43E0-BF4C-06F5698FFBD9"}},"EventID":2,"Version":5,"Level":4,"Task":2,"Opcode":0,"Keywords":"0x8000000000000000","TimeCreated":{"#attributes":{"SystemTime":"2025-11-12T11:06:58.940522Z"}},"EventRecordID":345,"Correlation":null,"Execution":{"#attributes":{"ProcessID":5420,"ThreadID":4432}},"Channel":"Microsoft-Windows-Sysmon/Operational","Computer":"DESKTOP-CS6O5DN","Security":{"#attributes":{"UserID":"S-1-5-18"}}},"EventData":{"RuleName":"T1099","UtcTime":"2025-11-12 11:06:58.934","ProcessGuid":"2A767A6E-6A45-6914-8C01-000000000F00","ProcessId":7968,"Image":"C:\\Users\\root\\Desktop\\恶意代码教学样本-在沙盒中修改文件名\\1-WannaCrypt0r.exe","TargetFilename":"C:\\Users\\root\\AppData\\Local\\Microsoft\\OneDrive\\25.206.1021.0003\\Camera_Upload_Success_Dark_728x360.png.WNCRYT","CreationUtcTime":"2025-11-12 01:39:41.223","PreviousCreationUtcTime":"2025-11-12 11:06:58.934","User":"DESKTOP-CS6O5DN\\root"}}}
{"Event":{"#attributes":{"xmlns":"http://schemas.microsoft.com/win/2004/08/events/event"},"System":{"Provider":{"#attributes":{"Name":"Microsoft-Windows-Sysmon","Guid":"5770385F-C22A-43E0-BF4C-06F5698FFBD9"}},"EventID":2,"Version":5,"Level":4,"Task":2,"Opcode":0,"Keywords":"0x8000000000000000","TimeCreated":{"#attributes":{"SystemTime":"2025-11-12T11:06:58.959899Z"}},"EventRecordID":346,"Correlation":null,"Execution":{"#attributes":{"ProcessID":5420,"ThreadID":4432}},"Channel":"Microsoft-Windows-Sysmon/Operational","Computer":"DESKTOP-CS6O5DN","Security":{"#attributes":{"UserID":"S-1-5-18"}}},"EventData":{"RuleName":"T1099","UtcTime":"2025-11-12 11:06:58.951","ProcessGuid":"2A767A6E-6A45-6914-8C01-000000000F00","ProcessId":7968,"Image":"C:\\Users\\root\\Desktop\\恶意代码教学样本-在沙盒中修改文件名\\1-WannaCrypt0r.exe","TargetFilename":"C:\\Users\\root\\AppData\\Local\\Microsoft\\OneDrive\\25.206.1021.0003\\Camera_Upload_Success_Light_728x360.png.WNCRYT","CreationUtcTime":"2025-11-12 01:39:41.223","PreviousCreationUtcTime":"2025-11-12 11:06:58.934","User":"DESKTOP-CS6O5DN\\root"}}}
{"Event":{"#attributes":{"xmlns":"http://schemas.microsoft.com/win/2004/08/events/event"},"System":{"Provider":{"#attributes":{"Name":"Microsoft-Windows-Sysmon","Guid":"5770385F-C22A-43E0-BF4C-06F5698FFBD9"}},"EventID":2,"Version":5,"Level":4,"Task":2,"Opcode":0,"Keywords":"0x8000000000000000","TimeCreated":{"#attributes":{"SystemTime":"2025-11-12T11:06:58.977300Z"}},"EventRecordID":347,"Correlation":null,"Execution":{"#attributes":{"ProcessID":5420,"ThreadID":4432}},"Channel":"Microsoft-Windows-Sysmon/Operational","Computer":"DESKTOP-CS6O5DN","Security":{"#attributes":{"UserID":"S-1-5-18"}}},"EventData":{"RuleName":"T1099","UtcTime":"2025-11-12 11:06:58.972","ProcessGuid":"2A767A6E-6A45-6914-8C01-000000000F00","ProcessId":7968,"Image":"C:\\Users\\root\\Desktop\\恶意代码教学样本-在沙盒中修改文件名\\1-WannaCrypt0r.exe","TargetFilename":"C:\\Users\\root\\AppData\\Local\\Microsoft\\OneDrive\\25.206.1021.0003\\Camera_Upload_Upsell_Dark_728x360.png.WNCRYT","CreationUtcTime":"2025-11-12 01:39:41.223","PreviousCreationUtcTime":"2025-11-12 11:06:58.972","User":"DESKTOP-CS6O5DN\\root"}}}
{"Event":{"#attributes":{"xmlns":"http://schemas.microsoft.com/win/2004/08/events/event"},"System":{"Provider":{"#attributes":{"Name":"Microsoft-Windows-Sysmon","Guid":"5770385F-C22A-43E0-BF4C-06F5698FFBD9"}},"EventID":2,"Version":5,"Level":4,"Task":2,"Opcode":0,"Keywords":"0x8000000000000000","TimeCreated":{"#attributes":{"SystemTime":"2025-11-12T11:06:58.993070Z"}},"EventRecordID":348,"Correlation":null,"Execution":{"#attributes":{"ProcessID":5420,"ThreadID":4432}},"Channel":"Microsoft-Windows-Sysmon/Operational","Computer":"DESKTOP-CS6O5DN","Security":{"#attributes":{"UserID":"S-1-5-18"}}},"EventData":{"RuleName":"T1099","UtcTime":"2025-11-12 11:06:58.989","ProcessGuid":"2A767A6E-6A45-6914-8C01-000000000F00","ProcessId":7968,"Image":"C:\\Users\\root\\Desktop\\恶意代码教学样本-在沙盒中修改文件名\\1-WannaCrypt0r.exe","TargetFilename":"C:\\Users\\root\\AppData\\Local\\Microsoft\\OneDrive\\25.206.1021.0003\\Camera_Upload_Upsell_Light_728x360.png.WNCRYT","CreationUtcTime":"2025-11-12 01:39:41.223","PreviousCreationUtcTime":"2025-11-12 11:06:58.972","User":"DESKTOP-CS6O5DN\\root"}}}
{"Event":{"#attributes":{"xmlns":"http://schemas.microsoft.com/win/2004/08/events/event"},"System":{"Provider":{"#attributes":{"Name":"Microsoft-Windows-Sysmon","Guid":"5770385F-C22A-43E0-BF4C-06F5698FFBD9"}},"EventID":2,"Version":5,"Level":4,"Task":2,"Opcode":0,"Keywords":"0x8000000000000000","TimeCreated":{"#attributes":{"SystemTime":"2025-11-12T11:06:59.005730Z"}},"EventRecordID":349,"Correlation":null,"Execution":{"#attributes":{"ProcessID":5420,"ThreadID":4432}},"Channel":"Microsoft-Windows-Sysmon/Operational","Computer":"DESKTOP-CS6O5DN","Security":{"#attributes":{"UserID":"S-1-5-18"}}},"EventData":{"RuleName":"T1099","UtcTime":"2025-11-12 11:06:59.002","ProcessGuid":"2A767A6E-6A45-6914-8C01-000000000F00","ProcessId":7968,"Image":"C:\\Users\\root\\Desktop\\恶意代码教学样本-在沙盒中修改文件名\\1-WannaCrypt0r.exe","TargetFilename":"C:\\Users\\root\\AppData\\Local\\Microsoft\\OneDrive\\25.206.1021.0003\\CollectSyncLogs.bat.WNCRYT","CreationUtcTime":"2025-11-12 01:39:41.223","PreviousCreationUtcTime":"2025-11-12 11:06:59.002","User":"DESKTOP-CS6O5DN\\root"}}}
{"Event":{"#attributes":{"xmlns":"http://schemas.microsoft.com/win/2004/08/events/event"},"System":{"Provider":{"#attributes":{"Name":"Microsoft-Windows-Sysmon","Guid":"5770385F-C22A-43E0-BF4C-06F5698FFBD9"}},"EventID":2,"Version":5,"Level":4,"Task":2,"Opcode":0,"Keywords":"0x8000000000000000","TimeCreated":{"#attributes":{"SystemTime":"2025-11-12T11:06:59.021088Z"}},"EventRecordID":350,"Correlation":null,"Execution":{"#attributes":{"ProcessID":5420,"ThreadID":4432}},"Channel":"Microsoft-Windows-Sysmon/Operational","Computer":"DESKTOP-CS6O5DN","Security":{"#attributes":{"UserID":"S-1-5-18"}}},"EventData":{"RuleName":"T1099","UtcTime":"2025-11-12 11:06:59.012","ProcessGuid":"2A767A6E-6A45-6914-8C01-000000000F00","ProcessId":7968,"Image":"C:\\Users\\root\\Desktop\\恶意代码教学样本-在沙盒中修改文件名\\1-WannaCrypt0r.exe","TargetFilename":"C:\\Users\\root\\AppData\\Local\\Microsoft\\OneDrive\\25.206.1021.0003\\ElevatedAppBlue.png.WNCRYT","CreationUtcTime":"2025-11-12 01:39:41.238","PreviousCreationUtcTime":"2025-11-12 11:06:59.012","User":"DESKTOP-CS6O5DN\\root"}}}
{"Event":{"#attributes":{"xmlns":"http://schemas.microsoft.com/win/2004/08/events/event"},"System":{"Provider":{"#attributes":{"Name":"Microsoft-Windows-Sysmon","Guid":"5770385F-C22A-43E0-BF4C-06F5698FFBD9"}},"EventID":2,"Version":5,"Level":4,"Task":2,"Opcode":0,"Keywords":"0x8000000000000000","TimeCreated":{"#attributes":{"SystemTime":"2025-11-12T11:06:59.026254Z"}},"EventRecordID":351,"Correlation":null,"Execution":{"#attributes":{"ProcessID":5420,"ThreadID":4432}},"Channel":"Microsoft-Windows-Sysmon/Operational","Computer":"DESKTOP-CS6O5DN","Security":{"#attributes":{"UserID":"S-1-5-18"}}},"EventData":{"RuleName":"T1099","UtcTime":"2025-11-12 11:06:59.012","ProcessGuid":"2A767A6E-6A45-6914-8C01-000000000F00","ProcessId":7968,"Image":"C:\\Users\\root\\Desktop\\恶意代码教学样本-在沙盒中修改文件名\\1-WannaCrypt0r.exe","TargetFilename":"C:\\Users\\root\\AppData\\Local\\Microsoft\\OneDrive\\25.206.1021.0003\\ElevatedAppWhite.png.WNCRYT","CreationUtcTime":"2025-11-12 01:39:41.238","PreviousCreationUtcTime":"2025-11-12 11:06:59.012","User":"DESKTOP-CS6O5DN\\root"}}}
{"Event":{"#attributes":{"xmlns":"http://schemas.microsoft.com/win/2004/08/events/event"},"System":{"Provider":{"#attributes":{"Name":"Microsoft-Windows-Sysmon","Guid":"5770385F-C22A-43E0-BF4C-06F5698FFBD9"}},"EventID":2,"Version":5,"Level":4,"Task":2,"Opcode":0,"Keywords":"0x8000000000000000","TimeCreated":{"#attributes":{"SystemTime":"2025-11-12T11:06:59.029495Z"}},"EventRecordID":352,"Correlation":null,"Execution":{"#attributes":{"ProcessID":5420,"ThreadID":4432}},"Channel":"Microsoft-Windows-Sysmon/Operational","Computer":"DESKTOP-CS6O5DN","Security":{"#attributes":{"UserID":"S-1-5-18"}}},"EventData":{"RuleName":"T1099","UtcTime":"2025-11-12 11:06:59.028","ProcessGuid":"2A767A6E-6A45-6914-8C01-000000000F00","ProcessId":7968,"Image":"C:\\Users\\root\\Desktop\\恶意代码教学样本-在沙盒中修改文件名\\1-WannaCrypt0r.exe","TargetFilename":"C:\\Users\\root\\AppData\\Local\\Microsoft\\OneDrive\\25.206.1021.0003\\Error.png.WNCRYT","CreationUtcTime":"2025-11-12 01:39:41.238","PreviousCreationUtcTime":"2025-11-12 11:06:59.012","User":"DESKTOP-CS6O5DN\\root"}}}
{"Event":{"#attributes":{"xmlns":"http://schemas.microsoft.com/win/2004/08/events/event"},"System":{"Provider":{"#attributes":{"Name":"Microsoft-Windows-Sysmon","Guid":"5770385F-C22A-43E0-BF4C-06F5698FFBD9"}},"EventID":2,"Version":5,"Level":4,"Task":2,"Opcode":0,"Keywords":"0x8000000000000000","TimeCreated":{"#attributes":{"SystemTime":"2025-11-12T11:06:59.032623Z"}},"EventRecordID":353,"Correlation":null,"Execution":{"#attributes":{"ProcessID":5420,"ThreadID":4432}},"Channel":"Microsoft-Windows-Sysmon/Operational","Computer":"DESKTOP-CS6O5DN","Security":{"#attributes":{"UserID":"S-1-5-18"}}},"EventData":{"RuleName":"T1099","UtcTime":"2025-11-12 11:06:59.028","ProcessGuid":"2A767A6E-6A45-6914-8C01-000000000F00","ProcessId":7968,"Image":"C:\\Users\\root\\Desktop\\恶意代码教学样本-在沙盒中修改文件名\\1-WannaCrypt0r.exe","TargetFilename":"C:\\Users\\root\\AppData\\Local\\Microsoft\\OneDrive\\25.206.1021.0003\\ErrorPage.js.WNCRYT","CreationUtcTime":"2025-11-12 01:39:41.238","PreviousCreationUtcTime":"2025-11-12 11:06:59.028","User":"DESKTOP-CS6O5DN\\root"}}}
{"Event":{"#attributes":{"xmlns":"http://schemas.microsoft.com/win/2004/08/events/event"},"System":{"Provider":{"#attributes":{"Name":"Microsoft-Windows-Sysmon","Guid":"5770385F-C22A-43E0-BF4C-06F5698FFBD9"}},"EventID":2,"Version":5,"Level":4,"Task":2,"Opcode":0,"Keywords":"0x8000000000000000","TimeCreated":{"#attributes":{"SystemTime":"2025-11-12T11:06:59.041136Z"}},"EventRecordID":354,"Correlation":null,"Execution":{"#attributes":{"ProcessID":5420,"ThreadID":4432}},"Channel":"Microsoft-Windows-Sysmon/Operational","Computer":"DESKTOP-CS6O5DN","Security":{"#attributes":{"UserID":"S-1-5-18"}}},"EventData":{"RuleName":"T1099","UtcTime":"2025-11-12 11:06:59.028","ProcessGuid":"2A767A6E-6A45-6914-8C01-000000000F00","ProcessId":7968,"Image":"C:\\Users\\root\\Desktop\\恶意代码教学样本-在沙盒中修改文件名\\1-WannaCrypt0r.exe","TargetFilename":"C:\\Users\\root\\AppData\\Local\\Microsoft\\OneDrive\\25.206.1021.0003\\HeroImageForQuotaToastsDark.png.WNCRYT","CreationUtcTime":"2025-11-12 01:39:41.738","PreviousCreationUtcTime":"2025-11-12 11:06:59.028","User":"DESKTOP-CS6O5DN\\root"}}}
{"Event":{"#attributes":{"xmlns":"http://schemas.microsoft.com/win/2004/08/events/event"},"System":{"Provider":{"#attributes":{"Name":"Microsoft-Windows-Sysmon","Guid":"5770385F-C22A-43E0-BF4C-06F5698FFBD9"}},"EventID":2,"Version":5,"Level":4,"Task":2,"Opcode":0,"Keywords":"0x8000000000000000","TimeCreated":{"#attributes":{"SystemTime":"2025-11-12T11:06:59.066800Z"}},"EventRecordID":355,"Correlation":null,"Execution":{"#attributes":{"ProcessID":5420,"ThreadID":4432}},"Channel":"Microsoft-Windows-Sysmon/Operational","Computer":"DESKTOP-CS6O5DN","Security":{"#attributes":{"UserID":"S-1-5-18"}}},"EventData":{"RuleName":"T1099","UtcTime":"2025-11-12 11:06:59.062","ProcessGuid":"2A767A6E-6A45-6914-8C01-000000000F00","ProcessId":7968,"Image":"C:\\Users\\root\\Desktop\\恶意代码教学样本-在沙盒中修改文件名\\1-WannaCrypt0r.exe","TargetFilename":"C:\\Users\\root\\AppData\\Local\\Microsoft\\OneDrive\\25.206.1021.0003\\HeroImageForQuotaToastsLight.png.WNCRYT","CreationUtcTime":"2025-11-12 01:39:41.738","PreviousCreationUtcTime":"2025-11-12 11:06:59.050","User":"DESKTOP-CS6O5DN\\root"}}}
{"Event":{"#attributes":{"xmlns":"http://schemas.microsoft.com/win/2004/08/events/event"},"System":{"Provider":{"#attributes":{"Name":"Microsoft-Windows-Sysmon","Guid":"5770385F-C22A-43E0-BF4C-06F5698FFBD9"}},"EventID":2,"Version":5,"Level":4,"Task":2,"Opcode":0,"Keywords":"0x8000000000000000","TimeCreated":{"#attributes":{"SystemTime":"2025-11-12T11:06:59.115564Z"}},"EventRecordID":356,"Correlation":null,"Execution":{"#attributes":{"ProcessID":5420,"ThreadID":4432}},"Channel":"Microsoft-Windows-Sysmon/Operational","Computer":"DESKTOP-CS6O5DN","Security":{"#attributes":{"UserID":"S-1-5-18"}}},"EventData":{"RuleName":"T1099","UtcTime":"2025-11-12 11:06:59.112","ProcessGuid":"2A767A6E-6A45-6914-8C01-000000000F00","ProcessId":7968,"Image":"C:\\Users\\root\\Desktop\\恶意代码教学样本-在沙盒中修改文件名\\1-WannaCrypt0r.exe","TargetFilename":"C:\\Users\\root\\AppData\\Local\\Microsoft\\OneDrive\\25.206.1021.0003\\HeroImage_FirstUploadLowCostSKUToast.png.WNCRYT","CreationUtcTime":"2025-11-12 01:39:41.738","PreviousCreationUtcTime":"2025-11-12 11:06:59.078","User":"DESKTOP-CS6O5DN\\root"}}}
{"Event":{"#attributes":{"xmlns":"http://schemas.microsoft.com/win/2004/08/events/event"},"System":{"Provider":{"#attributes":{"Name":"Microsoft-Windows-Sysmon","Guid":"5770385F-C22A-43E0-BF4C-06F5698FFBD9"}},"EventID":2,"Version":5,"Level":4,"Task":2,"Opcode":0,"Keywords":"0x8000000000000000","TimeCreated":{"#attributes":{"SystemTime":"2025-11-12T11:06:59.135778Z"}},"EventRecordID":357,"Correlation":null,"Execution":{"#attributes":{"ProcessID":5420,"ThreadID":4432}},"Channel":"Microsoft-Windows-Sysmon/Operational","Computer":"DESKTOP-CS6O5DN","Security":{"#attributes":{"UserID":"S-1-5-18"}}},"EventData":{"RuleName":"T1099","UtcTime":"2025-11-12 11:06:59.129","ProcessGuid":"2A767A6E-6A45-6914-8C01-000000000F00","ProcessId":7968,"Image":"C:\\Users\\root\\Desktop\\恶意代码教学样本-在沙盒中修改文件名\\1-WannaCrypt0r.exe","TargetFilename":"C:\\Users\\root\\AppData\\Local\\Microsoft\\OneDrive\\25.206.1021.0003\\info.png.WNCRYT","CreationUtcTime":"2025-11-12 01:39:41.738","PreviousCreationUtcTime":"2025-11-12 11:06:59.129","User":"DESKTOP-CS6O5DN\\root"}}}
{"Event":{"#attributes":{"xmlns":"http://schemas.microsoft.com/win/2004/08/events/event"},"System":{"Provider":{"#attributes":{"Name":"Microsoft-Windows-Sysmon","Guid":"5770385F-C22A-43E0-BF4C-06F5698FFBD9"}},"EventID":2,"Version":5,"Level":4,"Task":2,"Opcode":0,"Keywords":"0x8000000000000000","TimeCreated":{"#attributes":{"SystemTime":"2025-11-12T11:06:59.144698Z"}},"EventRecordID":358,"Correlation":null,"Execution":{"#attributes":{"ProcessID":5420,"ThreadID":4432}},"Channel":"Microsoft-Windows-Sysmon/Operational","Computer":"DESKTOP-CS6O5DN","Security":{"#attributes":{"UserID":"S-1-5-18"}}},"EventData":{"RuleName":"T1099","UtcTime":"2025-11-12 11:06:59.142","ProcessGuid":"2A767A6E-6A45-6914-8C01-000000000F00","ProcessId":7968,"Image":"C:\\Users\\root\\Desktop\\恶意代码教学样本-在沙盒中修改文件名\\1-WannaCrypt0r.exe","TargetFilename":"C:\\Users\\root\\AppData\\Local\\Microsoft\\OneDrive\\25.206.1021.0003\\KFMHeroToast.png.WNCRYT","CreationUtcTime":"2025-11-12 01:39:41.770","PreviousCreationUtcTime":"2025-11-12 11:06:59.142","User":"DESKTOP-CS6O5DN\\root"}}}
{"Event":{"#attributes":{"xmlns":"http://schemas.microsoft.com/win/2004/08/events/event"},"System":{"Provider":{"#attributes":{"Name":"Microsoft-Windows-Sysmon","Guid":"5770385F-C22A-43E0-BF4C-06F5698FFBD9"}},"EventID":2,"Version":5,"Level":4,"Task":2,"Opcode":0,"Keywords":"0x8000000000000000","TimeCreated":{"#attributes":{"SystemTime":"2025-11-12T11:06:59.159194Z"}},"EventRecordID":359,"Correlation":null,"Execution":{"#attributes":{"ProcessID":5420,"ThreadID":4432}},"Channel":"Microsoft-Windows-Sysmon/Operational","Computer":"DESKTOP-CS6O5DN","Security":{"#attributes":{"UserID":"S-1-5-18"}}},"EventData":{"RuleName":"T1099","UtcTime":"2025-11-12 11:06:59.153","ProcessGuid":"2A767A6E-6A45-6914-8C01-000000000F00","ProcessId":7968,"Image":"C:\\Users\\root\\Desktop\\恶意代码教学样本-在沙盒中修改文件名\\1-WannaCrypt0r.exe","TargetFilename":"C:\\Users\\root\\AppData\\Local\\Microsoft\\OneDrive\\25.206.1021.0003\\KFMLockedFileToast.png.WNCRYT","CreationUtcTime":"2025-11-12 01:39:41.770","PreviousCreationUtcTime":"2025-11-12 11:06:59.153","User":"DESKTOP-CS6O5DN\\root"}}}
{"Event":{"#attributes":{"xmlns":"http://schemas.microsoft.com/win/2004/08/events/event"},"System":{"Provider":{"#attributes":{"Name":"Microsoft-Windows-Sysmon","Guid":"5770385F-C22A-43E0-BF4C-06F5698FFBD9"}},"EventID":2,"Version":5,"Level":4,"Task":2,"Opcode":0,"Keywords":"0x8000000000000000","TimeCreated":{"#attributes":{"SystemTime":"2025-11-12T11:06:59.163607Z"}},"EventRecordID":360,"Correlation":null,"Execution":{"#attributes":{"ProcessID":5420,"ThreadID":4432}},"Channel":"Microsoft-Windows-Sysmon/Operational","Computer":"DESKTOP-CS6O5DN","Security":{"#attributes":{"UserID":"S-1-5-18"}}},"EventData":{"RuleName":"T1099","UtcTime":"2025-11-12 11:06:59.153","ProcessGuid":"2A767A6E-6A45-6914-8C01-000000000F00","ProcessId":7968,"Image":"C:\\Users\\root\\Desktop\\恶意代码教学样本-在沙盒中修改文件名\\1-WannaCrypt0r.exe","TargetFilename":"C:\\Users\\root\\AppData\\Local\\Microsoft\\OneDrive\\25.206.1021.0003\\KFMScanExclusionToast.png.WNCRYT","CreationUtcTime":"2025-11-12 01:39:41.770","PreviousCreationUtcTime":"2025-11-12 11:06:59.153","User":"DESKTOP-CS6O5DN\\root"}}}
{"Event":{"#attributes":{"xmlns":"http://schemas.microsoft.com/win/2004/08/events/event"},"System":{"Provider":{"#attributes":{"Name":"Microsoft-Windows-Sysmon","Guid":"5770385F-C22A-43E0-BF4C-06F5698FFBD9"}},"EventID":2,"Version":5,"Level":4,"Task":2,"Opcode":0,"Keywords":"0x8000000000000000","TimeCreated":{"#attributes":{"SystemTime":"2025-11-12T11:06:59.182477Z"}},"EventRecordID":361,"Correlation":null,"Execution":{"#attributes":{"ProcessID":5420,"ThreadID":4432}},"Channel":"Microsoft-Windows-Sysmon/Operational","Computer":"DESKTOP-CS6O5DN","Security":{"#attributes":{"UserID":"S-1-5-18"}}},"EventData":{"RuleName":"T1099","UtcTime":"2025-11-12 11:06:59.173","ProcessGuid":"2A767A6E-6A45-6914-8C01-000000000F00","ProcessId":7968,"Image":"C:\\Users\\root\\Desktop\\恶意代码教学样本-在沙盒中修改文件名\\1-WannaCrypt0r.exe","TargetFilename":"C:\\Users\\root\\AppData\\Local\\Microsoft\\OneDrive\\25.206.1021.0003\\Lottie.min.js.WNCRYT","CreationUtcTime":"2025-11-12 01:39:42.036","PreviousCreationUtcTime":"2025-11-12 11:06:59.173","User":"DESKTOP-CS6O5DN\\root"}}}
{"Event":{"#attributes":{"xmlns":"http://schemas.microsoft.com/win/2004/08/events/event"},"System":{"Provider":{"#attributes":{"Name":"Microsoft-Windows-Sysmon","Guid":"5770385F-C22A-43E0-BF4C-06F5698FFBD9"}},"EventID":2,"Version":5,"Level":4,"Task":2,"Opcode":0,"Keywords":"0x8000000000000000","TimeCreated":{"#attributes":{"SystemTime":"2025-11-12T11:06:59.196972Z"}},"EventRecordID":362,"Correlation":null,"Execution":{"#attributes":{"ProcessID":5420,"ThreadID":4432}},"Channel":"Microsoft-Windows-Sysmon/Operational","Computer":"DESKTOP-CS6O5DN","Security":{"#attributes":{"UserID":"S-1-5-18"}}},"EventData":{"RuleName":"T1099","UtcTime":"2025-11-12 11:06:59.192","ProcessGuid":"2A767A6E-6A45-6914-8C01-000000000F00","ProcessId":7968,"Image":"C:\\Users\\root\\Desktop\\恶意代码教学样本-在沙盒中修改文件名\\1-WannaCrypt0r.exe","TargetFilename":"C:\\Users\\root\\AppData\\Local\\Microsoft\\OneDrive\\25.206.1021.0003\\OneDrive.Sync.Service.png.WNCRYT","CreationUtcTime":"2025-11-12 01:39:43.067","PreviousCreationUtcTime":"2025-11-12 11:06:59.192","User":"DESKTOP-CS6O5DN\\root"}}}
{"Event":{"#attributes":{"xmlns":"http://schemas.microsoft.com/win/2004/08/events/event"},"System":{"Provider":{"#attributes":{"Name":"Microsoft-Windows-Sysmon","Guid":"5770385F-C22A-43E0-BF4C-06F5698FFBD9"}},"EventID":2,"Version":5,"Level":4,"Task":2,"Opcode":0,"Keywords":"0x8000000000000000","TimeCreated":{"#attributes":{"SystemTime":"2025-11-12T11:06:59.208493Z"}},"EventRecordID":363,"Correlation":null,"Execution":{"#attributes":{"ProcessID":5420,"ThreadID":4432}},"Channel":"Microsoft-Windows-Sysmon/Operational","Computer":"DESKTOP-CS6O5DN","Security":{"#attributes":{"UserID":"S-1-5-18"}}},"EventData":{"RuleName":"T1099","UtcTime":"2025-11-12 11:06:59.206","ProcessGuid":"2A767A6E-6A45-6914-8C01-000000000F00","ProcessId":7968,"Image":"C:\\Users\\root\\Desktop\\恶意代码教学样本-在沙盒中修改文件名\\1-WannaCrypt0r.exe","TargetFilename":"C:\\Users\\root\\AppData\\Local\\Microsoft\\OneDrive\\25.206.1021.0003\\OneDriveLogo.png.WNCRYT","CreationUtcTime":"2025-11-12 01:39:43.145","PreviousCreationUtcTime":"2025-11-12 11:06:59.206","User":"DESKTOP-CS6O5DN\\root"}}}
{"Event":{"#attributes":{"xmlns":"http://schemas.microsoft.com/win/2004/08/events/event"},"System":{"Provider":{"#attributes":{"Name":"Microsoft-Windows-Sysmon","Guid":"5770385F-C22A-43E0-BF4C-06F5698FFBD9"}},"EventID":2,"Version":5,"Level":4,"Task":2,"Opcode":0,"Keywords":"0x8000000000000000","TimeCreated":{"#attributes":{"SystemTime":"2025-11-12T11:06:59.225130Z"}},"EventRecordID":364,"Correlation":null,"Execution":{"#attributes":{"ProcessID":5420,"ThreadID":4432}},"Channel":"Microsoft-Windows-Sysmon/Operational","Computer":"DESKTOP-CS6O5DN","Security":{"#attributes":{"UserID":"S-1-5-18"}}},"EventData":{"RuleName":"T1099","UtcTime":"2025-11-12 11:06:59.221","ProcessGuid":"2A767A6E-6A45-6914-8C01-000000000F00","ProcessId":7968,"Image":"C:\\Users\\root\\Desktop\\恶意代码教学样本-在沙盒中修改文件名\\1-WannaCrypt0r.exe","TargetFilename":"C:\\Users\\root\\AppData\\Local\\Microsoft\\OneDrive\\25.206.1021.0003\\QuotaCritical_default.png.WNCRYT","CreationUtcTime":"2025-11-12 01:39:43.709","PreviousCreationUtcTime":"2025-11-12 11:06:59.221","User":"DESKTOP-CS6O5DN\\root"}}}
{"Event":{"#attributes":{"xmlns":"http://schemas.microsoft.com/win/2004/08/events/event"},"System":{"Provider":{"#attributes":{"Name":"Microsoft-Windows-Sysmon","Guid":"5770385F-C22A-43E0-BF4C-06F5698FFBD9"}},"EventID":2,"Version":5,"Level":4,"Task":2,"Opcode":0,"Keywords":"0x8000000000000000","TimeCreated":{"#attributes":{"SystemTime":"2025-11-12T11:06:59.244662Z"}},"EventRecordID":365,"Correlation":null,"Execution":{"#attributes":{"ProcessID":5420,"ThreadID":4432}},"Channel":"Microsoft-Windows-Sysmon/Operational","Computer":"DESKTOP-CS6O5DN","Security":{"#attributes":{"UserID":"S-1-5-18"}}},"EventData":{"RuleName":"T1099","UtcTime":"2025-11-12 11:06:59.243","ProcessGuid":"2A767A6E-6A45-6914-8C01-000000000F00","ProcessId":7968,"Image":"C:\\Users\\root\\Desktop\\恶意代码教学样本-在沙盒中修改文件名\\1-WannaCrypt0r.exe","TargetFilename":"C:\\Users\\root\\AppData\\Local\\Microsoft\\OneDrive\\25.206.1021.0003\\QuotaCritical_Win11.png.WNCRYT","CreationUtcTime":"2025-11-12 01:39:43.709","PreviousCreationUtcTime":"2025-11-12 11:06:59.221","User":"DESKTOP-CS6O5DN\\root"}}}
{"Event":{"#attributes":{"xmlns":"http://schemas.microsoft.com/win/2004/08/events/event"},"System":{"Provider":{"#attributes":{"Name":"Microsoft-Windows-Sysmon","Guid":"5770385F-C22A-43E0-BF4C-06F5698FFBD9"}},"EventID":2,"Version":5,"Level":4,"Task":2,"Opcode":0,"Keywords":"0x8000000000000000","TimeCreated":{"#attributes":{"SystemTime":"2025-11-12T11:06:59.249127Z"}},"EventRecordID":366,"Correlation":null,"Execution":{"#attributes":{"ProcessID":5420,"ThreadID":4432}},"Channel":"Microsoft-Windows-Sysmon/Operational","Computer":"DESKTOP-CS6O5DN","Security":{"#attributes":{"UserID":"S-1-5-18"}}},"EventData":{"RuleName":"T1099","UtcTime":"2025-11-12 11:06:59.247","ProcessGuid":"2A767A6E-6A45-6914-8C01-000000000F00","ProcessId":7968,"Image":"C:\\Users\\root\\Desktop\\恶意代码教学样本-在沙盒中修改文件名\\1-WannaCrypt0r.exe","TargetFilename":"C:\\Users\\root\\AppData\\Local\\Microsoft\\OneDrive\\25.206.1021.0003\\QuotaError.png.WNCRYT","CreationUtcTime":"2025-11-12 01:39:43.709","PreviousCreationUtcTime":"2025-11-12 11:06:59.247","User":"DESKTOP-CS6O5DN\\root"}}}
{"Event":{"#attributes":{"xmlns":"http://schemas.microsoft.com/win/2004/08/events/event"},"System":{"Provider":{"#attributes":{"Name":"Microsoft-Windows-Sysmon","Guid":"5770385F-C22A-43E0-BF4C-06F5698FFBD9"}},"EventID":2,"Version":5,"Level":4,"Task":2,"Opcode":0,"Keywords":"0x8000000000000000","TimeCreated":{"#attributes":{"SystemTime":"2025-11-12T11:06:59.251591Z"}},"EventRecordID":367,"Correlation":null,"Execution":{"#attributes":{"ProcessID":5420,"ThreadID":4432}},"Channel":"Microsoft-Windows-Sysmon/Operational","Computer":"DESKTOP-CS6O5DN","Security":{"#attributes":{"UserID":"S-1-5-18"}}},"EventData":{"RuleName":"T1099","UtcTime":"2025-11-12 11:06:59.247","ProcessGuid":"2A767A6E-6A45-6914-8C01-000000000F00","ProcessId":7968,"Image":"C:\\Users\\root\\Desktop\\恶意代码教学样本-在沙盒中修改文件名\\1-WannaCrypt0r.exe","TargetFilename":"C:\\Users\\root\\AppData\\Local\\Microsoft\\OneDrive\\25.206.1021.0003\\QuotaFull_default.png.WNCRYT","CreationUtcTime":"2025-11-12 01:39:43.709","PreviousCreationUtcTime":"2025-11-12 11:06:59.247","User":"DESKTOP-CS6O5DN\\root"}}}
{"Event":{"#attributes":{"xmlns":"http://schemas.microsoft.com/win/2004/08/events/event"},"System":{"Provider":{"#attributes":{"Name":"Microsoft-Windows-Sysmon","Guid":"5770385F-C22A-43E0-BF4C-06F5698FFBD9"}},"EventID":2,"Version":5,"Level":4,"Task":2,"Opcode":0,"Keywords":"0x8000000000000000","TimeCreated":{"#attributes":{"SystemTime":"2025-11-12T11:06:59.253108Z"}},"EventRecordID":368,"Correlation":null,"Execution":{"#attributes":{"ProcessID":5420,"ThreadID":4432}},"Channel":"Microsoft-Windows-Sysmon/Operational","Computer":"DESKTOP-CS6O5DN","Security":{"#attributes":{"UserID":"S-1-5-18"}}},"EventData":{"RuleName":"T1099","UtcTime":"2025-11-12 11:06:59.247","ProcessGuid":"2A767A6E-6A45-6914-8C01-000000000F00","ProcessId":7968,"Image":"C:\\Users\\root\\Desktop\\恶意代码教学样本-在沙盒中修改文件名\\1-WannaCrypt0r.exe","TargetFilename":"C:\\Users\\root\\AppData\\Local\\Microsoft\\OneDrive\\25.206.1021.0003\\QuotaFull_Win11.png.WNCRYT","CreationUtcTime":"2025-11-12 01:39:43.709","PreviousCreationUtcTime":"2025-11-12 11:06:59.247","User":"DESKTOP-CS6O5DN\\root"}}}
{"Event":{"#attributes":{"xmlns":"http://schemas.microsoft.com/win/2004/08/events/event"},"System":{"Provider":{"#attributes":{"Name":"Microsoft-Windows-Sysmon","Guid":"5770385F-C22A-43E0-BF4C-06F5698FFBD9"}},"EventID":2,"Version":5,"Level":4,"Task":2,"Opcode":0,"Keywords":"0x8000000000000000","TimeCreated":{"#attributes":{"SystemTime":"2025-11-12T11:06:59.254930Z"}},"EventRecordID":369,"Correlation":null,"Execution":{"#attributes":{"ProcessID":5420,"ThreadID":4432}},"Channel":"Microsoft-Windows-Sysmon/Operational","Computer":"DESKTOP-CS6O5DN","Security":{"#attributes":{"UserID":"S-1-5-18"}}},"EventData":{"RuleName":"T1099","UtcTime":"2025-11-12 11:06:59.247","ProcessGuid":"2A767A6E-6A45-6914-8C01-000000000F00","ProcessId":7968,"Image":"C:\\Users\\root\\Desktop\\恶意代码教学样本-在沙盒中修改文件名\\1-WannaCrypt0r.exe","TargetFilename":"C:\\Users\\root\\AppData\\Local\\Microsoft\\OneDrive\\25.206.1021.0003\\QuotaNearing.png.WNCRYT","CreationUtcTime":"2025-11-12 01:39:43.709","PreviousCreationUtcTime":"2025-11-12 11:06:59.247","User":"DESKTOP-CS6O5DN\\root"}}}
{"Event":{"#attributes":{"xmlns":"http://schemas.microsoft.com/win/2004/08/events/event"},"System":{"Provider":{"#attributes":{"Name":"Microsoft-Windows-Sysmon","Guid":"5770385F-C22A-43E0-BF4C-06F5698FFBD9"}},"EventID":2,"Version":5,"Level":4,"Task":2,"Opcode":0,"Keywords":"0x8000000000000000","TimeCreated":{"#attributes":{"SystemTime":"2025-11-12T11:06:59.258689Z"}},"EventRecordID":370,"Correlation":null,"Execution":{"#attributes":{"ProcessID":5420,"ThreadID":4432}},"Channel":"Microsoft-Windows-Sysmon/Operational","Computer":"DESKTOP-CS6O5DN","Security":{"#attributes":{"UserID":"S-1-5-18"}}},"EventData":{"RuleName":"T1099","UtcTime":"2025-11-12 11:06:59.247","ProcessGuid":"2A767A6E-6A45-6914-8C01-000000000F00","ProcessId":7968,"Image":"C:\\Users\\root\\Desktop\\恶意代码教学样本-在沙盒中修改文件名\\1-WannaCrypt0r.exe","TargetFilename":"C:\\Users\\root\\AppData\\Local\\Microsoft\\OneDrive\\25.206.1021.0003\\QuotaOverLimit_default.png.WNCRYT","CreationUtcTime":"2025-11-12 01:39:43.709","PreviousCreationUtcTime":"2025-11-12 11:06:59.247","User":"DESKTOP-CS6O5DN\\root"}}}
{"Event":{"#attributes":{"xmlns":"http://schemas.microsoft.com/win/2004/08/events/event"},"System":{"Provider":{"#attributes":{"Name":"Microsoft-Windows-Sysmon","Guid":"5770385F-C22A-43E0-BF4C-06F5698FFBD9"}},"EventID":2,"Version":5,"Level":4,"Task":2,"Opcode":0,"Keywords":"0x8000000000000000","TimeCreated":{"#attributes":{"SystemTime":"2025-11-12T11:06:59.276541Z"}},"EventRecordID":371,"Correlation":null,"Execution":{"#attributes":{"ProcessID":5420,"ThreadID":4432}},"Channel":"Microsoft-Windows-Sysmon/Operational","Computer":"DESKTOP-CS6O5DN","Security":{"#attributes":{"UserID":"S-1-5-18"}}},"EventData":{"RuleName":"T1099","UtcTime":"2025-11-12 11:06:59.263","ProcessGuid":"2A767A6E-6A45-6914-8C01-000000000F00","ProcessId":7968,"Image":"C:\\Users\\root\\Desktop\\恶意代码教学样本-在沙盒中修改文件名\\1-WannaCrypt0r.exe","TargetFilename":"C:\\Users\\root\\AppData\\Local\\Microsoft\\OneDrive\\25.206.1021.0003\\quotawarning_dark.png.WNCRYT","CreationUtcTime":"2025-11-12 01:39:43.709","PreviousCreationUtcTime":"2025-11-12 11:06:59.247","User":"DESKTOP-CS6O5DN\\root"}}}
{"Event":{"#attributes":{"xmlns":"http://schemas.microsoft.com/win/2004/08/events/event"},"System":{"Provider":{"#attributes":{"Name":"Microsoft-Windows-Sysmon","Guid":"5770385F-C22A-43E0-BF4C-06F5698FFBD9"}},"EventID":2,"Version":5,"Level":4,"Task":2,"Opcode":0,"Keywords":"0x8000000000000000","TimeCreated":{"#attributes":{"SystemTime":"2025-11-12T11:06:59.281040Z"}},"EventRecordID":372,"Correlation":null,"Execution":{"#attributes":{"ProcessID":5420,"ThreadID":4432}},"Channel":"Microsoft-Windows-Sysmon/Operational","Computer":"DESKTOP-CS6O5DN","Security":{"#attributes":{"UserID":"S-1-5-18"}}},"EventData":{"RuleName":"T1099","UtcTime":"2025-11-12 11:06:59.278","ProcessGuid":"2A767A6E-6A45-6914-8C01-000000000F00","ProcessId":7968,"Image":"C:\\Users\\root\\Desktop\\恶意代码教学样本-在沙盒中修改文件名\\1-WannaCrypt0r.exe","TargetFilename":"C:\\Users\\root\\AppData\\Local\\Microsoft\\OneDrive\\25.206.1021.0003\\quotawarning_light.png.WNCRYT","CreationUtcTime":"2025-11-12 01:39:43.709","PreviousCreationUtcTime":"2025-11-12 11:06:59.278","User":"DESKTOP-CS6O5DN\\root"}}}
{"Event":{"#attributes":{"xmlns":"http://schemas.microsoft.com/win/2004/08/events/event"},"System":{"Provider":{"#attributes":{"Name":"Microsoft-Windows-Sysmon","Guid":"5770385F-C22A-43E0-BF4C-06F5698FFBD9"}},"EventID":2,"Version":5,"Level":4,"Task":2,"Opcode":0,"Keywords":"0x8000000000000000","TimeCreated":{"#attributes":{"SystemTime":"2025-11-12T11:06:59.307174Z"}},"EventRecordID":373,"Correlation":null,"Execution":{"#attributes":{"ProcessID":5420,"ThreadID":4432}},"Channel":"Microsoft-Windows-Sysmon/Operational","Computer":"DESKTOP-CS6O5DN","Security":{"#attributes":{"UserID":"S-1-5-18"}}},"EventData":{"RuleName":"T1099","UtcTime":"2025-11-12 11:06:59.294","ProcessGuid":"2A767A6E-6A45-6914-8C01-000000000F00","ProcessId":7968,"Image":"C:\\Users\\root\\Desktop\\恶意代码教学样本-在沙盒中修改文件名\\1-WannaCrypt0r.exe","TargetFilename":"C:\\Users\\root\\AppData\\Local\\Microsoft\\OneDrive\\25.206.1021.0003\\ScreenshotOptIn.gif.WNCRYT","CreationUtcTime":"2025-11-12 01:39:43.724","PreviousCreationUtcTime":"2025-11-12 11:06:59.294","User":"DESKTOP-CS6O5DN\\root"}}}
{"Event":{"#attributes":{"xmlns":"http://schemas.microsoft.com/win/2004/08/events/event"},"System":{"Provider":{"#attributes":{"Name":"Microsoft-Windows-Sysmon","Guid":"5770385F-C22A-43E0-BF4C-06F5698FFBD9"}},"EventID":2,"Version":5,"Level":4,"Task":2,"Opcode":0,"Keywords":"0x8000000000000000","TimeCreated":{"#attributes":{"SystemTime":"2025-11-12T11:06:59.320406Z"}},"EventRecordID":374,"Correlation":null,"Execution":{"#attributes":{"ProcessID":5420,"ThreadID":4432}},"Channel":"Microsoft-Windows-Sysmon/Operational","Computer":"DESKTOP-CS6O5DN","Security":{"#attributes":{"UserID":"S-1-5-18"}}},"EventData":{"RuleName":"T1099","UtcTime":"2025-11-12 11:06:59.311","ProcessGuid":"2A767A6E-6A45-6914-8C01-000000000F00","ProcessId":7968,"Image":"C:\\Users\\root\\Desktop\\恶意代码教学样本-在沙盒中修改文件名\\1-WannaCrypt0r.exe","TargetFilename":"C:\\Users\\root\\AppData\\Local\\Microsoft\\OneDrive\\25.206.1021.0003\\ToastInfoIcon.png.WNCRYT","CreationUtcTime":"2025-11-12 01:39:43.879","PreviousCreationUtcTime":"2025-11-12 11:06:59.311","User":"DESKTOP-CS6O5DN\\root"}}}
{"Event":{"#attributes":{"xmlns":"http://schemas.microsoft.com/win/2004/08/events/event"},"System":{"Provider":{"#attributes":{"Name":"Microsoft-Windows-Sysmon","Guid":"5770385F-C22A-43E0-BF4C-06F5698FFBD9"}},"EventID":2,"Version":5,"Level":4,"Task":2,"Opcode":0,"Keywords":"0x8000000000000000","TimeCreated":{"#attributes":{"SystemTime":"2025-11-12T11:06:59.327544Z"}},"EventRecordID":375,"Correlation":null,"Execution":{"#attributes":{"ProcessID":5420,"ThreadID":4432}},"Channel":"Microsoft-Windows-Sysmon/Operational","Computer":"DESKTOP-CS6O5DN","Security":{"#attributes":{"UserID":"S-1-5-18"}}},"EventData":{"RuleName":"T1099","UtcTime":"2025-11-12 11:06:59.325","ProcessGuid":"2A767A6E-6A45-6914-8C01-000000000F00","ProcessId":7968,"Image":"C:\\Users\\root\\Desktop\\恶意代码教学样本-在沙盒中修改文件名\\1-WannaCrypt0r.exe","TargetFilename":"C:\\Users\\root\\AppData\\Local\\Microsoft\\OneDrive\\25.206.1021.0003\\tryforfree_dark.png.WNCRYT","CreationUtcTime":"2025-11-12 01:39:43.879","PreviousCreationUtcTime":"2025-11-12 11:06:59.311","User":"DESKTOP-CS6O5DN\\root"}}}
{"Event":{"#attributes":{"xmlns":"http://schemas.microsoft.com/win/2004/08/events/event"},"System":{"Provider":{"#attributes":{"Name":"Microsoft-Windows-Sysmon","Guid":"5770385F-C22A-43E0-BF4C-06F5698FFBD9"}},"EventID":2,"Version":5,"Level":4,"Task":2,"Opcode":0,"Keywords":"0x8000000000000000","TimeCreated":{"#attributes":{"SystemTime":"2025-11-12T11:06:59.338179Z"}},"EventRecordID":376,"Correlation":null,"Execution":{"#attributes":{"ProcessID":5420,"ThreadID":4432}},"Channel":"Microsoft-Windows-Sysmon/Operational","Computer":"DESKTOP-CS6O5DN","Security":{"#attributes":{"UserID":"S-1-5-18"}}},"EventData":{"RuleName":"T1099","UtcTime":"2025-11-12 11:06:59.325","ProcessGuid":"2A767A6E-6A45-6914-8C01-000000000F00","ProcessId":7968,"Image":"C:\\Users\\root\\Desktop\\恶意代码教学样本-在沙盒中修改文件名\\1-WannaCrypt0r.exe","TargetFilename":"C:\\Users\\root\\AppData\\Local\\Microsoft\\OneDrive\\25.206.1021.0003\\tryforfree_light.png.WNCRYT","CreationUtcTime":"2025-11-12 01:39:43.879","PreviousCreationUtcTime":"2025-11-12 11:06:59.325","User":"DESKTOP-CS6O5DN\\root"}}}
{"Event":{"#attributes":{"xmlns":"http://schemas.microsoft.com/win/2004/08/events/event"},"System":{"Provider":{"#attributes":{"Name":"Microsoft-Windows-Sysmon","Guid":"5770385F-C22A-43E0-BF4C-06F5698FFBD9"}},"EventID":2,"Version":5,"Level":4,"Task":2,"Opcode":0,"Keywords":"0x8000000000000000","TimeCreated":{"#attributes":{"SystemTime":"2025-11-12T11:06:59.351038Z"}},"EventRecordID":377,"Correlation":null,"Execution":{"#attributes":{"ProcessID":5420,"ThreadID":4432}},"Channel":"Microsoft-Windows-Sysmon/Operational","Computer":"DESKTOP-CS6O5DN","Security":{"#attributes":{"UserID":"S-1-5-18"}}},"EventData":{"RuleName":"T1099","UtcTime":"2025-11-12 11:06:59.342","ProcessGuid":"2A767A6E-6A45-6914-8C01-000000000F00","ProcessId":7968,"Image":"C:\\Users\\root\\Desktop\\恶意代码教学样本-在沙盒中修改文件名\\1-WannaCrypt0r.exe","TargetFilename":"C:\\Users\\root\\AppData\\Local\\Microsoft\\OneDrive\\25.206.1021.0003\\Warning.png.WNCRYT","CreationUtcTime":"2025-11-12 01:39:43.910","PreviousCreationUtcTime":"2025-11-12 11:06:59.342","User":"DESKTOP-CS6O5DN\\root"}}}
{"Event":{"#attributes":{"xmlns":"http://schemas.microsoft.com/win/2004/08/events/event"},"System":{"Provider":{"#attributes":{"Name":"Microsoft-Windows-Sysmon","Guid":"5770385F-C22A-43E0-BF4C-06F5698FFBD9"}},"EventID":2,"Version":5,"Level":4,"Task":2,"Opcode":0,"Keywords":"0x8000000000000000","TimeCreated":{"#attributes":{"SystemTime":"2025-11-12T11:06:59.364763Z"}},"EventRecordID":378,"Correlation":null,"Execution":{"#attributes":{"ProcessID":5420,"ThreadID":4432}},"Channel":"Microsoft-Windows-Sysmon/Operational","Computer":"DESKTOP-CS6O5DN","Security":{"#attributes":{"UserID":"S-1-5-18"}}},"EventData":{"RuleName":"T1099","UtcTime":"2025-11-12 11:06:59.357","ProcessGuid":"2A767A6E-6A45-6914-8C01-000000000F00","ProcessId":7968,"Image":"C:\\Users\\root\\Desktop\\恶意代码教学样本-在沙盒中修改文件名\\1-WannaCrypt0r.exe","TargetFilename":"C:\\Users\\root\\AppData\\Local\\Microsoft\\OneDrive\\25.206.1021.0003\\Assets\\Square44x44Logo.altform-lightunplated_targetsize-256.png.WNCRYT","CreationUtcTime":"2025-11-12 01:39:43.973","PreviousCreationUtcTime":"2025-11-12 11:06:59.357","User":"DESKTOP-CS6O5DN\\root"}}}
{"Event":{"#attributes":{"xmlns":"http://schemas.microsoft.com/win/2004/08/events/event"},"System":{"Provider":{"#attributes":{"Name":"Microsoft-Windows-Sysmon","Guid":"5770385F-C22A-43E0-BF4C-06F5698FFBD9"}},"EventID":2,"Version":5,"Level":4,"Task":2,"Opcode":0,"Keywords":"0x8000000000000000","TimeCreated":{"#attributes":{"SystemTime":"2025-11-12T11:06:59.367819Z"}},"EventRecordID":379,"Correlation":null,"Execution":{"#attributes":{"ProcessID":5420,"ThreadID":4432}},"Channel":"Microsoft-Windows-Sysmon/Operational","Computer":"DESKTOP-CS6O5DN","Security":{"#attributes":{"UserID":"S-1-5-18"}}},"EventData":{"RuleName":"T1099","UtcTime":"2025-11-12 11:06:59.357","ProcessGuid":"2A767A6E-6A45-6914-8C01-000000000F00","ProcessId":7968,"Image":"C:\\Users\\root\\Desktop\\恶意代码教学样本-在沙盒中修改文件名\\1-WannaCrypt0r.exe","TargetFilename":"C:\\Users\\root\\AppData\\Local\\Microsoft\\OneDrive\\25.206.1021.0003\\Assets\\Square44x44Logo.altform-lightunplated_targetsize-32.png.WNCRYT","CreationUtcTime":"2025-11-12 01:39:43.973","PreviousCreationUtcTime":"2025-11-12 11:06:59.357","User":"DESKTOP-CS6O5DN\\root"}}}
{"Event":{"#attributes":{"xmlns":"http://schemas.microsoft.com/win/2004/08/events/event"},"System":{"Provider":{"#attributes":{"Name":"Microsoft-Windows-Sysmon","Guid":"5770385F-C22A-43E0-BF4C-06F5698FFBD9"}},"EventID":2,"Version":5,"Level":4,"Task":2,"Opcode":0,"Keywords":"0x8000000000000000","TimeCreated":{"#attributes":{"SystemTime":"2025-11-12T11:06:59.370826Z"}},"EventRecordID":380,"Correlation":null,"Execution":{"#attributes":{"ProcessID":5420,"ThreadID":4432}},"Channel":"Microsoft-Windows-Sysmon/Operational","Computer":"DESKTOP-CS6O5DN","Security":{"#attributes":{"UserID":"S-1-5-18"}}},"EventData":{"RuleName":"T1099","UtcTime":"2025-11-12 11:06:59.357","ProcessGuid":"2A767A6E-6A45-6914-8C01-000000000F00","ProcessId":7968,"Image":"C:\\Users\\root\\Desktop\\恶意代码教学样本-在沙盒中修改文件名\\1-WannaCrypt0r.exe","TargetFilename":"C:\\Users\\root\\AppData\\Local\\Microsoft\\OneDrive\\25.206.1021.0003\\Assets\\Square44x44Logo.altform-lightunplated_targetsize-48.png.WNCRYT","CreationUtcTime":"2025-11-12 01:39:43.973","PreviousCreationUtcTime":"2025-11-12 11:06:59.357","User":"DESKTOP-CS6O5DN\\root"}}}
