{"Event":{"#attributes":{"xmlns":"http://schemas.microsoft.com/win/2004/08/events/event"},"System":{"Provider":{"#attributes":{"Name":"Microsoft-Windows-Sysmon","Guid":"5770385F-C22A-43E0-BF4C-06F5698FFBD9"}},"EventID":2,"Version":5,"Level":4,"Task":2,"Opcode":0,"Keywords":"0x8000000000000000","TimeCreated":{"#attributes":{"SystemTime":"2025-11-12T11:07:15.361586Z"}},"EventRecordID":1152,"Correlation":null,"Execution":{"#attributes":{"ProcessID":5420,"ThreadID":4432}},"Channel":"Microsoft-Windows-Sysmon/Operational","Computer":"DESKTOP-CS6O5DN","Security":{"#attributes":{"UserID":"S-1-5-18"}}},"EventData":{"RuleName":"T1099","UtcTime":"2025-11-12 11:07:15.356","ProcessGuid":"2A767A6E-6A5E-6914-9801-000000000F00","ProcessId":4644,"Image":"C:\\Users\\root\\Desktop\\恶意代码教学样本-在沙盒中修改文件名\\@WanaDecryptor@.exe","TargetFilename":"C:\\Users\\root\\Desktop\\恶意代码教学样本-在沙盒中修改文件名\\TaskData\\Tor\\libevent-2-0-5.dll","CreationUtcTime":"1999-12-31 16:00:00.000","PreviousCreationUtcTime":"2025-11-12 11:07:15.330","User":"DESKTOP-CS6O5DN\\root"}}}
{"Event":{"#attributes":{"xmlns":"http://schemas.microsoft.com/win/2004/08/events/event"},"System":{"Provider":{"#attributes":{"Name":"Microsoft-Windows-Sysmon","Guid":"5770385F-C22A-43E0-BF4C-06F5698FFBD9"}},"EventID":11,"Version":2,"Level":4,"Task":11,"Opcode":0,"Keywords":"0x8000000000000000","TimeCreated":{"#attributes":{"SystemTime":"2025-11-12T11:07:15.362276Z"}},"EventRecordID":1153,"Correlation":null,"Execution":{"#attributes":{"ProcessID":5420,"ThreadID":4432}},"Channel":"Microsoft-Windows-Sysmon/Operational","Computer":"DESKTOP-CS6O5DN","Security":{"#attributes":{"UserID":"S-1-5-18"}}},"EventData":{"RuleName":"DLL","UtcTime":"2025-11-12 11:07:15.356","ProcessGuid":"2A767A6E-6A5E-6914-9801-000000000F00","ProcessId":4644,"Image":"C:\\Users\\root\\Desktop\\恶意代码教学样本-在沙盒中修改文件名\\@WanaDecryptor@.exe","TargetFilename":"C:\\Users\\root\\Desktop\\恶意代码教学样本-在沙盒中修改文件名\\TaskData\\Tor\\libevent_core-2-0-5.dll","CreationUtcTime":"2025-11-12 11:07:15.356","User":"DESKTOP-CS6O5DN\\root"}}}
{"Event":{"#attributes":{"xmlns":"http://schemas.microsoft.com/win/2004/08/events/event"},"System":{"Provider":{"#attributes":{"Name":"Microsoft-Windows-Sysmon","Guid":"5770385F-C22A-43E0-BF4C-06F5698FFBD9"}},"EventID":2,"Version":5,"Level":4,"Task":2,"Opcode":0,"Keywords":"0x8000000000000000","TimeCreated":{"#attributes":{"SystemTime":"2025-11-12T11:07:15.367749Z"}},"EventRecordID":1154,"Correlation":null,"Execution":{"#attributes":{"ProcessID":5420,"ThreadID":4432}},"Channel":"Microsoft-Windows-Sysmon/Operational","Computer":"DESKTOP-CS6O5DN","Security":{"#attributes":{"UserID":"S-1-5-18"}}},"EventData":{"RuleName":"T1099","UtcTime":"2025-11-12 11:07:15.356","ProcessGuid":"2A767A6E-6A5E-6914-9801-000000000F00","ProcessId":4644,"Image":"C:\\Users\\root\\Desktop\\恶意代码教学样本-在沙盒中修改文件名\\@WanaDecryptor@.exe","TargetFilename":"C:\\Users\\root\\Desktop\\恶意代码教学样本-在沙盒中修改文件名\\TaskData\\Tor\\libevent_core-2-0-5.dll","CreationUtcTime":"1999-12-31 16:00:00.000","PreviousCreationUtcTime":"2025-11-12 11:07:15.356","User":"DESKTOP-CS6O5DN\\root"}}}
{"Event":{"#attributes":{"xmlns":"http://schemas.microsoft.com/win/2004/08/events/event"},"System":{"Provider":{"#attributes":{"Name":"Microsoft-Windows-Sysmon","Guid":"5770385F-C22A-43E0-BF4C-06F5698FFBD9"}},"EventID":11,"Version":2,"Level":4,"Task":11,"Opcode":0,"Keywords":"0x8000000000000000","TimeCreated":{"#attributes":{"SystemTime":"2025-11-12T11:07:15.373761Z"}},"EventRecordID":1155,"Correlation":null,"Execution":{"#attributes":{"ProcessID":5420,"ThreadID":4432}},"Channel":"Microsoft-Windows-Sysmon/Operational","Computer":"DESKTOP-CS6O5DN","Security":{"#attributes":{"UserID":"S-1-5-18"}}},"EventData":{"RuleName":"DLL","UtcTime":"2025-11-12 11:07:15.356","ProcessGuid":"2A767A6E-6A5E-6914-9801-000000000F00","ProcessId":4644,"Image":"C:\\Users\\root\\Desktop\\恶意代码教学样本-在沙盒中修改文件名\\@WanaDecryptor@.exe","TargetFilename":"C:\\Users\\root\\Desktop\\恶意代码教学样本-在沙盒中修改文件名\\TaskData\\Tor\\libevent_extra-2-0-5.dll","CreationUtcTime":"2025-11-12 11:07:15.356","User":"DESKTOP-CS6O5DN\\root"}}}
{"Event":{"#attributes":{"xmlns":"http://schemas.microsoft.com/win/2004/08/events/event"},"System":{"Provider":{"#attributes":{"Name":"Microsoft-Windows-Sysmon","Guid":"5770385F-C22A-43E0-BF4C-06F5698FFBD9"}},"EventID":2,"Version":5,"Level":4,"Task":2,"Opcode":0,"Keywords":"0x8000000000000000","TimeCreated":{"#attributes":{"SystemTime":"2025-11-12T11:07:15.377623Z"}},"EventRecordID":1156,"Correlation":null,"Execution":{"#attributes":{"ProcessID":5420,"ThreadID":4432}},"Channel":"Microsoft-Windows-Sysmon/Operational","Computer":"DESKTOP-CS6O5DN","Security":{"#attributes":{"UserID":"S-1-5-18"}}},"EventData":{"RuleName":"T1099","UtcTime":"2025-11-12 11:07:15.371","ProcessGuid":"2A767A6E-6A5E-6914-9801-000000000F00","ProcessId":4644,"Image":"C:\\Users\\root\\Desktop\\恶意代码教学样本-在沙盒中修改文件名\\@WanaDecryptor@.exe","TargetFilename":"C:\\Users\\root\\Desktop\\恶意代码教学样本-在沙盒中修改文件名\\TaskData\\Tor\\libevent_extra-2-0-5.dll","CreationUtcTime":"1999-12-31 16:00:00.000","PreviousCreationUtcTime":"2025-11-12 11:07:15.356","User":"DESKTOP-CS6O5DN\\root"}}}
{"Event":{"#attributes":{"xmlns":"http://schemas.microsoft.com/win/2004/08/events/event"},"System":{"Provider":{"#attributes":{"Name":"Microsoft-Windows-Sysmon","Guid":"5770385F-C22A-43E0-BF4C-06F5698FFBD9"}},"EventID":11,"Version":2,"Level":4,"Task":11,"Opcode":0,"Keywords":"0x8000000000000000","TimeCreated":{"#attributes":{"SystemTime":"2025-11-12T11:07:15.378354Z"}},"EventRecordID":1157,"Correlation":null,"Execution":{"#attributes":{"ProcessID":5420,"ThreadID":4432}},"Channel":"Microsoft-Windows-Sysmon/Operational","Computer":"DESKTOP-CS6O5DN","Security":{"#attributes":{"UserID":"S-1-5-18"}}},"EventData":{"RuleName":"DLL","UtcTime":"2025-11-12 11:07:15.371","ProcessGuid":"2A767A6E-6A5E-6914-9801-000000000F00","ProcessId":4644,"Image":"C:\\Users\\root\\Desktop\\恶意代码教学样本-在沙盒中修改文件名\\@WanaDecryptor@.exe","TargetFilename":"C:\\Users\\root\\Desktop\\恶意代码教学样本-在沙盒中修改文件名\\TaskData\\Tor\\libgcc_s_sjlj-1.dll","CreationUtcTime":"2025-11-12 11:07:15.371","User":"DESKTOP-CS6O5DN\\root"}}}
{"Event":{"#attributes":{"xmlns":"http://schemas.microsoft.com/win/2004/08/events/event"},"System":{"Provider":{"#attributes":{"Name":"Microsoft-Windows-Sysmon","Guid":"5770385F-C22A-43E0-BF4C-06F5698FFBD9"}},"EventID":2,"Version":5,"Level":4,"Task":2,"Opcode":0,"Keywords":"0x8000000000000000","TimeCreated":{"#attributes":{"SystemTime":"2025-11-12T11:07:15.391614Z"}},"EventRecordID":1158,"Correlation":null,"Execution":{"#attributes":{"ProcessID":5420,"ThreadID":4432}},"Channel":"Microsoft-Windows-Sysmon/Operational","Computer":"DESKTOP-CS6O5DN","Security":{"#attributes":{"UserID":"S-1-5-18"}}},"EventData":{"RuleName":"T1099","UtcTime":"2025-11-12 11:07:15.388","ProcessGuid":"2A767A6E-6A5E-6914-9801-000000000F00","ProcessId":4644,"Image":"C:\\Users\\root\\Desktop\\恶意代码教学样本-在沙盒中修改文件名\\@WanaDecryptor@.exe","TargetFilename":"C:\\Users\\root\\Desktop\\恶意代码教学样本-在沙盒中修改文件名\\TaskData\\Tor\\libgcc_s_sjlj-1.dll","CreationUtcTime":"1999-12-31 16:00:00.000","PreviousCreationUtcTime":"2025-11-12 11:07:15.371","User":"DESKTOP-CS6O5DN\\root"}}}
{"Event":{"#attributes":{"xmlns":"http://schemas.microsoft.com/win/2004/08/events/event"},"System":{"Provider":{"#attributes":{"Name":"Microsoft-Windows-Sysmon","Guid":"5770385F-C22A-43E0-BF4C-06F5698FFBD9"}},"EventID":11,"Version":2,"Level":4,"Task":11,"Opcode":0,"Keywords":"0x8000000000000000","TimeCreated":{"#attributes":{"SystemTime":"2025-11-12T11:07:15.393699Z"}},"EventRecordID":1159,"Correlation":null,"Execution":{"#attributes":{"ProcessID":5420,"ThreadID":4432}},"Channel":"Microsoft-Windows-Sysmon/Operational","Computer":"DESKTOP-CS6O5DN","Security":{"#attributes":{"UserID":"S-1-5-18"}}},"EventData":{"RuleName":"DLL","UtcTime":"2025-11-12 11:07:15.388","ProcessGuid":"2A767A6E-6A5E-6914-9801-000000000F00","ProcessId":4644,"Image":"C:\\Users\\root\\Desktop\\恶意代码教学样本-在沙盒中修改文件名\\@WanaDecryptor@.exe","TargetFilename":"C:\\Users\\root\\Desktop\\恶意代码教学样本-在沙盒中修改文件名\\TaskData\\Tor\\libssp-0.dll","CreationUtcTime":"2025-11-12 11:07:15.388","User":"DESKTOP-CS6O5DN\\root"}}}
{"Event":{"#attributes":{"xmlns":"http://schemas.microsoft.com/win/2004/08/events/event"},"System":{"Provider":{"#attributes":{"Name":"Microsoft-Windows-Sysmon","Guid":"5770385F-C22A-43E0-BF4C-06F5698FFBD9"}},"EventID":2,"Version":5,"Level":4,"Task":2,"Opcode":0,"Keywords":"0x8000000000000000","TimeCreated":{"#attributes":{"SystemTime":"2025-11-12T11:07:15.395241Z"}},"EventRecordID":1160,"Correlation":null,"Execution":{"#attributes":{"ProcessID":5420,"ThreadID":4432}},"Channel":"Microsoft-Windows-Sysmon/Operational","Computer":"DESKTOP-CS6O5DN","Security":{"#attributes":{"UserID":"S-1-5-18"}}},"EventData":{"RuleName":"T1099","UtcTime":"2025-11-12 11:07:15.388","ProcessGuid":"2A767A6E-6A5E-6914-9801-000000000F00","ProcessId":4644,"Image":"C:\\Users\\root\\Desktop\\恶意代码教学样本-在沙盒中修改文件名\\@WanaDecryptor@.exe","TargetFilename":"C:\\Users\\root\\Desktop\\恶意代码教学样本-在沙盒中修改文件名\\TaskData\\Tor\\libssp-0.dll","CreationUtcTime":"1999-12-31 16:00:00.000","PreviousCreationUtcTime":"2025-11-12 11:07:15.388","User":"DESKTOP-CS6O5DN\\root"}}}
{"Event":{"#attributes":{"xmlns":"http://schemas.microsoft.com/win/2004/08/events/event"},"System":{"Provider":{"#attributes":{"Name":"Microsoft-Windows-Sysmon","Guid":"5770385F-C22A-43E0-BF4C-06F5698FFBD9"}},"EventID":11,"Version":2,"Level":4,"Task":11,"Opcode":0,"Keywords":"0x8000000000000000","TimeCreated":{"#attributes":{"SystemTime":"2025-11-12T11:07:15.395736Z"}},"EventRecordID":1161,"Correlation":null,"Execution":{"#attributes":{"ProcessID":5420,"ThreadID":4432}},"Channel":"Microsoft-Windows-Sysmon/Operational","Computer":"DESKTOP-CS6O5DN","Security":{"#attributes":{"UserID":"S-1-5-18"}}},"EventData":{"RuleName":"DLL","UtcTime":"2025-11-12 11:07:15.388","ProcessGuid":"2A767A6E-6A5E-6914-9801-000000000F00","ProcessId":4644,"Image":"C:\\Users\\root\\Desktop\\恶意代码教学样本-在沙盒中修改文件名\\@WanaDecryptor@.exe","TargetFilename":"C:\\Users\\root\\Desktop\\恶意代码教学样本-在沙盒中修改文件名\\TaskData\\Tor\\ssleay32.dll","CreationUtcTime":"2025-11-12 11:07:15.388","User":"DESKTOP-CS6O5DN\\root"}}}
{"Event":{"#attributes":{"xmlns":"http://schemas.microsoft.com/win/2004/08/events/event"},"System":{"Provider":{"#attributes":{"Name":"Microsoft-Windows-Sysmon","Guid":"5770385F-C22A-43E0-BF4C-06F5698FFBD9"}},"EventID":2,"Version":5,"Level":4,"Task":2,"Opcode":0,"Keywords":"0x8000000000000000","TimeCreated":{"#attributes":{"SystemTime":"2025-11-12T11:07:15.403532Z"}},"EventRecordID":1162,"Correlation":null,"Execution":{"#attributes":{"ProcessID":5420,"ThreadID":4432}},"Channel":"Microsoft-Windows-Sysmon/Operational","Computer":"DESKTOP-CS6O5DN","Security":{"#attributes":{"UserID":"S-1-5-18"}}},"EventData":{"RuleName":"T1099","UtcTime":"2025-11-12 11:07:15.402","ProcessGuid":"2A767A6E-6A5E-6914-9801-000000000F00","ProcessId":4644,"Image":"C:\\Users\\root\\Desktop\\恶意代码教学样本-在沙盒中修改文件名\\@WanaDecryptor@.exe","TargetFilename":"C:\\Users\\root\\Desktop\\恶意代码教学样本-在沙盒中修改文件名\\TaskData\\Tor\\ssleay32.dll","CreationUtcTime":"1999-12-31 16:00:00.000","PreviousCreationUtcTime":"2025-11-12 11:07:15.388","User":"DESKTOP-CS6O5DN\\root"}}}
{"Event":{"#attributes":{"xmlns":"http://schemas.microsoft.com/win/2004/08/events/event"},"System":{"Provider":{"#attributes":{"Name":"Microsoft-Windows-Sysmon","Guid":"5770385F-C22A-43E0-BF4C-06F5698FFBD9"}},"EventID":11,"Version":2,"Level":4,"Task":11,"Opcode":0,"Keywords":"0x8000000000000000","TimeCreated":{"#attributes":{"SystemTime":"2025-11-12T11:07:15.404063Z"}},"EventRecordID":1163,"Correlation":null,"Execution":{"#attributes":{"ProcessID":5420,"ThreadID":4432}},"Channel":"Microsoft-Windows-Sysmon/Operational","Computer":"DESKTOP-CS6O5DN","Security":{"#attributes":{"UserID":"S-1-5-18"}}},"EventData":{"RuleName":"EXE","UtcTime":"2025-11-12 11:07:15.402","ProcessGuid":"2A767A6E-6A5E-6914-9801-000000000F00","ProcessId":4644,"Image":"C:\\Users\\root\\Desktop\\恶意代码教学样本-在沙盒中修改文件名\\@WanaDecryptor@.exe","TargetFilename":"C:\\Users\\root\\Desktop\\恶意代码教学样本-在沙盒中修改文件名\\TaskData\\Tor\\tor.exe","CreationUtcTime":"2025-11-12 11:07:15.402","User":"DESKTOP-CS6O5DN\\root"}}}
{"Event":{"#attributes":{"xmlns":"http://schemas.microsoft.com/win/2004/08/events/event"},"System":{"Provider":{"#attributes":{"Name":"Microsoft-Windows-Sysmon","Guid":"5770385F-C22A-43E0-BF4C-06F5698FFBD9"}},"EventID":2,"Version":5,"Level":4,"Task":2,"Opcode":0,"Keywords":"0x8000000000000000","TimeCreated":{"#attributes":{"SystemTime":"2025-11-12T11:07:15.432871Z"}},"EventRecordID":1164,"Correlation":null,"Execution":{"#attributes":{"ProcessID":5420,"ThreadID":4432}},"Channel":"Microsoft-Windows-Sysmon/Operational","Computer":"DESKTOP-CS6O5DN","Security":{"#attributes":{"UserID":"S-1-5-18"}}},"EventData":{"RuleName":"T1099","UtcTime":"2025-11-12 11:07:15.417","ProcessGuid":"2A767A6E-6A5E-6914-9801-000000000F00","ProcessId":4644,"Image":"C:\\Users\\root\\Desktop\\恶意代码教学样本-在沙盒中修改文件名\\@WanaDecryptor@.exe","TargetFilename":"C:\\Users\\root\\Desktop\\恶意代码教学样本-在沙盒中修改文件名\\TaskData\\Tor\\tor.exe","CreationUtcTime":"1999-12-31 16:00:00.000","PreviousCreationUtcTime":"2025-11-12 11:07:15.402","User":"DESKTOP-CS6O5DN\\root"}}}
{"Event":{"#attributes":{"xmlns":"http://schemas.microsoft.com/win/2004/08/events/event"},"System":{"Provider":{"#attributes":{"Name":"Microsoft-Windows-Sysmon","Guid":"5770385F-C22A-43E0-BF4C-06F5698FFBD9"}},"EventID":11,"Version":2,"Level":4,"Task":11,"Opcode":0,"Keywords":"0x8000000000000000","TimeCreated":{"#attributes":{"SystemTime":"2025-11-12T11:07:15.433828Z"}},"EventRecordID":1165,"Correlation":null,"Execution":{"#attributes":{"ProcessID":5420,"ThreadID":4432}},"Channel":"Microsoft-Windows-Sysmon/Operational","Computer":"DESKTOP-CS6O5DN","Security":{"#attributes":{"UserID":"S-1-5-18"}}},"EventData":{"RuleName":"DLL","UtcTime":"2025-11-12 11:07:15.433","ProcessGuid":"2A767A6E-6A5E-6914-9801-000000000F00","ProcessId":4644,"Image":"C:\\Users\\root\\Desktop\\恶意代码教学样本-在沙盒中修改文件名\\@WanaDecryptor@.exe","TargetFilename":"C:\\Users\\root\\Desktop\\恶意代码教学样本-在沙盒中修改文件名\\TaskData\\Tor\\zlib1.dll","CreationUtcTime":"2025-11-12 11:07:15.417","User":"DESKTOP-CS6O5DN\\root"}}}
{"Event":{"#attributes":{"xmlns":"http://schemas.microsoft.com/win/2004/08/events/event"},"System":{"Provider":{"#attributes":{"Name":"Microsoft-Windows-Sysmon","Guid":"5770385F-C22A-43E0-BF4C-06F5698FFBD9"}},"EventID":2,"Version":5,"Level":4,"Task":2,"Opcode":0,"Keywords":"0x8000000000000000","TimeCreated":{"#attributes":{"SystemTime":"2025-11-12T11:07:15.436359Z"}},"EventRecordID":1166,"Correlation":null,"Execution":{"#attributes":{"ProcessID":5420,"ThreadID":4432}},"Channel":"Microsoft-Windows-Sysmon/Operational","Computer":"DESKTOP-CS6O5DN","Security":{"#attributes":{"UserID":"S-1-5-18"}}},"EventData":{"RuleName":"T1099","UtcTime":"2025-11-12 11:07:15.433","ProcessGuid":"2A767A6E-6A5E-6914-9801-000000000F00","ProcessId":4644,"Image":"C:\\Users\\root\\Desktop\\恶意代码教学样本-在沙盒中修改文件名\\@WanaDecryptor@.exe","TargetFilename":"C:\\Users\\root\\Desktop\\恶意代码教学样本-在沙盒中修改文件名\\TaskData\\Tor\\zlib1.dll","CreationUtcTime":"1999-12-31 16:00:00.000","PreviousCreationUtcTime":"2025-11-12 11:07:15.417","User":"DESKTOP-CS6O5DN\\root"}}}
{"Event":{"#attributes":{"xmlns":"http://schemas.microsoft.com/win/2004/08/events/event"},"System":{"Provider":{"#attributes":{"Name":"Microsoft-Windows-Sysmon","Guid":"5770385F-C22A-43E0-BF4C-06F5698FFBD9"}},"EventID":11,"Version":2,"Level":4,"Task":11,"Opcode":0,"Keywords":"0x8000000000000000","TimeCreated":{"#attributes":{"SystemTime":"2025-11-12T11:07:15.436908Z"}},"EventRecordID":1167,"Correlation":null,"Execution":{"#attributes":{"ProcessID":5420,"ThreadID":4432}},"Channel":"Microsoft-Windows-Sysmon/Operational","Computer":"DESKTOP-CS6O5DN","Security":{"#attributes":{"UserID":"S-1-5-18"}}},"EventData":{"RuleName":"EXE","UtcTime":"2025-11-12 11:07:15.433","ProcessGuid":"2A767A6E-6A5E-6914-9801-000000000F00","ProcessId":4644,"Image":"C:\\Users\\root\\Desktop\\恶意代码教学样本-在沙盒中修改文件名\\@WanaDecryptor@.exe","TargetFilename":"C:\\Users\\root\\Desktop\\恶意代码教学样本-在沙盒中修改文件名\\TaskData\\Tor\\taskhsvc.exe","CreationUtcTime":"2025-11-12 11:07:15.433","User":"DESKTOP-CS6O5DN\\root"}}}
{"Event":{"#attributes":{"xmlns":"http://schemas.microsoft.com/win/2004/08/events/event"},"System":{"Provider":{"#attributes":{"Name":"Microsoft-Windows-Sysmon","Guid":"5770385F-C22A-43E0-BF4C-06F5698FFBD9"}},"EventID":1,"Version":5,"Level":4,"Task":1,"Opcode":0,"Keywords":"0x8000000000000000","TimeCreated":{"#attributes":{"SystemTime":"2025-11-12T11:07:15.536270Z"}},"EventRecordID":1168,"Correlation":null,"Execution":{"#attributes":{"ProcessID":5420,"ThreadID":4432}},"Channel":"Microsoft-Windows-Sysmon/Operational","Computer":"DESKTOP-CS6O5DN","Security":{"#attributes":{"UserID":"S-1-5-18"}}},"EventData":{"RuleName":"-","UtcTime":"2025-11-12 11:07:15.526","ProcessGuid":"2A767A6E-6A63-6914-9C01-000000000F00","ProcessId":3632,"Image":"C:\\Users\\root\\Desktop\\恶意代码教学样本-在沙盒中修改文件名\\TaskData\\Tor\\taskhsvc.exe","FileVersion":"-","Description":"-","Product":"-","Company":"-","OriginalFileName":"-","CommandLine":"TaskData\\Tor\\taskhsvc.exe","CurrentDirectory":"C:\\Users\\root\\Desktop\\恶意代码教学样本-在沙盒中修改文件名\\","User":"DESKTOP-CS6O5DN\\root","LogonGuid":"2A767A6E-2A8A-6914-0F72-030000000000","LogonId":"0x3720f","TerminalSessionId":1,"IntegrityLevel":"Medium","Hashes":"MD5=FE7EB54691AD6E6AF77F8A9A0B6DE26D,SHA256=E48673680746FBE027E8982F62A83C298D6FB46AD9243DE8E79B7E5A24DCD4EB,IMPHASH=3CD0E3276704041E9FA8D057DED2D924","ParentProcessGuid":"2A767A6E-6A5E-6914-9801-000000000F00","ParentProcessId":4644,"ParentImage":"C:\\Users\\root\\Desktop\\恶意代码教学样本-在沙盒中修改文件名\\@WanaDecryptor@.exe","ParentCommandLine":"@WanaDecryptor@.exe co","ParentUser":"DESKTOP-CS6O5DN\\root"}}}
{"Event":{"#attributes":{"xmlns":"http://schemas.microsoft.com/win/2004/08/events/event"},"System":{"Provider":{"#attributes":{"Name":"Microsoft-Windows-Sysmon","Guid":"5770385F-C22A-43E0-BF4C-06F5698FFBD9"}},"EventID":1,"Version":5,"Level":4,"Task":1,"Opcode":0,"Keywords":"0x8000000000000000","TimeCreated":{"#attributes":{"SystemTime":"2025-11-12T11:07:18.155099Z"}},"EventRecordID":1169,"Correlation":null,"Execution":{"#attributes":{"ProcessID":5420,"ThreadID":4432}},"Channel":"Microsoft-Windows-Sysmon/Operational","Computer":"DESKTOP-CS6O5DN","Security":{"#attributes":{"UserID":"S-1-5-18"}}},"EventData":{"RuleName":"-","UtcTime":"2025-11-12 11:07:18.149","ProcessGuid":"2A767A6E-6A66-6914-9E01-000000000F00","ProcessId":7504,"Image":"C:\\Users\\root\\Desktop\\恶意代码教学样本-在沙盒中修改文件名\\taskdl.exe","FileVersion":"6.1.7600.16385 (win7_rtm.090713-1255)","Description":"SQL Client Configuration Utility EXE","Product":"Microsoft® Windows® Operating System","Company":"Microsoft Corporation","OriginalFileName":"cliconfg.exe","CommandLine":"taskdl.exe","CurrentDirectory":"C:\\Users\\root\\Desktop\\恶意代码教学样本-在沙盒中修改文件名\\","User":"DESKTOP-CS6O5DN\\root","LogonGuid":"2A767A6E-2A8A-6914-0F72-030000000000","LogonId":"0x3720f","TerminalSessionId":1,"IntegrityLevel":"Medium","Hashes":"MD5=4FEF5E34143E646DBF9907C4374276F5,SHA256=4A468603FDCB7A2EB5770705898CF9EF37AADE532A7964642ECD705A74794B79,IMPHASH=818097ACF11D6A2AC55031896B50D98C","ParentProcessGuid":"2A767A6E-6A45-6914-8C01-000000000F00","ParentProcessId":7968,"ParentImage":"C:\\Users\\root\\Desktop\\恶意代码教学样本-在沙盒中修改文件名\\1-WannaCrypt0r.exe","ParentCommandLine":"\"C:\\Users\\root\\Desktop\\恶意代码教学样本-在沙盒中修改文件名\\1-WannaCrypt0r.exe\"","ParentUser":"DESKTOP-CS6O5DN\\root"}}}
{"Event":{"#attributes":{"xmlns":"http://schemas.microsoft.com/win/2004/08/events/event"},"System":{"Provider":{"#attributes":{"Name":"Microsoft-Windows-Sysmon","Guid":"5770385F-C22A-43E0-BF4C-06F5698FFBD9"}},"EventID":1,"Version":5,"Level":4,"Task":1,"Opcode":0,"Keywords":"0x8000000000000000","TimeCreated":{"#attributes":{"SystemTime":"2025-11-12T11:07:18.216570Z"}},"EventRecordID":1170,"Correlation":null,"Execution":{"#attributes":{"ProcessID":5420,"ThreadID":4432}},"Channel":"Microsoft-Windows-Sysmon/Operational","Computer":"DESKTOP-CS6O5DN","Security":{"#attributes":{"UserID":"S-1-5-18"}}},"EventData":{"RuleName":"-","UtcTime":"2025-11-12 11:07:18.213","ProcessGuid":"2A767A6E-6A66-6914-9F01-000000000F00","ProcessId":3044,"Image":"C:\\Users\\root\\Desktop\\恶意代码教学样本-在沙盒中修改文件名\\@WanaDecryptor@.exe","FileVersion":"6.1.7600.16385 (win7_rtm.090713-1255)","Description":"Load PerfMon Counters","Product":"Microsoft® Windows® Operating System","Company":"Microsoft Corporation","OriginalFileName":"LODCTR.EXE","CommandLine":"@WanaDecryptor@.exe","CurrentDirectory":"C:\\Users\\root\\Desktop\\恶意代码教学样本-在沙盒中修改文件名\\","User":"DESKTOP-CS6O5DN\\root","LogonGuid":"2A767A6E-2A8A-6914-0F72-030000000000","LogonId":"0x3720f","TerminalSessionId":1,"IntegrityLevel":"Medium","Hashes":"MD5=7BF2B57F2A205768755C07F238FB32CC,SHA256=B9C5D4339809E0AD9A00D4D3DD26FDF44A32819A54ABF846BB9B560D81391C25,IMPHASH=DCAC8383CC76738EECB5756694C4AEB2","ParentProcessGuid":"2A767A6E-6A45-6914-8C01-000000000F00","ParentProcessId":7968,"ParentImage":"C:\\Users\\root\\Desktop\\恶意代码教学样本-在沙盒中修改文件名\\1-WannaCrypt0r.exe","ParentCommandLine":"\"C:\\Users\\root\\Desktop\\恶意代码教学样本-在沙盒中修改文件名\\1-WannaCrypt0r.exe\"","ParentUser":"DESKTOP-CS6O5DN\\root"}}}
{"Event":{"#attributes":{"xmlns":"http://schemas.microsoft.com/win/2004/08/events/event"},"System":{"Provider":{"#attributes":{"Name":"Microsoft-Windows-Sysmon","Guid":"5770385F-C22A-43E0-BF4C-06F5698FFBD9"}},"EventID":1,"Version":5,"Level":4,"Task":1,"Opcode":0,"Keywords":"0x8000000000000000","TimeCreated":{"#attributes":{"SystemTime":"2025-11-12T11:07:18.224781Z"}},"EventRecordID":1171,"Correlation":null,"Execution":{"#attributes":{"ProcessID":5420,"ThreadID":4432}},"Channel":"Microsoft-Windows-Sysmon/Operational","Computer":"DESKTOP-CS6O5DN","Security":{"#attributes":{"UserID":"S-1-5-18"}}},"EventData":{"RuleName":"-","UtcTime":"2025-11-12 11:07:18.223","ProcessGuid":"2A767A6E-6A66-6914-A001-000000000F00","ProcessId":3588,"Image":"C:\\Windows\\SysWOW64\\cmd.exe","FileVersion":"10.0.18362.449 (WinBuild.160101.0800)","Description":"Windows Command Processor","Product":"Microsoft® Windows® Operating System","Company":"Microsoft Corporation","OriginalFileName":"Cmd.Exe","CommandLine":"cmd.exe /c reg add HKCU\\SOFTWARE\\Microsoft\\Windows\\CurrentVersion\\Run /v \"tfnvhpqjegzcfrw382\" /t REG_SZ /d \"\\\"C:\\Users\\root\\Desktop\\恶意代码教学样本-在沙盒中修改文件名\\tasksche.exe\\\"\" /f","CurrentDirectory":"C:\\Users\\root\\Desktop\\恶意代码教学样本-在沙盒中修改文件名\\","User":"DESKTOP-CS6O5DN\\root","LogonGuid":"2A767A6E-2A8A-6914-0F72-030000000000","LogonId":"0x3720f","TerminalSessionId":1,"IntegrityLevel":"Medium","Hashes":"MD5=E72506477317969211638830DE3174D8,SHA256=4B2F2B322507F4E59204E8750DBDF4761825F546F617571E76461768F795FB55,IMPHASH=392B4D61B1D1DADC1F06444DF258188A","ParentProcessGuid":"2A767A6E-6A45-6914-8C01-000000000F00","ParentProcessId":7968,"ParentImage":"C:\\Users\\root\\Desktop\\恶意代码教学样本-在沙盒中修改文件名\\1-WannaCrypt0r.exe","ParentCommandLine":"\"C:\\Users\\root\\Desktop\\恶意代码教学样本-在沙盒中修改文件名\\1-WannaCrypt0r.exe\"","ParentUser":"DESKTOP-CS6O5DN\\root"}}}
{"Event":{"#attributes":{"xmlns":"http://schemas.microsoft.com/win/2004/08/events/event"},"System":{"Provider":{"#attributes":{"Name":"Microsoft-Windows-Sysmon","Guid":"5770385F-C22A-43E0-BF4C-06F5698FFBD9"}},"EventID":5,"Version":3,"Level":4,"Task":5,"Opcode":0,"Keywords":"0x8000000000000000","TimeCreated":{"#attributes":{"SystemTime":"2025-11-12T11:07:18.239169Z"}},"EventRecordID":1172,"Correlation":null,"Execution":{"#attributes":{"ProcessID":5420,"ThreadID":4432}},"Channel":"Microsoft-Windows-Sysmon/Operational","Computer":"DESKTOP-CS6O5DN","Security":{"#attributes":{"UserID":"S-1-5-18"}}},"EventData":{"RuleName":"-","UtcTime":"2025-11-12 11:07:18.230","ProcessGuid":"2A767A6E-6A66-6914-9E01-000000000F00","ProcessId":7504,"Image":"C:\\Users\\root\\Desktop\\恶意代码教学样本-在沙盒中修改文件名\\taskdl.exe","User":"DESKTOP-CS6O5DN\\root"}}}
{"Event":{"#attributes":{"xmlns":"http://schemas.microsoft.com/win/2004/08/events/event"},"System":{"Provider":{"#attributes":{"Name":"Microsoft-Windows-Sysmon","Guid":"5770385F-C22A-43E0-BF4C-06F5698FFBD9"}},"EventID":1,"Version":5,"Level":4,"Task":1,"Opcode":0,"Keywords":"0x8000000000000000","TimeCreated":{"#attributes":{"SystemTime":"2025-11-12T11:07:18.318719Z"}},"EventRecordID":1173,"Correlation":null,"Execution":{"#attributes":{"ProcessID":5420,"ThreadID":4432}},"Channel":"Microsoft-Windows-Sysmon/Operational","Computer":"DESKTOP-CS6O5DN","Security":{"#attributes":{"UserID":"S-1-5-18"}}},"EventData":{"RuleName":"-","UtcTime":"2025-11-12 11:07:18.317","ProcessGuid":"2A767A6E-6A66-6914-A201-000000000F00","ProcessId":7880,"Image":"C:\\Windows\\SysWOW64\\reg.exe","FileVersion":"10.0.18362.476 (WinBuild.160101.0800)","Description":"Registry Console Tool","Product":"Microsoft® Windows® Operating System","Company":"Microsoft Corporation","OriginalFileName":"reg.exe","CommandLine":"reg  add HKCU\\SOFTWARE\\Microsoft\\Windows\\CurrentVersion\\Run /v \"tfnvhpqjegzcfrw382\" /t REG_SZ /d \"\\\"C:\\Users\\root\\Desktop\\恶意代码教学样本-在沙盒中修改文件名\\tasksche.exe\\\"\" /f","CurrentDirectory":"C:\\Users\\root\\Desktop\\恶意代码教学样本-在沙盒中修改文件名\\","User":"DESKTOP-CS6O5DN\\root","LogonGuid":"2A767A6E-2A8A-6914-0F72-030000000000","LogonId":"0x3720f","TerminalSessionId":1,"IntegrityLevel":"Medium","Hashes":"MD5=A01B3DFF957379E7632891A7992319CE,SHA256=45EFF48450C110B8A6D2A4C0FE31323423851298F6DADF32D73DF91DF7ECB797,IMPHASH=869B9FF91668F96EF68FBE0DB3602587","ParentProcessGuid":"2A767A6E-6A66-6914-A001-000000000F00","ParentProcessId":3588,"ParentImage":"C:\\Windows\\SysWOW64\\cmd.exe","ParentCommandLine":"cmd.exe /c reg add HKCU\\SOFTWARE\\Microsoft\\Windows\\CurrentVersion\\Run /v \"tfnvhpqjegzcfrw382\" /t REG_SZ /d \"\\\"C:\\Users\\root\\Desktop\\恶意代码教学样本-在沙盒中修改文件名\\tasksche.exe\\\"\" /f","ParentUser":"DESKTOP-CS6O5DN\\root"}}}
{"Event":{"#attributes":{"xmlns":"http://schemas.microsoft.com/win/2004/08/events/event"},"System":{"Provider":{"#attributes":{"Name":"Microsoft-Windows-Sysmon","Guid":"5770385F-C22A-43E0-BF4C-06F5698FFBD9"}},"EventID":13,"Version":2,"Level":4,"Task":13,"Opcode":0,"Keywords":"0x8000000000000000","TimeCreated":{"#attributes":{"SystemTime":"2025-11-12T11:07:18.327964Z"}},"EventRecordID":1174,"Correlation":null,"Execution":{"#attributes":{"ProcessID":5420,"ThreadID":4432}},"Channel":"Microsoft-Windows-Sysmon/Operational","Computer":"DESKTOP-CS6O5DN","Security":{"#attributes":{"UserID":"S-1-5-18"}}},"EventData":{"RuleName":"T1060,RunKey","EventType":"SetValue","UtcTime":"2025-11-12 11:07:18.324","ProcessGuid":"2A767A6E-6A66-6914-A201-000000000F00","ProcessId":7880,"Image":"C:\\Windows\\SysWOW64\\reg.exe","TargetObject":"HKU\\S-1-5-21-4121694765-547096071-3058148460-1002\\Software\\Microsoft\\Windows\\CurrentVersion\\Run\\tfnvhpqjegzcfrw382","Details":"\"C:\\Users\\root\\Desktop\\恶意代码教学样本-在沙盒中修改文件名\\tasksche.exe\"","User":"DESKTOP-CS6O5DN\\root"}}}
{"Event":{"#attributes":{"xmlns":"http://schemas.microsoft.com/win/2004/08/events/event"},"System":{"Provider":{"#attributes":{"Name":"Microsoft-Windows-Sysmon","Guid":"5770385F-C22A-43E0-BF4C-06F5698FFBD9"}},"EventID":1,"Version":5,"Level":4,"Task":1,"Opcode":0,"Keywords":"0x8000000000000000","TimeCreated":{"#attributes":{"SystemTime":"2025-11-12T11:07:29.076611Z"}},"EventRecordID":1175,"Correlation":null,"Execution":{"#attributes":{"ProcessID":5420,"ThreadID":4432}},"Channel":"Microsoft-Windows-Sysmon/Operational","Computer":"DESKTOP-CS6O5DN","Security":{"#attributes":{"UserID":"S-1-5-18"}}},"EventData":{"RuleName":"-","UtcTime":"2025-11-12 11:07:29.073","ProcessGuid":"2A767A6E-6A71-6914-A301-000000000F00","ProcessId":7248,"Image":"C:\\Windows\\System32\\consent.exe","FileVersion":"10.0.18362.1 (WinBuild.160101.0800)","Description":"Consent UI for administrative applications","Product":"Microsoft® Windows® Operating System","Company":"Microsoft Corporation","OriginalFileName":"consent.exe","CommandLine":"consent.exe 7436 686 0000011810425C30","CurrentDirectory":"C:\\Windows\\system32\\","User":"NT AUTHORITY\\SYSTEM","LogonGuid":"2A767A6E-2A72-6914-E703-000000000000","LogonId":"0x3e7","TerminalSessionId":1,"IntegrityLevel":"System","Hashes":"MD5=EE2A1C85C472F89B146CC8EE598CCCBC,SHA256=19FD0010DA92B654D1CA270247061A39EA13C0A58529FD8257A97E2EF7794911,IMPHASH=522D83761201075834F05037F5307949","ParentProcessGuid":"2A767A6E-2B10-6914-A600-000000000F00","ParentProcessId":7436,"ParentImage":"C:\\Windows\\System32\\svchost.exe","ParentCommandLine":"C:\\Windows\\system32\\svchost.exe -k netsvcs -p -s Appinfo","ParentUser":"NT AUTHORITY\\SYSTEM"}}}
{"Event":{"#attributes":{"xmlns":"http://schemas.microsoft.com/win/2004/08/events/event"},"System":{"Provider":{"#attributes":{"Name":"Microsoft-Windows-Sysmon","Guid":"5770385F-C22A-43E0-BF4C-06F5698FFBD9"}},"EventID":1,"Version":5,"Level":4,"Task":1,"Opcode":0,"Keywords":"0x8000000000000000","TimeCreated":{"#attributes":{"SystemTime":"2025-11-12T11:07:48.253011Z"}},"EventRecordID":1176,"Correlation":null,"Execution":{"#attributes":{"ProcessID":5420,"ThreadID":4432}},"Channel":"Microsoft-Windows-Sysmon/Operational","Computer":"DESKTOP-CS6O5DN","Security":{"#attributes":{"UserID":"S-1-5-18"}}},"EventData":{"RuleName":"-","UtcTime":"2025-11-12 11:07:48.250","ProcessGuid":"2A767A6E-6A84-6914-A501-000000000F00","ProcessId":3816,"Image":"C:\\Users\\root\\Desktop\\恶意代码教学样本-在沙盒中修改文件名\\taskdl.exe","FileVersion":"6.1.7600.16385 (win7_rtm.090713-1255)","Description":"SQL Client Configuration Utility EXE","Product":"Microsoft® Windows® Operating System","Company":"Microsoft Corporation","OriginalFileName":"cliconfg.exe","CommandLine":"taskdl.exe","CurrentDirectory":"C:\\Users\\root\\Desktop\\恶意代码教学样本-在沙盒中修改文件名\\","User":"DESKTOP-CS6O5DN\\root","LogonGuid":"2A767A6E-2A8A-6914-0F72-030000000000","LogonId":"0x3720f","TerminalSessionId":1,"IntegrityLevel":"Medium","Hashes":"MD5=4FEF5E34143E646DBF9907C4374276F5,SHA256=4A468603FDCB7A2EB5770705898CF9EF37AADE532A7964642ECD705A74794B79,IMPHASH=818097ACF11D6A2AC55031896B50D98C","ParentProcessGuid":"2A767A6E-6A45-6914-8C01-000000000F00","ParentProcessId":7968,"ParentImage":"C:\\Users\\root\\Desktop\\恶意代码教学样本-在沙盒中修改文件名\\1-WannaCrypt0r.exe","ParentCommandLine":"\"C:\\Users\\root\\Desktop\\恶意代码教学样本-在沙盒中修改文件名\\1-WannaCrypt0r.exe\"","ParentUser":"DESKTOP-CS6O5DN\\root"}}}
{"Event":{"#attributes":{"xmlns":"http://schemas.microsoft.com/win/2004/08/events/event"},"System":{"Provider":{"#attributes":{"Name":"Microsoft-Windows-Sysmon","Guid":"5770385F-C22A-43E0-BF4C-06F5698FFBD9"}},"EventID":5,"Version":3,"Level":4,"Task":5,"Opcode":0,"Keywords":"0x8000000000000000","TimeCreated":{"#attributes":{"SystemTime":"2025-11-12T11:07:48.327450Z"}},"EventRecordID":1177,"Correlation":null,"Execution":{"#attributes":{"ProcessID":5420,"ThreadID":4432}},"Channel":"Microsoft-Windows-Sysmon/Operational","Computer":"DESKTOP-CS6O5DN","Security":{"#attributes":{"UserID":"S-1-5-18"}}},"EventData":{"RuleName":"-","UtcTime":"2025-11-12 11:07:48.324","ProcessGuid":"2A767A6E-6A84-6914-A501-000000000F00","ProcessId":3816,"Image":"C:\\Users\\root\\Desktop\\恶意代码教学样本-在沙盒中修改文件名\\taskdl.exe","User":"DESKTOP-CS6O5DN\\root"}}}
{"Event":{"#attributes":{"xmlns":"http://schemas.microsoft.com/win/2004/08/events/event"},"System":{"Provider":{"#attributes":{"Name":"Microsoft-Windows-Sysmon","Guid":"5770385F-C22A-43E0-BF4C-06F5698FFBD9"}},"EventID":1,"Version":5,"Level":4,"Task":1,"Opcode":0,"Keywords":"0x8000000000000000","TimeCreated":{"#attributes":{"SystemTime":"2025-11-12T11:07:48.377546Z"}},"EventRecordID":1178,"Correlation":null,"Execution":{"#attributes":{"ProcessID":5420,"ThreadID":4432}},"Channel":"Microsoft-Windows-Sysmon/Operational","Computer":"DESKTOP-CS6O5DN","Security":{"#attributes":{"UserID":"S-1-5-18"}}},"EventData":{"RuleName":"-","UtcTime":"2025-11-12 11:07:48.373","ProcessGuid":"2A767A6E-6A84-6914-A601-000000000F00","ProcessId":3560,"Image":"C:\\Users\\root\\Desktop\\恶意代码教学样本-在沙盒中修改文件名\\@WanaDecryptor@.exe","FileVersion":"6.1.7600.16385 (win7_rtm.090713-1255)","Description":"Load PerfMon Counters","Product":"Microsoft® Windows® Operating System","Company":"Microsoft Corporation","OriginalFileName":"LODCTR.EXE","CommandLine":"@WanaDecryptor@.exe","CurrentDirectory":"C:\\Users\\root\\Desktop\\恶意代码教学样本-在沙盒中修改文件名\\","User":"DESKTOP-CS6O5DN\\root","LogonGuid":"2A767A6E-2A8A-6914-0F72-030000000000","LogonId":"0x3720f","TerminalSessionId":1,"IntegrityLevel":"Medium","Hashes":"MD5=7BF2B57F2A205768755C07F238FB32CC,SHA256=B9C5D4339809E0AD9A00D4D3DD26FDF44A32819A54ABF846BB9B560D81391C25,IMPHASH=DCAC8383CC76738EECB5756694C4AEB2","ParentProcessGuid":"2A767A6E-6A45-6914-8C01-000000000F00","ParentProcessId":7968,"ParentImage":"C:\\Users\\root\\Desktop\\恶意代码教学样本-在沙盒中修改文件名\\1-WannaCrypt0r.exe","ParentCommandLine":"\"C:\\Users\\root\\Desktop\\恶意代码教学样本-在沙盒中修改文件名\\1-WannaCrypt0r.exe\"","ParentUser":"DESKTOP-CS6O5DN\\root"}}}
{"Event":{"#attributes":{"xmlns":"http://schemas.microsoft.com/win/2004/08/events/event"},"System":{"Provider":{"#attributes":{"Name":"Microsoft-Windows-Sysmon","Guid":"5770385F-C22A-43E0-BF4C-06F5698FFBD9"}},"EventID":5,"Version":3,"Level":4,"Task":5,"Opcode":0,"Keywords":"0x8000000000000000","TimeCreated":{"#attributes":{"SystemTime":"2025-11-12T11:07:48.586320Z"}},"EventRecordID":1179,"Correlation":null,"Execution":{"#attributes":{"ProcessID":5420,"ThreadID":4432}},"Channel":"Microsoft-Windows-Sysmon/Operational","Computer":"DESKTOP-CS6O5DN","Security":{"#attributes":{"UserID":"S-1-5-18"}}},"EventData":{"RuleName":"-","UtcTime":"2025-11-12 11:07:48.581","ProcessGuid":"2A767A6E-6A84-6914-A601-000000000F00","ProcessId":3560,"Image":"C:\\Users\\root\\Desktop\\恶意代码教学样本-在沙盒中修改文件名\\@WanaDecryptor@.exe","User":"DESKTOP-CS6O5DN\\root"}}}
{"Event":{"#attributes":{"xmlns":"http://schemas.microsoft.com/win/2004/08/events/event"},"System":{"Provider":{"#attributes":{"Name":"Microsoft-Windows-Sysmon","Guid":"5770385F-C22A-43E0-BF4C-06F5698FFBD9"}},"EventID":5,"Version":3,"Level":4,"Task":5,"Opcode":0,"Keywords":"0x8000000000000000","TimeCreated":{"#attributes":{"SystemTime":"2025-11-12T11:08:11.278696Z"}},"EventRecordID":1180,"Correlation":null,"Execution":{"#attributes":{"ProcessID":5420,"ThreadID":4432}},"Channel":"Microsoft-Windows-Sysmon/Operational","Computer":"DESKTOP-CS6O5DN","Security":{"#attributes":{"UserID":"S-1-5-18"}}},"EventData":{"RuleName":"-","UtcTime":"2025-11-12 11:08:11.272","ProcessGuid":"2A767A6E-6A5E-6914-9B01-000000000F00","ProcessId":7432,"Image":"C:\\Users\\root\\Desktop\\恶意代码教学样本-在沙盒中修改文件名\\@WanaDecryptor@.exe","User":"DESKTOP-CS6O5DN\\root"}}}
{"Event":{"#attributes":{"xmlns":"http://schemas.microsoft.com/win/2004/08/events/event"},"System":{"Provider":{"#attributes":{"Name":"Microsoft-Windows-Sysmon","Guid":"5770385F-C22A-43E0-BF4C-06F5698FFBD9"}},"EventID":1,"Version":5,"Level":4,"Task":1,"Opcode":0,"Keywords":"0x8000000000000000","TimeCreated":{"#attributes":{"SystemTime":"2025-11-12T11:08:18.346410Z"}},"EventRecordID":1181,"Correlation":null,"Execution":{"#attributes":{"ProcessID":5420,"ThreadID":4432}},"Channel":"Microsoft-Windows-Sysmon/Operational","Computer":"DESKTOP-CS6O5DN","Security":{"#attributes":{"UserID":"S-1-5-18"}}},"EventData":{"RuleName":"-","UtcTime":"2025-11-12 11:08:18.344","ProcessGuid":"2A767A6E-6AA2-6914-A701-000000000F00","ProcessId":6244,"Image":"C:\\Users\\root\\Desktop\\恶意代码教学样本-在沙盒中修改文件名\\taskdl.exe","FileVersion":"6.1.7600.16385 (win7_rtm.090713-1255)","Description":"SQL Client Configuration Utility EXE","Product":"Microsoft® Windows® Operating System","Company":"Microsoft Corporation","OriginalFileName":"cliconfg.exe","CommandLine":"taskdl.exe","CurrentDirectory":"C:\\Users\\root\\Desktop\\恶意代码教学样本-在沙盒中修改文件名\\","User":"DESKTOP-CS6O5DN\\root","LogonGuid":"2A767A6E-2A8A-6914-0F72-030000000000","LogonId":"0x3720f","TerminalSessionId":1,"IntegrityLevel":"Medium","Hashes":"MD5=4FEF5E34143E646DBF9907C4374276F5,SHA256=4A468603FDCB7A2EB5770705898CF9EF37AADE532A7964642ECD705A74794B79,IMPHASH=818097ACF11D6A2AC55031896B50D98C","ParentProcessGuid":"2A767A6E-6A45-6914-8C01-000000000F00","ParentProcessId":7968,"ParentImage":"C:\\Users\\root\\Desktop\\恶意代码教学样本-在沙盒中修改文件名\\1-WannaCrypt0r.exe","ParentCommandLine":"\"C:\\Users\\root\\Desktop\\恶意代码教学样本-在沙盒中修改文件名\\1-WannaCrypt0r.exe\"","ParentUser":"DESKTOP-CS6O5DN\\root"}}}
{"Event":{"#attributes":{"xmlns":"http://schemas.microsoft.com/win/2004/08/events/event"},"System":{"Provider":{"#attributes":{"Name":"Microsoft-Windows-Sysmon","Guid":"5770385F-C22A-43E0-BF4C-06F5698FFBD9"}},"EventID":1,"Version":5,"Level":4,"Task":1,"Opcode":0,"Keywords":"0x8000000000000000","TimeCreated":{"#attributes":{"SystemTime":"2025-11-12T11:08:18.393474Z"}},"EventRecordID":1182,"Correlation":null,"Execution":{"#attributes":{"ProcessID":5420,"ThreadID":4432}},"Channel":"Microsoft-Windows-Sysmon/Operational","Computer":"DESKTOP-CS6O5DN","Security":{"#attributes":{"UserID":"S-1-5-18"}}},"EventData":{"RuleName":"-","UtcTime":"2025-11-12 11:08:18.391","ProcessGuid":"2A767A6E-6AA2-6914-A801-000000000F00","ProcessId":336,"Image":"C:\\Users\\root\\Desktop\\恶意代码教学样本-在沙盒中修改文件名\\@WanaDecryptor@.exe","FileVersion":"6.1.7600.16385 (win7_rtm.090713-1255)","Description":"Load PerfMon Counters","Product":"Microsoft® Windows® Operating System","Company":"Microsoft Corporation","OriginalFileName":"LODCTR.EXE","CommandLine":"@WanaDecryptor@.exe","CurrentDirectory":"C:\\Users\\root\\Desktop\\恶意代码教学样本-在沙盒中修改文件名\\","User":"DESKTOP-CS6O5DN\\root","LogonGuid":"2A767A6E-2A8A-6914-0F72-030000000000","LogonId":"0x3720f","TerminalSessionId":1,"IntegrityLevel":"Medium","Hashes":"MD5=7BF2B57F2A205768755C07F238FB32CC,SHA256=B9C5D4339809E0AD9A00D4D3DD26FDF44A32819A54ABF846BB9B560D81391C25,IMPHASH=DCAC8383CC76738EECB5756694C4AEB2","ParentProcessGuid":"2A767A6E-6A45-6914-8C01-000000000F00","ParentProcessId":7968,"ParentImage":"C:\\Users\\root\\Desktop\\恶意代码教学样本-在沙盒中修改文件名\\1-WannaCrypt0r.exe","ParentCommandLine":"\"C:\\Users\\root\\Desktop\\恶意代码教学样本-在沙盒中修改文件名\\1-WannaCrypt0r.exe\"","ParentUser":"DESKTOP-CS6O5DN\\root"}}}
{"Event":{"#attributes":{"xmlns":"http://schemas.microsoft.com/win/2004/08/events/event"},"System":{"Provider":{"#attributes":{"Name":"Microsoft-Windows-Sysmon","Guid":"5770385F-C22A-43E0-BF4C-06F5698FFBD9"}},"EventID":5,"Version":3,"Level":4,"Task":5,"Opcode":0,"Keywords":"0x8000000000000000","TimeCreated":{"#attributes":{"SystemTime":"2025-11-12T11:08:18.420929Z"}},"EventRecordID":1183,"Correlation":null,"Execution":{"#attributes":{"ProcessID":5420,"ThreadID":4432}},"Channel":"Microsoft-Windows-Sysmon/Operational","Computer":"DESKTOP-CS6O5DN","Security":{"#attributes":{"UserID":"S-1-5-18"}}},"EventData":{"RuleName":"-","UtcTime":"2025-11-12 11:08:18.406","ProcessGuid":"2A767A6E-6AA2-6914-A801-000000000F00","ProcessId":336,"Image":"C:\\Users\\root\\Desktop\\恶意代码教学样本-在沙盒中修改文件名\\@WanaDecryptor@.exe","User":"DESKTOP-CS6O5DN\\root"}}}
{"Event":{"#attributes":{"xmlns":"http://schemas.microsoft.com/win/2004/08/events/event"},"System":{"Provider":{"#attributes":{"Name":"Microsoft-Windows-Sysmon","Guid":"5770385F-C22A-43E0-BF4C-06F5698FFBD9"}},"EventID":5,"Version":3,"Level":4,"Task":5,"Opcode":0,"Keywords":"0x8000000000000000","TimeCreated":{"#attributes":{"SystemTime":"2025-11-12T11:08:18.509159Z"}},"EventRecordID":1184,"Correlation":null,"Execution":{"#attributes":{"ProcessID":5420,"ThreadID":4432}},"Channel":"Microsoft-Windows-Sysmon/Operational","Computer":"DESKTOP-CS6O5DN","Security":{"#attributes":{"UserID":"S-1-5-18"}}},"EventData":{"RuleName":"-","UtcTime":"2025-11-12 11:08:18.507","ProcessGuid":"2A767A6E-6AA2-6914-A701-000000000F00","ProcessId":6244,"Image":"C:\\Users\\root\\Desktop\\恶意代码教学样本-在沙盒中修改文件名\\taskdl.exe","User":"DESKTOP-CS6O5DN\\root"}}}
{"Event":{"#attributes":{"xmlns":"http://schemas.microsoft.com/win/2004/08/events/event"},"System":{"Provider":{"#attributes":{"Name":"Microsoft-Windows-Sysmon","Guid":"5770385F-C22A-43E0-BF4C-06F5698FFBD9"}},"EventID":1,"Version":5,"Level":4,"Task":1,"Opcode":0,"Keywords":"0x8000000000000000","TimeCreated":{"#attributes":{"SystemTime":"2025-11-12T11:08:48.418598Z"}},"EventRecordID":1185,"Correlation":null,"Execution":{"#attributes":{"ProcessID":5420,"ThreadID":4432}},"Channel":"Microsoft-Windows-Sysmon/Operational","Computer":"DESKTOP-CS6O5DN","Security":{"#attributes":{"UserID":"S-1-5-18"}}},"EventData":{"RuleName":"-","UtcTime":"2025-11-12 11:08:48.416","ProcessGuid":"2A767A6E-6AC0-6914-A901-000000000F00","ProcessId":4364,"Image":"C:\\Users\\root\\Desktop\\恶意代码教学样本-在沙盒中修改文件名\\@WanaDecryptor@.exe","FileVersion":"6.1.7600.16385 (win7_rtm.090713-1255)","Description":"Load PerfMon Counters","Product":"Microsoft® Windows® Operating System","Company":"Microsoft Corporation","OriginalFileName":"LODCTR.EXE","CommandLine":"@WanaDecryptor@.exe","CurrentDirectory":"C:\\Users\\root\\Desktop\\恶意代码教学样本-在沙盒中修改文件名\\","User":"DESKTOP-CS6O5DN\\root","LogonGuid":"2A767A6E-2A8A-6914-0F72-030000000000","LogonId":"0x3720f","TerminalSessionId":1,"IntegrityLevel":"Medium","Hashes":"MD5=7BF2B57F2A205768755C07F238FB32CC,SHA256=B9C5D4339809E0AD9A00D4D3DD26FDF44A32819A54ABF846BB9B560D81391C25,IMPHASH=DCAC8383CC76738EECB5756694C4AEB2","ParentProcessGuid":"2A767A6E-6A45-6914-8C01-000000000F00","ParentProcessId":7968,"ParentImage":"C:\\Users\\root\\Desktop\\恶意代码教学样本-在沙盒中修改文件名\\1-WannaCrypt0r.exe","ParentCommandLine":"\"C:\\Users\\root\\Desktop\\恶意代码教学样本-在沙盒中修改文件名\\1-WannaCrypt0r.exe\"","ParentUser":"DESKTOP-CS6O5DN\\root"}}}
{"Event":{"#attributes":{"xmlns":"http://schemas.microsoft.com/win/2004/08/events/event"},"System":{"Provider":{"#attributes":{"Name":"Microsoft-Windows-Sysmon","Guid":"5770385F-C22A-43E0-BF4C-06F5698FFBD9"}},"EventID":5,"Version":3,"Level":4,"Task":5,"Opcode":0,"Keywords":"0x8000000000000000","TimeCreated":{"#attributes":{"SystemTime":"2025-11-12T11:08:48.511906Z"}},"EventRecordID":1186,"Correlation":null,"Execution":{"#attributes":{"ProcessID":5420,"ThreadID":4432}},"Channel":"Microsoft-Windows-Sysmon/Operational","Computer":"DESKTOP-CS6O5DN","Security":{"#attributes":{"UserID":"S-1-5-18"}}},"EventData":{"RuleName":"-","UtcTime":"2025-11-12 11:08:48.500","ProcessGuid":"2A767A6E-6AC0-6914-A901-000000000F00","ProcessId":4364,"Image":"C:\\Users\\root\\Desktop\\恶意代码教学样本-在沙盒中修改文件名\\@WanaDecryptor@.exe","User":"DESKTOP-CS6O5DN\\root"}}}
{"Event":{"#attributes":{"xmlns":"http://schemas.microsoft.com/win/2004/08/events/event"},"System":{"Provider":{"#attributes":{"Name":"Microsoft-Windows-Sysmon","Guid":"5770385F-C22A-43E0-BF4C-06F5698FFBD9"}},"EventID":1,"Version":5,"Level":4,"Task":1,"Opcode":0,"Keywords":"0x8000000000000000","TimeCreated":{"#attributes":{"SystemTime":"2025-11-12T11:08:48.524579Z"}},"EventRecordID":1187,"Correlation":null,"Execution":{"#attributes":{"ProcessID":5420,"ThreadID":4432}},"Channel":"Microsoft-Windows-Sysmon/Operational","Computer":"DESKTOP-CS6O5DN","Security":{"#attributes":{"UserID":"S-1-5-18"}}},"EventData":{"RuleName":"-","UtcTime":"2025-11-12 11:08:48.523","ProcessGuid":"2A767A6E-6AC0-6914-AA01-000000000F00","ProcessId":4352,"Image":"C:\\Users\\root\\Desktop\\恶意代码教学样本-在沙盒中修改文件名\\taskdl.exe","FileVersion":"6.1.7600.16385 (win7_rtm.090713-1255)","Description":"SQL Client Configuration Utility EXE","Product":"Microsoft® Windows® Operating System","Company":"Microsoft Corporation","OriginalFileName":"cliconfg.exe","CommandLine":"taskdl.exe","CurrentDirectory":"C:\\Users\\root\\Desktop\\恶意代码教学样本-在沙盒中修改文件名\\","User":"DESKTOP-CS6O5DN\\root","LogonGuid":"2A767A6E-2A8A-6914-0F72-030000000000","LogonId":"0x3720f","TerminalSessionId":1,"IntegrityLevel":"Medium","Hashes":"MD5=4FEF5E34143E646DBF9907C4374276F5,SHA256=4A468603FDCB7A2EB5770705898CF9EF37AADE532A7964642ECD705A74794B79,IMPHASH=818097ACF11D6A2AC55031896B50D98C","ParentProcessGuid":"2A767A6E-6A45-6914-8C01-000000000F00","ParentProcessId":7968,"ParentImage":"C:\\Users\\root\\Desktop\\恶意代码教学样本-在沙盒中修改文件名\\1-WannaCrypt0r.exe","ParentCommandLine":"\"C:\\Users\\root\\Desktop\\恶意代码教学样本-在沙盒中修改文件名\\1-WannaCrypt0r.exe\"","ParentUser":"DESKTOP-CS6O5DN\\root"}}}
{"Event":{"#attributes":{"xmlns":"http://schemas.microsoft.com/win/2004/08/events/event"},"System":{"Provider":{"#attributes":{"Name":"Microsoft-Windows-Sysmon","Guid":"5770385F-C22A-43E0-BF4C-06F5698FFBD9"}},"EventID":5,"Version":3,"Level":4,"Task":5,"Opcode":0,"Keywords":"0x8000000000000000","TimeCreated":{"#attributes":{"SystemTime":"2025-11-12T11:08:48.585650Z"}},"EventRecordID":1188,"Correlation":null,"Execution":{"#attributes":{"ProcessID":5420,"ThreadID":4432}},"Channel":"Microsoft-Windows-Sysmon/Operational","Computer":"DESKTOP-CS6O5DN","Security":{"#attributes":{"UserID":"S-1-5-18"}}},"EventData":{"RuleName":"-","UtcTime":"2025-11-12 11:08:48.582","ProcessGuid":"2A767A6E-6AC0-6914-AA01-000000000F00","ProcessId":4352,"Image":"C:\\Users\\root\\Desktop\\恶意代码教学样本-在沙盒中修改文件名\\taskdl.exe","User":"DESKTOP-CS6O5DN\\root"}}}
{"Event":{"#attributes":{"xmlns":"http://schemas.microsoft.com/win/2004/08/events/event"},"System":{"Provider":{"#attributes":{"Name":"Microsoft-Windows-Sysmon","Guid":"5770385F-C22A-43E0-BF4C-06F5698FFBD9"}},"EventID":1,"Version":5,"Level":4,"Task":1,"Opcode":0,"Keywords":"0x8000000000000000","TimeCreated":{"#attributes":{"SystemTime":"2025-11-12T11:09:18.438538Z"}},"EventRecordID":1189,"Correlation":null,"Execution":{"#attributes":{"ProcessID":5420,"ThreadID":4432}},"Channel":"Microsoft-Windows-Sysmon/Operational","Computer":"DESKTOP-CS6O5DN","Security":{"#attributes":{"UserID":"S-1-5-18"}}},"EventData":{"RuleName":"-","UtcTime":"2025-11-12 11:09:18.435","ProcessGuid":"2A767A6E-6ADE-6914-AB01-000000000F00","ProcessId":5036,"Image":"C:\\Users\\root\\Desktop\\恶意代码教学样本-在沙盒中修改文件名\\@WanaDecryptor@.exe","FileVersion":"6.1.7600.16385 (win7_rtm.090713-1255)","Description":"Load PerfMon Counters","Product":"Microsoft® Windows® Operating System","Company":"Microsoft Corporation","OriginalFileName":"LODCTR.EXE","CommandLine":"@WanaDecryptor@.exe","CurrentDirectory":"C:\\Users\\root\\Desktop\\恶意代码教学样本-在沙盒中修改文件名\\","User":"DESKTOP-CS6O5DN\\root","LogonGuid":"2A767A6E-2A8A-6914-0F72-030000000000","LogonId":"0x3720f","TerminalSessionId":1,"IntegrityLevel":"Medium","Hashes":"MD5=7BF2B57F2A205768755C07F238FB32CC,SHA256=B9C5D4339809E0AD9A00D4D3DD26FDF44A32819A54ABF846BB9B560D81391C25,IMPHASH=DCAC8383CC76738EECB5756694C4AEB2","ParentProcessGuid":"2A767A6E-6A45-6914-8C01-000000000F00","ParentProcessId":7968,"ParentImage":"C:\\Users\\root\\Desktop\\恶意代码教学样本-在沙盒中修改文件名\\1-WannaCrypt0r.exe","ParentCommandLine":"\"C:\\Users\\root\\Desktop\\恶意代码教学样本-在沙盒中修改文件名\\1-WannaCrypt0r.exe\"","ParentUser":"DESKTOP-CS6O5DN\\root"}}}
{"Event":{"#attributes":{"xmlns":"http://schemas.microsoft.com/win/2004/08/events/event"},"System":{"Provider":{"#attributes":{"Name":"Microsoft-Windows-Sysmon","Guid":"5770385F-C22A-43E0-BF4C-06F5698FFBD9"}},"EventID":5,"Version":3,"Level":4,"Task":5,"Opcode":0,"Keywords":"0x8000000000000000","TimeCreated":{"#attributes":{"SystemTime":"2025-11-12T11:09:18.469538Z"}},"EventRecordID":1190,"Correlation":null,"Execution":{"#attributes":{"ProcessID":5420,"ThreadID":4432}},"Channel":"Microsoft-Windows-Sysmon/Operational","Computer":"DESKTOP-CS6O5DN","Security":{"#attributes":{"UserID":"S-1-5-18"}}},"EventData":{"RuleName":"-","UtcTime":"2025-11-12 11:09:18.453","ProcessGuid":"2A767A6E-6ADE-6914-AB01-000000000F00","ProcessId":5036,"Image":"C:\\Users\\root\\Desktop\\恶意代码教学样本-在沙盒中修改文件名\\@WanaDecryptor@.exe","User":"DESKTOP-CS6O5DN\\root"}}}
{"Event":{"#attributes":{"xmlns":"http://schemas.microsoft.com/win/2004/08/events/event"},"System":{"Provider":{"#attributes":{"Name":"Microsoft-Windows-Sysmon","Guid":"5770385F-C22A-43E0-BF4C-06F5698FFBD9"}},"EventID":1,"Version":5,"Level":4,"Task":1,"Opcode":0,"Keywords":"0x8000000000000000","TimeCreated":{"#attributes":{"SystemTime":"2025-11-12T11:09:18.613282Z"}},"EventRecordID":1191,"Correlation":null,"Execution":{"#attributes":{"ProcessID":5420,"ThreadID":4432}},"Channel":"Microsoft-Windows-Sysmon/Operational","Computer":"DESKTOP-CS6O5DN","Security":{"#attributes":{"UserID":"S-1-5-18"}}},"EventData":{"RuleName":"-","UtcTime":"2025-11-12 11:09:18.608","ProcessGuid":"2A767A6E-6ADE-6914-AC01-000000000F00","ProcessId":3292,"Image":"C:\\Users\\root\\Desktop\\恶意代码教学样本-在沙盒中修改文件名\\taskdl.exe","FileVersion":"6.1.7600.16385 (win7_rtm.090713-1255)","Description":"SQL Client Configuration Utility EXE","Product":"Microsoft® Windows® Operating System","Company":"Microsoft Corporation","OriginalFileName":"cliconfg.exe","CommandLine":"taskdl.exe","CurrentDirectory":"C:\\Users\\root\\Desktop\\恶意代码教学样本-在沙盒中修改文件名\\","User":"DESKTOP-CS6O5DN\\root","LogonGuid":"2A767A6E-2A8A-6914-0F72-030000000000","LogonId":"0x3720f","TerminalSessionId":1,"IntegrityLevel":"Medium","Hashes":"MD5=4FEF5E34143E646DBF9907C4374276F5,SHA256=4A468603FDCB7A2EB5770705898CF9EF37AADE532A7964642ECD705A74794B79,IMPHASH=818097ACF11D6A2AC55031896B50D98C","ParentProcessGuid":"2A767A6E-6A45-6914-8C01-000000000F00","ParentProcessId":7968,"ParentImage":"C:\\Users\\root\\Desktop\\恶意代码教学样本-在沙盒中修改文件名\\1-WannaCrypt0r.exe","ParentCommandLine":"\"C:\\Users\\root\\Desktop\\恶意代码教学样本-在沙盒中修改文件名\\1-WannaCrypt0r.exe\"","ParentUser":"DESKTOP-CS6O5DN\\root"}}}
