{"Event":{"#attributes":{"xmlns":"http://schemas.microsoft.com/win/2004/08/events/event"},"System":{"Provider":{"#attributes":{"Name":"Microsoft-Windows-Sysmon","Guid":"5770385F-C22A-43E0-BF4C-06F5698FFBD9"}},"EventID":1,"Version":5,"Level":4,"Task":1,"Opcode":0,"Keywords":"0x8000000000000000","TimeCreated":{"#attributes":{"SystemTime":"2025-11-12T11:31:50.227914Z"}},"EventRecordID":206,"Correlation":null,"Execution":{"#attributes":{"ProcessID":5420,"ThreadID":4432}},"Channel":"Microsoft-Windows-Sysmon/Operational","Computer":"DESKTOP-CS6O5DN","Security":{"#attributes":{"UserID":"S-1-5-18"}}},"EventData":{"RuleName":"-","UtcTime":"2025-11-12 11:31:50.211","ProcessGuid":"2A767A6E-7026-6914-8A01-000000000F00","ProcessId":7640,"Image":"C:\\Windows\\System32\\smartscreen.exe","FileVersion":"10.0.18362.1 (WinBuild.160101.0800)","Description":"Windows Defender SmartScreen","Product":"Microsoft® Windows® Operating System","Company":"Microsoft Corporation","OriginalFileName":"smartscreen.exe","CommandLine":"C:\\Windows\\System32\\smartscreen.exe -Embedding","CurrentDirectory":"C:\\Windows\\system32\\","User":"DESKTOP-CS6O5DN\\root","LogonGuid":"2A767A6E-2A8A-6914-0F72-030000000000","LogonId":"0x3720f","TerminalSessionId":1,"IntegrityLevel":"Medium","Hashes":"MD5=98321825F06128D24ADE15AA703E193F,SHA256=111219E1022DCAB31864C35DE32BAF34CE34FA580E2505D91ED1E3430DDFC340,IMPHASH=1CF27DAF6490453338CA3A6A3792FBBF","ParentProcessGuid":"2A767A6E-2A72-6914-1000-000000000F00","ParentProcessId":848,"ParentImage":"C:\\Windows\\System32\\svchost.exe","ParentCommandLine":"C:\\Windows\\system32\\svchost.exe -k DcomLaunch -p","ParentUser":"NT AUTHORITY\\SYSTEM"}}}
{"Event":{"#attributes":{"xmlns":"http://schemas.microsoft.com/win/2004/08/events/event"},"System":{"Provider":{"#attributes":{"Name":"Microsoft-Windows-Sysmon","Guid":"5770385F-C22A-43E0-BF4C-06F5698FFBD9"}},"EventID":1,"Version":5,"Level":4,"Task":1,"Opcode":0,"Keywords":"0x8000000000000000","TimeCreated":{"#attributes":{"SystemTime":"2025-11-12T11:31:50.503915Z"}},"EventRecordID":207,"Correlation":null,"Execution":{"#attributes":{"ProcessID":5420,"ThreadID":4432}},"Channel":"Microsoft-Windows-Sysmon/Operational","Computer":"DESKTOP-CS6O5DN","Security":{"#attributes":{"UserID":"S-1-5-18"}}},"EventData":{"RuleName":"-","UtcTime":"2025-11-12 11:31:50.282","ProcessGuid":"2A767A6E-7026-6914-8B01-000000000F00","ProcessId":4692,"Image":"C:\\Users\\root\\Desktop\\恶意代码教学样本-在沙盒中修改文件名\\2-hrtg.exe","FileVersion":"1.0.2.0","Description":"黑人抬棺病毒\r\n第七版编译\r\nVer2.0","Product":"黑人抬棺病毒","Company":"专业背锅的","OriginalFileName":"-","CommandLine":"\"C:\\Users\\root\\Desktop\\恶意代码教学样本-在沙盒中修改文件名\\2-hrtg.exe\"","CurrentDirectory":"C:\\Users\\root\\Desktop\\恶意代码教学样本-在沙盒中修改文件名\\","User":"DESKTOP-CS6O5DN\\root","LogonGuid":"2A767A6E-2A8A-6914-0F72-030000000000","LogonId":"0x3720f","TerminalSessionId":1,"IntegrityLevel":"Medium","Hashes":"MD5=E6C9CA430AF955358B3ACAF39A878AC6,SHA256=E1764F7ADA1025AB76BC1AEDAF15388BCCAD85DC3A9BBDBF49CEB0A58C6C76C7,IMPHASH=00000000000000000000000000000000","ParentProcessGuid":"2A767A6E-2A8E-6914-5C00-000000000F00","ParentProcessId":4196,"ParentImage":"C:\\Windows\\explorer.exe","ParentCommandLine":"C:\\Windows\\Explorer.EXE","ParentUser":"DESKTOP-CS6O5DN\\root"}}}
{"Event":{"#attributes":{"xmlns":"http://schemas.microsoft.com/win/2004/08/events/event"},"System":{"Provider":{"#attributes":{"Name":"Microsoft-Windows-Sysmon","Guid":"5770385F-C22A-43E0-BF4C-06F5698FFBD9"}},"EventID":5,"Version":3,"Level":4,"Task":5,"Opcode":0,"Keywords":"0x8000000000000000","TimeCreated":{"#attributes":{"SystemTime":"2025-11-12T11:31:50.507090Z"}},"EventRecordID":208,"Correlation":null,"Execution":{"#attributes":{"ProcessID":5420,"ThreadID":4432}},"Channel":"Microsoft-Windows-Sysmon/Operational","Computer":"DESKTOP-CS6O5DN","Security":{"#attributes":{"UserID":"S-1-5-18"}}},"EventData":{"RuleName":"-","UtcTime":"2025-11-12 11:31:50.503","ProcessGuid":"2A767A6E-7026-6914-8B01-000000000F00","ProcessId":4692,"Image":"C:\\Users\\root\\Desktop\\恶意代码教学样本-在沙盒中修改文件名\\2-hrtg.exe","User":"DESKTOP-CS6O5DN\\root"}}}
{"Event":{"#attributes":{"xmlns":"http://schemas.microsoft.com/win/2004/08/events/event"},"System":{"Provider":{"#attributes":{"Name":"Microsoft-Windows-Sysmon","Guid":"5770385F-C22A-43E0-BF4C-06F5698FFBD9"}},"EventID":1,"Version":5,"Level":4,"Task":1,"Opcode":0,"Keywords":"0x8000000000000000","TimeCreated":{"#attributes":{"SystemTime":"2025-11-12T11:31:50.514191Z"}},"EventRecordID":209,"Correlation":null,"Execution":{"#attributes":{"ProcessID":5420,"ThreadID":4432}},"Channel":"Microsoft-Windows-Sysmon/Operational","Computer":"DESKTOP-CS6O5DN","Security":{"#attributes":{"UserID":"S-1-5-18"}}},"EventData":{"RuleName":"-","UtcTime":"2025-11-12 11:31:50.511","ProcessGuid":"2A767A6E-7026-6914-8C01-000000000F00","ProcessId":5516,"Image":"C:\\Windows\\System32\\consent.exe","FileVersion":"10.0.18362.1 (WinBuild.160101.0800)","Description":"Consent UI for administrative applications","Product":"Microsoft® Windows® Operating System","Company":"Microsoft Corporation","OriginalFileName":"consent.exe","CommandLine":"consent.exe 7436 432 00000118104A1E00","CurrentDirectory":"C:\\Windows\\system32\\","User":"NT AUTHORITY\\SYSTEM","LogonGuid":"2A767A6E-2A72-6914-E703-000000000000","LogonId":"0x3e7","TerminalSessionId":1,"IntegrityLevel":"System","Hashes":"MD5=EE2A1C85C472F89B146CC8EE598CCCBC,SHA256=19FD0010DA92B654D1CA270247061A39EA13C0A58529FD8257A97E2EF7794911,IMPHASH=522D83761201075834F05037F5307949","ParentProcessGuid":"2A767A6E-2B10-6914-A600-000000000F00","ParentProcessId":7436,"ParentImage":"C:\\Windows\\System32\\svchost.exe","ParentCommandLine":"C:\\Windows\\system32\\svchost.exe -k netsvcs -p -s Appinfo","ParentUser":"NT AUTHORITY\\SYSTEM"}}}
{"Event":{"#attributes":{"xmlns":"http://schemas.microsoft.com/win/2004/08/events/event"},"System":{"Provider":{"#attributes":{"Name":"Microsoft-Windows-Sysmon","Guid":"5770385F-C22A-43E0-BF4C-06F5698FFBD9"}},"EventID":1,"Version":5,"Level":4,"Task":1,"Opcode":0,"Keywords":"0x8000000000000000","TimeCreated":{"#attributes":{"SystemTime":"2025-11-12T11:31:52.782784Z"}},"EventRecordID":210,"Correlation":null,"Execution":{"#attributes":{"ProcessID":5420,"ThreadID":4432}},"Channel":"Microsoft-Windows-Sysmon/Operational","Computer":"DESKTOP-CS6O5DN","Security":{"#attributes":{"UserID":"S-1-5-18"}}},"EventData":{"RuleName":"-","UtcTime":"2025-11-12 11:31:52.564","ProcessGuid":"2A767A6E-7028-6914-9001-000000000F00","ProcessId":2112,"Image":"C:\\Users\\root\\Desktop\\恶意代码教学样本-在沙盒中修改文件名\\2-hrtg.exe","FileVersion":"1.0.2.0","Description":"黑人抬棺病毒\r\n第七版编译\r\nVer2.0","Product":"黑人抬棺病毒","Company":"专业背锅的","OriginalFileName":"-","CommandLine":"\"C:\\Users\\root\\Desktop\\恶意代码教学样本-在沙盒中修改文件名\\2-hrtg.exe\"","CurrentDirectory":"C:\\Users\\root\\Desktop\\恶意代码教学样本-在沙盒中修改文件名\\","User":"DESKTOP-CS6O5DN\\root","LogonGuid":"2A767A6E-2A8A-6914-D671-030000000000","LogonId":"0x371d6","TerminalSessionId":1,"IntegrityLevel":"High","Hashes":"MD5=E6C9CA430AF955358B3ACAF39A878AC6,SHA256=E1764F7ADA1025AB76BC1AEDAF15388BCCAD85DC3A9BBDBF49CEB0A58C6C76C7,IMPHASH=00000000000000000000000000000000","ParentProcessGuid":"2A767A6E-2A8E-6914-5C00-000000000F00","ParentProcessId":4196,"ParentImage":"C:\\Windows\\explorer.exe","ParentCommandLine":"C:\\Windows\\Explorer.EXE","ParentUser":"DESKTOP-CS6O5DN\\root"}}}
{"Event":{"#attributes":{"xmlns":"http://schemas.microsoft.com/win/2004/08/events/event"},"System":{"Provider":{"#attributes":{"Name":"Microsoft-Windows-Sysmon","Guid":"5770385F-C22A-43E0-BF4C-06F5698FFBD9"}},"EventID":1,"Version":5,"Level":4,"Task":1,"Opcode":0,"Keywords":"0x8000000000000000","TimeCreated":{"#attributes":{"SystemTime":"2025-11-12T11:31:52.818214Z"}},"EventRecordID":211,"Correlation":null,"Execution":{"#attributes":{"ProcessID":5420,"ThreadID":4432}},"Channel":"Microsoft-Windows-Sysmon/Operational","Computer":"DESKTOP-CS6O5DN","Security":{"#attributes":{"UserID":"S-1-5-18"}}},"EventData":{"RuleName":"-","UtcTime":"2025-11-12 11:31:52.817","ProcessGuid":"2A767A6E-7028-6914-9101-000000000F00","ProcessId":6516,"Image":"C:\\Windows\\System32\\svchost.exe","FileVersion":"10.0.18362.1 (WinBuild.160101.0800)","Description":"Host Process for Windows Services","Product":"Microsoft® Windows® Operating System","Company":"Microsoft Corporation","OriginalFileName":"svchost.exe","CommandLine":"C:\\Windows\\system32\\svchost.exe -k LocalSystemNetworkRestricted -p -s PcaSvc","CurrentDirectory":"C:\\Windows\\system32\\","User":"NT AUTHORITY\\SYSTEM","LogonGuid":"2A767A6E-2A72-6914-E703-000000000000","LogonId":"0x3e7","TerminalSessionId":0,"IntegrityLevel":"System","Hashes":"MD5=9520A99E77D6196D0D09833146424113,SHA256=DD191A5B23DF92E12A8852291F9FB5ED594B76A28A5A464418442584AFD1E048,IMPHASH=247B9220E5D9B720A82B2C8B5069AD69","ParentProcessGuid":"2A767A6E-2A72-6914-0B00-000000000F00","ParentProcessId":640,"ParentImage":"C:\\Windows\\System32\\services.exe","ParentCommandLine":"C:\\Windows\\system32\\services.exe","ParentUser":"NT AUTHORITY\\SYSTEM"}}}
{"Event":{"#attributes":{"xmlns":"http://schemas.microsoft.com/win/2004/08/events/event"},"System":{"Provider":{"#attributes":{"Name":"Microsoft-Windows-Sysmon","Guid":"5770385F-C22A-43E0-BF4C-06F5698FFBD9"}},"EventID":13,"Version":2,"Level":4,"Task":13,"Opcode":0,"Keywords":"0x8000000000000000","TimeCreated":{"#attributes":{"SystemTime":"2025-11-12T11:31:52.993003Z"}},"EventRecordID":212,"Correlation":null,"Execution":{"#attributes":{"ProcessID":5420,"ThreadID":4432}},"Channel":"Microsoft-Windows-Sysmon/Operational","Computer":"DESKTOP-CS6O5DN","Security":{"#attributes":{"UserID":"S-1-5-18"}}},"EventData":{"RuleName":"InvDB","EventType":"SetValue","UtcTime":"2025-11-12 11:31:52.978","ProcessGuid":"2A767A6E-7028-6914-9101-000000000F00","ProcessId":6516,"Image":"C:\\Windows\\system32\\svchost.exe","TargetObject":"HKU\\S-1-5-21-4121694765-547096071-3058148460-1002\\Software\\Microsoft\\Windows NT\\CurrentVersion\\AppCompatFlags\\Compatibility Assistant\\Store\\C:\\Users\\root\\Desktop\\恶意代码教学样本-在沙盒中修改文件名\\2-hrtg.exe","Details":"Binary Data","User":"NT AUTHORITY\\SYSTEM"}}}
{"Event":{"#attributes":{"xmlns":"http://schemas.microsoft.com/win/2004/08/events/event"},"System":{"Provider":{"#attributes":{"Name":"Microsoft-Windows-Sysmon","Guid":"5770385F-C22A-43E0-BF4C-06F5698FFBD9"}},"EventID":13,"Version":2,"Level":4,"Task":13,"Opcode":0,"Keywords":"0x8000000000000000","TimeCreated":{"#attributes":{"SystemTime":"2025-11-12T11:31:53.056309Z"}},"EventRecordID":213,"Correlation":null,"Execution":{"#attributes":{"ProcessID":5420,"ThreadID":4432}},"Channel":"Microsoft-Windows-Sysmon/Operational","Computer":"DESKTOP-CS6O5DN","Security":{"#attributes":{"UserID":"S-1-5-18"}}},"EventData":{"RuleName":"InvDB-Path","EventType":"SetValue","UtcTime":"2025-11-12 11:31:53.041","ProcessGuid":"2A767A6E-7028-6914-9101-000000000F00","ProcessId":6516,"Image":"C:\\Windows\\system32\\svchost.exe","TargetObject":"\\REGISTRY\\A\\{8bb7cf0d-e344-ed80-042d-afe911f273a2}\\Root\\InventoryApplicationFile\\2-hrtg.exe|7791ccb60d1c935\\LowerCaseLongPath","Details":"c:\\users\\root\\desktop\\恶意代码教学样本-在沙盒中修改文件名\\2-hrtg.exe","User":"NT AUTHORITY\\SYSTEM"}}}
{"Event":{"#attributes":{"xmlns":"http://schemas.microsoft.com/win/2004/08/events/event"},"System":{"Provider":{"#attributes":{"Name":"Microsoft-Windows-Sysmon","Guid":"5770385F-C22A-43E0-BF4C-06F5698FFBD9"}},"EventID":13,"Version":2,"Level":4,"Task":13,"Opcode":0,"Keywords":"0x8000000000000000","TimeCreated":{"#attributes":{"SystemTime":"2025-11-12T11:31:53.056554Z"}},"EventRecordID":214,"Correlation":null,"Execution":{"#attributes":{"ProcessID":5420,"ThreadID":4432}},"Channel":"Microsoft-Windows-Sysmon/Operational","Computer":"DESKTOP-CS6O5DN","Security":{"#attributes":{"UserID":"S-1-5-18"}}},"EventData":{"RuleName":"InvDB-Pub","EventType":"SetValue","UtcTime":"2025-11-12 11:31:53.041","ProcessGuid":"2A767A6E-7028-6914-9101-000000000F00","ProcessId":6516,"Image":"C:\\Windows\\system32\\svchost.exe","TargetObject":"\\REGISTRY\\A\\{8bb7cf0d-e344-ed80-042d-afe911f273a2}\\Root\\InventoryApplicationFile\\2-hrtg.exe|7791ccb60d1c935\\Publisher","Details":"专业背锅的","User":"NT AUTHORITY\\SYSTEM"}}}
{"Event":{"#attributes":{"xmlns":"http://schemas.microsoft.com/win/2004/08/events/event"},"System":{"Provider":{"#attributes":{"Name":"Microsoft-Windows-Sysmon","Guid":"5770385F-C22A-43E0-BF4C-06F5698FFBD9"}},"EventID":13,"Version":2,"Level":4,"Task":13,"Opcode":0,"Keywords":"0x8000000000000000","TimeCreated":{"#attributes":{"SystemTime":"2025-11-12T11:31:53.056927Z"}},"EventRecordID":215,"Correlation":null,"Execution":{"#attributes":{"ProcessID":5420,"ThreadID":4432}},"Channel":"Microsoft-Windows-Sysmon/Operational","Computer":"DESKTOP-CS6O5DN","Security":{"#attributes":{"UserID":"S-1-5-18"}}},"EventData":{"RuleName":"InvDB-CompileTimeClaim","EventType":"SetValue","UtcTime":"2025-11-12 11:31:53.041","ProcessGuid":"2A767A6E-7028-6914-9101-000000000F00","ProcessId":6516,"Image":"C:\\Windows\\system32\\svchost.exe","TargetObject":"\\REGISTRY\\A\\{8bb7cf0d-e344-ed80-042d-afe911f273a2}\\Root\\InventoryApplicationFile\\2-hrtg.exe|7791ccb60d1c935\\LinkDate","Details":"11/27/2020 04:43:13","User":"NT AUTHORITY\\SYSTEM"}}}
{"Event":{"#attributes":{"xmlns":"http://schemas.microsoft.com/win/2004/08/events/event"},"System":{"Provider":{"#attributes":{"Name":"Microsoft-Windows-Sysmon","Guid":"5770385F-C22A-43E0-BF4C-06F5698FFBD9"}},"EventID":13,"Version":2,"Level":4,"Task":13,"Opcode":0,"Keywords":"0x8000000000000000","TimeCreated":{"#attributes":{"SystemTime":"2025-11-12T11:31:53.056985Z"}},"EventRecordID":216,"Correlation":null,"Execution":{"#attributes":{"ProcessID":5420,"ThreadID":4432}},"Channel":"Microsoft-Windows-Sysmon/Operational","Computer":"DESKTOP-CS6O5DN","Security":{"#attributes":{"UserID":"S-1-5-18"}}},"EventData":{"RuleName":"InvDB-Ver","EventType":"SetValue","UtcTime":"2025-11-12 11:31:53.041","ProcessGuid":"2A767A6E-7028-6914-9101-000000000F00","ProcessId":6516,"Image":"C:\\Windows\\system32\\svchost.exe","TargetObject":"\\REGISTRY\\A\\{8bb7cf0d-e344-ed80-042d-afe911f273a2}\\Root\\InventoryApplicationFile\\2-hrtg.exe|7791ccb60d1c935\\BinProductVersion","Details":"1.0.2.0","User":"NT AUTHORITY\\SYSTEM"}}}
{"Event":{"#attributes":{"xmlns":"http://schemas.microsoft.com/win/2004/08/events/event"},"System":{"Provider":{"#attributes":{"Name":"Microsoft-Windows-Sysmon","Guid":"5770385F-C22A-43E0-BF4C-06F5698FFBD9"}},"EventID":5,"Version":3,"Level":4,"Task":5,"Opcode":0,"Keywords":"0x8000000000000000","TimeCreated":{"#attributes":{"SystemTime":"2025-11-12T11:33:18.116042Z"}},"EventRecordID":217,"Correlation":null,"Execution":{"#attributes":{"ProcessID":5420,"ThreadID":4432}},"Channel":"Microsoft-Windows-Sysmon/Operational","Computer":"DESKTOP-CS6O5DN","Security":{"#attributes":{"UserID":"S-1-5-18"}}},"EventData":{"RuleName":"-","UtcTime":"2025-11-12 11:33:18.110","ProcessGuid":"2A767A6E-7028-6914-9001-000000000F00","ProcessId":2112,"Image":"C:\\Users\\root\\Desktop\\恶意代码教学样本-在沙盒中修改文件名\\2-hrtg.exe","User":"DESKTOP-CS6O5DN\\root"}}}
{"Event":{"#attributes":{"xmlns":"http://schemas.microsoft.com/win/2004/08/events/event"},"System":{"Provider":{"#attributes":{"Name":"Microsoft-Windows-Sysmon","Guid":"5770385F-C22A-43E0-BF4C-06F5698FFBD9"}},"EventID":13,"Version":2,"Level":4,"Task":13,"Opcode":0,"Keywords":"0x8000000000000000","TimeCreated":{"#attributes":{"SystemTime":"2025-11-12T11:33:20.123213Z"}},"EventRecordID":218,"Correlation":null,"Execution":{"#attributes":{"ProcessID":5420,"ThreadID":4432}},"Channel":"Microsoft-Windows-Sysmon/Operational","Computer":"DESKTOP-CS6O5DN","Security":{"#attributes":{"UserID":"S-1-5-18"}}},"EventData":{"RuleName":"InvDB","EventType":"SetValue","UtcTime":"2025-11-12 11:33:20.118","ProcessGuid":"2A767A6E-7028-6914-9101-000000000F00","ProcessId":6516,"Image":"C:\\Windows\\system32\\svchost.exe","TargetObject":"HKU\\S-1-5-21-4121694765-547096071-3058148460-1002\\Software\\Microsoft\\Windows NT\\CurrentVersion\\AppCompatFlags\\Compatibility Assistant\\Store\\C:\\Users\\root\\Desktop\\恶意代码教学样本-在沙盒中修改文件名\\2-hrtg.exe","Details":"Binary Data","User":"NT AUTHORITY\\SYSTEM"}}}
{"Event":{"#attributes":{"xmlns":"http://schemas.microsoft.com/win/2004/08/events/event"},"System":{"Provider":{"#attributes":{"Name":"Microsoft-Windows-Sysmon","Guid":"5770385F-C22A-43E0-BF4C-06F5698FFBD9"}},"EventID":13,"Version":2,"Level":4,"Task":13,"Opcode":0,"Keywords":"0x8000000000000000","TimeCreated":{"#attributes":{"SystemTime":"2025-11-12T11:33:20.124847Z"}},"EventRecordID":219,"Correlation":null,"Execution":{"#attributes":{"ProcessID":5420,"ThreadID":4432}},"Channel":"Microsoft-Windows-Sysmon/Operational","Computer":"DESKTOP-CS6O5DN","Security":{"#attributes":{"UserID":"S-1-5-18"}}},"EventData":{"RuleName":"InvDB","EventType":"SetValue","UtcTime":"2025-11-12 11:33:20.118","ProcessGuid":"2A767A6E-7028-6914-9101-000000000F00","ProcessId":6516,"Image":"C:\\Windows\\system32\\svchost.exe","TargetObject":"HKU\\S-1-5-21-4121694765-547096071-3058148460-1002\\Software\\Microsoft\\Windows NT\\CurrentVersion\\AppCompatFlags\\Compatibility Assistant\\Store\\C:\\Users\\root\\Desktop\\恶意代码教学样本-在沙盒中修改文件名\\2-hrtg.exe","Details":"Binary Data","User":"NT AUTHORITY\\SYSTEM"}}}
